Log file open, 11/30/20 01:30:09
LogWindows: Failed to load 'aqProf.dll' (GetLastError=126)
LogWindows: File 'aqProf.dll' does not exist
LogWindows: Failed to load 'VtuneApi.dll' (GetLastError=126)
LogWindows: File 'VtuneApi.dll' does not exist
LogWindows: Failed to load 'VtuneApi32e.dll' (GetLastError=126)
LogWindows: File 'VtuneApi32e.dll' does not exist
LogConsoleResponse: Display: Failed to find resolution value strings in scalability ini. Falling back to default.
LogInit: Display: Running engine for game: Tentativa4
LogPlatformFile: Not using cached read wrapper
LogTaskGraph: Started task graph with 5 named threads and 23 total threads with 3 sets of task threads.
LogStats: Stats thread started at 0.069605
LogD3D11RHI: Loaded GFSDK_Aftermath_Lib.x64.dll
LogICUInternationalization: ICU TimeZone Detection - Raw Offset: -3:00, Platform Override: ''
LogPluginManager: Mounting plugin Paper2D
LogPluginManager: Mounting plugin AISupport
LogPluginManager: Mounting plugin LightPropagationVolume
LogPluginManager: Mounting plugin ActorLayerUtilities
LogPluginManager: Mounting plugin AnimationSharing
LogPluginManager: Mounting plugin CLionSourceCodeAccess
LogPluginManager: Mounting plugin CodeLiteSourceCodeAccess
LogPluginManager: Mounting plugin GitSourceControl
LogPluginManager: Mounting plugin KDevelopSourceCodeAccess
LogPluginManager: Mounting plugin NullSourceCodeAccess
LogPluginManager: Mounting plugin PerforceSourceControl
LogPluginManager: Mounting plugin SubversionSourceControl
LogPluginManager: Mounting plugin UObjectPlugin
LogPluginManager: Mounting plugin VisualStudioCodeSourceCodeAccess
LogPluginManager: Mounting plugin VisualStudioSourceCodeAccess
LogPluginManager: Mounting plugin XCodeSourceCodeAccess
LogPluginManager: Mounting plugin AssetManagerEditor
LogPluginManager: Mounting plugin CryptoKeys
LogPluginManager: Mounting plugin CurveEditorTools
LogPluginManager: Mounting plugin DataValidation
LogPluginManager: Mounting plugin FacialAnimation
LogPluginManager: Mounting plugin GameplayTagsEditor
LogPluginManager: Mounting plugin MacGraphicsSwitching
LogPluginManager: Mounting plugin MaterialAnalyzer
LogPluginManager: Mounting plugin MobileLauncherProfileWizard
LogPluginManager: Mounting plugin PluginBrowser
LogPluginManager: Mounting plugin SpeedTreeImporter
LogPluginManager: Mounting plugin DatasmithContent
LogPluginManager: Mounting plugin VariantManagerContent
LogPluginManager: Mounting plugin AlembicImporter
LogPluginManager: Mounting plugin AutomationUtils
LogPluginManager: Mounting plugin BackChannel
LogPluginManager: Mounting plugin CharacterAI
LogPluginManager: Mounting plugin GeometryCache
LogPluginManager: Mounting plugin HTML5Networking
LogPluginManager: Mounting plugin PlatformCrypto
LogPluginManager: Mounting plugin ProxyLODPlugin
LogPluginManager: Mounting plugin SkeletalReduction
LogPluginManager: Mounting plugin MagicLeap
LogPluginManager: Mounting plugin MagicLeapMedia
LogPluginManager: Mounting plugin AndroidMedia
LogPluginManager: Mounting plugin AvfMedia
LogPluginManager: Mounting plugin ImgMedia
LogPluginManager: Mounting plugin MediaCompositing
LogPluginManager: Mounting plugin MediaPlayerEditor
LogPluginManager: Mounting plugin WebMMedia
LogPluginManager: Mounting plugin WmfMedia
LogPluginManager: Mounting plugin TcpMessaging
LogPluginManager: Mounting plugin UdpMessaging
LogPluginManager: Mounting plugin ActorSequence
LogPluginManager: Mounting plugin LevelSequenceEditor
LogPluginManager: Mounting plugin MatineeToLevelSequence
LogPluginManager: Mounting plugin NetcodeUnitTest
LogPluginManager: Mounting plugin NUTUnrealEngine4
LogPluginManager: Mounting plugin OnlineSubsystemGooglePlay
LogPluginManager: Mounting plugin OnlineSubsystemIOS
LogPluginManager: Mounting plugin OnlineSubsystem
LogPluginManager: Mounting plugin OnlineSubsystemNull
LogPluginManager: Mounting plugin OnlineSubsystemUtils
LogPluginManager: Mounting plugin LauncherChunkInstaller
LogPluginManager: Mounting plugin AndroidDeviceProfileSelector
LogPluginManager: Mounting plugin AndroidMoviePlayer
LogPluginManager: Mounting plugin AndroidPermission
LogPluginManager: Mounting plugin AppleImageUtils
LogPluginManager: Mounting plugin AppleMoviePlayer
LogPluginManager: Mounting plugin ArchVisCharacter
LogPluginManager: Mounting plugin AudioCapture
LogPluginManager: Mounting plugin CableComponent
LogPluginManager: Mounting plugin CustomMeshComponent
LogPluginManager: Mounting plugin EditableMesh
LogPluginManager: Mounting plugin ExampleDeviceProfileSelector
LogPluginManager: Mounting plugin GoogleCloudMessaging
LogPluginManager: Mounting plugin IOSDeviceProfileSelector
LogPluginManager: Mounting plugin LinuxDeviceProfileSelector
LogPluginManager: Mounting plugin LocationServicesBPLibrary
LogPluginManager: Mounting plugin MobilePatchingUtils
LogPluginManager: Mounting plugin OculusVR
LogPluginManager: Mounting plugin PhysXVehicles
LogPluginManager: Mounting plugin ProceduralMeshComponent
LogPluginManager: Mounting plugin RuntimePhysXCooking
LogPluginManager: Mounting plugin SignificanceManager
LogPluginManager: Mounting plugin SteamVR
LogPluginManager: Mounting plugin WebMMoviePlayer
LogPluginManager: Mounting plugin WindowsMoviePlayer
LogPluginManager: Mounting plugin ScreenshotTools
LogInit: Using libcurl 7.55.1-DEV
LogInit:  - built for x86_64-pc-win32
LogInit:  - supports SSL with OpenSSL/1.1.1
LogInit:  - supports HTTP deflate (compression) using libz 1.2.8
LogInit:  - other features:
LogInit:      CURL_VERSION_SSL
LogInit:      CURL_VERSION_LIBZ
LogInit:      CURL_VERSION_IPV6
LogInit:      CURL_VERSION_ASYNCHDNS
LogInit:      CURL_VERSION_LARGEFILE
LogInit:      CURL_VERSION_IDN
LogInit:  CurlRequestOptions (configurable via config and command line):
LogInit:  - bVerifyPeer = true  - Libcurl will verify peer certificate
LogInit:  - bUseHttpProxy = false  - Libcurl will NOT use HTTP proxy
LogInit:  - bDontReuseConnections = false  - Libcurl will reuse connections
LogInit:  - MaxHostConnections = 16  - Libcurl will limit the number of connections to a host
LogInit:  - LocalHostAddr = Default
LogInit:  - BufferSize = 65536
LogOnline: OSS: Creating online subsystem instance for: NULL
LogInit: WinSock: version 1.1 (2.2), MaxSocks=32767, MaxUdp=65467
LogInit: Build: ++UE4+Release-4.23-CL-9631420
LogInit: Engine Version: 4.23.1-9631420+++UE4+Release-4.23
LogInit: Compatible Engine Version: 4.23.0-8386587+++UE4+Release-4.23
LogInit: Net CL: 8386587
LogInit: OS: Windows 10 (Release 2004) (), CPU: Intel(R) Core(TM) i7-6700K CPU @ 4.00GHz, GPU: Intel(R) HD Graphics 530
LogInit: Compiled (64-bit): Oct 18 2019 02:07:44
LogInit: Compiled with Visual C++: 19.16.27030.01
LogInit: Build Configuration: Development
LogInit: Branch Name: ++UE4+Release-4.23
LogInit: Command Line: 
LogInit: Base Directory: E:/UE_4.23/Engine/Binaries/Win64/
LogInit: Installed Engine Build: 1
LogDevObjectVersion: Number of dev versions registered: 23
LogDevObjectVersion:   Dev-Blueprints (B0D832E4-1F89-4F0D-ACCF-7EB736FD4AA2): 10
LogDevObjectVersion:   Dev-Build (E1C64328-A22C-4D53-A36C-8E866417BD8C): 0
LogDevObjectVersion:   Dev-Core (375EC13C-06E4-48FB-B500-84F0262A717E): 3
LogDevObjectVersion:   Dev-Editor (E4B068ED-F494-42E9-A231-DA0B2E46BB41): 34
LogDevObjectVersion:   Dev-Framework (CFFC743F-43B0-4480-9391-14DF171D2073): 35
LogDevObjectVersion:   Dev-Mobile (B02B49B5-BB20-44E9-A304-32B752E40360): 2
LogDevObjectVersion:   Dev-Networking (A4E4105C-59A1-49B5-A7C5-40C4547EDFEE): 0
LogDevObjectVersion:   Dev-Online (39C831C9-5AE6-47DC-9A44-9C173E1C8E7C): 0
LogDevObjectVersion:   Dev-Physics (78F01B33-EBEA-4F98-B9B4-84EACCB95AA2): 0
LogDevObjectVersion:   Dev-Platform (6631380F-2D4D-43E0-8009-CF276956A95A): 0
LogDevObjectVersion:   Dev-Rendering (12F88B9F-8875-4AFC-A67C-D90C383ABD29): 31
LogDevObjectVersion:   Dev-Sequencer (7B5AE74C-D270-4C10-A958-57980B212A5A): 11
LogDevObjectVersion:   Dev-VR (D7296918-1DD6-4BDD-9DE2-64A83CC13884): 2
LogDevObjectVersion:   Dev-LoadTimes (C2A15278-BFE7-4AFE-6C17-90FF531DF755): 1
LogDevObjectVersion:   Private-Geometry (6EACA3D4-40EC-4CC1-B786-8BED09428FC5): 3
LogDevObjectVersion:   Dev-AnimPhys (29E575DD-E0A3-4627-9D10-D276232CDCEA): 17
LogDevObjectVersion:   Dev-Anim (AF43A65D-7FD3-4947-9873-3E8ED9C1BB05): 2
LogDevObjectVersion:   Dev-ReflectionCapture (6B266CEC-1EC7-4B8F-A30B-E4D90942FC07): 1
LogDevObjectVersion:   Dev-Automation (0DF73D61-A23F-47EA-B727-89E90C41499A): 1
LogDevObjectVersion:   FortniteMain (601D1886-AC64-4F84-AA16-D3DE0DEAC7D6): 27
LogDevObjectVersion:   Dev-Enterprise (9DFFBCD6-494F-0158-E221-12823C92A888): 6
LogDevObjectVersion:   Dev-Niagara (F2AED0AC-9AFE-416F-8664-AA7FFA26D6FC): 1
LogDevObjectVersion:   Dev-Destruction (174F1F0B-B4C6-45A5-B13F-2EE8D0FB917D): 9
LogInit: Presizing for max 16777216 objects, including 0 objects not considered by GC, pre-allocating 0 bytes for permanent pool.
LogInit: Object subsystem initialized
LogConfig: Setting CVar [[con.DebugEarlyDefault:1]]
LogConfig: Setting CVar [[r.setres:1280x720]]
[2020.11.30-04.30.09:533][  0]LogConfig: Setting CVar [[r.VSync:0]]
[2020.11.30-04.30.09:533][  0]LogConfig: Setting CVar [[r.RHICmdBypass:0]]
[2020.11.30-04.30.09:533][  0]LogConfig: Applying CVar settings from Section [/Script/Engine.RendererSettings] File [C:/Users/salles/Desktop/TCC-Sobrevivendo-Ao-Inferno/Tentativa4/Saved/Config/Windows/Engine.ini]
[2020.11.30-04.30.09:533][  0]LogConfig: Setting CVar [[r.GPUCrashDebugging:0]]
[2020.11.30-04.30.09:533][  0]LogConfig: Applying CVar settings from Section [/Script/Engine.RendererOverrideSettings] File [C:/Users/salles/Desktop/TCC-Sobrevivendo-Ao-Inferno/Tentativa4/Saved/Config/Windows/Engine.ini]
[2020.11.30-04.30.09:533][  0]LogConfig: Applying CVar settings from Section [/Script/Engine.StreamingSettings] File [C:/Users/salles/Desktop/TCC-Sobrevivendo-Ao-Inferno/Tentativa4/Saved/Config/Windows/Engine.ini]
[2020.11.30-04.30.09:533][  0]LogConfig: Setting CVar [[s.MinBulkDataSizeForAsyncLoading:131072]]
[2020.11.30-04.30.09:533][  0]LogConfig: Setting CVar [[s.AsyncLoadingThreadEnabled:0]]
[2020.11.30-04.30.09:533][  0]LogConfig: Setting CVar [[s.EventDrivenLoaderEnabled:1]]
[2020.11.30-04.30.09:533][  0]LogConfig: Setting CVar [[s.WarnIfTimeLimitExceeded:0]]
[2020.11.30-04.30.09:533][  0]LogConfig: Setting CVar [[s.TimeLimitExceededMultiplier:1.5]]
[2020.11.30-04.30.09:533][  0]LogConfig: Setting CVar [[s.TimeLimitExceededMinTime:0.005]]
[2020.11.30-04.30.09:533][  0]LogConfig: Setting CVar [[s.UseBackgroundLevelStreaming:1]]
[2020.11.30-04.30.09:533][  0]LogConfig: Setting CVar [[s.PriorityAsyncLoadingExtraTime:15.0]]
[2020.11.30-04.30.09:533][  0]LogConfig: Setting CVar [[s.LevelStreamingActorsUpdateTimeLimit:5.0]]
[2020.11.30-04.30.09:533][  0]LogConfig: Setting CVar [[s.PriorityLevelStreamingActorsUpdateExtraTime:5.0]]
[2020.11.30-04.30.09:533][  0]LogConfig: Setting CVar [[s.LevelStreamingComponentsRegistrationGranularity:10]]
[2020.11.30-04.30.09:533][  0]LogConfig: Setting CVar [[s.UnregisterComponentsTimeLimit:1.0]]
[2020.11.30-04.30.09:533][  0]LogConfig: Setting CVar [[s.LevelStreamingComponentsUnregistrationGranularity:5]]
[2020.11.30-04.30.09:533][  0]LogConfig: Applying CVar settings from Section [/Script/Engine.GarbageCollectionSettings] File [C:/Users/salles/Desktop/TCC-Sobrevivendo-Ao-Inferno/Tentativa4/Saved/Config/Windows/Engine.ini]
[2020.11.30-04.30.09:533][  0]LogConfig: Setting CVar [[gc.MaxObjectsNotConsideredByGC:1]]
[2020.11.30-04.30.09:533][  0]LogConfig: Setting CVar [[gc.SizeOfPermanentObjectPool:0]]
[2020.11.30-04.30.09:533][  0]LogConfig: Setting CVar [[gc.FlushStreamingOnGC:0]]
[2020.11.30-04.30.09:533][  0]LogConfig: Setting CVar [[gc.NumRetriesBeforeForcingGC:10]]
[2020.11.30-04.30.09:533][  0]LogConfig: Setting CVar [[gc.AllowParallelGC:1]]
[2020.11.30-04.30.09:533][  0]LogConfig: Setting CVar [[gc.TimeBetweenPurgingPendingKillObjects:61.1]]
[2020.11.30-04.30.09:533][  0]LogConfig: Setting CVar [[gc.MaxObjectsInEditor:16777216]]
[2020.11.30-04.30.09:533][  0]LogConfig: Setting CVar [[gc.IncrementalBeginDestroyEnabled:1]]
[2020.11.30-04.30.09:533][  0]LogConfig: Setting CVar [[gc.CreateGCClusters:1]]
[2020.11.30-04.30.09:533][  0]LogConfig: Setting CVar [[gc.MinGCClusterSize:5]]
[2020.11.30-04.30.09:533][  0]LogConfig: Setting CVar [[gc.ActorClusteringEnabled:0]]
[2020.11.30-04.30.09:533][  0]LogConfig: Setting CVar [[gc.BlueprintClusteringEnabled:0]]
[2020.11.30-04.30.09:533][  0]LogConfig: Setting CVar [[gc.UseDisregardForGCOnDedicatedServers:0]]
[2020.11.30-04.30.09:533][  0]LogConfig: Applying CVar settings from Section [/Script/Engine.NetworkSettings] File [C:/Users/salles/Desktop/TCC-Sobrevivendo-Ao-Inferno/Tentativa4/Saved/Config/Windows/Engine.ini]
[2020.11.30-04.30.09:533][  0]LogConfig: Applying CVar settings from Section [/Script/UnrealEd.CookerSettings] File [C:/Users/salles/Desktop/TCC-Sobrevivendo-Ao-Inferno/Tentativa4/Saved/Config/Windows/Engine.ini]
[2020.11.30-04.30.09:535][  0]LogConfig: Applying CVar settings from Section [ViewDistanceQuality@3] File [C:/Users/salles/Desktop/TCC-Sobrevivendo-Ao-Inferno/Tentativa4/Saved/Config/Windows/Scalability.ini]
[2020.11.30-04.30.09:535][  0]LogConfig: Setting CVar [[r.SkeletalMeshLODBias:0]]
[2020.11.30-04.30.09:535][  0]LogConfig: Setting CVar [[r.ViewDistanceScale:1.0]]
[2020.11.30-04.30.09:535][  0]LogConfig: Applying CVar settings from Section [AntiAliasingQuality@3] File [C:/Users/salles/Desktop/TCC-Sobrevivendo-Ao-Inferno/Tentativa4/Saved/Config/Windows/Scalability.ini]
[2020.11.30-04.30.09:535][  0]LogConfig: Setting CVar [[r.PostProcessAAQuality:4]]
[2020.11.30-04.30.09:535][  0]LogConfig: Applying CVar settings from Section [ShadowQuality@3] File [C:/Users/salles/Desktop/TCC-Sobrevivendo-Ao-Inferno/Tentativa4/Saved/Config/Windows/Scalability.ini]
[2020.11.30-04.30.09:535][  0]LogConfig: Setting CVar [[r.LightFunctionQuality:1]]
[2020.11.30-04.30.09:535][  0]LogConfig: Setting CVar [[r.ShadowQuality:5]]
[2020.11.30-04.30.09:535][  0]LogConfig: Setting CVar [[r.Shadow.CSM.MaxCascades:10]]
[2020.11.30-04.30.09:535][  0]LogConfig: Setting CVar [[r.Shadow.MaxResolution:2048]]
[2020.11.30-04.30.09:536][  0]LogConfig: Setting CVar [[r.Shadow.MaxCSMResolution:2048]]
[2020.11.30-04.30.09:536][  0]LogConfig: Setting CVar [[r.Shadow.RadiusThreshold:0.01]]
[2020.11.30-04.30.09:536][  0]LogConfig: Setting CVar [[r.Shadow.DistanceScale:1.0]]
[2020.11.30-04.30.09:536][  0]LogConfig: Setting CVar [[r.Shadow.CSM.TransitionScale:1.0]]
[2020.11.30-04.30.09:536][  0]LogConfig: Setting CVar [[r.Shadow.PreShadowResolutionFactor:1.0]]
[2020.11.30-04.30.09:536][  0]LogConfig: Setting CVar [[r.DistanceFieldShadowing:1]]
[2020.11.30-04.30.09:536][  0]LogConfig: Setting CVar [[r.DistanceFieldAO:1]]
[2020.11.30-04.30.09:536][  0]LogConfig: Setting CVar [[r.AOQuality:2]]
[2020.11.30-04.30.09:536][  0]LogConfig: Setting CVar [[r.VolumetricFog:1]]
[2020.11.30-04.30.09:536][  0]LogConfig: Setting CVar [[r.VolumetricFog.GridPixelSize:8]]
[2020.11.30-04.30.09:536][  0]LogConfig: Setting CVar [[r.VolumetricFog.GridSizeZ:128]]
[2020.11.30-04.30.09:536][  0]LogConfig: Setting CVar [[r.VolumetricFog.HistoryMissSupersampleCount:4]]
[2020.11.30-04.30.09:536][  0]LogConfig: Setting CVar [[r.LightMaxDrawDistanceScale:1]]
[2020.11.30-04.30.09:536][  0]LogConfig: Setting CVar [[r.CapsuleShadows:1]]
[2020.11.30-04.30.09:536][  0]LogConfig: Applying CVar settings from Section [PostProcessQuality@3] File [C:/Users/salles/Desktop/TCC-Sobrevivendo-Ao-Inferno/Tentativa4/Saved/Config/Windows/Scalability.ini]
[2020.11.30-04.30.09:536][  0]LogConfig: Setting CVar [[r.MotionBlurQuality:4]]
[2020.11.30-04.30.09:536][  0]LogConfig: Setting CVar [[r.AmbientOcclusionMipLevelFactor:0.4]]
[2020.11.30-04.30.09:536][  0]LogConfig: Setting CVar [[r.AmbientOcclusionMaxQuality:100]]
[2020.11.30-04.30.09:536][  0]LogConfig: Setting CVar [[r.AmbientOcclusionLevels:-1]]
[2020.11.30-04.30.09:536][  0]LogConfig: Setting CVar [[r.AmbientOcclusionRadiusScale:1.0]]
[2020.11.30-04.30.09:536][  0]LogConfig: Setting CVar [[r.DepthOfFieldQuality:2]]
[2020.11.30-04.30.09:536][  0]LogConfig: Setting CVar [[r.RenderTargetPoolMin:400]]
[2020.11.30-04.30.09:536][  0]LogConfig: Setting CVar [[r.LensFlareQuality:2]]
[2020.11.30-04.30.09:536][  0]LogConfig: Setting CVar [[r.SceneColorFringeQuality:1]]
[2020.11.30-04.30.09:536][  0]LogConfig: Setting CVar [[r.EyeAdaptationQuality:2]]
[2020.11.30-04.30.09:536][  0]LogConfig: Setting CVar [[r.BloomQuality:5]]
[2020.11.30-04.30.09:536][  0]LogConfig: Setting CVar [[r.FastBlurThreshold:100]]
[2020.11.30-04.30.09:536][  0]LogConfig: Setting CVar [[r.Upscale.Quality:3]]
[2020.11.30-04.30.09:536][  0]LogConfig: Setting CVar [[r.Tonemapper.GrainQuantization:1]]
[2020.11.30-04.30.09:536][  0]LogConfig: Setting CVar [[r.LightShaftQuality:1]]
[2020.11.30-04.30.09:536][  0]LogConfig: Setting CVar [[r.Filter.SizeScale:1]]
[2020.11.30-04.30.09:536][  0]LogConfig: Setting CVar [[r.Tonemapper.Quality:5]]
[2020.11.30-04.30.09:536][  0]LogConfig: Setting CVar [[r.DOF.Gather.AccumulatorQuality:1        ; higher gathering accumulator quality]]
[2020.11.30-04.30.09:536][  0]LogConfig: Setting CVar [[r.DOF.Gather.PostfilterMethod:1          ; Median3x3 postfilering method]]
[2020.11.30-04.30.09:536][  0]LogConfig: Setting CVar [[r.DOF.Gather.EnableBokehSettings:0       ; no bokeh simulation when gathering]]
[2020.11.30-04.30.09:536][  0]LogConfig: Setting CVar [[r.DOF.Gather.RingCount:4                 ; medium number of samples when gathering]]
[2020.11.30-04.30.09:536][  0]LogConfig: Setting CVar [[r.DOF.Scatter.ForegroundCompositing:1    ; additive foreground scattering]]
[2020.11.30-04.30.09:536][  0]LogConfig: Setting CVar [[r.DOF.Scatter.BackgroundCompositing:2    ; additive background scattering]]
[2020.11.30-04.30.09:536][  0]LogConfig: Setting CVar [[r.DOF.Scatter.EnableBokehSettings:1      ; bokeh simulation when scattering]]
[2020.11.30-04.30.09:536][  0]LogConfig: Setting CVar [[r.DOF.Scatter.MaxSpriteRatio:0.1         ; only a maximum of 10% of scattered bokeh]]
[2020.11.30-04.30.09:536][  0]LogConfig: Setting CVar [[r.DOF.Recombine.Quality:1                ; cheap slight out of focus]]
[2020.11.30-04.30.09:536][  0]LogConfig: Setting CVar [[r.DOF.Recombine.EnableBokehSettings:0    ; no bokeh simulation on slight out of focus]]
[2020.11.30-04.30.09:536][  0]LogConfig: Setting CVar [[r.DOF.TemporalAAQuality:1                ; more stable temporal accumulation]]
[2020.11.30-04.30.09:536][  0]LogConfig: Setting CVar [[r.DOF.Kernel.MaxForegroundRadius:0.025]]
[2020.11.30-04.30.09:536][  0]LogConfig: Setting CVar [[r.DOF.Kernel.MaxBackgroundRadius:0.025]]
[2020.11.30-04.30.09:536][  0]LogConfig: Applying CVar settings from Section [TextureQuality@3] File [C:/Users/salles/Desktop/TCC-Sobrevivendo-Ao-Inferno/Tentativa4/Saved/Config/Windows/Scalability.ini]
[2020.11.30-04.30.09:536][  0]LogConfig: Setting CVar [[r.Streaming.MipBias:0]]
[2020.11.30-04.30.09:536][  0]LogConfig: Setting CVar [[r.Streaming.AmortizeCPUToGPUCopy:0]]
[2020.11.30-04.30.09:536][  0]LogConfig: Setting CVar [[r.Streaming.MaxNumTexturesToStreamPerFrame:0]]
[2020.11.30-04.30.09:536][  0]LogConfig: Setting CVar [[r.Streaming.Boost:1]]
[2020.11.30-04.30.09:536][  0]LogConfig: Setting CVar [[r.MaxAnisotropy:8]]
[2020.11.30-04.30.09:536][  0]LogConfig: Setting CVar [[r.Streaming.LimitPoolSizeToVRAM:0]]
[2020.11.30-04.30.09:536][  0]LogConfig: Setting CVar [[r.Streaming.PoolSize:1000]]
[2020.11.30-04.30.09:536][  0]LogConfig: Setting CVar [[r.Streaming.MaxEffectiveScreenSize:0]]
[2020.11.30-04.30.09:536][  0]LogConfig: Applying CVar settings from Section [EffectsQuality@3] File [C:/Users/salles/Desktop/TCC-Sobrevivendo-Ao-Inferno/Tentativa4/Saved/Config/Windows/Scalability.ini]
[2020.11.30-04.30.09:536][  0]LogConfig: Setting CVar [[r.TranslucencyLightingVolumeDim:64]]
[2020.11.30-04.30.09:536][  0]LogConfig: Setting CVar [[r.RefractionQuality:2]]
[2020.11.30-04.30.09:536][  0]LogConfig: Setting CVar [[r.SSR.Quality:3]]
[2020.11.30-04.30.09:536][  0]LogConfig: Setting CVar [[r.SceneColorFormat:4]]
[2020.11.30-04.30.09:536][  0]LogConfig: Setting CVar [[r.DetailMode:2]]
[2020.11.30-04.30.09:536][  0]LogConfig: Setting CVar [[r.TranslucencyVolumeBlur:1]]
[2020.11.30-04.30.09:536][  0]LogConfig: Setting CVar [[r.MaterialQualityLevel:1 ; High quality]]
[2020.11.30-04.30.09:536][  0]LogConfig: Setting CVar [[r.SSS.Scale:1]]
[2020.11.30-04.30.09:536][  0]LogConfig: Setting CVar [[r.SSS.SampleSet:2]]
[2020.11.30-04.30.09:536][  0]LogConfig: Setting CVar [[r.SSS.Quality:1]]
[2020.11.30-04.30.09:536][  0]LogConfig: Setting CVar [[r.SSS.HalfRes:1]]
[2020.11.30-04.30.09:536][  0]LogConfig: Setting CVar [[r.EmitterSpawnRateScale:1.0]]
[2020.11.30-04.30.09:536][  0]LogConfig: Setting CVar [[r.ParticleLightQuality:2]]
[2020.11.30-04.30.09:536][  0]LogConfig: Applying CVar settings from Section [FoliageQuality@3] File [C:/Users/salles/Desktop/TCC-Sobrevivendo-Ao-Inferno/Tentativa4/Saved/Config/Windows/Scalability.ini]
[2020.11.30-04.30.09:536][  0]LogConfig: Setting CVar [[foliage.DensityScale:1.0]]
[2020.11.30-04.30.09:536][  0]LogConfig: Setting CVar [[grass.DensityScale:1.0]]
[2020.11.30-04.30.09:536][  0]LogInit: Selected Device Profile: [Windows]
[2020.11.30-04.30.09:536][  0]LogInit: Applying CVar settings loaded from the selected device profile: [Windows]
[2020.11.30-04.30.09:539][  0]LogHAL: Display: Platform has ~ 12 GB [12751085568 / 17179869184 / 12], which maps to Larger [LargestMinGB=32, LargerMinGB=12, DefaultMinGB=8, SmallerMinGB=6, SmallestMinGB=0)
[2020.11.30-04.30.09:539][  0]LogInit: Going up to parent DeviceProfile []
[2020.11.30-04.30.09:539][  0]LogConfig: Applying CVar settings from Section [ViewDistanceQuality@0] File [C:/Users/salles/Desktop/TCC-Sobrevivendo-Ao-Inferno/Tentativa4/Saved/Config/Windows/Scalability.ini]
[2020.11.30-04.30.09:539][  0]LogConfig: Setting CVar [[r.SkeletalMeshLODBias:2]]
[2020.11.30-04.30.09:539][  0]LogConfig: Setting CVar [[r.ViewDistanceScale:0.4]]
[2020.11.30-04.30.09:539][  0]LogConfig: Applying CVar settings from Section [AntiAliasingQuality@0] File [C:/Users/salles/Desktop/TCC-Sobrevivendo-Ao-Inferno/Tentativa4/Saved/Config/Windows/Scalability.ini]
[2020.11.30-04.30.09:539][  0]LogConfig: Setting CVar [[r.PostProcessAAQuality:0]]
[2020.11.30-04.30.09:539][  0]LogConfig: Applying CVar settings from Section [ShadowQuality@0] File [C:/Users/salles/Desktop/TCC-Sobrevivendo-Ao-Inferno/Tentativa4/Saved/Config/Windows/Scalability.ini]
[2020.11.30-04.30.09:539][  0]LogConfig: Setting CVar [[r.LightFunctionQuality:0]]
[2020.11.30-04.30.09:539][  0]LogConfig: Setting CVar [[r.ShadowQuality:0]]
[2020.11.30-04.30.09:539][  0]LogConfig: Setting CVar [[r.Shadow.CSM.MaxCascades:1]]
[2020.11.30-04.30.09:539][  0]LogConfig: Setting CVar [[r.Shadow.MaxResolution:512]]
[2020.11.30-04.30.09:539][  0]LogConfig: Setting CVar [[r.Shadow.MaxCSMResolution:512]]
[2020.11.30-04.30.09:539][  0]LogConfig: Setting CVar [[r.Shadow.RadiusThreshold:0.06]]
[2020.11.30-04.30.09:539][  0]LogConfig: Setting CVar [[r.Shadow.DistanceScale:0.6]]
[2020.11.30-04.30.09:539][  0]LogConfig: Setting CVar [[r.Shadow.CSM.TransitionScale:0]]
[2020.11.30-04.30.09:539][  0]LogConfig: Setting CVar [[r.Shadow.PreShadowResolutionFactor:0.5]]
[2020.11.30-04.30.09:539][  0]LogConfig: Setting CVar [[r.DistanceFieldShadowing:0]]
[2020.11.30-04.30.09:539][  0]LogConfig: Setting CVar [[r.DistanceFieldAO:0]]
[2020.11.30-04.30.09:539][  0]LogConfig: Setting CVar [[r.VolumetricFog:0]]
[2020.11.30-04.30.09:539][  0]LogConfig: Setting CVar [[r.LightMaxDrawDistanceScale:0]]
[2020.11.30-04.30.09:539][  0]LogConfig: Setting CVar [[r.CapsuleShadows:0]]
[2020.11.30-04.30.09:539][  0]LogConfig: Applying CVar settings from Section [PostProcessQuality@0] File [C:/Users/salles/Desktop/TCC-Sobrevivendo-Ao-Inferno/Tentativa4/Saved/Config/Windows/Scalability.ini]
[2020.11.30-04.30.09:539][  0]LogConfig: Setting CVar [[r.MotionBlurQuality:0]]
[2020.11.30-04.30.09:539][  0]LogConfig: Setting CVar [[r.AmbientOcclusionMipLevelFactor:1.0]]
[2020.11.30-04.30.09:539][  0]LogConfig: Setting CVar [[r.AmbientOcclusionMaxQuality:0]]
[2020.11.30-04.30.09:539][  0]LogConfig: Setting CVar [[r.AmbientOcclusionLevels:0]]
[2020.11.30-04.30.09:539][  0]LogConfig: Setting CVar [[r.AmbientOcclusionRadiusScale:1.2]]
[2020.11.30-04.30.09:539][  0]LogConfig: Setting CVar [[r.DepthOfFieldQuality:0]]
[2020.11.30-04.30.09:539][  0]LogConfig: Setting CVar [[r.RenderTargetPoolMin:300]]
[2020.11.30-04.30.09:539][  0]LogConfig: Setting CVar [[r.LensFlareQuality:0]]
[2020.11.30-04.30.09:539][  0]LogConfig: Setting CVar [[r.SceneColorFringeQuality:0]]
[2020.11.30-04.30.09:539][  0]LogConfig: Setting CVar [[r.EyeAdaptationQuality:0]]
[2020.11.30-04.30.09:539][  0]LogConfig: Setting CVar [[r.BloomQuality:4]]
[2020.11.30-04.30.09:539][  0]LogConfig: Setting CVar [[r.FastBlurThreshold:0]]
[2020.11.30-04.30.09:539][  0]LogConfig: Setting CVar [[r.Upscale.Quality:1]]
[2020.11.30-04.30.09:539][  0]LogConfig: Setting CVar [[r.Tonemapper.GrainQuantization:0]]
[2020.11.30-04.30.09:539][  0]LogConfig: Setting CVar [[r.LightShaftQuality:0]]
[2020.11.30-04.30.09:539][  0]LogConfig: Setting CVar [[r.Filter.SizeScale:0.6]]
[2020.11.30-04.30.09:539][  0]LogConfig: Setting CVar [[r.Tonemapper.Quality:0]]
[2020.11.30-04.30.09:539][  0]LogConfig: Applying CVar settings from Section [TextureQuality@0] File [C:/Users/salles/Desktop/TCC-Sobrevivendo-Ao-Inferno/Tentativa4/Saved/Config/Windows/Scalability.ini]
[2020.11.30-04.30.09:539][  0]LogConfig: Setting CVar [[r.Streaming.MipBias:16]]
[2020.11.30-04.30.09:539][  0]LogConfig: Setting CVar [[r.Streaming.AmortizeCPUToGPUCopy:1]]
[2020.11.30-04.30.09:539][  0]LogConfig: Setting CVar [[r.Streaming.MaxNumTexturesToStreamPerFrame:1]]
[2020.11.30-04.30.09:539][  0]LogConfig: Setting CVar [[r.Streaming.Boost:0.3]]
[2020.11.30-04.30.09:539][  0]LogConfig: Setting CVar [[r.MaxAnisotropy:0]]
[2020.11.30-04.30.09:539][  0]LogConfig: Setting CVar [[r.Streaming.LimitPoolSizeToVRAM:1]]
[2020.11.30-04.30.09:539][  0]LogConfig: Setting CVar [[r.Streaming.PoolSize:400]]
[2020.11.30-04.30.09:539][  0]LogConfig: Setting CVar [[r.Streaming.MaxEffectiveScreenSize:0]]
[2020.11.30-04.30.09:539][  0]LogConfig: Applying CVar settings from Section [EffectsQuality@0] File [C:/Users/salles/Desktop/TCC-Sobrevivendo-Ao-Inferno/Tentativa4/Saved/Config/Windows/Scalability.ini]
[2020.11.30-04.30.09:540][  0]LogConfig: Setting CVar [[r.TranslucencyLightingVolumeDim:24]]
[2020.11.30-04.30.09:540][  0]LogConfig: Setting CVar [[r.RefractionQuality:0]]
[2020.11.30-04.30.09:540][  0]LogConfig: Setting CVar [[r.SSR.Quality:0]]
[2020.11.30-04.30.09:540][  0]LogConfig: Setting CVar [[r.SceneColorFormat:3]]
[2020.11.30-04.30.09:540][  0]LogConfig: Setting CVar [[r.DetailMode:0]]
[2020.11.30-04.30.09:540][  0]LogConfig: Setting CVar [[r.TranslucencyVolumeBlur:0]]
[2020.11.30-04.30.09:540][  0]LogConfig: Setting CVar [[r.MaterialQualityLevel:0 ; Low quality]]
[2020.11.30-04.30.09:540][  0]LogConfig: Setting CVar [[r.SSS.Scale:0]]
[2020.11.30-04.30.09:540][  0]LogConfig: Setting CVar [[r.SSS.SampleSet:0]]
[2020.11.30-04.30.09:540][  0]LogConfig: Setting CVar [[r.SSS.Quality:0]]
[2020.11.30-04.30.09:540][  0]LogConfig: Setting CVar [[r.SSS.HalfRes:1]]
[2020.11.30-04.30.09:540][  0]LogConfig: Setting CVar [[r.EmitterSpawnRateScale:0.125]]
[2020.11.30-04.30.09:540][  0]LogConfig: Setting CVar [[r.ParticleLightQuality:0]]
[2020.11.30-04.30.09:540][  0]LogConfig: Applying CVar settings from Section [FoliageQuality@0] File [C:/Users/salles/Desktop/TCC-Sobrevivendo-Ao-Inferno/Tentativa4/Saved/Config/Windows/Scalability.ini]
[2020.11.30-04.30.09:540][  0]LogConfig: Setting CVar [[foliage.DensityScale:0]]
[2020.11.30-04.30.09:540][  0]LogConfig: Setting CVar [[grass.DensityScale:0]]
[2020.11.30-04.30.09:540][  0]LogConfig: Applying CVar settings from Section [Startup] File [../../../Engine/Config/ConsoleVariables.ini]
[2020.11.30-04.30.09:540][  0]LogConfig: Setting CVar [[net.UseAdaptiveNetUpdateFrequency:0]]
[2020.11.30-04.30.09:540][  0]LogConfig: Setting CVar [[p.chaos.AllowCreatePhysxBodies:1]]
[2020.11.30-04.30.09:540][  0]LogConfig: Applying CVar settings from Section [ConsoleVariables] File [C:/Users/salles/Desktop/TCC-Sobrevivendo-Ao-Inferno/Tentativa4/Saved/Config/Windows/Engine.ini]
[2020.11.30-04.30.09:540][  0]LogInit: Computer: DESKTOP-AM7GMFQ
[2020.11.30-04.30.09:540][  0]LogInit: User: salles
[2020.11.30-04.30.09:540][  0]LogInit: CPU Page size=4096, Cores=4
[2020.11.30-04.30.09:540][  0]LogInit: High frequency timer resolution =10.000000 MHz
[2020.11.30-04.30.09:540][  0]LogMemory: Memory total: Physical=11.9GB (12GB approx)
[2020.11.30-04.30.09:540][  0]LogMemory: Platform Memory Stats for Windows
[2020.11.30-04.30.09:540][  0]LogMemory: Process Physical Memory: 102.02 MB used, 102.03 MB peak
[2020.11.30-04.30.09:540][  0]LogMemory: Process Virtual Memory: 104.46 MB used, 104.46 MB peak
[2020.11.30-04.30.09:540][  0]LogMemory: Physical Memory: 5907.02 MB used,  6253.36 MB free, 12160.38 MB total
[2020.11.30-04.30.09:540][  0]LogMemory: Virtual Memory: 4674.27 MB used,  134213056.00 MB free, 134217728.00 MB total
[2020.11.30-04.30.09:548][  0]LogWindows: WindowsPlatformFeatures enabled
[2020.11.30-04.30.09:567][  0]LogInit: Overriding language with editor language configuration option (en).
[2020.11.30-04.30.09:567][  0]LogInit: Overriding locale with editor locale configuration option (en).
[2020.11.30-04.30.09:749][  0]LogInit: Setting process to per monitor DPI aware
[2020.11.30-04.30.09:784][  0]LogSlate: New Slate User Created.  User Index 0, Is Virtual User: 0
[2020.11.30-04.30.09:785][  0]LogSlate: Slate User Registered.  User Index 0, Is Virtual User: 0
[2020.11.30-04.30.10:018][  0]LogHMD: Failed to initialize OpenVR with code 110
[2020.11.30-04.30.10:018][  0]LogD3D11RHI: D3D11 adapters:
[2020.11.30-04.30.10:071][  0]LogD3D11RHI:    0. 'Intel(R) HD Graphics 530' (Feature Level 11_0)
[2020.11.30-04.30.10:071][  0]LogD3D11RHI:       128/0/6080 MB DedicatedVideo/DedicatedSystem/SharedSystem, Outputs:1, VendorId:0x8086
[2020.11.30-04.30.10:073][  0]LogD3D11RHI:    1. 'Microsoft Basic Render Driver' (Feature Level 11_0)
[2020.11.30-04.30.10:073][  0]LogD3D11RHI:       0/0/6080 MB DedicatedVideo/DedicatedSystem/SharedSystem, Outputs:0, VendorId:0x1414
[2020.11.30-04.30.10:073][  0]LogD3D11RHI: Chosen D3D11 Adapter: 0
[2020.11.30-04.30.10:079][  0]LogD3D11RHI: Creating new Direct3DDevice
[2020.11.30-04.30.10:079][  0]LogD3D11RHI:     GPU DeviceId: 0x1912 (for the marketing name, search the web for "GPU Device Id")
[2020.11.30-04.30.10:079][  0]LogWindows: EnumDisplayDevices:
[2020.11.30-04.30.10:080][  0]LogWindows:    0. 'Intel(R) HD Graphics 530' (P:1 D:1)
[2020.11.30-04.30.10:080][  0]LogWindows:    1. 'Intel(R) HD Graphics 530' (P:0 D:0)
[2020.11.30-04.30.10:081][  0]LogWindows:    2. 'Intel(R) HD Graphics 530' (P:0 D:0)
[2020.11.30-04.30.10:081][  0]LogWindows: DebugString: FoundDriverCount:3 
[2020.11.30-04.30.10:081][  0]LogD3D11RHI:     Adapter Name: Intel(R) HD Graphics 530
[2020.11.30-04.30.10:081][  0]LogD3D11RHI:   Driver Version: 26.20.100.7528 (internal:26.20.100.7528, unified:26.20.100.7528)
[2020.11.30-04.30.10:081][  0]LogD3D11RHI:      Driver Date: 11-13-2019
[2020.11.30-04.30.10:081][  0]LogRHI: Texture pool is 1523 MB (70% of 2176 MB)
[2020.11.30-04.30.10:149][  0]LogD3D11RHI: [IntelMetricsDiscovery] Started
[2020.11.30-04.30.10:149][  0]LogD3D11RHI: Async texture creation enabled
[2020.11.30-04.30.10:154][  0]LogD3D11RHI: GPU Timing Frequency: 12.000048 (Debug: 2 0)
[2020.11.30-04.30.10:476][  0]LogTemp: Display: Module 'AllDesktopTargetPlatform' loaded TargetPlatform 'AllDesktop'
[2020.11.30-04.30.10:486][  0]LogTemp: Display: Module 'MacClientTargetPlatform' loaded TargetPlatform 'MacClient'
[2020.11.30-04.30.10:495][  0]LogTemp: Display: Module 'MacNoEditorTargetPlatform' loaded TargetPlatform 'MacNoEditor'
[2020.11.30-04.30.10:502][  0]LogTemp: Display: Module 'MacServerTargetPlatform' loaded TargetPlatform 'MacServer'
[2020.11.30-04.30.10:510][  0]LogTemp: Display: Module 'MacTargetPlatform' loaded TargetPlatform 'Mac'
[2020.11.30-04.30.10:521][  0]LogTemp: Display: Module 'WindowsClientTargetPlatform' loaded TargetPlatform 'WindowsClient'
[2020.11.30-04.30.10:529][  0]LogTemp: Display: Module 'WindowsNoEditorTargetPlatform' loaded TargetPlatform 'WindowsNoEditor'
[2020.11.30-04.30.10:537][  0]LogTemp: Display: Module 'WindowsServerTargetPlatform' loaded TargetPlatform 'WindowsServer'
[2020.11.30-04.30.10:541][  0]LogTemp: Display: Module 'WindowsTargetPlatform' loaded TargetPlatform 'Windows'
[2020.11.30-04.30.10:575][  0]LogTemp: Display: Module 'AndroidTargetPlatform' loaded TargetPlatform 'Android'
[2020.11.30-04.30.10:575][  0]LogTemp: Display: Module 'AndroidTargetPlatform' loaded TargetPlatform 'Android_ASTC'
[2020.11.30-04.30.10:575][  0]LogTemp: Display: Module 'AndroidTargetPlatform' loaded TargetPlatform 'Android_ATC'
[2020.11.30-04.30.10:575][  0]LogTemp: Display: Module 'AndroidTargetPlatform' loaded TargetPlatform 'Android_DXT'
[2020.11.30-04.30.10:575][  0]LogTemp: Display: Module 'AndroidTargetPlatform' loaded TargetPlatform 'Android_ETC1'
[2020.11.30-04.30.10:575][  0]LogTemp: Display: Module 'AndroidTargetPlatform' loaded TargetPlatform 'Android_ETC1a'
[2020.11.30-04.30.10:575][  0]LogTemp: Display: Module 'AndroidTargetPlatform' loaded TargetPlatform 'Android_ETC2'
[2020.11.30-04.30.10:575][  0]LogTemp: Display: Module 'AndroidTargetPlatform' loaded TargetPlatform 'Android_PVRTC'
[2020.11.30-04.30.10:575][  0]LogTemp: Display: Module 'AndroidTargetPlatform' loaded TargetPlatform 'AndroidClient'
[2020.11.30-04.30.10:575][  0]LogTemp: Display: Module 'AndroidTargetPlatform' loaded TargetPlatform 'Android_ASTCClient'
[2020.11.30-04.30.10:575][  0]LogTemp: Display: Module 'AndroidTargetPlatform' loaded TargetPlatform 'Android_ATCClient'
[2020.11.30-04.30.10:575][  0]LogTemp: Display: Module 'AndroidTargetPlatform' loaded TargetPlatform 'Android_DXTClient'
[2020.11.30-04.30.10:575][  0]LogTemp: Display: Module 'AndroidTargetPlatform' loaded TargetPlatform 'Android_ETC1Client'
[2020.11.30-04.30.10:575][  0]LogTemp: Display: Module 'AndroidTargetPlatform' loaded TargetPlatform 'Android_ETC1aClient'
[2020.11.30-04.30.10:575][  0]LogTemp: Display: Module 'AndroidTargetPlatform' loaded TargetPlatform 'Android_ETC2Client'
[2020.11.30-04.30.10:575][  0]LogTemp: Display: Module 'AndroidTargetPlatform' loaded TargetPlatform 'Android_PVRTCClient'
[2020.11.30-04.30.10:575][  0]LogTemp: Display: Module 'AndroidTargetPlatform' loaded TargetPlatform 'Android_Multi'
[2020.11.30-04.30.10:576][  0]LogTemp: Display: Module 'AndroidTargetPlatform' loaded TargetPlatform 'Android_MultiClient'
[2020.11.30-04.30.10:577][  0]LogTemp: Display: Module 'HTML5TargetPlatform' loaded TargetPlatform 'HTML5'
[2020.11.30-04.30.10:597][  0]LogTemp: Display: Module 'IOSTargetPlatform' loaded TargetPlatform 'IOSClient'
[2020.11.30-04.30.10:597][  0]LogTemp: Display: Module 'IOSTargetPlatform' loaded TargetPlatform 'IOS'
[2020.11.30-04.30.10:611][  0]LogTemp: Display: Module 'TVOSTargetPlatform' loaded TargetPlatform 'TVOSClient'
[2020.11.30-04.30.10:611][  0]LogTemp: Display: Module 'TVOSTargetPlatform' loaded TargetPlatform 'TVOS'
[2020.11.30-04.30.10:619][  0]LogTemp: Display: Module 'LinuxClientTargetPlatform' loaded TargetPlatform 'LinuxClient'
[2020.11.30-04.30.10:626][  0]LogTemp: Display: Module 'LinuxNoEditorTargetPlatform' loaded TargetPlatform 'LinuxNoEditor'
[2020.11.30-04.30.10:633][  0]LogTemp: Display: Module 'LinuxServerTargetPlatform' loaded TargetPlatform 'LinuxServer'
[2020.11.30-04.30.10:640][  0]LogTemp: Display: Module 'LinuxTargetPlatform' loaded TargetPlatform 'Linux'
[2020.11.30-04.30.10:662][  0]LogTemp: Display: Module 'LuminTargetPlatform' loaded TargetPlatform 'Lumin'
[2020.11.30-04.30.10:662][  0]LogTemp: Display: Module 'LuminTargetPlatform' loaded TargetPlatform 'LuminClient'
[2020.11.30-04.30.10:662][  0]LogTargetPlatformManager: Display: Building Assets For Windows
[2020.11.30-04.30.10:670][  0]LogAudioDebug: Display: Lib vorbis DLL was dynamically loaded.
[2020.11.30-04.30.10:717][  0]LogShaderCompilers: Guid format shader working directory is -16 characters bigger than the processId version (C:/Users/salles/Desktop/TCC-Sobrevivendo-Ao-Inferno/Tentativa4/Intermediate/Shaders/WorkingDirectory/14684/).
[2020.11.30-04.30.10:718][  0]LogShaderCompilers: Cleaned the shader compiler working directory 'C:/Users/salles/AppData/Local/Temp/UnrealShaderWorkingDir/A4468441428F060333039DA2D993CBE4/'.
[2020.11.30-04.30.10:719][  0]LogXGEController: Cannot use XGE Controller as Incredibuild is not installed on this machine.
[2020.11.30-04.30.10:719][  0]LogShaderCompilers: Cannot use XGE Shader Compiler as Incredibuild is not installed on this machine.
[2020.11.30-04.30.10:719][  0]LogShaderCompilers: Display: Using Local Shader Compiler.
[2020.11.30-04.30.11:283][  0]LogDerivedDataCache: Display: Max Cache Size: 512 MB
[2020.11.30-04.30.11:337][  0]LogDerivedDataCache: Loaded boot cache 0.05s 73MB C:/Users/salles/AppData/Local/UnrealEngine/4.23/DerivedDataCache/Boot.ddc.
[2020.11.30-04.30.11:337][  0]LogDerivedDataCache: Display: Loaded Boot cache: C:/Users/salles/AppData/Local/UnrealEngine/4.23/DerivedDataCache/Boot.ddc
[2020.11.30-04.30.11:337][  0]LogDerivedDataCache: FDerivedDataBackendGraph:  Pak pak cache file C:/Users/salles/Desktop/TCC-Sobrevivendo-Ao-Inferno/Tentativa4/DerivedDataCache/DDC.ddp not found, will not use a pak cache.
[2020.11.30-04.30.11:337][  0]LogDerivedDataCache: Unable to find inner node Pak for hierarchical cache Hierarchy.
[2020.11.30-04.30.11:338][  0]LogDerivedDataCache: FDerivedDataBackendGraph:  CompressedPak pak cache file C:/Users/salles/Desktop/TCC-Sobrevivendo-Ao-Inferno/Tentativa4/DerivedDataCache/Compressed.ddp not found, will not use a pak cache.
[2020.11.30-04.30.11:338][  0]LogDerivedDataCache: Unable to find inner node CompressedPak for hierarchical cache Hierarchy.
[2020.11.30-04.30.11:348][  0]LogDerivedDataCache: Display: Pak cache opened for reading ../../../Engine/DerivedDataCache/Compressed.ddp.
[2020.11.30-04.30.11:348][  0]LogDerivedDataCache: FDerivedDataBackendGraph:  EnterprisePak pak cache file ../../../Enterprise/DerivedDataCache/Compressed.ddp not found, will not use a pak cache.
[2020.11.30-04.30.11:348][  0]LogDerivedDataCache: Unable to find inner node EnterprisePak for hierarchical cache Hierarchy.
[2020.11.30-04.30.11:349][  0]LogDerivedDataCache: Using Local data cache path C:/Users/salles/AppData/Local/UnrealEngine/Common/DerivedDataCache: Writable
[2020.11.30-04.30.11:349][  0]LogDerivedDataCache: Shared data cache path not found in *engine.ini, will not use an Shared cache.
[2020.11.30-04.30.11:349][  0]LogDerivedDataCache: Unable to find inner node Shared for hierarchical cache Hierarchy.
[2020.11.30-04.30.11:368][  0]LogMaterial: Verifying Global Shaders for PCD3D_SM5
[2020.11.30-04.30.11:370][  0]LogSlate: Using FreeType 2.6.0
[2020.11.30-04.30.11:371][  0]LogSlate: SlateFontServices - WITH_FREETYPE: 1, WITH_HARFBUZZ: 1
[2020.11.30-04.30.11:431][  0]LogAssetRegistry: FAssetRegistry took 0.0024 seconds to start up
[2020.11.30-04.30.11:678][  0]LogInit: Selected Device Profile: [Windows]
[2020.11.30-04.30.11:816][  0]LogMeshReduction: Using QuadricMeshReduction for automatic static mesh reduction
[2020.11.30-04.30.11:816][  0]LogMeshReduction: Using SimplygonMeshReduction for automatic skeletal mesh reduction
[2020.11.30-04.30.11:816][  0]LogMeshReduction: Using ProxyLODMeshReduction for automatic mesh merging
[2020.11.30-04.30.11:816][  0]LogMeshReduction: No distributed automatic mesh merging module available
[2020.11.30-04.30.11:816][  0]LogMeshMerging: No distributed automatic mesh merging module available
[2020.11.30-04.30.11:826][  0]LogNetVersion: Tentativa4 1.0.0, NetCL: 8386587, EngineNetVer: 11, GameNetVer: 0 (Checksum: 811232057)
[2020.11.30-04.30.12:216][  0]LogPackageLocalizationCache: Processed 12 localized package path(s) for 1 prioritized culture(s) in 0.047437 seconds
[2020.11.30-04.30.12:221][  0]LogUObjectArray: 43444 objects as part of root set at end of initial load.
[2020.11.30-04.30.12:221][  0]LogUObjectAllocator: 7548648 out of 0 bytes used by permanent object pool.
[2020.11.30-04.30.12:221][  0]LogUObjectArray: CloseDisregardForGC: 0/0 objects in disregard for GC pool
[2020.11.30-04.30.13:053][  0]LogTcpMessaging: Initializing TcpMessaging bridge
[2020.11.30-04.30.13:057][  0]LogUdpMessaging: Initializing bridge on interface 0.0.0.0:0 to multicast group 230.0.0.1:6666.
[2020.11.30-04.30.13:108][  0]SourceControl: Source control is disabled
[2020.11.30-04.30.13:109][  0]SourceControl: Source control is disabled
[2020.11.30-04.30.13:110][  0]SourceControl: Source control is disabled
[2020.11.30-04.30.13:111][  0]SourceControl: Source control is disabled
[2020.11.30-04.30.13:201][  0]LogAndroidPermission: UAndroidPermissionCallbackProxy::GetInstance
[2020.11.30-04.30.13:296][  0]LogOcInput: OculusInput pre-init called
[2020.11.30-04.30.13:302][  0]LogWindows: Failed to load 'OVRPlugin.dll' (GetLastError=126)
[2020.11.30-04.30.13:302][  0]LogWindows: File 'OVRPlugin.dll' does not exist
[2020.11.30-04.30.13:365][  0]LogEngine: Initializing Engine...
[2020.11.30-04.30.13:365][  0]LogHMD: Failed to initialize OpenVR with code 110
[2020.11.30-04.30.13:366][  0]LogStats: UGameplayTagsManager::InitializeManager -  0.000 s
[2020.11.30-04.30.13:611][  0]LogInit: Initializing FReadOnlyCVARCache
[2020.11.30-04.30.13:628][  0]LogAIModule: Creating AISystem for world Untitled
[2020.11.30-04.30.13:667][  0]LogInit: XAudio2 using 'Alto-falantes (3- Logitech G533 Gaming Headset)' : 6 channels at 48 kHz using 16 bits per sample (channel mask 0x3f)
[2020.11.30-04.30.13:683][  0]LogInit: FAudioDevice initialized.
[2020.11.30-04.30.13:683][  0]LogNetVersion: Set ProjectVersion to 1.0.0.0. Version Checksum will be recalculated on next use.
[2020.11.30-04.30.13:792][  0]LogDerivedDataCache: Saved boot cache 0.11s 73MB C:/Users/salles/AppData/Local/UnrealEngine/4.23/DerivedDataCache/Boot.ddc.
[2020.11.30-04.30.13:795][  0]LogInit: Texture streaming: Enabled
[2020.11.30-04.30.13:810][  0]LogEngineSessionManager: EngineSessionManager initialized
[2020.11.30-04.30.13:810][  0]LogEditorSessionSummary: Verbose: Initializing EditorSessionSummaryWriter for editor session tracking
[2020.11.30-04.30.13:811][  0]LogEditorSessionSummary: EditorSessionSummaryWriter initialized
[2020.11.30-04.30.13:880][  0]LogInit: Transaction tracking system initialized
[2020.11.30-04.30.13:903][  0]BlueprintLog: New page: Editor Load
[2020.11.30-04.30.13:967][  0]LocalizationService: Localization service is disabled
[2020.11.30-04.30.14:214][  0]LogCook: Display: Max memory allowance for cook 16384mb min free memory 0mb
[2020.11.30-04.30.14:214][  0]LogCook: Display: Mobile HDR setting 1
[2020.11.30-04.30.14:339][  0]LogFileCache: Scanning file cache for directory 'C:/Users/salles/Desktop/TCC-Sobrevivendo-Ao-Inferno/Tentativa4/Content/' took 0.02s
[2020.11.30-04.30.14:385][  0]SourceControl: Source control is disabled
[2020.11.30-04.30.14:385][  0]Cmd: MAP LOAD FILE="C:/Users/salles/Desktop/TCC-Sobrevivendo-Ao-Inferno/Tentativa4/Content/MyContent/Maps/Station.umap" TEMPLATE=0 SHOWPROGRESS=1 FEATURELEVEL=3
[2020.11.30-04.30.14:385][  0]LightingResults: New page: Lighting Build
[2020.11.30-04.30.14:387][  0]LogWorld: UWorld::CleanupWorld for Untitled, bSessionEnded=true, bCleanupResources=true
[2020.11.30-04.30.14:387][  0]MapCheck: New page: Map Check
[2020.11.30-04.30.14:387][  0]LightingResults: New page: Lighting Build
[2020.11.30-04.30.14:413][  0]LogUObjectHash: Compacting FUObjectHashTables data took   1.57ms
[2020.11.30-04.30.14:965][  0]LogAIModule: Creating AISystem for world Station
[2020.11.30-04.30.14:976][  0]LogEditorServer: Finished looking for orphan Actors (0.000 secs)
[2020.11.30-04.30.15:034][  0]LogUObjectHash: Compacting FUObjectHashTables data took   2.79ms
[2020.11.30-04.30.15:034][  0]Cmd: MAP CHECKDEP NOCLEARLOG
[2020.11.30-04.30.15:034][  0]MapCheck: Map check complete: 0 Error(s), 0 Warning(s), took 0.163ms to complete.
[2020.11.30-04.30.15:034][  0]LogFileHelpers: Loading map 'Station' took 0.649
[2020.11.30-04.30.15:146][  0]LogSlate: Updating window title bar state: overlay mode, drag disabled, window buttons hidden, title bar hidden
[2020.11.30-04.30.15:151][  0]LogSlate: Updating window title bar state: overlay mode, drag disabled, window buttons hidden, title bar hidden
[2020.11.30-04.30.15:158][  0]LogSlate: Updating window title bar state: overlay mode, drag disabled, window buttons hidden, title bar hidden
[2020.11.30-04.30.15:164][  0]LogSlate: Updating window title bar state: overlay mode, drag disabled, window buttons hidden, title bar hidden
[2020.11.30-04.30.15:169][  0]LogCollectionManager: Loaded 0 collections in 0.000984 seconds
[2020.11.30-04.30.15:173][  0]LogFileCache: Scanning file cache for directory 'C:/Users/salles/Desktop/TCC-Sobrevivendo-Ao-Inferno/Tentativa4/Saved/Collections/' took 0.00s
[2020.11.30-04.30.15:173][  0]LogFileCache: Scanning file cache for directory 'C:/Users/salles/Desktop/TCC-Sobrevivendo-Ao-Inferno/Tentativa4/Content/Developers/salles/Collections/' took 0.00s
[2020.11.30-04.30.15:173][  0]LogFileCache: Scanning file cache for directory 'C:/Users/salles/Desktop/TCC-Sobrevivendo-Ao-Inferno/Tentativa4/Content/Collections/' took 0.00s
[2020.11.30-04.30.15:174][  0]LogCollectionManager: Rebuilt the GUID cache for 0 collections in 0.000002 seconds
[2020.11.30-04.30.15:180][  0]LogContentBrowser: Native class hierarchy populated in 0.0067 seconds. Added 2863 classes and 680 folders.
[2020.11.30-04.30.15:185][  0]LogContentBrowser: Native class hierarchy updated for 'WidgetCarousel' in 0.0003 seconds. Added 0 classes and 0 folders.
[2020.11.30-04.30.15:253][  0]LogContentBrowser: Native class hierarchy updated for 'AddContentDialog' in 0.0002 seconds. Added 0 classes and 0 folders.
[2020.11.30-04.30.15:257][  0]LogContentBrowser: Native class hierarchy updated for 'SceneOutliner' in 0.0002 seconds. Added 1 classes and 2 folders.
[2020.11.30-04.30.15:270][  0]LogSlate: Took 0.000240 seconds to synchronously load lazily loaded font '../../../Engine/Content/Slate/Fonts/Roboto-Regular.ttf' (155K)
[2020.11.30-04.30.15:272][  0]LogSlate: Took 0.000201 seconds to synchronously load lazily loaded font '../../../Engine/Content/Slate/Fonts/Roboto-Bold.ttf' (160K)
[2020.11.30-04.30.15:277][  0]LogSlate: Took 0.000279 seconds to synchronously load lazily loaded font '../../../Engine/Content/Editor/Slate/Fonts/FontAwesome.ttf' (139K)
[2020.11.30-04.30.15:335][  0]LogRenderer: Reallocating scene render targets to support 1008x572 Format 9 NumSamples 1 (Frame:1).
[2020.11.30-04.30.15:448][  0]LogContentBrowser: Native class hierarchy updated for 'HierarchicalLODOutliner' in 0.0002 seconds. Added 0 classes and 0 folders.
[2020.11.30-04.30.15:448][  0]LogLoad: (Engine Initialization) Total time: 7.31 seconds
[2020.11.30-04.30.15:448][  0]LogLoad: (Engine Initialization) Total Blueprint compile time: 0.00 seconds
[2020.11.30-04.30.15:504][  0]LogContentStreaming: Texture pool size now 400 MB
[2020.11.30-04.30.15:742][  0]LogSlate: Took 0.000252 seconds to synchronously load lazily loaded font '../../../Engine/Content/Slate/Fonts/Roboto-Light.ttf' (167K)
[2020.11.30-04.30.15:764][  1]LogAssetRegistry: Asset discovery search completed in 4.3336 seconds
[2020.11.30-04.30.15:767][  1]LogCollectionManager: Rebuilt the object cache for 0 collections in 0.000004 seconds (found 0 objects)
[2020.11.30-04.30.15:767][  1]LogCollectionManager: Fixed up redirectors for 0 collections in 0.000045 seconds (updated 0 objects)
[2020.11.30-04.30.25:196][555]LogSlate: FSceneViewport::OnFocusLost() reason 0
[2020.11.30-04.30.28:662][755]LogSlate: Took 0.000302 seconds to synchronously load lazily loaded font '../../../Engine/Content/Slate/Fonts/Roboto-Light.ttf' (167K)
[2020.11.30-04.30.28:992][755]LogStaticMesh: Building static mesh Anhagabau...
[2020.11.30-04.30.28:994][755]LogStaticMesh: Built static mesh [0.00s] /Game/MyContent/Models/Assets/Models/Estacoes/LinhaVermelha/Anhagabau/Plataforma_Anhagabau/Anhagabau.Anhagabau
[2020.11.30-04.30.28:996][755]LogStaticMesh: Building static mesh Anhagabau_CE...
[2020.11.30-04.30.29:003][755]LogStaticMesh: Built static mesh [0.01s] /Game/MyContent/Models/Assets/Models/Estacoes/LinhaVermelha/Anhagabau/Plataforma_Anhagabau_CE/Anhagabau_CE.Anhagabau_CE
[2020.11.30-04.30.29:005][755]LogStaticMesh: Building static mesh Anhagabau_CP...
[2020.11.30-04.30.29:014][755]LogStaticMesh: Built static mesh [0.01s] /Game/MyContent/Models/Assets/Models/Estacoes/LinhaVermelha/Anhagabau/Plataforma_Anhagabau_CP/Anhagabau_CP.Anhagabau_CP
[2020.11.30-04.30.29:031][755]LogMaterial: Display: Missing cached shader map for material AnhagabauMat, compiling. 
[2020.11.30-04.30.29:087][755]LogShaderCompilers: Display: Worker (1/5): shaders left to compile 22
[2020.11.30-04.30.29:087][755]LogShaderCompilers: Display: Worker (2/5): shaders left to compile 16
[2020.11.30-04.30.29:087][755]LogShaderCompilers: Display: Worker (3/5): shaders left to compile 10
[2020.11.30-04.30.29:087][755]LogShaderCompilers: Display: Worker (4/5): shaders left to compile 4
[2020.11.30-04.30.29:087][755]LogMaterial: Display: Missing cached shader map for material Anhagabau_CPMat, compiling. 
[2020.11.30-04.30.29:102][755]LogMaterial: Display: Missing cached shader map for material Anhagabau_CEMat, compiling. 
[2020.11.30-04.30.29:138][755]LogAIModule: Creating AISystem for world Anhagabau
[2020.11.30-04.30.29:154][755]LogAssetEditorManager: Opening Asset editor for World /Game/MyContent/Maps/Estações/LinhaVermelha/Anhagabau.Anhagabau
[2020.11.30-04.30.29:177][755]LogUObjectHash: Compacting FUObjectHashTables data took   1.87ms
[2020.11.30-04.30.29:178][755]Cmd: MAP LOAD FILE="C:/Users/salles/Desktop/TCC-Sobrevivendo-Ao-Inferno/Tentativa4/Content/MyContent/Maps/Estações/LinhaVermelha/Anhagabau.umap" TEMPLATE=0 SHOWPROGRESS=1 FEATURELEVEL=3
[2020.11.30-04.30.29:178][755]LightingResults: New page: Lighting Build
[2020.11.30-04.30.29:178][755]LoadErrors: New page: Loading map: Anhagabau.umap
[2020.11.30-04.30.29:180][755]LogWorld: UWorld::CleanupWorld for Station, bSessionEnded=true, bCleanupResources=true
[2020.11.30-04.30.29:180][755]MapCheck: New page: Map Check
[2020.11.30-04.30.29:180][755]LightingResults: New page: Lighting Build
[2020.11.30-04.30.29:206][755]LogUObjectHash: Compacting FUObjectHashTables data took   2.91ms
[2020.11.30-04.30.29:218][755]LogEditorServer: Finished looking for orphan Actors (0.000 secs)
[2020.11.30-04.30.29:243][755]LogUObjectHash: Compacting FUObjectHashTables data took   2.00ms
[2020.11.30-04.30.29:310][755]Cmd: MAP CHECKDEP NOCLEARLOG
[2020.11.30-04.30.29:310][755]MapCheck: Map check complete: 0 Error(s), 0 Warning(s), took 0.154ms to complete.
[2020.11.30-04.30.29:310][755]LogFileHelpers: Loading map 'Anhagabau' took 0.133
[2020.11.30-04.30.33:830][936]LogShaderCompilers: Display: Worker (4/5): shaders left to compile 44
[2020.11.30-04.30.34:085][946]LogShaderCompilers: Display: Worker (1/5): shaders left to compile 34
[2020.11.30-04.30.35:678][ 14]LogShaderCompilers: Display: Worker (2/5): shaders left to compile 25
[2020.11.30-04.30.37:953][108]LogSlate: FSceneViewport::OnFocusLost() reason 0
[2020.11.30-04.30.38:205][121]LogShaderCompilers: Display: Worker (3/5): shaders left to compile 18
[2020.11.30-04.30.41:677][265]LogShaderCompilers: Display: Worker (3/5): shaders left to compile 13
[2020.11.30-04.30.41:784][269]LogShaderCompilers: Display: Worker (2/5): shaders left to compile 9
[2020.11.30-04.30.41:970][274]LogShaderCompilers: Display: Worker (4/5): shaders left to compile 6
[2020.11.30-04.30.42:066][274]LogActorFactory: Actor Factory created Sumare_Bilheteria
[2020.11.30-04.30.43:377][322]LogActorFactory: Actor Factory created Sumare_Bilheteria
[2020.11.30-04.30.43:940][339]Cmd: DELETE
[2020.11.30-04.30.43:941][339]Cmd: ACTOR DELETE
[2020.11.30-04.30.43:945][339]LogEditorActor: Deleted Actor: StaticMeshActor
[2020.11.30-04.30.43:972][339]LogUObjectHash: Compacting FUObjectHashTables data took   2.57ms
[2020.11.30-04.30.43:972][339]LogEditorActor: Deleted 1 Actors (0.032 secs)
[2020.11.30-04.30.44:123][346]LogShaderCompilers: Display: Worker (4/5): shaders left to compile 4
[2020.11.30-04.30.45:173][383]LogShaderCompilers: Display: Worker (2/5): shaders left to compile 2
[2020.11.30-04.30.45:289][386]LogSlate: FSceneViewport::OnFocusLost() reason 0
[2020.11.30-04.30.45:630][403]LogShaderCompilers: Display: Worker (1/5): shaders left to compile 1
[2020.11.30-04.30.49:313][590]LogActorFactory: Actor Factory created Masp_Bilheteria
[2020.11.30-04.30.52:938][774]LogActorFactory: Actor Factory created Masp_Bilheteria
[2020.11.30-04.31.15:466][792]LogEditorSessionSummary: EditorSessionSummary sent report. Type=Shutdown, SessionId={7C389AD8-48C6-8550-FE73-C5B512C1D1E4}
[2020.11.30-04.31.47:875][264]LogSlate: FSceneViewport::OnFocusLost() reason 0
[2020.11.30-04.31.50:491][378]LogEditorViewport: Clicking on Actor (LMB): StaticMeshActor (Escada_Rolante_Simples_CP)
[2020.11.30-04.31.55:724][603]LogSlate: FSceneViewport::OnFocusLost() reason 0
[2020.11.30-04.31.57:783][686]LogEditorViewport: Clicking on Actor (LMB): StaticMeshActor (Escada_Rolante_Simples_CP2)
[2020.11.30-04.31.59:805][782]Cmd: CAMERA ALIGN ACTIVEVIEWPORTONLY
[2020.11.30-04.32.12:093][342]LogEditorViewport: Clicking Background
[2020.11.30-04.32.14:285][443]LogSlate: FSceneViewport::OnFocusLost() reason 5
[2020.11.30-04.32.14:322][443]LogUObjectHash: Compacting FUObjectHashTables data took   2.01ms
[2020.11.30-04.32.14:439][443]LogSavePackage: Moving 'C:/Users/salles/Desktop/TCC-Sobrevivendo-Ao-Inferno/Tentativa4/Saved/AnhagabauCED8DD59463DF0E1C6A55F982BFDFC70.tmp' to 'C:/Users/salles/Desktop/TCC-Sobrevivendo-Ao-Inferno/Tentativa4/Content/MyContent/Maps/Estações/LinhaVermelha/Anhagabau.umap'
[2020.11.30-04.32.15:560][491]LogSlate: FSceneViewport::OnFocusLost() reason 0
[2020.11.30-04.32.30:828][307]LogMaterial: Display: Missing cached shader map for material ArturAlvimMat, compiling. 
[2020.11.30-04.32.30:838][307]LogStaticMesh: Building static mesh ArturAlvim...
[2020.11.30-04.32.30:848][307]LogShaderCompilers: Display: Worker (1/5): shaders left to compile 22
[2020.11.30-04.32.30:848][307]LogShaderCompilers: Display: Worker (2/5): shaders left to compile 16
[2020.11.30-04.32.30:849][307]LogShaderCompilers: Display: Worker (3/5): shaders left to compile 10
[2020.11.30-04.32.30:849][307]LogShaderCompilers: Display: Worker (4/5): shaders left to compile 4
[2020.11.30-04.32.30:849][307]LogStaticMesh: Built static mesh [0.01s] /Game/MyContent/Models/Assets/Models/Estacoes/LinhaVermelha/ArturAlvim/Plataforma_ArturAlvim/ArturAlvim.ArturAlvim
[2020.11.30-04.32.30:850][307]LogStaticMesh: Building static mesh ArturAlv_Let_FlutMat...
[2020.11.30-04.32.30:851][307]LogStaticMesh: Built static mesh [0.00s] /Game/MyContent/Models/Assets/Models/Estacoes/LinhaVermelha/ArturAlvim/Plataforma_ArturAlvim_Letreiro_Flut/ArturAlv_Let_FlutMat.ArturAlv_Let_FlutMat
[2020.11.30-04.32.30:878][307]LogStaticMesh: Building static mesh AA_LetPA...
[2020.11.30-04.32.30:879][307]LogStaticMesh: Built static mesh [0.00s] /Game/MyContent/Models/Assets/Models/Estacoes/LinhaVermelha/ArturAlvim/Plataforma_ArturAlvim_Letreiro_PA/AA_LetPA.AA_LetPA
[2020.11.30-04.32.30:880][307]LogStaticMesh: Building static mesh ArturAlvim_Grade...
[2020.11.30-04.32.30:915][307]LogStaticMesh: Built static mesh [0.04s] /Game/MyContent/Models/Assets/Models/Estacoes/LinhaVermelha/ArturAlvim/Plataforma_ArturAlvim_Grade/ArturAlvim_Grade.ArturAlvim_Grade
[2020.11.30-04.32.30:940][307]LogAIModule: Creating AISystem for world ArturAlvim
[2020.11.30-04.32.30:955][307]LogAssetEditorManager: Opening Asset editor for World /Game/MyContent/Maps/Estações/LinhaVermelha/ArturAlvim.ArturAlvim
[2020.11.30-04.32.30:981][307]LogUObjectHash: Compacting FUObjectHashTables data took   2.55ms
[2020.11.30-04.32.30:982][307]Cmd: MAP LOAD FILE="C:/Users/salles/Desktop/TCC-Sobrevivendo-Ao-Inferno/Tentativa4/Content/MyContent/Maps/Estações/LinhaVermelha/ArturAlvim.umap" TEMPLATE=0 SHOWPROGRESS=1 FEATURELEVEL=3
[2020.11.30-04.32.30:983][307]LightingResults: New page: Lighting Build
[2020.11.30-04.32.30:983][307]LoadErrors: New page: Loading map: ArturAlvim.umap
[2020.11.30-04.32.30:984][307]LogWorld: UWorld::CleanupWorld for Anhagabau, bSessionEnded=true, bCleanupResources=true
[2020.11.30-04.32.30:984][307]MapCheck: New page: Map Check
[2020.11.30-04.32.30:984][307]LightingResults: New page: Lighting Build
[2020.11.30-04.32.31:011][307]LogUObjectHash: Compacting FUObjectHashTables data took   2.85ms
[2020.11.30-04.32.31:023][307]LogEditorServer: Finished looking for orphan Actors (0.000 secs)
[2020.11.30-04.32.31:049][307]LogUObjectHash: Compacting FUObjectHashTables data took   1.98ms
[2020.11.30-04.32.31:126][307]Cmd: MAP CHECKDEP NOCLEARLOG
[2020.11.30-04.32.31:126][307]MapCheck: Map check complete: 0 Error(s), 0 Warning(s), took 0.145ms to complete.
[2020.11.30-04.32.31:126][307]LogFileHelpers: Loading map 'ArturAlvim' took 0.144
[2020.11.30-04.32.38:551][630]LogSlate: FSceneViewport::OnFocusLost() reason 0
[2020.11.30-04.32.47:267][ 99]LogActorFactory: Actor Factory created Sumare_Bilheteria
[2020.11.30-04.32.48:898][185]LogActorFactory: Actor Factory created Sumare_Bilheteria
[2020.11.30-04.32.49:400][208]Cmd: DELETE
[2020.11.30-04.32.49:400][208]Cmd: ACTOR DELETE
[2020.11.30-04.32.49:402][208]LogEditorActor: Deleted Actor: StaticMeshActor
[2020.11.30-04.32.49:429][208]LogUObjectHash: Compacting FUObjectHashTables data took   1.29ms
[2020.11.30-04.32.49:429][208]LogEditorActor: Deleted 1 Actors (0.029 secs)
[2020.11.30-04.32.50:424][256]LogSlate: FSceneViewport::OnFocusLost() reason 0
[2020.11.30-04.32.55:615][534]LogActorFactory: Actor Factory created Masp_Bilheteria
[2020.11.30-04.32.56:747][590]LogActorFactory: Actor Factory created Masp_Bilheteria
[2020.11.30-04.33.03:730][913]Cmd: CAMERA ALIGN ACTIVEVIEWPORTONLY
[2020.11.30-04.33.06:150][ 25]LogEditorViewport: Clicking on Actor (LMB): StaticMeshActor (Escada_Rolante_Simples_CP)
[2020.11.30-04.33.06:235][ 26]Cmd: CAMERA ALIGN ACTIVEVIEWPORTONLY
[2020.11.30-04.33.08:772][139]LogEditorViewport: Clicking on Actor (LMB): StaticMeshActor (Masp_Bilheteria)
[2020.11.30-04.33.24:717][849]LogEditorViewport: Clicking on Actor (LMB): StaticMeshActor (Escada_Rolante_Simples_CP)
[2020.11.30-04.33.28:978][ 41]LogSlate: FSceneViewport::OnFocusLost() reason 0
[2020.11.30-04.33.31:241][135]LogEditorViewport: Clicking on Actor (LMB): StaticMeshActor (Escada_Rolante_Simples_CP2)
[2020.11.30-04.33.36:182][374]Cmd: CAMERA ALIGN ACTIVEVIEWPORTONLY
[2020.11.30-04.33.40:357][574]LogSlate: FSceneViewport::OnFocusLost() reason 5
[2020.11.30-04.33.40:392][574]LogUObjectHash: Compacting FUObjectHashTables data took   1.47ms
[2020.11.30-04.33.40:508][574]LogSavePackage: Moving 'C:/Users/salles/Desktop/TCC-Sobrevivendo-Ao-Inferno/Tentativa4/Saved/ArturAlvim5414CD09413C5B857E5F859B6F657E89.tmp' to 'C:/Users/salles/Desktop/TCC-Sobrevivendo-Ao-Inferno/Tentativa4/Content/MyContent/Maps/Estações/LinhaVermelha/ArturAlvim.umap'
[2020.11.30-04.33.41:430][613]LogSlate: FSceneViewport::OnFocusLost() reason 0
[2020.11.30-04.33.50:244][ 75]LogStaticMesh: Building static mesh Carrao_Grade...
[2020.11.30-04.33.50:268][ 75]LogStaticMesh: Built static mesh [0.02s] /Game/MyContent/Models/Assets/Models/Estacoes/LinhaVermelha/Carrao/Plataforma_Carrao_Grade/Carrao_Grade.Carrao_Grade
[2020.11.30-04.33.50:274][ 75]LogStaticMesh: Building static mesh Carrao_LetFlut...
[2020.11.30-04.33.50:274][ 75]LogStaticMesh: Built static mesh [0.00s] /Game/MyContent/Models/Assets/Models/Estacoes/LinhaVermelha/Carrao/Plataforma_Carrao_Letreiro_Flut/Carrao_LetFlut.Carrao_LetFlut
[2020.11.30-04.33.50:279][ 75]LogMaterial: Display: Missing cached shader map for material Carrao_PELMat, compiling. 
[2020.11.30-04.33.50:292][ 75]LogStaticMesh: Building static mesh Carrao...
[2020.11.30-04.33.50:293][ 75]LogStaticMesh: Built static mesh [0.00s] /Game/MyContent/Models/Assets/Models/Estacoes/LinhaVermelha/Carrao/Plataforma_Carrao/Carrao.Carrao
[2020.11.30-04.33.50:294][ 75]LogStaticMesh: Building static mesh Carrao_PEL...
[2020.11.30-04.33.50:314][ 75]LogShaderCompilers: Display: Worker (1/5): shaders left to compile 22
[2020.11.30-04.33.50:314][ 75]LogShaderCompilers: Display: Worker (2/5): shaders left to compile 16
[2020.11.30-04.33.50:314][ 75]LogShaderCompilers: Display: Worker (3/5): shaders left to compile 10
[2020.11.30-04.33.50:314][ 75]LogShaderCompilers: Display: Worker (4/5): shaders left to compile 4
[2020.11.30-04.33.50:314][ 75]LogStaticMesh: Built static mesh [0.02s] /Game/MyContent/Models/Assets/Models/Estacoes/LinhaVermelha/Carrao/Plataforma_Carrao_PEL/Carrao_PEL.Carrao_PEL
[2020.11.30-04.33.50:317][ 75]LogStaticMesh: Building static mesh Carrao_LetPA...
[2020.11.30-04.33.50:318][ 75]LogStaticMesh: Built static mesh [0.00s] /Game/MyContent/Models/Assets/Models/Estacoes/LinhaVermelha/Carrao/Plataforma_Carrao_Letreiro_PA/Carrao_LetPA.Carrao_LetPA
[2020.11.30-04.33.50:319][ 75]LogStaticMesh: Building static mesh Carrao_P...
[2020.11.30-04.33.50:343][ 75]LogStaticMesh: Built static mesh [0.02s] /Game/MyContent/Models/Assets/Models/Estacoes/LinhaVermelha/Carrao/Plataforma_Carrao_P/Carrao_P.Carrao_P
[2020.11.30-04.33.50:350][ 75]LogMaterial: Display: Missing cached shader map for material Carrao_LetFlutMat, compiling. 
[2020.11.30-04.33.50:374][ 75]LogMaterial: Display: Missing cached shader map for material Carrao_PMat, compiling. 
[2020.11.30-04.33.50:392][ 75]LogMaterial: Display: Missing cached shader map for material CarraoMat, compiling. 
[2020.11.30-04.33.50:413][ 75]LogMaterial: Display: Missing cached shader map for material Carrao_LetPAMat, compiling. 
[2020.11.30-04.33.50:432][ 75]LogAIModule: Creating AISystem for world Carrao
[2020.11.30-04.33.50:443][ 75]LogAssetEditorManager: Opening Asset editor for World /Game/MyContent/Maps/Estações/LinhaVermelha/Carrao.Carrao
[2020.11.30-04.33.50:467][ 75]LogUObjectHash: Compacting FUObjectHashTables data took   2.62ms
[2020.11.30-04.33.50:468][ 75]Cmd: MAP LOAD FILE="C:/Users/salles/Desktop/TCC-Sobrevivendo-Ao-Inferno/Tentativa4/Content/MyContent/Maps/Estações/LinhaVermelha/Carrao.umap" TEMPLATE=0 SHOWPROGRESS=1 FEATURELEVEL=3
[2020.11.30-04.33.50:468][ 75]LightingResults: New page: Lighting Build
[2020.11.30-04.33.50:469][ 75]LoadErrors: New page: Loading map: Carrao.umap
[2020.11.30-04.33.50:469][ 75]LogWorld: UWorld::CleanupWorld for ArturAlvim, bSessionEnded=true, bCleanupResources=true
[2020.11.30-04.33.50:470][ 75]MapCheck: New page: Map Check
[2020.11.30-04.33.50:470][ 75]LightingResults: New page: Lighting Build
[2020.11.30-04.33.50:494][ 75]LogUObjectHash: Compacting FUObjectHashTables data took   2.31ms
[2020.11.30-04.33.50:506][ 75]LogEditorServer: Finished looking for orphan Actors (0.000 secs)
[2020.11.30-04.33.50:532][ 75]LogUObjectHash: Compacting FUObjectHashTables data took   1.83ms
[2020.11.30-04.33.50:595][ 75]Cmd: MAP CHECKDEP NOCLEARLOG
[2020.11.30-04.33.50:596][ 75]MapCheck: Map check complete: 0 Error(s), 0 Warning(s), took 0.173ms to complete.
[2020.11.30-04.33.50:596][ 75]LogFileHelpers: Loading map 'Carrao' took 0.128
[2020.11.30-04.33.54:742][237]LogShaderCompilers: Display: Worker (4/5): shaders left to compile 88
[2020.11.30-04.33.54:831][241]LogShaderCompilers: Display: Worker (1/5): shaders left to compile 78
[2020.11.30-04.33.56:670][316]LogSlate: FSceneViewport::OnFocusLost() reason 0
[2020.11.30-04.33.56:748][321]LogShaderCompilers: Display: Worker (2/5): shaders left to compile 68
[2020.11.30-04.33.59:112][411]LogShaderCompilers: Display: Worker (3/5): shaders left to compile 58
[2020.11.30-04.34.02:537][569]LogShaderCompilers: Display: Worker (4/5): shaders left to compile 48
[2020.11.30-04.34.02:844][585]LogShaderCompilers: Display: Worker (2/5): shaders left to compile 38
[2020.11.30-04.34.07:816][798]LogShaderCompilers: Display: Worker (1/5): shaders left to compile 28
[2020.11.30-04.34.10:896][905]LogShaderCompilers: Display: Worker (4/5): shaders left to compile 20
[2020.11.30-04.34.11:436][923]LogShaderCompilers: Display: Worker (3/5): shaders left to compile 14
[2020.11.30-04.34.12:410][962]LogFactory: FactoryCreateFile: StaticMesh with FbxFactory (0 0 E:\TCC 2020\_OBJS UV ABERTA\Plataforma\Linha Vermelha\Carrao\Plataforma_Carrao_Bilheteria\Carrao_Bilheteria.fbx)
[2020.11.30-04.34.12:432][962]LogFbx: Loading FBX Scene from E:\TCC 2020\_OBJS UV ABERTA\Plataforma\Linha Vermelha\Carrao\Plataforma_Carrao_Bilheteria\Carrao_Bilheteria.fbx
[2020.11.30-04.34.12:440][962]LogFbx: FBX Scene Loaded Succesfully
[2020.11.30-04.34.13:064][962]LogShaderCompilers: Display: Worker (2/5): shaders left to compile 10
[2020.11.30-04.34.13:332][962]LogShaderCompilers: Display: Worker (4/5): shaders left to compile 7
[2020.11.30-04.34.13:531][962]LogShaderCompilers: Display: Worker (3/5): shaders left to compile 5
[2020.11.30-04.34.13:550][962]LogSlate: Window 'FBX Import Options' being destroyed
[2020.11.30-04.34.13:630][962]LogShaderCompilers: Display: Worker (1/5): shaders left to compile 3
[2020.11.30-04.34.15:185][ 21]LogShaderCompilers: Display: Worker (1/5): shaders left to compile 2
[2020.11.30-04.34.16:000][ 52]LogShaderCompilers: Display: Worker (3/5): shaders left to compile 1
[2020.11.30-04.34.16:275][ 62]LogFactory: FactoryCreateFile: StaticMesh with FbxFactory (0 0 E:\TCC 2020\_OBJS UV ABERTA\Plataforma\Linha Vermelha\Carrao\Plataforma_Carrao_Bilheteria\Carrao_Bilheteria.fbx)
[2020.11.30-04.34.16:289][ 62]LogFbx: Loading FBX Scene from E:\TCC 2020\_OBJS UV ABERTA\Plataforma\Linha Vermelha\Carrao\Plataforma_Carrao_Bilheteria\Carrao_Bilheteria.fbx
[2020.11.30-04.34.16:295][ 62]LogFbx: FBX Scene Loaded Succesfully
[2020.11.30-04.34.17:193][ 62]LogSlate: Window 'FBX Import Options' being destroyed
[2020.11.30-04.34.17:379][ 62]LogMaterial: Display: Missing cached shader map for material Mat, compiling. 
[2020.11.30-04.34.17:389][ 62]LogFbx: Display: Triangulating static mesh Carrao_Bilheteria
[2020.11.30-04.34.17:394][ 62]LogStaticMesh: Building static mesh Carrao_Bilheteria...
[2020.11.30-04.34.17:397][ 62]LogStaticMesh: Built static mesh [0.00s] /Game/MyContent/Models/Assets/Models/Estacoes/LinhaVermelha/Carrao/Carrao_Bilheteria/Carrao_Bilheteria.Carrao_Bilheteria
[2020.11.30-04.34.17:405][ 62]LogShaderCompilers: Display: Worker (1/5): shaders left to compile 22
[2020.11.30-04.34.17:405][ 62]LogShaderCompilers: Display: Worker (2/5): shaders left to compile 16
[2020.11.30-04.34.17:405][ 62]LogShaderCompilers: Display: Worker (3/5): shaders left to compile 10
[2020.11.30-04.34.17:405][ 62]LogShaderCompilers: Display: Worker (4/5): shaders left to compile 4
[2020.11.30-04.34.17:405][ 62]FBXImport: Warning: No smoothing group information was found in this FBX scene.  Please make sure to enable the 'Export Smoothing Groups' option in the FBX Exporter plug-in before exporting the file.  Even for tools that don't support smoothing groups, the FBX Exporter will generate appropriate smoothing data at export-time so that correct vertex normals can be inferred while importing. 
[2020.11.30-04.34.18:761][109]LogSlate: Window 'Message Log' being destroyed
[2020.11.30-04.34.20:815][179]LogUObjectHash: Compacting FUObjectHashTables data took   4.85ms
[2020.11.30-04.34.22:000][179]LogSlate: Window 'Delete Assets' being destroyed
[2020.11.30-04.34.22:136][179]LogUObjectGlobals: Force Deleting 1 Package(s):
	Asset Name: /Game/MyContent/Models/Assets/Models/Estacoes/LinhaVermelha/Carrao/Carrao_Bilheteria/Mat.Mat
[2020.11.30-04.34.23:825][179]LogUObjectHash: Compacting FUObjectHashTables data took   1.44ms
[2020.11.30-04.34.25:320][251]LogSavePackage: Moving 'C:/Users/salles/Desktop/TCC-Sobrevivendo-Ao-Inferno/Tentativa4/Saved/Carrao_Bilheteria059BC48D45624FDC5645E68648370246.tmp' to 'C:/Users/salles/Desktop/TCC-Sobrevivendo-Ao-Inferno/Tentativa4/Content/MyContent/Models/Assets/Models/Estacoes/LinhaVermelha/Carrao/Carrao_Bilheteria/Carrao_Bilheteria.uasset'
[2020.11.30-04.34.39:038][922]LogMaterial: Display: Missing cached shader map for material Masp_BilheteriaMat, compiling. 
[2020.11.30-04.34.39:058][922]LogShaderCompilers: Display: Worker (1/5): shaders left to compile 22
[2020.11.30-04.34.39:058][922]LogShaderCompilers: Display: Worker (2/5): shaders left to compile 16
[2020.11.30-04.34.39:058][922]LogShaderCompilers: Display: Worker (3/5): shaders left to compile 10
[2020.11.30-04.34.39:058][922]LogShaderCompilers: Display: Worker (4/5): shaders left to compile 4
[2020.11.30-04.34.40:554][972]LogAssetEditorManager: Opening Asset editor for StaticMesh /Game/MyContent/Models/Assets/Models/Estacoes/LinhaVermelha/Carrao/Carrao_Bilheteria/Carrao_Bilheteria.Carrao_Bilheteria
[2020.11.30-04.34.41:224][972]LogRenderer: Reallocating scene render targets to support 1008x696 Format 9 NumSamples 1 (Frame:1).
[2020.11.30-04.34.41:224][972]LogSlate: Took 0.000345 seconds to synchronously load lazily loaded font '../../../Engine/Content/Slate/Fonts/Roboto-Italic.ttf' (157K)
[2020.11.30-04.34.46:701][ 90]LogSavePackage: Moving 'C:/Users/salles/Desktop/TCC-Sobrevivendo-Ao-Inferno/Tentativa4/Saved/Carrao_BilheteriaMat762D4FDB48CFF91BD01A3C840CC4009D.tmp' to 'C:/Users/salles/Desktop/TCC-Sobrevivendo-Ao-Inferno/Tentativa4/Content/MyContent/Models/Assets/Models/Estacoes/LinhaVermelha/Carrao/Carrao_Bilheteria/Carrao_BilheteriaMat.uasset'
[2020.11.30-04.34.46:785][ 90]LogUObjectHash: Compacting FUObjectHashTables data took   1.28ms
[2020.11.30-04.34.46:809][ 90]LogUObjectHash: Compacting FUObjectHashTables data took   1.44ms
[2020.11.30-04.34.46:828][ 90]LogUObjectHash: Compacting FUObjectHashTables data took   0.61ms
[2020.11.30-04.34.49:648][191]LogSlate: Window 'Carrao_Bilheteria' being destroyed
[2020.11.30-04.34.49:693][191]LogWorld: UWorld::CleanupWorld for World_2, bSessionEnded=true, bCleanupResources=true
[2020.11.30-04.34.51:143][254]LogSlate: FSceneViewport::OnFocusLost() reason 0
[2020.11.30-04.34.51:253][261]LogActorFactory: Actor Factory created Carrao_Bilheteria
[2020.11.30-04.34.52:228][308]LogActorFactory: Actor Factory created Carrao_Bilheteria
[2020.11.30-04.35.27:198][840]LogEditorViewport: Clicking Background
[2020.11.30-04.35.27:809][869]LogEditorViewport: Clicking on Actor (LMB): StaticMeshActor (Carrao_Bilheteria)
[2020.11.30-04.35.34:154][131]LogD3D11RHI: Timed out while waiting for GPU to catch up. (0.5 s) (ErrorCode 00000001)
