Log file open, 11/30/20 15:10:48
LogWindows: Failed to load 'aqProf.dll' (GetLastError=126)
LogWindows: File 'aqProf.dll' does not exist
LogWindows: Failed to load 'VtuneApi.dll' (GetLastError=126)
LogWindows: File 'VtuneApi.dll' does not exist
LogWindows: Failed to load 'VtuneApi32e.dll' (GetLastError=126)
LogWindows: File 'VtuneApi32e.dll' does not exist
LogConsoleResponse: Display: Failed to find resolution value strings in scalability ini. Falling back to default.
LogInit: Display: Running engine for game: Tentativa4
LogPlatformFile: Not using cached read wrapper
LogTaskGraph: Started task graph with 5 named threads and 47 total threads with 3 sets of task threads.
LogStats: Stats thread started at 0.064232
LogD3D11RHI: Loaded GFSDK_Aftermath_Lib.x64.dll
LogICUInternationalization: ICU TimeZone Detection - Raw Offset: -3:00, Platform Override: ''
LogPluginManager: Mounting plugin Paper2D
LogPluginManager: Mounting plugin AISupport
LogPluginManager: Mounting plugin LightPropagationVolume
LogPluginManager: Mounting plugin ActorLayerUtilities
LogPluginManager: Mounting plugin AnimationSharing
LogPluginManager: Mounting plugin CLionSourceCodeAccess
LogPluginManager: Mounting plugin CodeLiteSourceCodeAccess
LogPluginManager: Mounting plugin GitSourceControl
LogPluginManager: Mounting plugin KDevelopSourceCodeAccess
LogPluginManager: Mounting plugin NullSourceCodeAccess
LogPluginManager: Mounting plugin PerforceSourceControl
LogPluginManager: Mounting plugin SubversionSourceControl
LogPluginManager: Mounting plugin UObjectPlugin
LogPluginManager: Mounting plugin VisualStudioCodeSourceCodeAccess
LogPluginManager: Mounting plugin VisualStudioSourceCodeAccess
LogPluginManager: Mounting plugin XCodeSourceCodeAccess
LogPluginManager: Mounting plugin AssetManagerEditor
LogPluginManager: Mounting plugin CryptoKeys
LogPluginManager: Mounting plugin CurveEditorTools
LogPluginManager: Mounting plugin DataValidation
LogPluginManager: Mounting plugin FacialAnimation
LogPluginManager: Mounting plugin GameplayTagsEditor
LogPluginManager: Mounting plugin MacGraphicsSwitching
LogPluginManager: Mounting plugin MaterialAnalyzer
LogPluginManager: Mounting plugin MobileLauncherProfileWizard
LogPluginManager: Mounting plugin PluginBrowser
LogPluginManager: Mounting plugin SpeedTreeImporter
LogPluginManager: Mounting plugin DatasmithContent
LogPluginManager: Mounting plugin VariantManagerContent
LogPluginManager: Mounting plugin AlembicImporter
LogPluginManager: Mounting plugin AutomationUtils
LogPluginManager: Mounting plugin BackChannel
LogPluginManager: Mounting plugin CharacterAI
LogPluginManager: Mounting plugin GeometryCache
LogPluginManager: Mounting plugin HTML5Networking
LogPluginManager: Mounting plugin PlatformCrypto
LogPluginManager: Mounting plugin ProxyLODPlugin
LogPluginManager: Mounting plugin SkeletalReduction
LogPluginManager: Mounting plugin MagicLeap
LogPluginManager: Mounting plugin MagicLeapMedia
LogPluginManager: Mounting plugin AndroidMedia
LogPluginManager: Mounting plugin AvfMedia
LogPluginManager: Mounting plugin ImgMedia
LogPluginManager: Mounting plugin MediaCompositing
LogPluginManager: Mounting plugin MediaPlayerEditor
LogPluginManager: Mounting plugin WebMMedia
LogPluginManager: Mounting plugin WmfMedia
LogPluginManager: Mounting plugin TcpMessaging
LogPluginManager: Mounting plugin UdpMessaging
LogPluginManager: Mounting plugin ActorSequence
LogPluginManager: Mounting plugin LevelSequenceEditor
LogPluginManager: Mounting plugin MatineeToLevelSequence
LogPluginManager: Mounting plugin NetcodeUnitTest
LogPluginManager: Mounting plugin NUTUnrealEngine4
LogPluginManager: Mounting plugin OnlineSubsystemGooglePlay
LogPluginManager: Mounting plugin OnlineSubsystemIOS
LogPluginManager: Mounting plugin OnlineSubsystem
LogPluginManager: Mounting plugin OnlineSubsystemNull
LogPluginManager: Mounting plugin OnlineSubsystemUtils
LogPluginManager: Mounting plugin LauncherChunkInstaller
LogPluginManager: Mounting plugin AndroidDeviceProfileSelector
LogPluginManager: Mounting plugin AndroidMoviePlayer
LogPluginManager: Mounting plugin AndroidPermission
LogPluginManager: Mounting plugin AppleImageUtils
LogPluginManager: Mounting plugin AppleMoviePlayer
LogPluginManager: Mounting plugin ArchVisCharacter
LogPluginManager: Mounting plugin AudioCapture
LogPluginManager: Mounting plugin CableComponent
LogPluginManager: Mounting plugin CustomMeshComponent
LogPluginManager: Mounting plugin EditableMesh
LogPluginManager: Mounting plugin ExampleDeviceProfileSelector
LogPluginManager: Mounting plugin GoogleCloudMessaging
LogPluginManager: Mounting plugin IOSDeviceProfileSelector
LogPluginManager: Mounting plugin LinuxDeviceProfileSelector
LogPluginManager: Mounting plugin LocationServicesBPLibrary
LogPluginManager: Mounting plugin MobilePatchingUtils
LogPluginManager: Mounting plugin OculusVR
LogPluginManager: Mounting plugin PhysXVehicles
LogPluginManager: Mounting plugin ProceduralMeshComponent
LogPluginManager: Mounting plugin RuntimePhysXCooking
LogPluginManager: Mounting plugin SignificanceManager
LogPluginManager: Mounting plugin SteamVR
LogPluginManager: Mounting plugin WebMMoviePlayer
LogPluginManager: Mounting plugin WindowsMoviePlayer
LogPluginManager: Mounting plugin ScreenshotTools
LogInit: Using libcurl 7.55.1-DEV
LogInit:  - built for x86_64-pc-win32
LogInit:  - supports SSL with OpenSSL/1.1.1
LogInit:  - supports HTTP deflate (compression) using libz 1.2.8
LogInit:  - other features:
LogInit:      CURL_VERSION_SSL
LogInit:      CURL_VERSION_LIBZ
LogInit:      CURL_VERSION_IPV6
LogInit:      CURL_VERSION_ASYNCHDNS
LogInit:      CURL_VERSION_LARGEFILE
LogInit:      CURL_VERSION_IDN
LogInit:  CurlRequestOptions (configurable via config and command line):
LogInit:  - bVerifyPeer = true  - Libcurl will verify peer certificate
LogInit:  - bUseHttpProxy = false  - Libcurl will NOT use HTTP proxy
LogInit:  - bDontReuseConnections = false  - Libcurl will reuse connections
LogInit:  - MaxHostConnections = 16  - Libcurl will limit the number of connections to a host
LogInit:  - LocalHostAddr = Default
LogInit:  - BufferSize = 65536
LogOnline: OSS: Creating online subsystem instance for: NULL
LogInit: WinSock: version 1.1 (2.2), MaxSocks=32767, MaxUdp=65467
LogInit: Build: ++UE4+Release-4.23-CL-9631420
LogInit: Engine Version: 4.23.1-9631420+++UE4+Release-4.23
LogInit: Compatible Engine Version: 4.23.0-8386587+++UE4+Release-4.23
LogInit: Net CL: 8386587
LogInit: OS: Windows 10 (Release 2009) (), CPU: AMD Ryzen 7 3800X 8-Core Processor             , GPU: NVIDIA GeForce GTX 960
LogInit: Compiled (64-bit): Oct 18 2019 02:07:44
LogInit: Compiled with Visual C++: 19.16.27030.01
LogInit: Build Configuration: Development
LogInit: Branch Name: ++UE4+Release-4.23
LogInit: Command Line: 
LogInit: Base Directory: C:/Program Files/Epic Games/UE_4.23/Engine/Binaries/Win64/
LogInit: Installed Engine Build: 1
LogDevObjectVersion: Number of dev versions registered: 23
LogDevObjectVersion:   Dev-Blueprints (B0D832E4-1F89-4F0D-ACCF-7EB736FD4AA2): 10
LogDevObjectVersion:   Dev-Build (E1C64328-A22C-4D53-A36C-8E866417BD8C): 0
LogDevObjectVersion:   Dev-Core (375EC13C-06E4-48FB-B500-84F0262A717E): 3
LogDevObjectVersion:   Dev-Editor (E4B068ED-F494-42E9-A231-DA0B2E46BB41): 34
LogDevObjectVersion:   Dev-Framework (CFFC743F-43B0-4480-9391-14DF171D2073): 35
LogDevObjectVersion:   Dev-Mobile (B02B49B5-BB20-44E9-A304-32B752E40360): 2
LogDevObjectVersion:   Dev-Networking (A4E4105C-59A1-49B5-A7C5-40C4547EDFEE): 0
LogDevObjectVersion:   Dev-Online (39C831C9-5AE6-47DC-9A44-9C173E1C8E7C): 0
LogDevObjectVersion:   Dev-Physics (78F01B33-EBEA-4F98-B9B4-84EACCB95AA2): 0
LogDevObjectVersion:   Dev-Platform (6631380F-2D4D-43E0-8009-CF276956A95A): 0
LogDevObjectVersion:   Dev-Rendering (12F88B9F-8875-4AFC-A67C-D90C383ABD29): 31
LogDevObjectVersion:   Dev-Sequencer (7B5AE74C-D270-4C10-A958-57980B212A5A): 11
LogDevObjectVersion:   Dev-VR (D7296918-1DD6-4BDD-9DE2-64A83CC13884): 2
LogDevObjectVersion:   Dev-LoadTimes (C2A15278-BFE7-4AFE-6C17-90FF531DF755): 1
LogDevObjectVersion:   Private-Geometry (6EACA3D4-40EC-4CC1-B786-8BED09428FC5): 3
LogDevObjectVersion:   Dev-AnimPhys (29E575DD-E0A3-4627-9D10-D276232CDCEA): 17
LogDevObjectVersion:   Dev-Anim (AF43A65D-7FD3-4947-9873-3E8ED9C1BB05): 2
LogDevObjectVersion:   Dev-ReflectionCapture (6B266CEC-1EC7-4B8F-A30B-E4D90942FC07): 1
LogDevObjectVersion:   Dev-Automation (0DF73D61-A23F-47EA-B727-89E90C41499A): 1
LogDevObjectVersion:   FortniteMain (601D1886-AC64-4F84-AA16-D3DE0DEAC7D6): 27
LogDevObjectVersion:   Dev-Enterprise (9DFFBCD6-494F-0158-E221-12823C92A888): 6
LogDevObjectVersion:   Dev-Niagara (F2AED0AC-9AFE-416F-8664-AA7FFA26D6FC): 1
LogDevObjectVersion:   Dev-Destruction (174F1F0B-B4C6-45A5-B13F-2EE8D0FB917D): 9
LogInit: Presizing for max 16777216 objects, including 0 objects not considered by GC, pre-allocating 0 bytes for permanent pool.
LogInit: Object subsystem initialized
LogConfig: Setting CVar [[con.DebugEarlyDefault:1]]
LogConfig: Setting CVar [[r.setres:1280x720]]
[2020.11.30-18.10.48:931][  0]LogConfig: Setting CVar [[r.VSync:0]]
[2020.11.30-18.10.48:931][  0]LogConfig: Setting CVar [[r.RHICmdBypass:0]]
[2020.11.30-18.10.48:931][  0]LogConfig: Applying CVar settings from Section [/Script/Engine.RendererSettings] File [C:/Users/leoda/Desktop/DaCertoPorra/TCC-Sobrevivendo-Ao-Inferno/Tentativa4/Saved/Config/Windows/Engine.ini]
[2020.11.30-18.10.48:931][  0]LogConfig: Setting CVar [[r.GPUCrashDebugging:0]]
[2020.11.30-18.10.48:931][  0]LogConfig: Applying CVar settings from Section [/Script/Engine.RendererOverrideSettings] File [C:/Users/leoda/Desktop/DaCertoPorra/TCC-Sobrevivendo-Ao-Inferno/Tentativa4/Saved/Config/Windows/Engine.ini]
[2020.11.30-18.10.48:931][  0]LogConfig: Applying CVar settings from Section [/Script/Engine.StreamingSettings] File [C:/Users/leoda/Desktop/DaCertoPorra/TCC-Sobrevivendo-Ao-Inferno/Tentativa4/Saved/Config/Windows/Engine.ini]
[2020.11.30-18.10.48:931][  0]LogConfig: Setting CVar [[s.MinBulkDataSizeForAsyncLoading:131072]]
[2020.11.30-18.10.48:931][  0]LogConfig: Setting CVar [[s.AsyncLoadingThreadEnabled:0]]
[2020.11.30-18.10.48:931][  0]LogConfig: Setting CVar [[s.EventDrivenLoaderEnabled:1]]
[2020.11.30-18.10.48:931][  0]LogConfig: Setting CVar [[s.WarnIfTimeLimitExceeded:0]]
[2020.11.30-18.10.48:931][  0]LogConfig: Setting CVar [[s.TimeLimitExceededMultiplier:1.5]]
[2020.11.30-18.10.48:931][  0]LogConfig: Setting CVar [[s.TimeLimitExceededMinTime:0.005]]
[2020.11.30-18.10.48:931][  0]LogConfig: Setting CVar [[s.UseBackgroundLevelStreaming:1]]
[2020.11.30-18.10.48:931][  0]LogConfig: Setting CVar [[s.PriorityAsyncLoadingExtraTime:15.0]]
[2020.11.30-18.10.48:931][  0]LogConfig: Setting CVar [[s.LevelStreamingActorsUpdateTimeLimit:5.0]]
[2020.11.30-18.10.48:931][  0]LogConfig: Setting CVar [[s.PriorityLevelStreamingActorsUpdateExtraTime:5.0]]
[2020.11.30-18.10.48:931][  0]LogConfig: Setting CVar [[s.LevelStreamingComponentsRegistrationGranularity:10]]
[2020.11.30-18.10.48:931][  0]LogConfig: Setting CVar [[s.UnregisterComponentsTimeLimit:1.0]]
[2020.11.30-18.10.48:931][  0]LogConfig: Setting CVar [[s.LevelStreamingComponentsUnregistrationGranularity:5]]
[2020.11.30-18.10.48:931][  0]LogConfig: Applying CVar settings from Section [/Script/Engine.GarbageCollectionSettings] File [C:/Users/leoda/Desktop/DaCertoPorra/TCC-Sobrevivendo-Ao-Inferno/Tentativa4/Saved/Config/Windows/Engine.ini]
[2020.11.30-18.10.48:931][  0]LogConfig: Setting CVar [[gc.MaxObjectsNotConsideredByGC:1]]
[2020.11.30-18.10.48:931][  0]LogConfig: Setting CVar [[gc.SizeOfPermanentObjectPool:0]]
[2020.11.30-18.10.48:931][  0]LogConfig: Setting CVar [[gc.FlushStreamingOnGC:0]]
[2020.11.30-18.10.48:931][  0]LogConfig: Setting CVar [[gc.NumRetriesBeforeForcingGC:10]]
[2020.11.30-18.10.48:931][  0]LogConfig: Setting CVar [[gc.AllowParallelGC:1]]
[2020.11.30-18.10.48:931][  0]LogConfig: Setting CVar [[gc.TimeBetweenPurgingPendingKillObjects:61.1]]
[2020.11.30-18.10.48:931][  0]LogConfig: Setting CVar [[gc.MaxObjectsInEditor:16777216]]
[2020.11.30-18.10.48:931][  0]LogConfig: Setting CVar [[gc.IncrementalBeginDestroyEnabled:1]]
[2020.11.30-18.10.48:931][  0]LogConfig: Setting CVar [[gc.CreateGCClusters:1]]
[2020.11.30-18.10.48:931][  0]LogConfig: Setting CVar [[gc.MinGCClusterSize:5]]
[2020.11.30-18.10.48:931][  0]LogConfig: Setting CVar [[gc.ActorClusteringEnabled:0]]
[2020.11.30-18.10.48:931][  0]LogConfig: Setting CVar [[gc.BlueprintClusteringEnabled:0]]
[2020.11.30-18.10.48:931][  0]LogConfig: Setting CVar [[gc.UseDisregardForGCOnDedicatedServers:0]]
[2020.11.30-18.10.48:931][  0]LogConfig: Applying CVar settings from Section [/Script/Engine.NetworkSettings] File [C:/Users/leoda/Desktop/DaCertoPorra/TCC-Sobrevivendo-Ao-Inferno/Tentativa4/Saved/Config/Windows/Engine.ini]
[2020.11.30-18.10.48:931][  0]LogConfig: Applying CVar settings from Section [/Script/UnrealEd.CookerSettings] File [C:/Users/leoda/Desktop/DaCertoPorra/TCC-Sobrevivendo-Ao-Inferno/Tentativa4/Saved/Config/Windows/Engine.ini]
[2020.11.30-18.10.48:934][  0]LogConfig: Applying CVar settings from Section [ViewDistanceQuality@3] File [C:/Users/leoda/Desktop/DaCertoPorra/TCC-Sobrevivendo-Ao-Inferno/Tentativa4/Saved/Config/Windows/Scalability.ini]
[2020.11.30-18.10.48:934][  0]LogConfig: Setting CVar [[r.SkeletalMeshLODBias:0]]
[2020.11.30-18.10.48:934][  0]LogConfig: Setting CVar [[r.ViewDistanceScale:1.0]]
[2020.11.30-18.10.48:934][  0]LogConfig: Applying CVar settings from Section [AntiAliasingQuality@3] File [C:/Users/leoda/Desktop/DaCertoPorra/TCC-Sobrevivendo-Ao-Inferno/Tentativa4/Saved/Config/Windows/Scalability.ini]
[2020.11.30-18.10.48:934][  0]LogConfig: Setting CVar [[r.PostProcessAAQuality:4]]
[2020.11.30-18.10.48:934][  0]LogConfig: Applying CVar settings from Section [ShadowQuality@3] File [C:/Users/leoda/Desktop/DaCertoPorra/TCC-Sobrevivendo-Ao-Inferno/Tentativa4/Saved/Config/Windows/Scalability.ini]
[2020.11.30-18.10.48:934][  0]LogConfig: Setting CVar [[r.LightFunctionQuality:1]]
[2020.11.30-18.10.48:934][  0]LogConfig: Setting CVar [[r.ShadowQuality:5]]
[2020.11.30-18.10.48:934][  0]LogConfig: Setting CVar [[r.Shadow.CSM.MaxCascades:10]]
[2020.11.30-18.10.48:934][  0]LogConfig: Setting CVar [[r.Shadow.MaxResolution:2048]]
[2020.11.30-18.10.48:934][  0]LogConfig: Setting CVar [[r.Shadow.MaxCSMResolution:2048]]
[2020.11.30-18.10.48:934][  0]LogConfig: Setting CVar [[r.Shadow.RadiusThreshold:0.01]]
[2020.11.30-18.10.48:934][  0]LogConfig: Setting CVar [[r.Shadow.DistanceScale:1.0]]
[2020.11.30-18.10.48:934][  0]LogConfig: Setting CVar [[r.Shadow.CSM.TransitionScale:1.0]]
[2020.11.30-18.10.48:934][  0]LogConfig: Setting CVar [[r.Shadow.PreShadowResolutionFactor:1.0]]
[2020.11.30-18.10.48:934][  0]LogConfig: Setting CVar [[r.DistanceFieldShadowing:1]]
[2020.11.30-18.10.48:934][  0]LogConfig: Setting CVar [[r.DistanceFieldAO:1]]
[2020.11.30-18.10.48:934][  0]LogConfig: Setting CVar [[r.AOQuality:2]]
[2020.11.30-18.10.48:934][  0]LogConfig: Setting CVar [[r.VolumetricFog:1]]
[2020.11.30-18.10.48:934][  0]LogConfig: Setting CVar [[r.VolumetricFog.GridPixelSize:8]]
[2020.11.30-18.10.48:934][  0]LogConfig: Setting CVar [[r.VolumetricFog.GridSizeZ:128]]
[2020.11.30-18.10.48:934][  0]LogConfig: Setting CVar [[r.VolumetricFog.HistoryMissSupersampleCount:4]]
[2020.11.30-18.10.48:934][  0]LogConfig: Setting CVar [[r.LightMaxDrawDistanceScale:1]]
[2020.11.30-18.10.48:934][  0]LogConfig: Setting CVar [[r.CapsuleShadows:1]]
[2020.11.30-18.10.48:934][  0]LogConfig: Applying CVar settings from Section [PostProcessQuality@3] File [C:/Users/leoda/Desktop/DaCertoPorra/TCC-Sobrevivendo-Ao-Inferno/Tentativa4/Saved/Config/Windows/Scalability.ini]
[2020.11.30-18.10.48:934][  0]LogConfig: Setting CVar [[r.MotionBlurQuality:4]]
[2020.11.30-18.10.48:934][  0]LogConfig: Setting CVar [[r.AmbientOcclusionMipLevelFactor:0.4]]
[2020.11.30-18.10.48:934][  0]LogConfig: Setting CVar [[r.AmbientOcclusionMaxQuality:100]]
[2020.11.30-18.10.48:934][  0]LogConfig: Setting CVar [[r.AmbientOcclusionLevels:-1]]
[2020.11.30-18.10.48:934][  0]LogConfig: Setting CVar [[r.AmbientOcclusionRadiusScale:1.0]]
[2020.11.30-18.10.48:934][  0]LogConfig: Setting CVar [[r.DepthOfFieldQuality:2]]
[2020.11.30-18.10.48:934][  0]LogConfig: Setting CVar [[r.RenderTargetPoolMin:400]]
[2020.11.30-18.10.48:934][  0]LogConfig: Setting CVar [[r.LensFlareQuality:2]]
[2020.11.30-18.10.48:934][  0]LogConfig: Setting CVar [[r.SceneColorFringeQuality:1]]
[2020.11.30-18.10.48:934][  0]LogConfig: Setting CVar [[r.EyeAdaptationQuality:2]]
[2020.11.30-18.10.48:934][  0]LogConfig: Setting CVar [[r.BloomQuality:5]]
[2020.11.30-18.10.48:934][  0]LogConfig: Setting CVar [[r.FastBlurThreshold:100]]
[2020.11.30-18.10.48:934][  0]LogConfig: Setting CVar [[r.Upscale.Quality:3]]
[2020.11.30-18.10.48:934][  0]LogConfig: Setting CVar [[r.Tonemapper.GrainQuantization:1]]
[2020.11.30-18.10.48:934][  0]LogConfig: Setting CVar [[r.LightShaftQuality:1]]
[2020.11.30-18.10.48:934][  0]LogConfig: Setting CVar [[r.Filter.SizeScale:1]]
[2020.11.30-18.10.48:934][  0]LogConfig: Setting CVar [[r.Tonemapper.Quality:5]]
[2020.11.30-18.10.48:934][  0]LogConfig: Setting CVar [[r.DOF.Gather.AccumulatorQuality:1        ; higher gathering accumulator quality]]
[2020.11.30-18.10.48:934][  0]LogConfig: Setting CVar [[r.DOF.Gather.PostfilterMethod:1          ; Median3x3 postfilering method]]
[2020.11.30-18.10.48:934][  0]LogConfig: Setting CVar [[r.DOF.Gather.EnableBokehSettings:0       ; no bokeh simulation when gathering]]
[2020.11.30-18.10.48:934][  0]LogConfig: Setting CVar [[r.DOF.Gather.RingCount:4                 ; medium number of samples when gathering]]
[2020.11.30-18.10.48:934][  0]LogConfig: Setting CVar [[r.DOF.Scatter.ForegroundCompositing:1    ; additive foreground scattering]]
[2020.11.30-18.10.48:934][  0]LogConfig: Setting CVar [[r.DOF.Scatter.BackgroundCompositing:2    ; additive background scattering]]
[2020.11.30-18.10.48:934][  0]LogConfig: Setting CVar [[r.DOF.Scatter.EnableBokehSettings:1      ; bokeh simulation when scattering]]
[2020.11.30-18.10.48:934][  0]LogConfig: Setting CVar [[r.DOF.Scatter.MaxSpriteRatio:0.1         ; only a maximum of 10% of scattered bokeh]]
[2020.11.30-18.10.48:934][  0]LogConfig: Setting CVar [[r.DOF.Recombine.Quality:1                ; cheap slight out of focus]]
[2020.11.30-18.10.48:934][  0]LogConfig: Setting CVar [[r.DOF.Recombine.EnableBokehSettings:0    ; no bokeh simulation on slight out of focus]]
[2020.11.30-18.10.48:934][  0]LogConfig: Setting CVar [[r.DOF.TemporalAAQuality:1                ; more stable temporal accumulation]]
[2020.11.30-18.10.48:934][  0]LogConfig: Setting CVar [[r.DOF.Kernel.MaxForegroundRadius:0.025]]
[2020.11.30-18.10.48:934][  0]LogConfig: Setting CVar [[r.DOF.Kernel.MaxBackgroundRadius:0.025]]
[2020.11.30-18.10.48:934][  0]LogConfig: Applying CVar settings from Section [TextureQuality@3] File [C:/Users/leoda/Desktop/DaCertoPorra/TCC-Sobrevivendo-Ao-Inferno/Tentativa4/Saved/Config/Windows/Scalability.ini]
[2020.11.30-18.10.48:934][  0]LogConfig: Setting CVar [[r.Streaming.MipBias:0]]
[2020.11.30-18.10.48:934][  0]LogConfig: Setting CVar [[r.Streaming.AmortizeCPUToGPUCopy:0]]
[2020.11.30-18.10.48:934][  0]LogConfig: Setting CVar [[r.Streaming.MaxNumTexturesToStreamPerFrame:0]]
[2020.11.30-18.10.48:934][  0]LogConfig: Setting CVar [[r.Streaming.Boost:1]]
[2020.11.30-18.10.48:934][  0]LogConfig: Setting CVar [[r.MaxAnisotropy:8]]
[2020.11.30-18.10.48:934][  0]LogConfig: Setting CVar [[r.Streaming.LimitPoolSizeToVRAM:0]]
[2020.11.30-18.10.48:934][  0]LogConfig: Setting CVar [[r.Streaming.PoolSize:1000]]
[2020.11.30-18.10.48:934][  0]LogConfig: Setting CVar [[r.Streaming.MaxEffectiveScreenSize:0]]
[2020.11.30-18.10.48:934][  0]LogConfig: Applying CVar settings from Section [EffectsQuality@3] File [C:/Users/leoda/Desktop/DaCertoPorra/TCC-Sobrevivendo-Ao-Inferno/Tentativa4/Saved/Config/Windows/Scalability.ini]
[2020.11.30-18.10.48:934][  0]LogConfig: Setting CVar [[r.TranslucencyLightingVolumeDim:64]]
[2020.11.30-18.10.48:934][  0]LogConfig: Setting CVar [[r.RefractionQuality:2]]
[2020.11.30-18.10.48:934][  0]LogConfig: Setting CVar [[r.SSR.Quality:3]]
[2020.11.30-18.10.48:934][  0]LogConfig: Setting CVar [[r.SceneColorFormat:4]]
[2020.11.30-18.10.48:934][  0]LogConfig: Setting CVar [[r.DetailMode:2]]
[2020.11.30-18.10.48:934][  0]LogConfig: Setting CVar [[r.TranslucencyVolumeBlur:1]]
[2020.11.30-18.10.48:934][  0]LogConfig: Setting CVar [[r.MaterialQualityLevel:1 ; High quality]]
[2020.11.30-18.10.48:934][  0]LogConfig: Setting CVar [[r.SSS.Scale:1]]
[2020.11.30-18.10.48:934][  0]LogConfig: Setting CVar [[r.SSS.SampleSet:2]]
[2020.11.30-18.10.48:934][  0]LogConfig: Setting CVar [[r.SSS.Quality:1]]
[2020.11.30-18.10.48:934][  0]LogConfig: Setting CVar [[r.SSS.HalfRes:1]]
[2020.11.30-18.10.48:934][  0]LogConfig: Setting CVar [[r.EmitterSpawnRateScale:1.0]]
[2020.11.30-18.10.48:935][  0]LogConfig: Setting CVar [[r.ParticleLightQuality:2]]
[2020.11.30-18.10.48:935][  0]LogConfig: Applying CVar settings from Section [FoliageQuality@3] File [C:/Users/leoda/Desktop/DaCertoPorra/TCC-Sobrevivendo-Ao-Inferno/Tentativa4/Saved/Config/Windows/Scalability.ini]
[2020.11.30-18.10.48:935][  0]LogConfig: Setting CVar [[foliage.DensityScale:1.0]]
[2020.11.30-18.10.48:935][  0]LogConfig: Setting CVar [[grass.DensityScale:1.0]]
[2020.11.30-18.10.48:935][  0]LogInit: Selected Device Profile: [Windows]
[2020.11.30-18.10.48:935][  0]LogInit: Applying CVar settings loaded from the selected device profile: [Windows]
[2020.11.30-18.10.48:937][  0]LogHAL: Display: Platform has ~ 24 GB [25715486720 / 34359738368 / 24], which maps to Larger [LargestMinGB=32, LargerMinGB=12, DefaultMinGB=8, SmallerMinGB=6, SmallestMinGB=0)
[2020.11.30-18.10.48:937][  0]LogInit: Going up to parent DeviceProfile []
[2020.11.30-18.10.48:937][  0]LogConfig: Applying CVar settings from Section [ViewDistanceQuality@3] File [C:/Users/leoda/Desktop/DaCertoPorra/TCC-Sobrevivendo-Ao-Inferno/Tentativa4/Saved/Config/Windows/Scalability.ini]
[2020.11.30-18.10.48:937][  0]LogConfig: Setting CVar [[r.SkeletalMeshLODBias:0]]
[2020.11.30-18.10.48:937][  0]LogConfig: Setting CVar [[r.ViewDistanceScale:1.0]]
[2020.11.30-18.10.48:937][  0]LogConfig: Applying CVar settings from Section [AntiAliasingQuality@3] File [C:/Users/leoda/Desktop/DaCertoPorra/TCC-Sobrevivendo-Ao-Inferno/Tentativa4/Saved/Config/Windows/Scalability.ini]
[2020.11.30-18.10.48:937][  0]LogConfig: Setting CVar [[r.PostProcessAAQuality:4]]
[2020.11.30-18.10.48:937][  0]LogConfig: Applying CVar settings from Section [ShadowQuality@3] File [C:/Users/leoda/Desktop/DaCertoPorra/TCC-Sobrevivendo-Ao-Inferno/Tentativa4/Saved/Config/Windows/Scalability.ini]
[2020.11.30-18.10.48:937][  0]LogConfig: Setting CVar [[r.LightFunctionQuality:1]]
[2020.11.30-18.10.48:937][  0]LogConfig: Setting CVar [[r.ShadowQuality:5]]
[2020.11.30-18.10.48:937][  0]LogConfig: Setting CVar [[r.Shadow.CSM.MaxCascades:10]]
[2020.11.30-18.10.48:937][  0]LogConfig: Setting CVar [[r.Shadow.MaxResolution:2048]]
[2020.11.30-18.10.48:937][  0]LogConfig: Setting CVar [[r.Shadow.MaxCSMResolution:2048]]
[2020.11.30-18.10.48:937][  0]LogConfig: Setting CVar [[r.Shadow.RadiusThreshold:0.01]]
[2020.11.30-18.10.48:937][  0]LogConfig: Setting CVar [[r.Shadow.DistanceScale:1.0]]
[2020.11.30-18.10.48:937][  0]LogConfig: Setting CVar [[r.Shadow.CSM.TransitionScale:1.0]]
[2020.11.30-18.10.48:937][  0]LogConfig: Setting CVar [[r.Shadow.PreShadowResolutionFactor:1.0]]
[2020.11.30-18.10.48:938][  0]LogConfig: Setting CVar [[r.DistanceFieldShadowing:1]]
[2020.11.30-18.10.48:938][  0]LogConfig: Setting CVar [[r.DistanceFieldAO:1]]
[2020.11.30-18.10.48:938][  0]LogConfig: Setting CVar [[r.AOQuality:2]]
[2020.11.30-18.10.48:938][  0]LogConfig: Setting CVar [[r.VolumetricFog:1]]
[2020.11.30-18.10.48:938][  0]LogConfig: Setting CVar [[r.VolumetricFog.GridPixelSize:8]]
[2020.11.30-18.10.48:938][  0]LogConfig: Setting CVar [[r.VolumetricFog.GridSizeZ:128]]
[2020.11.30-18.10.48:938][  0]LogConfig: Setting CVar [[r.VolumetricFog.HistoryMissSupersampleCount:4]]
[2020.11.30-18.10.48:938][  0]LogConfig: Setting CVar [[r.LightMaxDrawDistanceScale:1]]
[2020.11.30-18.10.48:938][  0]LogConfig: Setting CVar [[r.CapsuleShadows:1]]
[2020.11.30-18.10.48:938][  0]LogConfig: Applying CVar settings from Section [PostProcessQuality@3] File [C:/Users/leoda/Desktop/DaCertoPorra/TCC-Sobrevivendo-Ao-Inferno/Tentativa4/Saved/Config/Windows/Scalability.ini]
[2020.11.30-18.10.48:938][  0]LogConfig: Setting CVar [[r.MotionBlurQuality:4]]
[2020.11.30-18.10.48:938][  0]LogConfig: Setting CVar [[r.AmbientOcclusionMipLevelFactor:0.4]]
[2020.11.30-18.10.48:938][  0]LogConfig: Setting CVar [[r.AmbientOcclusionMaxQuality:100]]
[2020.11.30-18.10.48:938][  0]LogConfig: Setting CVar [[r.AmbientOcclusionLevels:-1]]
[2020.11.30-18.10.48:938][  0]LogConfig: Setting CVar [[r.AmbientOcclusionRadiusScale:1.0]]
[2020.11.30-18.10.48:938][  0]LogConfig: Setting CVar [[r.DepthOfFieldQuality:2]]
[2020.11.30-18.10.48:938][  0]LogConfig: Setting CVar [[r.RenderTargetPoolMin:400]]
[2020.11.30-18.10.48:938][  0]LogConfig: Setting CVar [[r.LensFlareQuality:2]]
[2020.11.30-18.10.48:938][  0]LogConfig: Setting CVar [[r.SceneColorFringeQuality:1]]
[2020.11.30-18.10.48:938][  0]LogConfig: Setting CVar [[r.EyeAdaptationQuality:2]]
[2020.11.30-18.10.48:938][  0]LogConfig: Setting CVar [[r.BloomQuality:5]]
[2020.11.30-18.10.48:938][  0]LogConfig: Setting CVar [[r.FastBlurThreshold:100]]
[2020.11.30-18.10.48:938][  0]LogConfig: Setting CVar [[r.Upscale.Quality:3]]
[2020.11.30-18.10.48:938][  0]LogConfig: Setting CVar [[r.Tonemapper.GrainQuantization:1]]
[2020.11.30-18.10.48:938][  0]LogConfig: Setting CVar [[r.LightShaftQuality:1]]
[2020.11.30-18.10.48:938][  0]LogConfig: Setting CVar [[r.Filter.SizeScale:1]]
[2020.11.30-18.10.48:938][  0]LogConfig: Setting CVar [[r.Tonemapper.Quality:5]]
[2020.11.30-18.10.48:938][  0]LogConfig: Setting CVar [[r.DOF.Gather.AccumulatorQuality:1        ; higher gathering accumulator quality]]
[2020.11.30-18.10.48:938][  0]LogConfig: Setting CVar [[r.DOF.Gather.PostfilterMethod:1          ; Median3x3 postfilering method]]
[2020.11.30-18.10.48:938][  0]LogConfig: Setting CVar [[r.DOF.Gather.EnableBokehSettings:0       ; no bokeh simulation when gathering]]
[2020.11.30-18.10.48:938][  0]LogConfig: Setting CVar [[r.DOF.Gather.RingCount:4                 ; medium number of samples when gathering]]
[2020.11.30-18.10.48:938][  0]LogConfig: Setting CVar [[r.DOF.Scatter.ForegroundCompositing:1    ; additive foreground scattering]]
[2020.11.30-18.10.48:938][  0]LogConfig: Setting CVar [[r.DOF.Scatter.BackgroundCompositing:2    ; additive background scattering]]
[2020.11.30-18.10.48:938][  0]LogConfig: Setting CVar [[r.DOF.Scatter.EnableBokehSettings:1      ; bokeh simulation when scattering]]
[2020.11.30-18.10.48:938][  0]LogConfig: Setting CVar [[r.DOF.Scatter.MaxSpriteRatio:0.1         ; only a maximum of 10% of scattered bokeh]]
[2020.11.30-18.10.48:938][  0]LogConfig: Setting CVar [[r.DOF.Recombine.Quality:1                ; cheap slight out of focus]]
[2020.11.30-18.10.48:938][  0]LogConfig: Setting CVar [[r.DOF.Recombine.EnableBokehSettings:0    ; no bokeh simulation on slight out of focus]]
[2020.11.30-18.10.48:938][  0]LogConfig: Setting CVar [[r.DOF.TemporalAAQuality:1                ; more stable temporal accumulation]]
[2020.11.30-18.10.48:938][  0]LogConfig: Setting CVar [[r.DOF.Kernel.MaxForegroundRadius:0.025]]
[2020.11.30-18.10.48:938][  0]LogConfig: Setting CVar [[r.DOF.Kernel.MaxBackgroundRadius:0.025]]
[2020.11.30-18.10.48:938][  0]LogConfig: Applying CVar settings from Section [TextureQuality@3] File [C:/Users/leoda/Desktop/DaCertoPorra/TCC-Sobrevivendo-Ao-Inferno/Tentativa4/Saved/Config/Windows/Scalability.ini]
[2020.11.30-18.10.48:938][  0]LogConfig: Setting CVar [[r.Streaming.MipBias:0]]
[2020.11.30-18.10.48:938][  0]LogConfig: Setting CVar [[r.Streaming.AmortizeCPUToGPUCopy:0]]
[2020.11.30-18.10.48:938][  0]LogConfig: Setting CVar [[r.Streaming.MaxNumTexturesToStreamPerFrame:0]]
[2020.11.30-18.10.48:938][  0]LogConfig: Setting CVar [[r.Streaming.Boost:1]]
[2020.11.30-18.10.48:938][  0]LogConfig: Setting CVar [[r.MaxAnisotropy:8]]
[2020.11.30-18.10.48:938][  0]LogConfig: Setting CVar [[r.Streaming.LimitPoolSizeToVRAM:0]]
[2020.11.30-18.10.48:938][  0]LogConfig: Setting CVar [[r.Streaming.PoolSize:1000]]
[2020.11.30-18.10.48:938][  0]LogConfig: Setting CVar [[r.Streaming.MaxEffectiveScreenSize:0]]
[2020.11.30-18.10.48:938][  0]LogConfig: Applying CVar settings from Section [EffectsQuality@3] File [C:/Users/leoda/Desktop/DaCertoPorra/TCC-Sobrevivendo-Ao-Inferno/Tentativa4/Saved/Config/Windows/Scalability.ini]
[2020.11.30-18.10.48:938][  0]LogConfig: Setting CVar [[r.TranslucencyLightingVolumeDim:64]]
[2020.11.30-18.10.48:938][  0]LogConfig: Setting CVar [[r.RefractionQuality:2]]
[2020.11.30-18.10.48:938][  0]LogConfig: Setting CVar [[r.SSR.Quality:3]]
[2020.11.30-18.10.48:938][  0]LogConfig: Setting CVar [[r.SceneColorFormat:4]]
[2020.11.30-18.10.48:938][  0]LogConfig: Setting CVar [[r.DetailMode:2]]
[2020.11.30-18.10.48:938][  0]LogConfig: Setting CVar [[r.TranslucencyVolumeBlur:1]]
[2020.11.30-18.10.48:938][  0]LogConfig: Setting CVar [[r.MaterialQualityLevel:1 ; High quality]]
[2020.11.30-18.10.48:938][  0]LogConfig: Setting CVar [[r.SSS.Scale:1]]
[2020.11.30-18.10.48:938][  0]LogConfig: Setting CVar [[r.SSS.SampleSet:2]]
[2020.11.30-18.10.48:938][  0]LogConfig: Setting CVar [[r.SSS.Quality:1]]
[2020.11.30-18.10.48:938][  0]LogConfig: Setting CVar [[r.SSS.HalfRes:1]]
[2020.11.30-18.10.48:938][  0]LogConfig: Setting CVar [[r.EmitterSpawnRateScale:1.0]]
[2020.11.30-18.10.48:938][  0]LogConfig: Setting CVar [[r.ParticleLightQuality:2]]
[2020.11.30-18.10.48:938][  0]LogConfig: Applying CVar settings from Section [FoliageQuality@3] File [C:/Users/leoda/Desktop/DaCertoPorra/TCC-Sobrevivendo-Ao-Inferno/Tentativa4/Saved/Config/Windows/Scalability.ini]
[2020.11.30-18.10.48:938][  0]LogConfig: Setting CVar [[foliage.DensityScale:1.0]]
[2020.11.30-18.10.48:938][  0]LogConfig: Setting CVar [[grass.DensityScale:1.0]]
[2020.11.30-18.10.48:938][  0]LogConfig: Applying CVar settings from Section [Startup] File [../../../Engine/Config/ConsoleVariables.ini]
[2020.11.30-18.10.48:938][  0]LogConfig: Setting CVar [[net.UseAdaptiveNetUpdateFrequency:0]]
[2020.11.30-18.10.48:938][  0]LogConfig: Setting CVar [[p.chaos.AllowCreatePhysxBodies:1]]
[2020.11.30-18.10.48:938][  0]LogConfig: Applying CVar settings from Section [ConsoleVariables] File [C:/Users/leoda/Desktop/DaCertoPorra/TCC-Sobrevivendo-Ao-Inferno/Tentativa4/Saved/Config/Windows/Engine.ini]
[2020.11.30-18.10.48:938][  0]LogInit: Computer: DESKTOP-J58AG85
[2020.11.30-18.10.48:938][  0]LogInit: User: leoda
[2020.11.30-18.10.48:938][  0]LogInit: CPU Page size=4096, Cores=8
[2020.11.30-18.10.48:938][  0]LogInit: High frequency timer resolution =10.000000 MHz
[2020.11.30-18.10.48:939][  0]LogMemory: Memory total: Physical=23.9GB (24GB approx)
[2020.11.30-18.10.48:939][  0]LogMemory: Platform Memory Stats for Windows
[2020.11.30-18.10.48:939][  0]LogMemory: Process Physical Memory: 104.42 MB used, 104.43 MB peak
[2020.11.30-18.10.48:939][  0]LogMemory: Process Virtual Memory: 104.82 MB used, 104.82 MB peak
[2020.11.30-18.10.48:939][  0]LogMemory: Physical Memory: 8128.46 MB used,  16395.74 MB free, 24524.20 MB total
[2020.11.30-18.10.48:939][  0]LogMemory: Virtual Memory: 4707.43 MB used,  134213024.00 MB free, 134217728.00 MB total
[2020.11.30-18.10.48:952][  0]LogWindows: WindowsPlatformFeatures enabled
[2020.11.30-18.10.48:991][  0]LogInit: Overriding language with editor language configuration option (en).
[2020.11.30-18.10.48:991][  0]LogInit: Overriding locale with editor locale configuration option (en).
[2020.11.30-18.10.49:134][  0]LogInit: Setting process to per monitor DPI aware
[2020.11.30-18.10.49:165][  0]LogSlate: New Slate User Created.  User Index 0, Is Virtual User: 0
[2020.11.30-18.10.49:165][  0]LogSlate: Slate User Registered.  User Index 0, Is Virtual User: 0
[2020.11.30-18.10.49:292][  0]LogHMD: Failed to initialize OpenVR with code 110
[2020.11.30-18.10.49:292][  0]LogD3D11RHI: D3D11 adapters:
[2020.11.30-18.10.49:367][  0]LogD3D11RHI:    0. 'NVIDIA GeForce GTX 960' (Feature Level 11_0)
[2020.11.30-18.10.49:367][  0]LogD3D11RHI:       4053/0/12262 MB DedicatedVideo/DedicatedSystem/SharedSystem, Outputs:1, VendorId:0x10de
[2020.11.30-18.10.49:369][  0]LogD3D11RHI:    1. 'Microsoft Basic Render Driver' (Feature Level 11_0)
[2020.11.30-18.10.49:369][  0]LogD3D11RHI:       0/0/12262 MB DedicatedVideo/DedicatedSystem/SharedSystem, Outputs:0, VendorId:0x1414
[2020.11.30-18.10.49:369][  0]LogD3D11RHI: Chosen D3D11 Adapter: 0
[2020.11.30-18.10.49:376][  0]LogD3D11RHI: Creating new Direct3DDevice
[2020.11.30-18.10.49:376][  0]LogD3D11RHI:     GPU DeviceId: 0x1401 (for the marketing name, search the web for "GPU Device Id")
[2020.11.30-18.10.49:376][  0]LogWindows: EnumDisplayDevices:
[2020.11.30-18.10.49:376][  0]LogWindows:    0. 'NVIDIA GeForce GTX 960' (P:1 D:1)
[2020.11.30-18.10.49:376][  0]LogWindows:    1. 'NVIDIA GeForce GTX 960' (P:0 D:0)
[2020.11.30-18.10.49:376][  0]LogWindows:    2. 'NVIDIA GeForce GTX 960' (P:0 D:0)
[2020.11.30-18.10.49:376][  0]LogWindows:    3. 'NVIDIA GeForce GTX 960' (P:0 D:0)
[2020.11.30-18.10.49:376][  0]LogWindows: DebugString: FoundDriverCount:4 
[2020.11.30-18.10.49:376][  0]LogD3D11RHI:     Adapter Name: NVIDIA GeForce GTX 960
[2020.11.30-18.10.49:376][  0]LogD3D11RHI:   Driver Version: 457.30 (internal:27.21.14.5730, unified:457.30)
[2020.11.30-18.10.49:376][  0]LogD3D11RHI:      Driver Date: 11-6-2020
[2020.11.30-18.10.49:377][  0]LogRHI: Texture pool is 2837 MB (70% of 4053 MB)
[2020.11.30-18.10.49:424][  0]LogD3D11RHI: Async texture creation enabled
[2020.11.30-18.10.49:447][  0]LogD3D11RHI: GPU Timing Frequency: 1000.000000 (Debug: 2 1)
[2020.11.30-18.10.49:726][  0]LogTemp: Display: Module 'AllDesktopTargetPlatform' loaded TargetPlatform 'AllDesktop'
[2020.11.30-18.10.49:734][  0]LogTemp: Display: Module 'MacClientTargetPlatform' loaded TargetPlatform 'MacClient'
[2020.11.30-18.10.49:743][  0]LogTemp: Display: Module 'MacNoEditorTargetPlatform' loaded TargetPlatform 'MacNoEditor'
[2020.11.30-18.10.49:751][  0]LogTemp: Display: Module 'MacServerTargetPlatform' loaded TargetPlatform 'MacServer'
[2020.11.30-18.10.49:759][  0]LogTemp: Display: Module 'MacTargetPlatform' loaded TargetPlatform 'Mac'
[2020.11.30-18.10.49:767][  0]LogTemp: Display: Module 'WindowsClientTargetPlatform' loaded TargetPlatform 'WindowsClient'
[2020.11.30-18.10.49:775][  0]LogTemp: Display: Module 'WindowsNoEditorTargetPlatform' loaded TargetPlatform 'WindowsNoEditor'
[2020.11.30-18.10.49:784][  0]LogTemp: Display: Module 'WindowsServerTargetPlatform' loaded TargetPlatform 'WindowsServer'
[2020.11.30-18.10.49:788][  0]LogTemp: Display: Module 'WindowsTargetPlatform' loaded TargetPlatform 'Windows'
[2020.11.30-18.10.49:816][  0]LogTemp: Display: Module 'AndroidTargetPlatform' loaded TargetPlatform 'Android'
[2020.11.30-18.10.49:816][  0]LogTemp: Display: Module 'AndroidTargetPlatform' loaded TargetPlatform 'Android_ASTC'
[2020.11.30-18.10.49:816][  0]LogTemp: Display: Module 'AndroidTargetPlatform' loaded TargetPlatform 'Android_ATC'
[2020.11.30-18.10.49:816][  0]LogTemp: Display: Module 'AndroidTargetPlatform' loaded TargetPlatform 'Android_DXT'
[2020.11.30-18.10.49:816][  0]LogTemp: Display: Module 'AndroidTargetPlatform' loaded TargetPlatform 'Android_ETC1'
[2020.11.30-18.10.49:816][  0]LogTemp: Display: Module 'AndroidTargetPlatform' loaded TargetPlatform 'Android_ETC1a'
[2020.11.30-18.10.49:816][  0]LogTemp: Display: Module 'AndroidTargetPlatform' loaded TargetPlatform 'Android_ETC2'
[2020.11.30-18.10.49:816][  0]LogTemp: Display: Module 'AndroidTargetPlatform' loaded TargetPlatform 'Android_PVRTC'
[2020.11.30-18.10.49:816][  0]LogTemp: Display: Module 'AndroidTargetPlatform' loaded TargetPlatform 'AndroidClient'
[2020.11.30-18.10.49:816][  0]LogTemp: Display: Module 'AndroidTargetPlatform' loaded TargetPlatform 'Android_ASTCClient'
[2020.11.30-18.10.49:816][  0]LogTemp: Display: Module 'AndroidTargetPlatform' loaded TargetPlatform 'Android_ATCClient'
[2020.11.30-18.10.49:816][  0]LogTemp: Display: Module 'AndroidTargetPlatform' loaded TargetPlatform 'Android_DXTClient'
[2020.11.30-18.10.49:816][  0]LogTemp: Display: Module 'AndroidTargetPlatform' loaded TargetPlatform 'Android_ETC1Client'
[2020.11.30-18.10.49:816][  0]LogTemp: Display: Module 'AndroidTargetPlatform' loaded TargetPlatform 'Android_ETC1aClient'
[2020.11.30-18.10.49:816][  0]LogTemp: Display: Module 'AndroidTargetPlatform' loaded TargetPlatform 'Android_ETC2Client'
[2020.11.30-18.10.49:816][  0]LogTemp: Display: Module 'AndroidTargetPlatform' loaded TargetPlatform 'Android_PVRTCClient'
[2020.11.30-18.10.49:816][  0]LogTemp: Display: Module 'AndroidTargetPlatform' loaded TargetPlatform 'Android_Multi'
[2020.11.30-18.10.49:816][  0]LogTemp: Display: Module 'AndroidTargetPlatform' loaded TargetPlatform 'Android_MultiClient'
[2020.11.30-18.10.49:818][  0]LogTemp: Display: Module 'HTML5TargetPlatform' loaded TargetPlatform 'HTML5'
[2020.11.30-18.10.49:835][  0]LogTemp: Display: Module 'IOSTargetPlatform' loaded TargetPlatform 'IOSClient'
[2020.11.30-18.10.49:835][  0]LogTemp: Display: Module 'IOSTargetPlatform' loaded TargetPlatform 'IOS'
[2020.11.30-18.10.49:847][  0]LogTemp: Display: Module 'TVOSTargetPlatform' loaded TargetPlatform 'TVOSClient'
[2020.11.30-18.10.49:847][  0]LogTemp: Display: Module 'TVOSTargetPlatform' loaded TargetPlatform 'TVOS'
[2020.11.30-18.10.49:853][  0]LogTemp: Display: Module 'LinuxClientTargetPlatform' loaded TargetPlatform 'LinuxClient'
[2020.11.30-18.10.49:860][  0]LogTemp: Display: Module 'LinuxNoEditorTargetPlatform' loaded TargetPlatform 'LinuxNoEditor'
[2020.11.30-18.10.49:866][  0]LogTemp: Display: Module 'LinuxServerTargetPlatform' loaded TargetPlatform 'LinuxServer'
[2020.11.30-18.10.49:873][  0]LogTemp: Display: Module 'LinuxTargetPlatform' loaded TargetPlatform 'Linux'
[2020.11.30-18.10.49:894][  0]LogTemp: Display: Module 'LuminTargetPlatform' loaded TargetPlatform 'Lumin'
[2020.11.30-18.10.49:894][  0]LogTemp: Display: Module 'LuminTargetPlatform' loaded TargetPlatform 'LuminClient'
[2020.11.30-18.10.49:895][  0]LogTargetPlatformManager: Display: Building Assets For Windows
[2020.11.30-18.10.49:903][  0]LogAudioDebug: Display: Lib vorbis DLL was dynamically loaded.
[2020.11.30-18.10.49:952][  0]LogShaderCompilers: Guid format shader working directory is -44 characters bigger than the processId version (../../../../../../Users/leoda/Desktop/DaCertoPorra/TCC-Sobrevivendo-Ao-Inferno/Tentativa4/Intermediate/Shaders/WorkingDirectory/12624/).
[2020.11.30-18.10.49:952][  0]LogShaderCompilers: Cleaned the shader compiler working directory 'C:/Users/leoda/AppData/Local/Temp/UnrealShaderWorkingDir/68E262E34C3710B1BAC646969FD4BEBD/'.
[2020.11.30-18.10.49:955][  0]LogXGEController: Cleaning working directory: C:/Users/leoda/AppData/Local/Temp/UnrealXGEWorkingDir/
[2020.11.30-18.10.49:955][  0]LogXGEController: Cannot use XGE Controller as Incredibuild is not installed on this machine.
[2020.11.30-18.10.49:955][  0]LogShaderCompilers: Cannot use XGE Shader Compiler as Incredibuild is not installed on this machine.
[2020.11.30-18.10.49:955][  0]LogShaderCompilers: Display: Using Local Shader Compiler.
[2020.11.30-18.10.50:458][  0]LogDerivedDataCache: Display: Max Cache Size: 512 MB
[2020.11.30-18.10.50:498][  0]LogDerivedDataCache: Loaded boot cache 0.04s 73MB C:/Users/leoda/AppData/Local/UnrealEngine/4.23/DerivedDataCache/Boot.ddc.
[2020.11.30-18.10.50:498][  0]LogDerivedDataCache: Display: Loaded Boot cache: C:/Users/leoda/AppData/Local/UnrealEngine/4.23/DerivedDataCache/Boot.ddc
[2020.11.30-18.10.50:498][  0]LogDerivedDataCache: FDerivedDataBackendGraph:  Pak pak cache file ../../../../../../Users/leoda/Desktop/DaCertoPorra/TCC-Sobrevivendo-Ao-Inferno/Tentativa4/DerivedDataCache/DDC.ddp not found, will not use a pak cache.
[2020.11.30-18.10.50:498][  0]LogDerivedDataCache: Unable to find inner node Pak for hierarchical cache Hierarchy.
[2020.11.30-18.10.50:498][  0]LogDerivedDataCache: FDerivedDataBackendGraph:  CompressedPak pak cache file ../../../../../../Users/leoda/Desktop/DaCertoPorra/TCC-Sobrevivendo-Ao-Inferno/Tentativa4/DerivedDataCache/Compressed.ddp not found, will not use a pak cache.
[2020.11.30-18.10.50:498][  0]LogDerivedDataCache: Unable to find inner node CompressedPak for hierarchical cache Hierarchy.
[2020.11.30-18.10.50:509][  0]LogDerivedDataCache: Display: Pak cache opened for reading ../../../Engine/DerivedDataCache/Compressed.ddp.
[2020.11.30-18.10.50:509][  0]LogDerivedDataCache: FDerivedDataBackendGraph:  EnterprisePak pak cache file ../../../Enterprise/DerivedDataCache/Compressed.ddp not found, will not use a pak cache.
[2020.11.30-18.10.50:509][  0]LogDerivedDataCache: Unable to find inner node EnterprisePak for hierarchical cache Hierarchy.
[2020.11.30-18.10.50:510][  0]LogDerivedDataCache: Using Local data cache path C:/Users/leoda/AppData/Local/UnrealEngine/Common/DerivedDataCache: Writable
[2020.11.30-18.10.50:510][  0]LogDerivedDataCache: Shared data cache path not found in *engine.ini, will not use an Shared cache.
[2020.11.30-18.10.50:510][  0]LogDerivedDataCache: Unable to find inner node Shared for hierarchical cache Hierarchy.
[2020.11.30-18.10.50:528][  0]LogMaterial: Verifying Global Shaders for PCD3D_SM5
[2020.11.30-18.10.50:530][  0]LogSlate: Using FreeType 2.6.0
[2020.11.30-18.10.50:531][  0]LogSlate: SlateFontServices - WITH_FREETYPE: 1, WITH_HARFBUZZ: 1
[2020.11.30-18.10.50:577][  0]LogAssetRegistry: FAssetRegistry took 0.0026 seconds to start up
[2020.11.30-18.10.50:830][  0]LogInit: Selected Device Profile: [Windows]
[2020.11.30-18.10.50:947][  0]LogMeshReduction: Using QuadricMeshReduction for automatic static mesh reduction
[2020.11.30-18.10.50:947][  0]LogMeshReduction: Using SimplygonMeshReduction for automatic skeletal mesh reduction
[2020.11.30-18.10.50:947][  0]LogMeshReduction: Using ProxyLODMeshReduction for automatic mesh merging
[2020.11.30-18.10.50:947][  0]LogMeshReduction: No distributed automatic mesh merging module available
[2020.11.30-18.10.50:947][  0]LogMeshMerging: No distributed automatic mesh merging module available
[2020.11.30-18.10.50:955][  0]LogNetVersion: Tentativa4 1.0.0, NetCL: 8386587, EngineNetVer: 11, GameNetVer: 0 (Checksum: 811232057)
[2020.11.30-18.10.51:298][  0]LogPackageLocalizationCache: Processed 12 localized package path(s) for 1 prioritized culture(s) in 0.047341 seconds
[2020.11.30-18.10.51:305][  0]LogUObjectArray: 43447 objects as part of root set at end of initial load.
[2020.11.30-18.10.51:305][  0]LogUObjectAllocator: 7549240 out of 0 bytes used by permanent object pool.
[2020.11.30-18.10.51:305][  0]LogUObjectArray: CloseDisregardForGC: 0/0 objects in disregard for GC pool
[2020.11.30-18.10.52:015][  0]LogTcpMessaging: Initializing TcpMessaging bridge
[2020.11.30-18.10.52:018][  0]LogUdpMessaging: Initializing bridge on interface 0.0.0.0:0 to multicast group 230.0.0.1:6666.
[2020.11.30-18.10.52:071][  0]SourceControl: Source control is disabled
[2020.11.30-18.10.52:071][  0]SourceControl: Source control is disabled
[2020.11.30-18.10.52:073][  0]SourceControl: Source control is disabled
[2020.11.30-18.10.52:073][  0]SourceControl: Source control is disabled
[2020.11.30-18.10.52:162][  0]LogAndroidPermission: UAndroidPermissionCallbackProxy::GetInstance
[2020.11.30-18.10.52:299][  0]LogOcInput: OculusInput pre-init called
[2020.11.30-18.10.52:307][  0]LogWindows: Failed to load 'OVRPlugin.dll' (GetLastError=126)
[2020.11.30-18.10.52:307][  0]LogWindows: File 'OVRPlugin.dll' does not exist
[2020.11.30-18.10.52:371][  0]LogEngine: Initializing Engine...
[2020.11.30-18.10.52:371][  0]LogHMD: Failed to initialize OpenVR with code 110
[2020.11.30-18.10.52:372][  0]LogStats: UGameplayTagsManager::InitializeManager -  0.000 s
[2020.11.30-18.10.52:547][  0]LogInit: Initializing FReadOnlyCVARCache
[2020.11.30-18.10.52:563][  0]LogAIModule: Creating AISystem for world Untitled
[2020.11.30-18.10.52:582][  0]LogInit: XAudio2 using 'VoiceMeeter Input (VB-Audio VoiceMeeter VAIO)' : 2 channels at 48 kHz using 24 bits per sample (channel mask 0x3)
[2020.11.30-18.10.52:592][  0]LogInit: FAudioDevice initialized.
[2020.11.30-18.10.52:592][  0]LogNetVersion: Set ProjectVersion to 1.0.0.0. Version Checksum will be recalculated on next use.
[2020.11.30-18.10.52:801][  0]LogDerivedDataCache: Saved boot cache 0.21s 73MB C:/Users/leoda/AppData/Local/UnrealEngine/4.23/DerivedDataCache/Boot.ddc.
[2020.11.30-18.10.52:806][  0]LogInit: Texture streaming: Enabled
[2020.11.30-18.10.52:827][  0]LogEngineSessionManager: EngineSessionManager initialized
[2020.11.30-18.10.52:827][  0]LogEditorSessionSummary: Verbose: Initializing EditorSessionSummaryWriter for editor session tracking
[2020.11.30-18.10.52:828][  0]LogEditorSessionSummary: EditorSessionSummaryWriter initialized
[2020.11.30-18.10.52:901][  0]LogInit: Transaction tracking system initialized
[2020.11.30-18.10.52:931][  0]BlueprintLog: New page: Editor Load
[2020.11.30-18.10.53:009][  0]LocalizationService: Localization service is disabled
[2020.11.30-18.10.53:577][  0]LogCook: Display: Max memory allowance for cook 16384mb min free memory 0mb
[2020.11.30-18.10.53:577][  0]LogCook: Display: Mobile HDR setting 1
[2020.11.30-18.10.53:745][  0]LogFileCache: Scanning file cache for directory 'C:/Users/leoda/Desktop/DaCertoPorra/TCC-Sobrevivendo-Ao-Inferno/Tentativa4/Content/' took 0.02s
[2020.11.30-18.10.53:745][  0]SourceControl: Source control is disabled
[2020.11.30-18.10.53:745][  0]Cmd: MAP LOAD FILE="../../../../../../Users/leoda/Desktop/DaCertoPorra/TCC-Sobrevivendo-Ao-Inferno/Tentativa4/Content/MyContent/Maps/Station.umap" TEMPLATE=0 SHOWPROGRESS=1 FEATURELEVEL=3
[2020.11.30-18.10.53:746][  0]LogEditorServer: Warning: Can't find file '../../../../../../Users/leoda/Desktop/DaCertoPorra/TCC-Sobrevivendo-Ao-Inferno/Tentativa4/Content/MyContent/Maps/Station.umap'
[2020.11.30-18.10.53:746][  0]Cmd: MAP CHECKDEP NOCLEARLOG
[2020.11.30-18.10.53:746][  0]MapCheck: Map check complete: 0 Error(s), 0 Warning(s), took 0.188ms to complete.
[2020.11.30-18.10.53:746][  0]LogFileHelpers: Loading map 'Station' took 0.001
[2020.11.30-18.10.53:898][  0]LogSlate: Updating window title bar state: overlay mode, drag disabled, window buttons hidden, title bar hidden
[2020.11.30-18.10.53:904][  0]LogSlate: Updating window title bar state: overlay mode, drag disabled, window buttons hidden, title bar hidden
[2020.11.30-18.10.53:909][  0]LogSlate: Updating window title bar state: overlay mode, drag disabled, window buttons hidden, title bar hidden
[2020.11.30-18.10.53:915][  0]LogSlate: Updating window title bar state: overlay mode, drag disabled, window buttons hidden, title bar hidden
[2020.11.30-18.10.53:920][  0]LogCollectionManager: Loaded 0 collections in 0.001626 seconds
[2020.11.30-18.10.53:926][  0]LogFileCache: Scanning file cache for directory 'C:/Users/leoda/Desktop/DaCertoPorra/TCC-Sobrevivendo-Ao-Inferno/Tentativa4/Saved/Collections/' took 0.00s
[2020.11.30-18.10.53:926][  0]LogFileCache: Scanning file cache for directory 'C:/Users/leoda/Desktop/DaCertoPorra/TCC-Sobrevivendo-Ao-Inferno/Tentativa4/Content/Developers/leoda/Collections/' took 0.00s
[2020.11.30-18.10.53:926][  0]LogFileCache: Scanning file cache for directory 'C:/Users/leoda/Desktop/DaCertoPorra/TCC-Sobrevivendo-Ao-Inferno/Tentativa4/Content/Collections/' took 0.00s
[2020.11.30-18.10.53:926][  0]LogCollectionManager: Rebuilt the GUID cache for 0 collections in 0.000001 seconds
[2020.11.30-18.10.53:933][  0]LogContentBrowser: Native class hierarchy populated in 0.0077 seconds. Added 2863 classes and 680 folders.
[2020.11.30-18.10.53:940][  0]LogContentBrowser: Native class hierarchy updated for 'WidgetCarousel' in 0.0002 seconds. Added 0 classes and 0 folders.
[2020.11.30-18.10.53:977][  0]LogContentBrowser: Native class hierarchy updated for 'AddContentDialog' in 0.0002 seconds. Added 0 classes and 0 folders.
[2020.11.30-18.10.53:983][  0]LogContentBrowser: Native class hierarchy updated for 'SceneOutliner' in 0.0002 seconds. Added 1 classes and 2 folders.
[2020.11.30-18.10.54:032][  0]LogSlate: Took 0.000151 seconds to synchronously load lazily loaded font '../../../Engine/Content/Slate/Fonts/Roboto-Regular.ttf' (155K)
[2020.11.30-18.10.54:033][  0]LogSlate: Took 0.000102 seconds to synchronously load lazily loaded font '../../../Engine/Content/Slate/Fonts/Roboto-Bold.ttf' (160K)
[2020.11.30-18.10.54:037][  0]LogSlate: Took 0.000135 seconds to synchronously load lazily loaded font '../../../Engine/Content/Editor/Slate/Fonts/FontAwesome.ttf' (139K)
[2020.11.30-18.10.54:085][  0]LogRenderer: Reallocating scene render targets to support 1148x624 Format 10 NumSamples 1 (Frame:1).
[2020.11.30-18.10.54:148][  0]LogContentBrowser: Native class hierarchy updated for 'HierarchicalLODOutliner' in 0.0002 seconds. Added 0 classes and 0 folders.
[2020.11.30-18.10.54:148][  0]LogLoad: (Engine Initialization) Total time: 6.33 seconds
[2020.11.30-18.10.54:148][  0]LogLoad: (Engine Initialization) Total Blueprint compile time: 0.00 seconds
[2020.11.30-18.10.54:202][  0]LogContentStreaming: Texture pool size now 1000 MB
[2020.11.30-18.10.54:222][  0]LogSlate: Took 0.000116 seconds to synchronously load lazily loaded font '../../../Engine/Content/Slate/Fonts/Roboto-Light.ttf' (167K)
[2020.11.30-18.10.54:240][  1]LogAssetRegistry: Asset discovery search completed in 3.6638 seconds
[2020.11.30-18.10.54:242][  1]LogCollectionManager: Rebuilt the object cache for 0 collections in 0.000003 seconds (found 0 objects)
[2020.11.30-18.10.54:242][  1]LogCollectionManager: Fixed up redirectors for 0 collections in 0.000034 seconds (updated 0 objects)
[2020.11.30-18.10.55:194][111]LogLinker: Warning: Failed to load '/Game/MyContent/Maps/Estações/LinhaVerde/EstacaoMasp.EstacaoMasp:PersistentLevel.EstacaoMasp': Can't resolve asset name
[2020.11.30-18.11.21:211][232]LogSlate: FSceneViewport::OnFocusLost() reason 0
[2020.11.30-18.11.21:363][250]LogSlate: Took 0.000139 seconds to synchronously load lazily loaded font '../../../Engine/Content/Slate/Fonts/Roboto-Light.ttf' (167K)
[2020.11.30-18.11.21:915][250]LogAIModule: Creating AISystem for world EstacaoMasp
[2020.11.30-18.11.21:933][250]LogAssetEditorManager: Opening Asset editor for World /Game/MyContent/Maps/Estações/LinhaVerde/EstacaoMasp.EstacaoMasp
[2020.11.30-18.11.21:963][250]LogUObjectHash: Compacting FUObjectHashTables data took   2.12ms
[2020.11.30-18.11.21:964][250]LightingResults: New page: Lighting Build
[2020.11.30-18.11.21:967][250]LogContentBrowser: Native class hierarchy updated for 'StatsViewer' in 0.0003 seconds. Added 5 classes and 0 folders.
[2020.11.30-18.11.21:967][250]LoadErrors: New page: Loading map: EstacaoMasp.umap
[2020.11.30-18.11.21:967][250]LogWorld: UWorld::CleanupWorld for Untitled, bSessionEnded=true, bCleanupResources=true
[2020.11.30-18.11.21:967][250]MapCheck: New page: Map Check
[2020.11.30-18.11.21:967][250]LightingResults: New page: Lighting Build
[2020.11.30-18.11.21:993][250]LogUObjectHash: Compacting FUObjectHashTables data took   2.00ms
[2020.11.30-18.11.22:077][250]LogEditorServer: Finished looking for orphan Actors (0.000 secs)
[2020.11.30-18.11.22:105][250]LogUObjectHash: Compacting FUObjectHashTables data took   1.36ms
[2020.11.30-18.11.22:161][250]Cmd: MAP CHECKDEP NOCLEARLOG
[2020.11.30-18.11.22:163][250]MapCheck: Map check complete: 0 Error(s), 0 Warning(s), took 1.73ms to complete.
[2020.11.30-18.11.22:163][250]LogFileHelpers: Loading map 'EstacaoMasp' took 0.200
[2020.11.30-18.11.28:484][991]LogEditorViewport: Clicking on Actor (LMB): Catraca_C (Catraca5)
[2020.11.30-18.11.31:645][366]LogSlate: FSceneViewport::OnFocusLost() reason 0
[2020.11.30-18.11.37:090][991]LogSlate: FSceneViewport::OnFocusLost() reason 2
[2020.11.30-18.11.40:620][414]LogSlate: FSceneViewport::OnFocusLost() reason 5
[2020.11.30-18.11.58:989][414]LogSlate: Window 'Save Asset As' being destroyed
[2020.11.30-18.11.59:008][414]LogSlate: FSceneViewport::OnFocusLost() reason 5
[2020.11.30-18.11.59:010][414]LogAssetEditorManager: Opening Asset editor for LevelSequence /Game/MyContent/Animation/Masp/AbrirCatraca.AbrirCatraca
[2020.11.30-18.12.10:249][717]LogSlate: FSceneViewport::OnFocusLost() reason 0
[2020.11.30-18.12.15:852][389]LogEditorViewport: Clicking on Actor (LMB): Catraca_C (Catraca)
[2020.11.30-18.12.17:504][583]LogSlate: FSceneViewport::OnFocusLost() reason 2
[2020.11.30-18.12.22:725][203]LogSlate: FSceneViewport::OnFocusLost() reason 2
[2020.11.30-18.12.26:389][642]LogSlate: FSceneViewport::OnFocusLost() reason 2
[2020.11.30-18.12.29:772][ 48]LogSlate: FSceneViewport::OnFocusLost() reason 0
[2020.11.30-18.12.57:933][406]LogSlate: FSceneViewport::OnFocusLost() reason 0
[2020.11.30-18.13.03:237][ 35]LogSlate: FSceneViewport::OnFocusLost() reason 0
[2020.11.30-18.13.08:445][640]LogSavePackage: Moving '../../../../../../Users/leoda/Desktop/DaCertoPorra/TCC-Sobrevivendo-Ao-Inferno/Tentativa4/Saved/AbrirCatracaD5D0027A4D43F2C7F6AEEEAE646137BD.tmp' to '../../../../../../Users/leoda/Desktop/DaCertoPorra/TCC-Sobrevivendo-Ao-Inferno/Tentativa4/Content/MyContent/Animation/Masp/AbrirCatraca.uasset'
[2020.11.30-18.13.15:296][448]LogUObjectHash: Compacting FUObjectHashTables data took   1.58ms
[2020.11.30-18.13.17:477][448]LogSlate: Window 'Save Content' being destroyed
[2020.11.30-18.13.17:516][448]LogUObjectHash: Compacting FUObjectHashTables data took   0.69ms
[2020.11.30-18.13.17:677][448]LogSavePackage: Moving '../../../../../../Users/leoda/Desktop/DaCertoPorra/TCC-Sobrevivendo-Ao-Inferno/Tentativa4/Saved/EstacaoMasp93712B8B445825B2BB24DEA02091E1EF.tmp' to '../../../../../../Users/leoda/Desktop/DaCertoPorra/TCC-Sobrevivendo-Ao-Inferno/Tentativa4/Content/MyContent/Maps/Estações/LinhaVerde/EstacaoMasp.umap'
[2020.11.30-18.13.17:738][448]LogFileHelpers: Saving map 'EstacaoMasp' took 0.248
[2020.11.30-18.13.28:806][453]LogAssetEditorManager: Opening Asset editor for LevelScriptBlueprint /Game/MyContent/Maps/Estações/LinhaVerde/EstacaoMasp.EstacaoMasp:PersistentLevel.EstacaoMasp
[2020.11.30-18.13.29:031][453]LogContentBrowser: Native class hierarchy updated for 'BlueprintGraph' in 0.0006 seconds. Added 121 classes and 0 folders.
[2020.11.30-18.13.29:652][453]LogSlate: Took 0.000207 seconds to synchronously load lazily loaded font '../../../Engine/Content/Slate/Fonts/Roboto-BoldCondensed.ttf' (158K)
[2020.11.30-18.13.29:701][454]LogSlate: Took 0.000267 seconds to synchronously load lazily loaded font '../../../Engine/Content/Slate/Fonts/Roboto-Italic.ttf' (157K)
[2020.11.30-18.13.40:876][677]LogBlueprint: Warning: [Compiler ] Pasted node  CustomEvent   conflicted with  OnActorBeginOverlap (TriggerBox4)  and was replaced as a Custom Event!
[2020.11.30-18.13.40:877][677]LogBlueprint: Warning: [Compiler ] Pasted node  CustomEvent_1   conflicted with  OnActorEndOverlap (TriggerBox4)  and was replaced as a Custom Event!
[2020.11.30-18.13.55:916][367]LogSlate: Window 'EstacaoMasp' being destroyed
[2020.11.30-18.13.59:147][751]LogEditorViewport: Clicking on Actor (LMB): StaticMeshActor (Plataforma_Masp_Bilheteria)
[2020.11.30-18.14.00:385][894]LogEditorViewport: Clicking on Actor (LMB): LevelSequenceActor (AbrirCatraca)
[2020.11.30-18.14.01:548][ 28]LogSlate: FSceneViewport::OnFocusLost() reason 0
[2020.11.30-18.14.24:668][761]LogEditorViewport: Clicking on Actor (LMB): TriggerBox (TriggerBox5)
[2020.11.30-18.14.25:960][911]LogSlate: FSceneViewport::OnFocusLost() reason 0
[2020.11.30-18.14.54:185][249]BlueprintLog: New page: Compile EstacaoMasp
[2020.11.30-18.14.54:375][249]LogUObjectHash: Compacting FUObjectHashTables data took   3.40ms
[2020.11.30-18.14.56:136][452]LogUObjectHash: Compacting FUObjectHashTables data took   2.83ms
[2020.11.30-18.14.56:372][452]LogSavePackage: Moving '../../../../../../Users/leoda/Desktop/DaCertoPorra/TCC-Sobrevivendo-Ao-Inferno/Tentativa4/Saved/EstacaoMasp90E4D9B84BC01DA4B74AD0B0B86A4054.tmp' to '../../../../../../Users/leoda/Desktop/DaCertoPorra/TCC-Sobrevivendo-Ao-Inferno/Tentativa4/Content/MyContent/Maps/Estações/LinhaVerde/EstacaoMasp.umap'
[2020.11.30-18.14.56:431][452]LogFileHelpers: Saving map 'EstacaoMasp' took 0.327
[2020.11.30-18.15.56:272][651]LogEditorViewport: Clicking on Actor (LMB): Catraca_C (Catraca4)
[2020.11.30-18.15.58:598][926]LogEditorViewport: Clicking on Actor (LMB): StaticMeshActor (Plataforma_Masp_Bilheteria)
[2020.11.30-18.16.00:552][155]LogEditorViewport: Clicking on Actor (LMB): TriggerBox (TriggerBox6)
[2020.11.30-18.16.08:236][ 71]LogEditorViewport: Clicking on Actor (LMB): Catraca_C (Catraca)
[2020.11.30-18.16.10:873][383]LogEditorViewport: Clicking on Actor (LMB): LevelSequenceActor (AbrirCatraca)
[2020.11.30-18.16.12:552][580]LogSlate: FSceneViewport::OnFocusLost() reason 0
[2020.11.30-18.16.14:616][827]EditorErrors: New page: Actor attachment
[2020.11.30-18.16.16:332][ 32]LogEditorViewport: Clicking on Actor (LMB): TriggerBox (TriggerBox5)
[2020.11.30-18.16.17:258][138]LogSlate: FSceneViewport::OnFocusLost() reason 0
[2020.11.30-18.16.22:428][758]EditorErrors: New page: Actor attachment
[2020.11.30-18.16.24:311][983]LogEditorViewport: Clicking on Actor (LMB): Catraca_C (Catraca4)
[2020.11.30-18.16.27:884][408]LogEditorViewport: Clicking on Actor (LMB): TriggerBox (TriggerBox6)
[2020.11.30-18.16.29:586][607]LogSlate: FSceneViewport::OnFocusLost() reason 0
[2020.11.30-18.16.33:824][115]EditorErrors: New page: Actor attachment
[2020.11.30-18.17.01:385][753]LogSlate: Window 'Save Asset As' being destroyed
[2020.11.30-18.17.01:414][753]LogAssetEditorManager: Opening Asset editor for LevelSequence /Game/MyContent/Animation/Masp/AbrirCatraca3.AbrirCatraca3
[2020.11.30-18.17.31:615][138]LogSlate: FSceneViewport::OnFocusLost() reason 0
[2020.11.30-18.17.33:839][404]EditorErrors: New page: Actor attachment
[2020.11.30-18.17.38:157][920]LogEditorViewport: Clicking on Actor (LMB): Catraca_C (Catraca4)
[2020.11.30-18.17.39:493][ 76]LogSlate: FSceneViewport::OnFocusLost() reason 2
[2020.11.30-18.17.43:004][490]LogSlate: FSceneViewport::OnFocusLost() reason 2
[2020.11.30-18.17.46:375][893]LogSlate: FSceneViewport::OnFocusLost() reason 2
[2020.11.30-18.17.49:769][300]LogSlate: FSceneViewport::OnFocusLost() reason 0
[2020.11.30-18.18.40:159][819]LogSlate: FSceneViewport::OnFocusLost() reason 0
[2020.11.30-18.18.47:006][633]LogSlate: FSceneViewport::OnFocusLost() reason 0
[2020.11.30-18.18.47:194][649]LogSavePackage: Moving '../../../../../../Users/leoda/Desktop/DaCertoPorra/TCC-Sobrevivendo-Ao-Inferno/Tentativa4/Saved/AbrirCatraca38732B00E442DA8012850A187A4FDB2BF.tmp' to '../../../../../../Users/leoda/Desktop/DaCertoPorra/TCC-Sobrevivendo-Ao-Inferno/Tentativa4/Content/MyContent/Animation/Masp/AbrirCatraca3.uasset'
[2020.11.30-18.18.55:464][626]LogUObjectHash: Compacting FUObjectHashTables data took   3.33ms
[2020.11.30-18.18.57:027][626]LogSlate: Window 'Save Content' being destroyed
[2020.11.30-18.18.57:071][626]LogUObjectHash: Compacting FUObjectHashTables data took   1.07ms
[2020.11.30-18.18.57:309][626]LogSavePackage: Moving '../../../../../../Users/leoda/Desktop/DaCertoPorra/TCC-Sobrevivendo-Ao-Inferno/Tentativa4/Saved/EstacaoMasp1FEB9B1D43B7E68568D643A35D1D849F.tmp' to '../../../../../../Users/leoda/Desktop/DaCertoPorra/TCC-Sobrevivendo-Ao-Inferno/Tentativa4/Content/MyContent/Maps/Estações/LinhaVerde/EstacaoMasp.umap'
[2020.11.30-18.18.57:367][626]LogFileHelpers: Saving map 'EstacaoMasp' took 0.327
[2020.11.30-18.19.01:531][123]LogEditorSessionSummary: EditorSessionSummary sent report. Type=Shutdown, SessionId={C8C575AD-4209-89EE-FBDA-A0A6152281A8}
[2020.11.30-18.19.09:184][ 37]LogBlueprint: Warning: [Compiler ] Pasted node  CustomEvent   conflicted with  OnActorBeginOverlap (TriggerBox5)  and was replaced as a Custom Event!
[2020.11.30-18.19.09:184][ 37]LogBlueprint: Warning: [Compiler ] Pasted node  CustomEvent_1   conflicted with  OnActorEndOverlap (TriggerBox5)  and was replaced as a Custom Event!
[2020.11.30-18.19.33:673][937]LogEditorViewport: Clicking on Actor (LMB): LevelSequenceActor (AbrirCatraca3)
[2020.11.30-18.19.34:917][ 82]LogSlate: FSceneViewport::OnFocusLost() reason 0
[2020.11.30-18.19.46:084][395]LogEditorViewport: Clicking on Actor (LMB): TriggerBox (TriggerBox6)
[2020.11.30-18.19.47:586][570]LogSlate: FSceneViewport::OnFocusLost() reason 0
[2020.11.30-18.20.20:780][495]BlueprintLog: New page: Compile EstacaoMasp
[2020.11.30-18.20.20:968][495]LogUObjectHash: Compacting FUObjectHashTables data took   3.26ms
[2020.11.30-18.20.30:151][583]LogEditorViewport: Clicking on Actor (LMB): Catraca_C (Catraca3)
[2020.11.30-18.20.32:724][888]LogEditorViewport: Clicking on Actor (LMB): LevelSequenceActor (AbrirCatraca3)
[2020.11.30-18.20.34:399][ 85]LogEditorViewport: Clicking on Actor (LMB): TriggerBox (TriggerBox6)
[2020.11.30-18.20.35:187][175]LogEditorViewport: Clicking on Actor (LMB): Catraca_C (Catraca3)
[2020.11.30-18.20.40:919][859]LogSlate: FSceneViewport::OnFocusLost() reason 0
[2020.11.30-18.20.41:084][875]LogUObjectHash: Compacting FUObjectHashTables data took   2.86ms
[2020.11.30-18.20.42:289][875]LogSlate: Window 'Save Content' being destroyed
[2020.11.30-18.20.42:331][875]LogUObjectHash: Compacting FUObjectHashTables data took   0.93ms
[2020.11.30-18.20.42:581][875]LogSavePackage: Moving '../../../../../../Users/leoda/Desktop/DaCertoPorra/TCC-Sobrevivendo-Ao-Inferno/Tentativa4/Saved/EstacaoMasp6AD968AF4185C82FC771219376958298.tmp' to '../../../../../../Users/leoda/Desktop/DaCertoPorra/TCC-Sobrevivendo-Ao-Inferno/Tentativa4/Content/MyContent/Maps/Estações/LinhaVerde/EstacaoMasp.umap'
[2020.11.30-18.20.42:638][875]LogFileHelpers: Saving map 'EstacaoMasp' took 0.337
[2020.11.30-18.20.59:716][540]LogSlate: Window 'Save Asset As' being destroyed
[2020.11.30-18.20.59:740][540]LogAssetEditorManager: Opening Asset editor for LevelSequence /Game/MyContent/Animation/Masp/AbrirCatraca4.AbrirCatraca4
[2020.11.30-18.21.12:366][  6]LogEditorViewport: Clicking on Actor (LMB): Catraca_C (Catraca3)
[2020.11.30-18.21.13:810][171]LogSlate: FSceneViewport::OnFocusLost() reason 2
[2020.11.30-18.21.16:732][514]LogSlate: FSceneViewport::OnFocusLost() reason 2
[2020.11.30-18.21.18:738][753]LogSlate: FSceneViewport::OnFocusLost() reason 2
[2020.11.30-18.21.21:217][ 50]LogSlate: FSceneViewport::OnFocusLost() reason 0
[2020.11.30-18.21.50:008][482]LogSlate: FSceneViewport::OnFocusLost() reason 0
[2020.11.30-18.21.56:130][206]LogSlate: FSceneViewport::OnFocusLost() reason 0
[2020.11.30-18.21.56:351][226]LogSavePackage: Moving '../../../../../../Users/leoda/Desktop/DaCertoPorra/TCC-Sobrevivendo-Ao-Inferno/Tentativa4/Saved/AbrirCatraca49E565ABD48C7BDBF6C5D84B37EE8048B.tmp' to '../../../../../../Users/leoda/Desktop/DaCertoPorra/TCC-Sobrevivendo-Ao-Inferno/Tentativa4/Content/MyContent/Animation/Masp/AbrirCatraca4.uasset'
[2020.11.30-18.22.16:728][656]LogSlate: FSceneViewport::OnFocusLost() reason 0
[2020.11.30-18.22.20:511][ 97]LogUObjectHash: Compacting FUObjectHashTables data took   2.91ms
[2020.11.30-18.22.21:934][ 97]LogSlate: Window 'Save Content' being destroyed
[2020.11.30-18.22.21:978][ 97]LogUObjectHash: Compacting FUObjectHashTables data took   1.35ms
[2020.11.30-18.22.22:218][ 97]LogSavePackage: Moving '../../../../../../Users/leoda/Desktop/DaCertoPorra/TCC-Sobrevivendo-Ao-Inferno/Tentativa4/Saved/EstacaoMaspE806CE5E49599FBE9FBE71B9FBE7E92A.tmp' to '../../../../../../Users/leoda/Desktop/DaCertoPorra/TCC-Sobrevivendo-Ao-Inferno/Tentativa4/Content/MyContent/Maps/Estações/LinhaVerde/EstacaoMasp.umap'
[2020.11.30-18.22.22:277][ 97]LogFileHelpers: Saving map 'EstacaoMasp' took 0.330
[2020.11.30-18.22.27:082][631]Cmd: SELECT NONE
[2020.11.30-18.22.28:035][743]LogEditorViewport: Clicking on Actor (LMB): LevelSequenceActor (AbrirCatraca4)
[2020.11.30-18.22.29:032][858]LogSlate: FSceneViewport::OnFocusLost() reason 0
[2020.11.30-18.22.34:035][451]LogBlueprint: Warning: [Compiler ] Pasted node  CustomEvent   conflicted with  OnActorBeginOverlap (TriggerBox6)  and was replaced as a Custom Event!
[2020.11.30-18.22.34:035][451]LogBlueprint: Warning: [Compiler ] Pasted node  CustomEvent_1   conflicted with  OnActorEndOverlap (TriggerBox6)  and was replaced as a Custom Event!
[2020.11.30-18.22.56:955][145]LogEditorViewport: Clicking on Actor (LMB): TriggerBox (TriggerBox7)
[2020.11.30-18.22.58:281][299]LogSlate: FSceneViewport::OnFocusLost() reason 0
[2020.11.30-18.23.39:085][127]BlueprintLog: New page: Compile EstacaoMasp
[2020.11.30-18.23.39:272][127]LogUObjectHash: Compacting FUObjectHashTables data took   3.14ms
[2020.11.30-18.23.44:363][694]LogSlate: FSceneViewport::OnFocusLost() reason 0
[2020.11.30-18.23.44:533][711]LogUObjectHash: Compacting FUObjectHashTables data took   2.77ms
[2020.11.30-18.23.46:634][711]LogSlate: Window 'Save Content' being destroyed
[2020.11.30-18.23.46:681][711]LogUObjectHash: Compacting FUObjectHashTables data took   0.89ms
[2020.11.30-18.23.46:926][711]LogSavePackage: Moving '../../../../../../Users/leoda/Desktop/DaCertoPorra/TCC-Sobrevivendo-Ao-Inferno/Tentativa4/Saved/EstacaoMaspEA440AC042D2276077F2C38A3FCE458A.tmp' to '../../../../../../Users/leoda/Desktop/DaCertoPorra/TCC-Sobrevivendo-Ao-Inferno/Tentativa4/Content/MyContent/Maps/Estações/LinhaVerde/EstacaoMasp.umap'
[2020.11.30-18.23.46:984][711]LogFileHelpers: Saving map 'EstacaoMasp' took 0.336
[2020.11.30-18.24.50:745][591]LogEditorViewport: Clicking on Actor (LMB): Catraca_C (Catraca5)
[2020.11.30-18.24.56:144][209]LogSlate: FSceneViewport::OnFocusLost() reason 2
[2020.11.30-18.24.59:284][585]LogSlate: FSceneViewport::OnFocusLost() reason 5
[2020.11.30-18.25.12:049][585]LogSlate: Window 'Save Asset As' being destroyed
[2020.11.30-18.25.12:052][585]LogSlate: FSceneViewport::OnFocusLost() reason 3
[2020.11.30-18.25.12:072][585]LogAssetEditorManager: Opening Asset editor for LevelSequence /Game/MyContent/Animation/Masp/AbrirCatraca5.AbrirCatraca5
[2020.11.30-18.25.20:956][626]LogEditorViewport: Clicking on Actor (LMB): Catraca_C (Catraca5)
[2020.11.30-18.25.21:887][732]LogSlate: FSceneViewport::OnFocusLost() reason 2
[2020.11.30-18.25.25:053][104]LogSlate: FSceneViewport::OnFocusLost() reason 2
[2020.11.30-18.25.27:623][412]LogSlate: FSceneViewport::OnFocusLost() reason 2
[2020.11.30-18.25.30:754][787]LogSlate: FSceneViewport::OnFocusLost() reason 0
[2020.11.30-18.26.07:158][135]LogSlate: FSceneViewport::OnFocusLost() reason 0
[2020.11.30-18.26.16:024][191]LogSlate: FSceneViewport::OnFocusLost() reason 0
[2020.11.30-18.26.16:194][205]LogSavePackage: Moving '../../../../../../Users/leoda/Desktop/DaCertoPorra/TCC-Sobrevivendo-Ao-Inferno/Tentativa4/Saved/AbrirCatraca51E035BD342263477BC0CF8943DBEDDB4.tmp' to '../../../../../../Users/leoda/Desktop/DaCertoPorra/TCC-Sobrevivendo-Ao-Inferno/Tentativa4/Content/MyContent/Animation/Masp/AbrirCatraca5.uasset'
[2020.11.30-18.26.19:816][633]LogEditorViewport: Clicking on Actor (LMB): LevelSequenceActor (AbrirCatraca5)
[2020.11.30-18.26.25:372][294]LogSlate: FSceneViewport::OnFocusLost() reason 0
[2020.11.30-18.26.33:062][208]LogBlueprint: Warning: [Compiler ] Pasted node  CustomEvent   conflicted with  OnActorBeginOverlap (TriggerBox7)  and was replaced as a Custom Event!
[2020.11.30-18.26.33:062][208]LogBlueprint: Warning: [Compiler ] Pasted node  CustomEvent_1   conflicted with  OnActorEndOverlap (TriggerBox7)  and was replaced as a Custom Event!
[2020.11.30-18.26.56:400][952]LogEditorViewport: Clicking on Actor (LMB): TriggerBox (TriggerBox3)
[2020.11.30-18.26.57:401][ 66]LogSlate: FSceneViewport::OnFocusLost() reason 0
[2020.11.30-18.27.23:627][154]BlueprintLog: New page: Compile EstacaoMasp
[2020.11.30-18.27.23:817][154]LogUObjectHash: Compacting FUObjectHashTables data took   3.09ms
[2020.11.30-18.27.24:941][279]LogUObjectHash: Compacting FUObjectHashTables data took   0.97ms
[2020.11.30-18.27.25:198][279]LogSavePackage: Moving '../../../../../../Users/leoda/Desktop/DaCertoPorra/TCC-Sobrevivendo-Ao-Inferno/Tentativa4/Saved/EstacaoMaspFF20D5DA4A80B26E4725A9BB1985FA7A.tmp' to '../../../../../../Users/leoda/Desktop/DaCertoPorra/TCC-Sobrevivendo-Ao-Inferno/Tentativa4/Content/MyContent/Maps/Estações/LinhaVerde/EstacaoMasp.umap'
[2020.11.30-18.27.25:255][279]LogFileHelpers: Saving map 'EstacaoMasp' took 0.344
[2020.11.30-18.27.27:647][546]LogSavePackage: Moving '../../../../../../Users/leoda/Desktop/DaCertoPorra/TCC-Sobrevivendo-Ao-Inferno/Tentativa4/Saved/AbrirCatraca5E778ACAF4C8571489413A1A9AF43F4E7.tmp' to '../../../../../../Users/leoda/Desktop/DaCertoPorra/TCC-Sobrevivendo-Ao-Inferno/Tentativa4/Content/MyContent/Animation/Masp/AbrirCatraca5.uasset'
[2020.11.30-18.27.29:090][713]LogUObjectHash: Compacting FUObjectHashTables data took   2.79ms
[2020.11.30-18.27.38:711][862]LogBlueprint: Warning: [Compiler ] Pasted node  CustomEvent   conflicted with  OnActorBeginOverlap (TriggerBox3)  and was replaced as a Custom Event!
[2020.11.30-18.27.38:711][862]LogBlueprint: Warning: [Compiler ] Pasted node  CustomEvent_1   conflicted with  OnActorEndOverlap (TriggerBox3)  and was replaced as a Custom Event!
[2020.11.30-18.27.49:457][111]LogEditorViewport: Clicking on Actor (LMB): TriggerBox (TriggerBox2)
[2020.11.30-18.27.50:509][233]LogSlate: FSceneViewport::OnFocusLost() reason 0
[2020.11.30-18.28.17:895][446]LogUObjectHash: Compacting FUObjectHashTables data took   2.97ms
[2020.11.30-18.28.19:710][446]LogSlate: Window 'Save Content' being destroyed
[2020.11.30-18.28.19:756][446]LogUObjectHash: Compacting FUObjectHashTables data took   1.01ms
[2020.11.30-18.28.19:796][446]LogBlueprint: Error: [Compiler PersistentLevel.EstacaoMasp] This blueprint (self) is not a LevelSequenceActor, therefore ' Target ' must have a connection.
[2020.11.30-18.28.19:796][446]LogBlueprint: Error: [Compiler PersistentLevel.EstacaoMasp] This blueprint (self) is not a LevelSequenceActor, therefore ' Target ' must have a connection.
[2020.11.30-18.28.20:056][446]LogSavePackage: Moving '../../../../../../Users/leoda/Desktop/DaCertoPorra/TCC-Sobrevivendo-Ao-Inferno/Tentativa4/Saved/EstacaoMaspE46D366B415A64B90A4D7B9E8B8D2B7A.tmp' to '../../../../../../Users/leoda/Desktop/DaCertoPorra/TCC-Sobrevivendo-Ao-Inferno/Tentativa4/Content/MyContent/Maps/Estações/LinhaVerde/EstacaoMasp.umap'
[2020.11.30-18.28.20:114][446]LogFileHelpers: Saving map 'EstacaoMasp' took 0.391
[2020.11.30-18.28.36:411][ 35]LogSlate: Window 'Save Asset As' being destroyed
[2020.11.30-18.28.36:435][ 35]LogAssetEditorManager: Opening Asset editor for LevelSequence /Game/MyContent/Animation/Masp/AbrirCatraca6.AbrirCatraca6
[2020.11.30-18.28.46:326][164]LogEditorViewport: Clicking on Actor (LMB): Catraca_C (Catraca6)
[2020.11.30-18.28.47:467][296]LogSlate: FSceneViewport::OnFocusLost() reason 2
[2020.11.30-18.28.55:652][267]LogSlate: FSceneViewport::OnFocusLost() reason 2
[2020.11.30-18.28.58:744][637]LogSlate: FSceneViewport::OnFocusLost() reason 2
[2020.11.30-18.29.01:288][942]LogSlate: FSceneViewport::OnFocusLost() reason 0
[2020.11.30-18.29.33:413][776]LogSlate: FSceneViewport::OnFocusLost() reason 0
[2020.11.30-18.29.39:055][446]LogSlate: FSceneViewport::OnFocusLost() reason 0
[2020.11.30-18.29.39:261][462]LogSavePackage: Moving '../../../../../../Users/leoda/Desktop/DaCertoPorra/TCC-Sobrevivendo-Ao-Inferno/Tentativa4/Saved/AbrirCatraca666498DE7401664A3170904BDF673643F.tmp' to '../../../../../../Users/leoda/Desktop/DaCertoPorra/TCC-Sobrevivendo-Ao-Inferno/Tentativa4/Content/MyContent/Animation/Masp/AbrirCatraca6.uasset'
[2020.11.30-18.29.41:323][702]LogUObjectHash: Compacting FUObjectHashTables data took   2.79ms
[2020.11.30-18.29.42:670][702]LogSlate: Window 'Save Content' being destroyed
[2020.11.30-18.29.42:712][702]LogUObjectHash: Compacting FUObjectHashTables data took   0.90ms
[2020.11.30-18.29.42:722][702]LogBlueprint: Error: [Compiler PersistentLevel.EstacaoMasp] This blueprint (self) is not a LevelSequenceActor, therefore ' Target ' must have a connection.
[2020.11.30-18.29.42:722][702]LogBlueprint: Error: [Compiler PersistentLevel.EstacaoMasp] This blueprint (self) is not a LevelSequenceActor, therefore ' Target ' must have a connection.
[2020.11.30-18.29.42:962][702]LogSavePackage: Moving '../../../../../../Users/leoda/Desktop/DaCertoPorra/TCC-Sobrevivendo-Ao-Inferno/Tentativa4/Saved/EstacaoMasp9B41FF1D4E0E5D917738DCAFA56563FE.tmp' to '../../../../../../Users/leoda/Desktop/DaCertoPorra/TCC-Sobrevivendo-Ao-Inferno/Tentativa4/Content/MyContent/Maps/Estações/LinhaVerde/EstacaoMasp.umap'
[2020.11.30-18.29.43:019][702]LogFileHelpers: Saving map 'EstacaoMasp' took 0.337
[2020.11.30-18.29.50:700][619]LogEditorViewport: Clicking on Actor (LMB): LevelSequenceActor (AbrirCatraca6)
[2020.11.30-18.29.51:775][742]LogSlate: FSceneViewport::OnFocusLost() reason 0
[2020.11.30-18.30.02:806][ 26]BlueprintLog: New page: Compile EstacaoMasp
[2020.11.30-18.30.02:992][ 26]LogUObjectHash: Compacting FUObjectHashTables data took   4.09ms
[2020.11.30-18.30.04:178][157]LogUObjectHash: Compacting FUObjectHashTables data took   2.67ms
[2020.11.30-18.30.04:440][157]LogSavePackage: Moving '../../../../../../Users/leoda/Desktop/DaCertoPorra/TCC-Sobrevivendo-Ao-Inferno/Tentativa4/Saved/EstacaoMasp5892FA2D4F7F7C02252F42975AA3F80D.tmp' to '../../../../../../Users/leoda/Desktop/DaCertoPorra/TCC-Sobrevivendo-Ao-Inferno/Tentativa4/Content/MyContent/Maps/Estações/LinhaVerde/EstacaoMasp.umap'
[2020.11.30-18.30.04:498][157]LogFileHelpers: Saving map 'EstacaoMasp' took 0.352
[2020.11.30-18.30.07:279][464]LogUObjectHash: Compacting FUObjectHashTables data took   2.70ms
[2020.11.30-18.30.13:119][102]LogEditorViewport: Clicking Background
[2020.11.30-18.30.15:990][352]LogSlate: FSceneViewport::OnFocusLost() reason 2
[2020.11.30-18.30.18:159][604]LogSlate: FSceneViewport::OnFocusLost() reason 0
[2020.11.30-18.30.48:917][272]BlueprintLog: New page: Compile EstacaoMasp
[2020.11.30-18.30.49:103][272]LogUObjectHash: Compacting FUObjectHashTables data took   2.98ms
[2020.11.30-18.30.49:908][355]LogUObjectHash: Compacting FUObjectHashTables data took   3.23ms
[2020.11.30-18.30.50:168][355]LogSavePackage: Moving '../../../../../../Users/leoda/Desktop/DaCertoPorra/TCC-Sobrevivendo-Ao-Inferno/Tentativa4/Saved/EstacaoMasp17B326F84CFBDDFA0E8C31BA9D407E84.tmp' to '../../../../../../Users/leoda/Desktop/DaCertoPorra/TCC-Sobrevivendo-Ao-Inferno/Tentativa4/Content/MyContent/Maps/Estações/LinhaVerde/EstacaoMasp.umap'
[2020.11.30-18.30.50:229][355]LogFileHelpers: Saving map 'EstacaoMasp' took 0.354
[2020.11.30-18.31.19:716][526]LogEditorViewport: Clicking on Actor (LMB): StaticMeshActor (Plataforma_Masp_Bilheteria)
[2020.11.30-18.31.21:568][705]LogSlate: FSceneViewport::OnFocusLost() reason 0
[2020.11.30-18.31.21:757][721]LogAssetEditorManager: Opening Asset editor for StaticMesh /Game/MyContent/Models/Assets/Models/Estacoes/LinhaAzul/EstacaoMasp/Plataforma_Masp_Bilheteria/Masp_Bilheteria.Masp_Bilheteria
[2020.11.30-18.31.22:391][722]LogRenderer: Reallocating scene render targets to support 1432x920 Format 10 NumSamples 1 (Frame:1).
[2020.11.30-18.32.18:951][909]LogSlate: FSceneViewport::OnFocusLost() reason 0
[2020.11.30-18.32.19:132][925]LogSavePackage: Moving '../../../../../../Users/leoda/Desktop/DaCertoPorra/TCC-Sobrevivendo-Ao-Inferno/Tentativa4/Saved/Masp_Bilheteria017927CC40BAF1222AB1EBA96178162A.tmp' to '../../../../../../Users/leoda/Desktop/DaCertoPorra/TCC-Sobrevivendo-Ao-Inferno/Tentativa4/Content/MyContent/Models/Assets/Models/Estacoes/LinhaAzul/EstacaoMasp/Plataforma_Masp_Bilheteria/Masp_Bilheteria.uasset'
[2020.11.30-18.32.35:923][356]LogEditorViewport: Clicking Background
[2020.11.30-18.32.38:525][531]LogSlate: FSceneViewport::OnFocusLost() reason 0
[2020.11.30-18.32.38:697][544]LogUObjectHash: Compacting FUObjectHashTables data took   4.61ms
[2020.11.30-18.33.40:192][ 45]LogTexture: Display: Building textures: Vidro_Prot_MetalORM (AutoDXT, 2048X2048)
[2020.11.30-18.33.40:192][ 45]LogTexture: Display: Building textures: Sumare_Saida_Piso_ORM (AutoDXT, 2048X2048)
[2020.11.30-18.33.40:192][ 45]LogTexture: Display: Building textures: Sumare_Saida_Pilar_ORM (AutoDXT, 2048X2048)
[2020.11.30-18.33.40:192][ 45]LogTexture: Display: Building textures: Vidro_Prot_BC (AutoDXT, 2048X2048)
[2020.11.30-18.33.40:192][ 45]LogTexture: Display: Building textures: Sumare_Saida_Piso_BC (AutoDXT, 2048X2048)
[2020.11.30-18.33.40:192][ 45]LogTexture: Display: Building textures: Vidro_Prot_MetalBC (AutoDXT, 2048X2048)
[2020.11.30-18.33.40:192][ 45]LogTexture: Display: Building textures: Sumare_Bilheteria_ORM (AutoDXT, 2048X2048)
[2020.11.30-18.33.40:192][ 45]LogTexture: Display: Building textures: Sumare_Saida_Pilar_BC (AutoDXT, 2048X2048)
[2020.11.30-18.33.40:192][ 45]LogTexture: Display: Building textures: Sumare_Saida_Pilar_NRM (BC5, 2048X2048)
[2020.11.30-18.33.40:192][ 45]LogTexture: Display: Building textures: Vidro_Prot_MetalNRM (BC5, 2048X2048)
[2020.11.30-18.33.40:192][ 45]LogTexture: Display: Building textures: Sumare_Saida_Piso_NRM (BC5, 2048X2048)
[2020.11.30-18.33.40:192][ 45]LogTexture: Display: Building textures: Sumare_Bilheteria_BC (AutoDXT, 2048X2048)
[2020.11.30-18.33.40:192][ 45]LogTexture: Display: Building textures: Sumare_Bilheteria_NRM (BC5, 2048X2048)
[2020.11.30-18.33.40:192][ 45]LogTexture: Display: Building textures: Sumare_Piso_ORM (AutoDXT, 2048X2048)
[2020.11.30-18.33.40:192][ 45]LogTexture: Display: Building textures: Sumare_Pilar_BC (AutoDXT, 2048X2048)
[2020.11.30-18.33.40:874][ 45]LogTexture: Display: Building textures: Sumare_Piso_NRM (BC5, 2048X2048)
[2020.11.30-18.33.40:874][ 45]LogTexture: Display: Building textures: Sumare_Piso_BC (AutoDXT, 2048X2048)
[2020.11.30-18.33.40:874][ 45]LogTexture: Display: Building textures: Sumare_Pilar_ORM (AutoDXT, 2048X2048)
[2020.11.30-18.33.40:874][ 45]LogTexture: Display: Building textures: Sumare_Pilar_NRM (BC5, 2048X2048)
[2020.11.30-18.33.40:918][ 45]LogMaterial: Display: Missing cached shader map for material Sumare_PilarMat, compiling. 
[2020.11.30-18.33.40:976][ 45]LogStaticMesh: Building static mesh Sumare...
[2020.11.30-18.33.40:983][ 45]LogShaderCompilers: Display: Worker (1/13): shaders left to compile 31
[2020.11.30-18.33.40:983][ 45]LogShaderCompilers: Display: Worker (2/13): shaders left to compile 28
[2020.11.30-18.33.40:983][ 45]LogShaderCompilers: Display: Worker (3/13): shaders left to compile 25
[2020.11.30-18.33.40:983][ 45]LogShaderCompilers: Display: Worker (4/13): shaders left to compile 22
[2020.11.30-18.33.40:983][ 45]LogShaderCompilers: Display: Worker (5/13): shaders left to compile 19
[2020.11.30-18.33.40:983][ 45]LogShaderCompilers: Display: Worker (6/13): shaders left to compile 16
[2020.11.30-18.33.40:983][ 45]LogShaderCompilers: Display: Worker (7/13): shaders left to compile 13
[2020.11.30-18.33.40:983][ 45]LogShaderCompilers: Display: Worker (8/13): shaders left to compile 10
[2020.11.30-18.33.40:983][ 45]LogShaderCompilers: Display: Worker (9/13): shaders left to compile 7
[2020.11.30-18.33.40:983][ 45]LogShaderCompilers: Display: Worker (10/13): shaders left to compile 4
[2020.11.30-18.33.40:983][ 45]LogShaderCompilers: Display: Worker (11/13): shaders left to compile 1
[2020.11.30-18.33.40:983][ 45]LogStaticMesh: Built static mesh [0.01s] /Game/MyContent/Models/Assets/Models/Estacoes/LinhaAzul/EstacaoSumare/Sumare/Sumare.Sumare
[2020.11.30-18.33.40:987][ 45]LogMaterial: Display: Missing cached shader map for material Plataforma_Sumare_VidroMat, compiling. 
[2020.11.30-18.33.41:034][ 45]LogMaterial: Display: Missing cached shader map for material Sumare_Saida_PisoMat, compiling. 
[2020.11.30-18.33.41:051][ 45]LogMaterial: Display: Missing cached shader map for material Sumare_Saida_PilarMat, compiling. 
[2020.11.30-18.33.41:068][ 45]LogMaterial: Display: Missing cached shader map for material Plataforma_Sumare_MetalMat, compiling. 
[2020.11.30-18.33.41:082][ 45]LogStaticMesh: Building static mesh Plataforma_Sumare_Vidro_Prot...
[2020.11.30-18.33.41:086][ 45]LogShaderCompilers: Display: Worker (12/13): shaders left to compile 124
[2020.11.30-18.33.41:086][ 45]LogStaticMesh: Built static mesh [0.00s] /Game/MyContent/Models/Assets/Models/Estacoes/LinhaAzul/EstacaoSumare/Plataforma_Sumare_Vidro_Prot/Plataforma_Sumare_Vidro_Prot.Plataforma_Sumare_Vidro_Prot
[2020.11.30-18.33.41:088][ 45]LogStaticMesh: Building static mesh Plataforma_Sumare_Saida...
[2020.11.30-18.33.41:093][ 45]LogStaticMesh: Built static mesh [0.00s] /Game/MyContent/Models/Assets/Models/Estacoes/LinhaAzul/EstacaoSumare/Plataforma_Sumare_Saida/Plataforma_Sumare_Saida.Plataforma_Sumare_Saida
[2020.11.30-18.33.41:093][ 45]LogStaticMesh: Building static mesh Sumare_Bilheteria...
[2020.11.30-18.33.41:102][ 45]LogStaticMesh: Built static mesh [0.01s] /Game/MyContent/Models/Assets/Models/Estacoes/LinhaAzul/EstacaoSumare/Plataforma_Sumare_Bilheteria/Sumare_Bilheteria.Sumare_Bilheteria
[2020.11.30-18.33.41:106][ 45]LogMaterial: Display: Missing cached shader map for material Sumare_BilheteriaMat, compiling. 
[2020.11.30-18.33.41:163][ 45]LogStaticMesh: Building static mesh Sumare_Bar...
[2020.11.30-18.33.41:184][ 45]LogStaticMesh: Built static mesh [0.02s] /Game/MyContent/Models/Assets/Models/Estacoes/LinhaAzul/EstacaoSumare/Sumare_Barreira/Sumare_Bar.Sumare_Bar
[2020.11.30-18.33.41:191][ 45]LogMaterial: Display: Missing cached shader map for material Sumare_PisoMat, compiling. 
[2020.11.30-18.33.41:365][ 45]LogShaderCompilers: Display: Worker (11/13): shaders left to compile 167
[2020.11.30-18.33.41:844][ 45]LogShaderCompilers: Display: Worker (3/13): shaders left to compile 157
[2020.11.30-18.33.41:844][ 45]LogAIModule: Creating AISystem for world EstacaoSumare
[2020.11.30-18.33.41:871][ 45]LogAssetEditorManager: Opening Asset editor for World /Game/MyContent/Maps/Estações/LinhaVerde/EstacaoSumare.EstacaoSumare
[2020.11.30-18.33.41:943][ 45]LogUObjectHash: Compacting FUObjectHashTables data took   8.65ms
[2020.11.30-18.33.41:944][ 45]LightingResults: New page: Lighting Build
[2020.11.30-18.33.41:951][ 45]LoadErrors: New page: Loading map: EstacaoSumare.umap
[2020.11.30-18.33.41:978][ 45]LogShaderCompilers: Display: Worker (1/13): shaders left to compile 147
[2020.11.30-18.33.42:078][ 45]LogWorld: UWorld::CleanupWorld for World_6, bSessionEnded=true, bCleanupResources=true
[2020.11.30-18.33.42:225][ 45]LogWorld: UWorld::CleanupWorld for EstacaoMasp, bSessionEnded=true, bCleanupResources=true
[2020.11.30-18.33.42:226][ 45]MapCheck: New page: Map Check
[2020.11.30-18.33.42:226][ 45]LightingResults: New page: Lighting Build
[2020.11.30-18.33.42:330][ 45]LogUObjectHash: Compacting FUObjectHashTables data took   6.36ms
[2020.11.30-18.33.42:659][ 45]LogShaderCompilers: Display: Worker (2/13): shaders left to compile 137
[2020.11.30-18.33.42:659][ 45]LogShaderCompilers: Display: Worker (10/13): shaders left to compile 127
[2020.11.30-18.33.42:662][ 45]LogEditorServer: Finished looking for orphan Actors (0.000 secs)
[2020.11.30-18.33.42:758][ 45]LogUObjectHash: Compacting FUObjectHashTables data took   4.49ms
[2020.11.30-18.33.42:844][ 45]Cmd: MAP CHECKDEP NOCLEARLOG
[2020.11.30-18.33.42:844][ 45]MapCheck: Map check complete: 0 Error(s), 0 Warning(s), took 0.193ms to complete.
[2020.11.30-18.33.42:844][ 45]LogFileHelpers: Loading map 'EstacaoSumare' took 0.900
[2020.11.30-18.33.42:936][ 45]LogShaderCompilers: Display: Worker (7/13): shaders left to compile 117
[2020.11.30-18.33.42:936][ 45]LogShaderCompilers: Display: Worker (8/13): shaders left to compile 107
[2020.11.30-18.33.43:382][ 45]LogShaderCompilers: Display: Worker (4/13): shaders left to compile 97
[2020.11.30-18.33.43:382][ 45]LogShaderCompilers: Display: Worker (5/13): shaders left to compile 88
[2020.11.30-18.33.43:382][ 45]LogShaderCompilers: Display: Worker (6/13): shaders left to compile 79
[2020.11.30-18.33.43:382][ 45]LogShaderCompilers: Display: Worker (9/13): shaders left to compile 70
[2020.11.30-18.33.43:382][ 45]LogShaderCompilers: Display: Worker (12/13): shaders left to compile 61
[2020.11.30-18.33.45:208][156]LogShaderCompilers: Display: Worker (2/13): shaders left to compile 55
[2020.11.30-18.33.45:366][169]LogShaderCompilers: Display: Worker (8/13): shaders left to compile 50
[2020.11.30-18.33.45:742][197]LogShaderCompilers: Display: Worker (6/13): shaders left to compile 45
[2020.11.30-18.33.45:790][201]LogShaderCompilers: Display: Worker (11/13): shaders left to compile 41
[2020.11.30-18.33.45:790][201]LogShaderCompilers: Display: Worker (12/13): shaders left to compile 37
[2020.11.30-18.33.46:467][250]LogShaderCompilers: Display: Worker (2/13): shaders left to compile 33
[2020.11.30-18.33.46:582][259]LogShaderCompilers: Display: Worker (9/13): shaders left to compile 30
[2020.11.30-18.33.46:620][262]LogShaderCompilers: Display: Worker (1/13): shaders left to compile 27
[2020.11.30-18.33.46:657][265]LogShaderCompilers: Display: Worker (8/13): shaders left to compile 24
[2020.11.30-18.33.47:134][301]LogShaderCompilers: Display: Worker (3/13): shaders left to compile 21
[2020.11.30-18.33.47:208][307]LogShaderCompilers: Display: Worker (2/13): shaders left to compile 19
[2020.11.30-18.33.47:498][321]LogShaderCompilers: Display: Worker (5/13): shaders left to compile 17
[2020.11.30-18.33.47:498][321]LogShaderCompilers: Display: Worker (9/13): shaders left to compile 15
[2020.11.30-18.33.47:536][324]LogShaderCompilers: Display: Worker (7/13): shaders left to compile 13
[2020.11.30-18.33.47:557][326]LogShaderCompilers: Display: Worker (6/13): shaders left to compile 11
[2020.11.30-18.33.47:589][329]LogShaderCompilers: Display: Worker (1/13): shaders left to compile 10
[2020.11.30-18.33.47:606][330]LogShaderCompilers: Display: Worker (4/13): shaders left to compile 9
[2020.11.30-18.33.47:623][331]LogShaderCompilers: Display: Worker (10/13): shaders left to compile 8
[2020.11.30-18.33.47:679][333]LogShaderCompilers: Display: Worker (8/13): shaders left to compile 7
[2020.11.30-18.33.47:697][333]LogShaderCompilers: Display: Worker (12/13): shaders left to compile 6
[2020.11.30-18.33.47:854][340]LogShaderCompilers: Display: Worker (11/13): shaders left to compile 5
[2020.11.30-18.33.47:957][345]LogShaderCompilers: Display: Worker (6/13): shaders left to compile 4
[2020.11.30-18.33.48:003][348]LogShaderCompilers: Display: Worker (10/13): shaders left to compile 3
[2020.11.30-18.33.48:174][359]LogShaderCompilers: Display: Worker (1/13): shaders left to compile 2
[2020.11.30-18.33.48:210][362]LogShaderCompilers: Display: Worker (4/13): shaders left to compile 1
[2020.11.30-18.34.06:271][ 84]LogEditorViewport: Clicking on Actor (LMB): StaticMeshActor (Plataforma_Sumare3)
[2020.11.30-18.34.08:266][195]LogSlate: FSceneViewport::OnFocusLost() reason 0
[2020.11.30-18.34.08:471][209]LogAssetEditorManager: Opening Asset editor for StaticMesh /Game/MyContent/Models/Assets/Models/Estacoes/LinhaAzul/EstacaoSumare/Sumare/Sumare.Sumare
[2020.11.30-18.34.50:226][425]LogSlate: FSceneViewport::OnFocusLost() reason 0
[2020.11.30-18.34.50:399][440]LogSavePackage: Moving '../../../../../../Users/leoda/Desktop/DaCertoPorra/TCC-Sobrevivendo-Ao-Inferno/Tentativa4/Saved/SumareFBE3DF3E4F2077907A1EB8A2A9160B0B.tmp' to '../../../../../../Users/leoda/Desktop/DaCertoPorra/TCC-Sobrevivendo-Ao-Inferno/Tentativa4/Content/MyContent/Models/Assets/Models/Estacoes/LinhaAzul/EstacaoSumare/Sumare/Sumare.uasset'
[2020.11.30-18.34.53:052][643]LogWorld: UWorld::CleanupWorld for World_9, bSessionEnded=true, bCleanupResources=true
[2020.11.30-18.34.53:810][722]LogWorld: UWorld::CleanupWorld for World_7, bSessionEnded=true, bCleanupResources=true
[2020.11.30-18.36.32:510][309]LogEditorViewport: Clicking on Actor (LMB): StaticMeshActor (Plataforma_Sumare_Saida2)
[2020.11.30-18.36.35:586][610]LogSlate: FSceneViewport::OnFocusLost() reason 0
[2020.11.30-18.36.35:775][625]LogAssetEditorManager: Opening Asset editor for StaticMesh /Game/MyContent/Models/Assets/Models/Estacoes/LinhaAzul/EstacaoSumare/Plataforma_Sumare_Saida/Plataforma_Sumare_Saida.Plataforma_Sumare_Saida
[2020.11.30-18.36.41:441][ 66]LogSlate: FSceneViewport::OnFocusLost() reason 2
[2020.11.30-18.37.18:004][105]LogSlate: FSceneViewport::OnFocusLost() reason 0
[2020.11.30-18.37.18:173][119]LogSavePackage: Moving '../../../../../../Users/leoda/Desktop/DaCertoPorra/TCC-Sobrevivendo-Ao-Inferno/Tentativa4/Saved/Plataforma_Sumare_SaidaC9B1F90649C29D6C257FBAB8A1359540.tmp' to '../../../../../../Users/leoda/Desktop/DaCertoPorra/TCC-Sobrevivendo-Ao-Inferno/Tentativa4/Content/MyContent/Models/Assets/Models/Estacoes/LinhaAzul/EstacaoSumare/Plataforma_Sumare_Saida/Plataforma_Sumare_Saida.uasset'
[2020.11.30-18.37.20:399][310]LogSlate: Window 'Plataforma_Sumare_Saida' being destroyed
[2020.11.30-18.37.20:430][310]LogWorld: UWorld::CleanupWorld for World_10, bSessionEnded=true, bCleanupResources=true
[2020.11.30-18.38.00:968][147]LogEditorViewport: Clicking on Actor (LMB): StaticMeshActor (Escada_Rolante_Simples_CP)
[2020.11.30-18.38.26:235][137]Cmd: SELECT NONE
[2020.11.30-18.38.34:552][128]LogEditorViewport: Clicking on Actor (LMB): StaticMeshActor (Escada_Rolante_Simples_CP2)
[2020.11.30-18.38.52:413][247]LogEditorViewport: Clicking on Actor (LMB): StaticMeshActor (Plataforma_Sumare_Bilheteria)
[2020.11.30-18.38.53:853][407]LogEditorViewport: Clicking on Actor (LMB): StaticMeshActor (Plataforma_Sumare_Bilheteria)
[2020.11.30-18.39.05:428][788]LogSlate: FSceneViewport::OnFocusLost() reason 0
[2020.11.30-18.39.05:617][803]LogUObjectHash: Compacting FUObjectHashTables data took   4.17ms
[2020.11.30-18.39.07:189][803]LogSlate: Window 'Save Content' being destroyed
[2020.11.30-18.39.07:248][803]LogUObjectHash: Compacting FUObjectHashTables data took   2.87ms
[2020.11.30-18.39.07:454][803]LogSavePackage: Moving '../../../../../../Users/leoda/Desktop/DaCertoPorra/TCC-Sobrevivendo-Ao-Inferno/Tentativa4/Saved/EstacaoSumare34E5280A42F45B64A2326593FC49FC7F.tmp' to '../../../../../../Users/leoda/Desktop/DaCertoPorra/TCC-Sobrevivendo-Ao-Inferno/Tentativa4/Content/MyContent/Maps/Estações/LinhaVerde/EstacaoSumare.umap'
[2020.11.30-18.39.07:513][803]LogFileHelpers: Saving map 'EstacaoSumare' took 0.312
[2020.11.30-18.39.09:839][ 40]LogAssetEditorManager: Opening Asset editor for StaticMesh /Game/MyContent/Models/Assets/Models/Estacoes/LinhaAzul/EstacaoSumare/Plataforma_Sumare_Bilheteria/Sumare_Bilheteria.Sumare_Bilheteria
[2020.11.30-18.39.19:140][760]LogSlate: FSceneViewport::OnFocusLost() reason 2
[2020.11.30-18.40.28:433][220]LogEditorTransaction: Undo Translate Collision
[2020.11.30-18.40.28:846][245]LogEditorTransaction: Undo Translate Collision
[2020.11.30-18.40.30:408][364]LogEditorTransaction: Undo Translate Collision
[2020.11.30-18.43.01:960][760]LogSlate: FSceneViewport::OnFocusLost() reason 0
[2020.11.30-18.43.02:137][772]LogSavePackage: Moving '../../../../../../Users/leoda/Desktop/DaCertoPorra/TCC-Sobrevivendo-Ao-Inferno/Tentativa4/Saved/Sumare_BilheteriaE514272B47E47062233E459DB6D093DE.tmp' to '../../../../../../Users/leoda/Desktop/DaCertoPorra/TCC-Sobrevivendo-Ao-Inferno/Tentativa4/Content/MyContent/Models/Assets/Models/Estacoes/LinhaAzul/EstacaoSumare/Plataforma_Sumare_Bilheteria/Sumare_Bilheteria.uasset'
[2020.11.30-18.43.03:672][898]LogSlate: Window 'Sumare_Bilheteria' being destroyed
[2020.11.30-18.43.03:705][898]LogWorld: UWorld::CleanupWorld for World_11, bSessionEnded=true, bCleanupResources=true
[2020.11.30-18.43.12:382][903]LogSlate: FSceneViewport::OnFocusLost() reason 0
[2020.11.30-18.43.12:551][920]LogUObjectHash: Compacting FUObjectHashTables data took   2.86ms
[2020.11.30-18.43.32:613][306]LogSlate: FSceneViewport::OnFocusLost() reason 0
[2020.11.30-18.44.23:534][344]LogSlate: FSceneViewport::OnFocusLost() reason 2
[2020.11.30-18.44.41:682][496]LogSlate: FSceneViewport::OnFocusLost() reason 0
[2020.11.30-18.44.41:823][510]LogUObjectHash: Compacting FUObjectHashTables data took   2.54ms
[2020.11.30-18.44.43:225][510]LogSlate: Window 'Save Content' being destroyed
[2020.11.30-18.44.43:233][510]LogSlate: FSceneViewport::OnFocusLost() reason 5
[2020.11.30-18.44.43:266][510]LogUObjectHash: Compacting FUObjectHashTables data took   0.91ms
[2020.11.30-18.44.43:472][510]LogSavePackage: Moving '../../../../../../Users/leoda/Desktop/DaCertoPorra/TCC-Sobrevivendo-Ao-Inferno/Tentativa4/Saved/EstacaoSumare9012ADCC463CA5B682031099A83678BB.tmp' to '../../../../../../Users/leoda/Desktop/DaCertoPorra/TCC-Sobrevivendo-Ao-Inferno/Tentativa4/Content/MyContent/Maps/Estações/LinhaVerde/EstacaoSumare.umap'
[2020.11.30-18.44.43:533][510]LogFileHelpers: Saving map 'EstacaoSumare' took 0.296
