Log file open, 11/30/20 14:09:45
LogWindows: Failed to load 'aqProf.dll' (GetLastError=126)
LogWindows: File 'aqProf.dll' does not exist
LogWindows: Failed to load 'VtuneApi.dll' (GetLastError=126)
LogWindows: File 'VtuneApi.dll' does not exist
LogWindows: Failed to load 'VtuneApi32e.dll' (GetLastError=126)
LogWindows: File 'VtuneApi32e.dll' does not exist
LogConsoleResponse: Display: Failed to find resolution value strings in scalability ini. Falling back to default.
LogInit: Display: Running engine for game: Tentativa4
LogPlatformFile: Not using cached read wrapper
LogTaskGraph: Started task graph with 5 named threads and 23 total threads with 3 sets of task threads.
LogStats: Stats thread started at 0.080870
LogD3D11RHI: Loaded GFSDK_Aftermath_Lib.x64.dll
LogICUInternationalization: ICU TimeZone Detection - Raw Offset: -3:00, Platform Override: ''
LogPluginManager: Mounting plugin Paper2D
LogPluginManager: Mounting plugin AISupport
LogPluginManager: Mounting plugin LightPropagationVolume
LogPluginManager: Mounting plugin ActorLayerUtilities
LogPluginManager: Mounting plugin AnimationSharing
LogPluginManager: Mounting plugin CLionSourceCodeAccess
LogPluginManager: Mounting plugin CodeLiteSourceCodeAccess
LogPluginManager: Mounting plugin GitSourceControl
LogPluginManager: Mounting plugin KDevelopSourceCodeAccess
LogPluginManager: Mounting plugin NullSourceCodeAccess
LogPluginManager: Mounting plugin PerforceSourceControl
LogPluginManager: Mounting plugin SubversionSourceControl
LogPluginManager: Mounting plugin UObjectPlugin
LogPluginManager: Mounting plugin VisualStudioCodeSourceCodeAccess
LogPluginManager: Mounting plugin VisualStudioSourceCodeAccess
LogPluginManager: Mounting plugin XCodeSourceCodeAccess
LogPluginManager: Mounting plugin AssetManagerEditor
LogPluginManager: Mounting plugin CryptoKeys
LogPluginManager: Mounting plugin CurveEditorTools
LogPluginManager: Mounting plugin DataValidation
LogPluginManager: Mounting plugin FacialAnimation
LogPluginManager: Mounting plugin GameplayTagsEditor
LogPluginManager: Mounting plugin MacGraphicsSwitching
LogPluginManager: Mounting plugin MaterialAnalyzer
LogPluginManager: Mounting plugin MobileLauncherProfileWizard
LogPluginManager: Mounting plugin PluginBrowser
LogPluginManager: Mounting plugin SpeedTreeImporter
LogPluginManager: Mounting plugin DatasmithContent
LogPluginManager: Mounting plugin VariantManagerContent
LogPluginManager: Mounting plugin AlembicImporter
LogPluginManager: Mounting plugin AutomationUtils
LogPluginManager: Mounting plugin BackChannel
LogPluginManager: Mounting plugin CharacterAI
LogPluginManager: Mounting plugin GeometryCache
LogPluginManager: Mounting plugin HTML5Networking
LogPluginManager: Mounting plugin PlatformCrypto
LogPluginManager: Mounting plugin ProxyLODPlugin
LogPluginManager: Mounting plugin SkeletalReduction
LogPluginManager: Mounting plugin MagicLeap
LogPluginManager: Mounting plugin MagicLeapMedia
LogPluginManager: Mounting plugin AndroidMedia
LogPluginManager: Mounting plugin AvfMedia
LogPluginManager: Mounting plugin ImgMedia
LogPluginManager: Mounting plugin MediaCompositing
LogPluginManager: Mounting plugin MediaPlayerEditor
LogPluginManager: Mounting plugin WebMMedia
LogPluginManager: Mounting plugin WmfMedia
LogPluginManager: Mounting plugin TcpMessaging
LogPluginManager: Mounting plugin UdpMessaging
LogPluginManager: Mounting plugin ActorSequence
LogPluginManager: Mounting plugin LevelSequenceEditor
LogPluginManager: Mounting plugin MatineeToLevelSequence
LogPluginManager: Mounting plugin NetcodeUnitTest
LogPluginManager: Mounting plugin NUTUnrealEngine4
LogPluginManager: Mounting plugin OnlineSubsystemGooglePlay
LogPluginManager: Mounting plugin OnlineSubsystemIOS
LogPluginManager: Mounting plugin OnlineSubsystem
LogPluginManager: Mounting plugin OnlineSubsystemNull
LogPluginManager: Mounting plugin OnlineSubsystemUtils
LogPluginManager: Mounting plugin LauncherChunkInstaller
LogPluginManager: Mounting plugin AndroidDeviceProfileSelector
LogPluginManager: Mounting plugin AndroidMoviePlayer
LogPluginManager: Mounting plugin AndroidPermission
LogPluginManager: Mounting plugin AppleImageUtils
LogPluginManager: Mounting plugin AppleMoviePlayer
LogPluginManager: Mounting plugin ArchVisCharacter
LogPluginManager: Mounting plugin AudioCapture
LogPluginManager: Mounting plugin CableComponent
LogPluginManager: Mounting plugin CustomMeshComponent
LogPluginManager: Mounting plugin EditableMesh
LogPluginManager: Mounting plugin ExampleDeviceProfileSelector
LogPluginManager: Mounting plugin GoogleCloudMessaging
LogPluginManager: Mounting plugin IOSDeviceProfileSelector
LogPluginManager: Mounting plugin LinuxDeviceProfileSelector
LogPluginManager: Mounting plugin LocationServicesBPLibrary
LogPluginManager: Mounting plugin MobilePatchingUtils
LogPluginManager: Mounting plugin OculusVR
LogPluginManager: Mounting plugin PhysXVehicles
LogPluginManager: Mounting plugin ProceduralMeshComponent
LogPluginManager: Mounting plugin RuntimePhysXCooking
LogPluginManager: Mounting plugin SignificanceManager
LogPluginManager: Mounting plugin SteamVR
LogPluginManager: Mounting plugin WebMMoviePlayer
LogPluginManager: Mounting plugin WindowsMoviePlayer
LogPluginManager: Mounting plugin ScreenshotTools
LogInit: Using libcurl 7.55.1-DEV
LogInit:  - built for x86_64-pc-win32
LogInit:  - supports SSL with OpenSSL/1.1.1
LogInit:  - supports HTTP deflate (compression) using libz 1.2.8
LogInit:  - other features:
LogInit:      CURL_VERSION_SSL
LogInit:      CURL_VERSION_LIBZ
LogInit:      CURL_VERSION_IPV6
LogInit:      CURL_VERSION_ASYNCHDNS
LogInit:      CURL_VERSION_LARGEFILE
LogInit:      CURL_VERSION_IDN
LogInit:  CurlRequestOptions (configurable via config and command line):
LogInit:  - bVerifyPeer = true  - Libcurl will verify peer certificate
LogInit:  - bUseHttpProxy = false  - Libcurl will NOT use HTTP proxy
LogInit:  - bDontReuseConnections = false  - Libcurl will reuse connections
LogInit:  - MaxHostConnections = 16  - Libcurl will limit the number of connections to a host
LogInit:  - LocalHostAddr = Default
LogInit:  - BufferSize = 65536
LogOnline: OSS: Creating online subsystem instance for: NULL
LogInit: WinSock: version 1.1 (2.2), MaxSocks=32767, MaxUdp=65467
LogInit: Build: ++UE4+Release-4.23-CL-9631420
LogInit: Engine Version: 4.23.1-9631420+++UE4+Release-4.23
LogInit: Compatible Engine Version: 4.23.0-8386587+++UE4+Release-4.23
LogInit: Net CL: 8386587
LogInit: OS: Windows 10 (Release 2004) (), CPU: Intel(R) Core(TM) i7-6700K CPU @ 4.00GHz, GPU: Intel(R) HD Graphics 530
LogInit: Compiled (64-bit): Oct 18 2019 02:07:44
LogInit: Compiled with Visual C++: 19.16.27030.01
LogInit: Build Configuration: Development
LogInit: Branch Name: ++UE4+Release-4.23
LogInit: Command Line: 
LogInit: Base Directory: E:/UE_4.23/Engine/Binaries/Win64/
LogInit: Installed Engine Build: 1
LogDevObjectVersion: Number of dev versions registered: 23
LogDevObjectVersion:   Dev-Blueprints (B0D832E4-1F89-4F0D-ACCF-7EB736FD4AA2): 10
LogDevObjectVersion:   Dev-Build (E1C64328-A22C-4D53-A36C-8E866417BD8C): 0
LogDevObjectVersion:   Dev-Core (375EC13C-06E4-48FB-B500-84F0262A717E): 3
LogDevObjectVersion:   Dev-Editor (E4B068ED-F494-42E9-A231-DA0B2E46BB41): 34
LogDevObjectVersion:   Dev-Framework (CFFC743F-43B0-4480-9391-14DF171D2073): 35
LogDevObjectVersion:   Dev-Mobile (B02B49B5-BB20-44E9-A304-32B752E40360): 2
LogDevObjectVersion:   Dev-Networking (A4E4105C-59A1-49B5-A7C5-40C4547EDFEE): 0
LogDevObjectVersion:   Dev-Online (39C831C9-5AE6-47DC-9A44-9C173E1C8E7C): 0
LogDevObjectVersion:   Dev-Physics (78F01B33-EBEA-4F98-B9B4-84EACCB95AA2): 0
LogDevObjectVersion:   Dev-Platform (6631380F-2D4D-43E0-8009-CF276956A95A): 0
LogDevObjectVersion:   Dev-Rendering (12F88B9F-8875-4AFC-A67C-D90C383ABD29): 31
LogDevObjectVersion:   Dev-Sequencer (7B5AE74C-D270-4C10-A958-57980B212A5A): 11
LogDevObjectVersion:   Dev-VR (D7296918-1DD6-4BDD-9DE2-64A83CC13884): 2
LogDevObjectVersion:   Dev-LoadTimes (C2A15278-BFE7-4AFE-6C17-90FF531DF755): 1
LogDevObjectVersion:   Private-Geometry (6EACA3D4-40EC-4CC1-B786-8BED09428FC5): 3
LogDevObjectVersion:   Dev-AnimPhys (29E575DD-E0A3-4627-9D10-D276232CDCEA): 17
LogDevObjectVersion:   Dev-Anim (AF43A65D-7FD3-4947-9873-3E8ED9C1BB05): 2
LogDevObjectVersion:   Dev-ReflectionCapture (6B266CEC-1EC7-4B8F-A30B-E4D90942FC07): 1
LogDevObjectVersion:   Dev-Automation (0DF73D61-A23F-47EA-B727-89E90C41499A): 1
LogDevObjectVersion:   FortniteMain (601D1886-AC64-4F84-AA16-D3DE0DEAC7D6): 27
LogDevObjectVersion:   Dev-Enterprise (9DFFBCD6-494F-0158-E221-12823C92A888): 6
LogDevObjectVersion:   Dev-Niagara (F2AED0AC-9AFE-416F-8664-AA7FFA26D6FC): 1
LogDevObjectVersion:   Dev-Destruction (174F1F0B-B4C6-45A5-B13F-2EE8D0FB917D): 9
LogInit: Presizing for max 16777216 objects, including 0 objects not considered by GC, pre-allocating 0 bytes for permanent pool.
LogInit: Object subsystem initialized
LogConfig: Setting CVar [[con.DebugEarlyDefault:1]]
LogConfig: Setting CVar [[r.setres:1280x720]]
[2020.11.30-17.09.47:201][  0]LogConfig: Setting CVar [[r.VSync:0]]
[2020.11.30-17.09.47:201][  0]LogConfig: Setting CVar [[r.RHICmdBypass:0]]
[2020.11.30-17.09.47:237][  0]LogConfig: Applying CVar settings from Section [/Script/Engine.RendererSettings] File [C:/Users/salles/Desktop/test/TCC-Sobrevivendo-Ao-Inferno/Tentativa4/Saved/Config/Windows/Engine.ini]
[2020.11.30-17.09.47:237][  0]LogConfig: Setting CVar [[r.GPUCrashDebugging:0]]
[2020.11.30-17.09.47:237][  0]LogConfig: Applying CVar settings from Section [/Script/Engine.RendererOverrideSettings] File [C:/Users/salles/Desktop/test/TCC-Sobrevivendo-Ao-Inferno/Tentativa4/Saved/Config/Windows/Engine.ini]
[2020.11.30-17.09.47:237][  0]LogConfig: Applying CVar settings from Section [/Script/Engine.StreamingSettings] File [C:/Users/salles/Desktop/test/TCC-Sobrevivendo-Ao-Inferno/Tentativa4/Saved/Config/Windows/Engine.ini]
[2020.11.30-17.09.47:237][  0]LogConfig: Setting CVar [[s.MinBulkDataSizeForAsyncLoading:131072]]
[2020.11.30-17.09.47:237][  0]LogConfig: Setting CVar [[s.AsyncLoadingThreadEnabled:0]]
[2020.11.30-17.09.47:237][  0]LogConfig: Setting CVar [[s.EventDrivenLoaderEnabled:1]]
[2020.11.30-17.09.47:237][  0]LogConfig: Setting CVar [[s.WarnIfTimeLimitExceeded:0]]
[2020.11.30-17.09.47:237][  0]LogConfig: Setting CVar [[s.TimeLimitExceededMultiplier:1.5]]
[2020.11.30-17.09.47:237][  0]LogConfig: Setting CVar [[s.TimeLimitExceededMinTime:0.005]]
[2020.11.30-17.09.47:237][  0]LogConfig: Setting CVar [[s.UseBackgroundLevelStreaming:1]]
[2020.11.30-17.09.47:237][  0]LogConfig: Setting CVar [[s.PriorityAsyncLoadingExtraTime:15.0]]
[2020.11.30-17.09.47:237][  0]LogConfig: Setting CVar [[s.LevelStreamingActorsUpdateTimeLimit:5.0]]
[2020.11.30-17.09.47:237][  0]LogConfig: Setting CVar [[s.PriorityLevelStreamingActorsUpdateExtraTime:5.0]]
[2020.11.30-17.09.47:237][  0]LogConfig: Setting CVar [[s.LevelStreamingComponentsRegistrationGranularity:10]]
[2020.11.30-17.09.47:237][  0]LogConfig: Setting CVar [[s.UnregisterComponentsTimeLimit:1.0]]
[2020.11.30-17.09.47:238][  0]LogConfig: Setting CVar [[s.LevelStreamingComponentsUnregistrationGranularity:5]]
[2020.11.30-17.09.47:238][  0]LogConfig: Applying CVar settings from Section [/Script/Engine.GarbageCollectionSettings] File [C:/Users/salles/Desktop/test/TCC-Sobrevivendo-Ao-Inferno/Tentativa4/Saved/Config/Windows/Engine.ini]
[2020.11.30-17.09.47:238][  0]LogConfig: Setting CVar [[gc.MaxObjectsNotConsideredByGC:1]]
[2020.11.30-17.09.47:238][  0]LogConfig: Setting CVar [[gc.SizeOfPermanentObjectPool:0]]
[2020.11.30-17.09.47:238][  0]LogConfig: Setting CVar [[gc.FlushStreamingOnGC:0]]
[2020.11.30-17.09.47:238][  0]LogConfig: Setting CVar [[gc.NumRetriesBeforeForcingGC:10]]
[2020.11.30-17.09.47:238][  0]LogConfig: Setting CVar [[gc.AllowParallelGC:1]]
[2020.11.30-17.09.47:238][  0]LogConfig: Setting CVar [[gc.TimeBetweenPurgingPendingKillObjects:61.1]]
[2020.11.30-17.09.47:238][  0]LogConfig: Setting CVar [[gc.MaxObjectsInEditor:16777216]]
[2020.11.30-17.09.47:238][  0]LogConfig: Setting CVar [[gc.IncrementalBeginDestroyEnabled:1]]
[2020.11.30-17.09.47:238][  0]LogConfig: Setting CVar [[gc.CreateGCClusters:1]]
[2020.11.30-17.09.47:238][  0]LogConfig: Setting CVar [[gc.MinGCClusterSize:5]]
[2020.11.30-17.09.47:238][  0]LogConfig: Setting CVar [[gc.ActorClusteringEnabled:0]]
[2020.11.30-17.09.47:238][  0]LogConfig: Setting CVar [[gc.BlueprintClusteringEnabled:0]]
[2020.11.30-17.09.47:238][  0]LogConfig: Setting CVar [[gc.UseDisregardForGCOnDedicatedServers:0]]
[2020.11.30-17.09.47:238][  0]LogConfig: Applying CVar settings from Section [/Script/Engine.NetworkSettings] File [C:/Users/salles/Desktop/test/TCC-Sobrevivendo-Ao-Inferno/Tentativa4/Saved/Config/Windows/Engine.ini]
[2020.11.30-17.09.47:238][  0]LogConfig: Applying CVar settings from Section [/Script/UnrealEd.CookerSettings] File [C:/Users/salles/Desktop/test/TCC-Sobrevivendo-Ao-Inferno/Tentativa4/Saved/Config/Windows/Engine.ini]
[2020.11.30-17.09.47:335][  0]LogConfig: Applying CVar settings from Section [ViewDistanceQuality@3] File [C:/Users/salles/Desktop/test/TCC-Sobrevivendo-Ao-Inferno/Tentativa4/Saved/Config/Windows/Scalability.ini]
[2020.11.30-17.09.47:335][  0]LogConfig: Setting CVar [[r.SkeletalMeshLODBias:0]]
[2020.11.30-17.09.47:335][  0]LogConfig: Setting CVar [[r.ViewDistanceScale:1.0]]
[2020.11.30-17.09.47:335][  0]LogConfig: Applying CVar settings from Section [AntiAliasingQuality@3] File [C:/Users/salles/Desktop/test/TCC-Sobrevivendo-Ao-Inferno/Tentativa4/Saved/Config/Windows/Scalability.ini]
[2020.11.30-17.09.47:335][  0]LogConfig: Setting CVar [[r.PostProcessAAQuality:4]]
[2020.11.30-17.09.47:335][  0]LogConfig: Applying CVar settings from Section [ShadowQuality@3] File [C:/Users/salles/Desktop/test/TCC-Sobrevivendo-Ao-Inferno/Tentativa4/Saved/Config/Windows/Scalability.ini]
[2020.11.30-17.09.47:335][  0]LogConfig: Setting CVar [[r.LightFunctionQuality:1]]
[2020.11.30-17.09.47:335][  0]LogConfig: Setting CVar [[r.ShadowQuality:5]]
[2020.11.30-17.09.47:335][  0]LogConfig: Setting CVar [[r.Shadow.CSM.MaxCascades:10]]
[2020.11.30-17.09.47:335][  0]LogConfig: Setting CVar [[r.Shadow.MaxResolution:2048]]
[2020.11.30-17.09.47:335][  0]LogConfig: Setting CVar [[r.Shadow.MaxCSMResolution:2048]]
[2020.11.30-17.09.47:335][  0]LogConfig: Setting CVar [[r.Shadow.RadiusThreshold:0.01]]
[2020.11.30-17.09.47:335][  0]LogConfig: Setting CVar [[r.Shadow.DistanceScale:1.0]]
[2020.11.30-17.09.47:335][  0]LogConfig: Setting CVar [[r.Shadow.CSM.TransitionScale:1.0]]
[2020.11.30-17.09.47:335][  0]LogConfig: Setting CVar [[r.Shadow.PreShadowResolutionFactor:1.0]]
[2020.11.30-17.09.47:335][  0]LogConfig: Setting CVar [[r.DistanceFieldShadowing:1]]
[2020.11.30-17.09.47:335][  0]LogConfig: Setting CVar [[r.DistanceFieldAO:1]]
[2020.11.30-17.09.47:335][  0]LogConfig: Setting CVar [[r.AOQuality:2]]
[2020.11.30-17.09.47:335][  0]LogConfig: Setting CVar [[r.VolumetricFog:1]]
[2020.11.30-17.09.47:335][  0]LogConfig: Setting CVar [[r.VolumetricFog.GridPixelSize:8]]
[2020.11.30-17.09.47:335][  0]LogConfig: Setting CVar [[r.VolumetricFog.GridSizeZ:128]]
[2020.11.30-17.09.47:335][  0]LogConfig: Setting CVar [[r.VolumetricFog.HistoryMissSupersampleCount:4]]
[2020.11.30-17.09.47:335][  0]LogConfig: Setting CVar [[r.LightMaxDrawDistanceScale:1]]
[2020.11.30-17.09.47:335][  0]LogConfig: Setting CVar [[r.CapsuleShadows:1]]
[2020.11.30-17.09.47:335][  0]LogConfig: Applying CVar settings from Section [PostProcessQuality@3] File [C:/Users/salles/Desktop/test/TCC-Sobrevivendo-Ao-Inferno/Tentativa4/Saved/Config/Windows/Scalability.ini]
[2020.11.30-17.09.47:335][  0]LogConfig: Setting CVar [[r.MotionBlurQuality:4]]
[2020.11.30-17.09.47:335][  0]LogConfig: Setting CVar [[r.AmbientOcclusionMipLevelFactor:0.4]]
[2020.11.30-17.09.47:335][  0]LogConfig: Setting CVar [[r.AmbientOcclusionMaxQuality:100]]
[2020.11.30-17.09.47:335][  0]LogConfig: Setting CVar [[r.AmbientOcclusionLevels:-1]]
[2020.11.30-17.09.47:335][  0]LogConfig: Setting CVar [[r.AmbientOcclusionRadiusScale:1.0]]
[2020.11.30-17.09.47:335][  0]LogConfig: Setting CVar [[r.DepthOfFieldQuality:2]]
[2020.11.30-17.09.47:335][  0]LogConfig: Setting CVar [[r.RenderTargetPoolMin:400]]
[2020.11.30-17.09.47:335][  0]LogConfig: Setting CVar [[r.LensFlareQuality:2]]
[2020.11.30-17.09.47:335][  0]LogConfig: Setting CVar [[r.SceneColorFringeQuality:1]]
[2020.11.30-17.09.47:335][  0]LogConfig: Setting CVar [[r.EyeAdaptationQuality:2]]
[2020.11.30-17.09.47:335][  0]LogConfig: Setting CVar [[r.BloomQuality:5]]
[2020.11.30-17.09.47:335][  0]LogConfig: Setting CVar [[r.FastBlurThreshold:100]]
[2020.11.30-17.09.47:335][  0]LogConfig: Setting CVar [[r.Upscale.Quality:3]]
[2020.11.30-17.09.47:335][  0]LogConfig: Setting CVar [[r.Tonemapper.GrainQuantization:1]]
[2020.11.30-17.09.47:335][  0]LogConfig: Setting CVar [[r.LightShaftQuality:1]]
[2020.11.30-17.09.47:335][  0]LogConfig: Setting CVar [[r.Filter.SizeScale:1]]
[2020.11.30-17.09.47:335][  0]LogConfig: Setting CVar [[r.Tonemapper.Quality:5]]
[2020.11.30-17.09.47:335][  0]LogConfig: Setting CVar [[r.DOF.Gather.AccumulatorQuality:1        ; higher gathering accumulator quality]]
[2020.11.30-17.09.47:335][  0]LogConfig: Setting CVar [[r.DOF.Gather.PostfilterMethod:1          ; Median3x3 postfilering method]]
[2020.11.30-17.09.47:335][  0]LogConfig: Setting CVar [[r.DOF.Gather.EnableBokehSettings:0       ; no bokeh simulation when gathering]]
[2020.11.30-17.09.47:335][  0]LogConfig: Setting CVar [[r.DOF.Gather.RingCount:4                 ; medium number of samples when gathering]]
[2020.11.30-17.09.47:335][  0]LogConfig: Setting CVar [[r.DOF.Scatter.ForegroundCompositing:1    ; additive foreground scattering]]
[2020.11.30-17.09.47:335][  0]LogConfig: Setting CVar [[r.DOF.Scatter.BackgroundCompositing:2    ; additive background scattering]]
[2020.11.30-17.09.47:335][  0]LogConfig: Setting CVar [[r.DOF.Scatter.EnableBokehSettings:1      ; bokeh simulation when scattering]]
[2020.11.30-17.09.47:335][  0]LogConfig: Setting CVar [[r.DOF.Scatter.MaxSpriteRatio:0.1         ; only a maximum of 10% of scattered bokeh]]
[2020.11.30-17.09.47:335][  0]LogConfig: Setting CVar [[r.DOF.Recombine.Quality:1                ; cheap slight out of focus]]
[2020.11.30-17.09.47:335][  0]LogConfig: Setting CVar [[r.DOF.Recombine.EnableBokehSettings:0    ; no bokeh simulation on slight out of focus]]
[2020.11.30-17.09.47:335][  0]LogConfig: Setting CVar [[r.DOF.TemporalAAQuality:1                ; more stable temporal accumulation]]
[2020.11.30-17.09.47:335][  0]LogConfig: Setting CVar [[r.DOF.Kernel.MaxForegroundRadius:0.025]]
[2020.11.30-17.09.47:335][  0]LogConfig: Setting CVar [[r.DOF.Kernel.MaxBackgroundRadius:0.025]]
[2020.11.30-17.09.47:335][  0]LogConfig: Applying CVar settings from Section [TextureQuality@3] File [C:/Users/salles/Desktop/test/TCC-Sobrevivendo-Ao-Inferno/Tentativa4/Saved/Config/Windows/Scalability.ini]
[2020.11.30-17.09.47:335][  0]LogConfig: Setting CVar [[r.Streaming.MipBias:0]]
[2020.11.30-17.09.47:335][  0]LogConfig: Setting CVar [[r.Streaming.AmortizeCPUToGPUCopy:0]]
[2020.11.30-17.09.47:335][  0]LogConfig: Setting CVar [[r.Streaming.MaxNumTexturesToStreamPerFrame:0]]
[2020.11.30-17.09.47:335][  0]LogConfig: Setting CVar [[r.Streaming.Boost:1]]
[2020.11.30-17.09.47:335][  0]LogConfig: Setting CVar [[r.MaxAnisotropy:8]]
[2020.11.30-17.09.47:335][  0]LogConfig: Setting CVar [[r.Streaming.LimitPoolSizeToVRAM:0]]
[2020.11.30-17.09.47:335][  0]LogConfig: Setting CVar [[r.Streaming.PoolSize:1000]]
[2020.11.30-17.09.47:335][  0]LogConfig: Setting CVar [[r.Streaming.MaxEffectiveScreenSize:0]]
[2020.11.30-17.09.47:335][  0]LogConfig: Applying CVar settings from Section [EffectsQuality@3] File [C:/Users/salles/Desktop/test/TCC-Sobrevivendo-Ao-Inferno/Tentativa4/Saved/Config/Windows/Scalability.ini]
[2020.11.30-17.09.47:335][  0]LogConfig: Setting CVar [[r.TranslucencyLightingVolumeDim:64]]
[2020.11.30-17.09.47:335][  0]LogConfig: Setting CVar [[r.RefractionQuality:2]]
[2020.11.30-17.09.47:335][  0]LogConfig: Setting CVar [[r.SSR.Quality:3]]
[2020.11.30-17.09.47:335][  0]LogConfig: Setting CVar [[r.SceneColorFormat:4]]
[2020.11.30-17.09.47:335][  0]LogConfig: Setting CVar [[r.DetailMode:2]]
[2020.11.30-17.09.47:335][  0]LogConfig: Setting CVar [[r.TranslucencyVolumeBlur:1]]
[2020.11.30-17.09.47:335][  0]LogConfig: Setting CVar [[r.MaterialQualityLevel:1 ; High quality]]
[2020.11.30-17.09.47:336][  0]LogConfig: Setting CVar [[r.SSS.Scale:1]]
[2020.11.30-17.09.47:336][  0]LogConfig: Setting CVar [[r.SSS.SampleSet:2]]
[2020.11.30-17.09.47:336][  0]LogConfig: Setting CVar [[r.SSS.Quality:1]]
[2020.11.30-17.09.47:336][  0]LogConfig: Setting CVar [[r.SSS.HalfRes:1]]
[2020.11.30-17.09.47:336][  0]LogConfig: Setting CVar [[r.EmitterSpawnRateScale:1.0]]
[2020.11.30-17.09.47:336][  0]LogConfig: Setting CVar [[r.ParticleLightQuality:2]]
[2020.11.30-17.09.47:336][  0]LogConfig: Applying CVar settings from Section [FoliageQuality@3] File [C:/Users/salles/Desktop/test/TCC-Sobrevivendo-Ao-Inferno/Tentativa4/Saved/Config/Windows/Scalability.ini]
[2020.11.30-17.09.47:336][  0]LogConfig: Setting CVar [[foliage.DensityScale:1.0]]
[2020.11.30-17.09.47:336][  0]LogConfig: Setting CVar [[grass.DensityScale:1.0]]
[2020.11.30-17.09.47:336][  0]LogInit: Selected Device Profile: [Windows]
[2020.11.30-17.09.47:336][  0]LogInit: Applying CVar settings loaded from the selected device profile: [Windows]
[2020.11.30-17.09.47:421][  0]LogHAL: Display: Platform has ~ 12 GB [12751085568 / 17179869184 / 12], which maps to Larger [LargestMinGB=32, LargerMinGB=12, DefaultMinGB=8, SmallerMinGB=6, SmallestMinGB=0)
[2020.11.30-17.09.47:421][  0]LogInit: Going up to parent DeviceProfile []
[2020.11.30-17.09.47:422][  0]LogConfig: Applying CVar settings from Section [ViewDistanceQuality@0] File [C:/Users/salles/Desktop/test/TCC-Sobrevivendo-Ao-Inferno/Tentativa4/Saved/Config/Windows/Scalability.ini]
[2020.11.30-17.09.47:422][  0]LogConfig: Setting CVar [[r.SkeletalMeshLODBias:2]]
[2020.11.30-17.09.47:422][  0]LogConfig: Setting CVar [[r.ViewDistanceScale:0.4]]
[2020.11.30-17.09.47:422][  0]LogConfig: Applying CVar settings from Section [AntiAliasingQuality@0] File [C:/Users/salles/Desktop/test/TCC-Sobrevivendo-Ao-Inferno/Tentativa4/Saved/Config/Windows/Scalability.ini]
[2020.11.30-17.09.47:422][  0]LogConfig: Setting CVar [[r.PostProcessAAQuality:0]]
[2020.11.30-17.09.47:422][  0]LogConfig: Applying CVar settings from Section [ShadowQuality@0] File [C:/Users/salles/Desktop/test/TCC-Sobrevivendo-Ao-Inferno/Tentativa4/Saved/Config/Windows/Scalability.ini]
[2020.11.30-17.09.47:422][  0]LogConfig: Setting CVar [[r.LightFunctionQuality:0]]
[2020.11.30-17.09.47:422][  0]LogConfig: Setting CVar [[r.ShadowQuality:0]]
[2020.11.30-17.09.47:422][  0]LogConfig: Setting CVar [[r.Shadow.CSM.MaxCascades:1]]
[2020.11.30-17.09.47:422][  0]LogConfig: Setting CVar [[r.Shadow.MaxResolution:512]]
[2020.11.30-17.09.47:422][  0]LogConfig: Setting CVar [[r.Shadow.MaxCSMResolution:512]]
[2020.11.30-17.09.47:422][  0]LogConfig: Setting CVar [[r.Shadow.RadiusThreshold:0.06]]
[2020.11.30-17.09.47:422][  0]LogConfig: Setting CVar [[r.Shadow.DistanceScale:0.6]]
[2020.11.30-17.09.47:422][  0]LogConfig: Setting CVar [[r.Shadow.CSM.TransitionScale:0]]
[2020.11.30-17.09.47:422][  0]LogConfig: Setting CVar [[r.Shadow.PreShadowResolutionFactor:0.5]]
[2020.11.30-17.09.47:422][  0]LogConfig: Setting CVar [[r.DistanceFieldShadowing:0]]
[2020.11.30-17.09.47:422][  0]LogConfig: Setting CVar [[r.DistanceFieldAO:0]]
[2020.11.30-17.09.47:422][  0]LogConfig: Setting CVar [[r.VolumetricFog:0]]
[2020.11.30-17.09.47:422][  0]LogConfig: Setting CVar [[r.LightMaxDrawDistanceScale:0]]
[2020.11.30-17.09.47:422][  0]LogConfig: Setting CVar [[r.CapsuleShadows:0]]
[2020.11.30-17.09.47:422][  0]LogConfig: Applying CVar settings from Section [PostProcessQuality@0] File [C:/Users/salles/Desktop/test/TCC-Sobrevivendo-Ao-Inferno/Tentativa4/Saved/Config/Windows/Scalability.ini]
[2020.11.30-17.09.47:422][  0]LogConfig: Setting CVar [[r.MotionBlurQuality:0]]
[2020.11.30-17.09.47:422][  0]LogConfig: Setting CVar [[r.AmbientOcclusionMipLevelFactor:1.0]]
[2020.11.30-17.09.47:422][  0]LogConfig: Setting CVar [[r.AmbientOcclusionMaxQuality:0]]
[2020.11.30-17.09.47:422][  0]LogConfig: Setting CVar [[r.AmbientOcclusionLevels:0]]
[2020.11.30-17.09.47:422][  0]LogConfig: Setting CVar [[r.AmbientOcclusionRadiusScale:1.2]]
[2020.11.30-17.09.47:422][  0]LogConfig: Setting CVar [[r.DepthOfFieldQuality:0]]
[2020.11.30-17.09.47:422][  0]LogConfig: Setting CVar [[r.RenderTargetPoolMin:300]]
[2020.11.30-17.09.47:422][  0]LogConfig: Setting CVar [[r.LensFlareQuality:0]]
[2020.11.30-17.09.47:422][  0]LogConfig: Setting CVar [[r.SceneColorFringeQuality:0]]
[2020.11.30-17.09.47:422][  0]LogConfig: Setting CVar [[r.EyeAdaptationQuality:0]]
[2020.11.30-17.09.47:422][  0]LogConfig: Setting CVar [[r.BloomQuality:4]]
[2020.11.30-17.09.47:422][  0]LogConfig: Setting CVar [[r.FastBlurThreshold:0]]
[2020.11.30-17.09.47:422][  0]LogConfig: Setting CVar [[r.Upscale.Quality:1]]
[2020.11.30-17.09.47:422][  0]LogConfig: Setting CVar [[r.Tonemapper.GrainQuantization:0]]
[2020.11.30-17.09.47:422][  0]LogConfig: Setting CVar [[r.LightShaftQuality:0]]
[2020.11.30-17.09.47:422][  0]LogConfig: Setting CVar [[r.Filter.SizeScale:0.6]]
[2020.11.30-17.09.47:422][  0]LogConfig: Setting CVar [[r.Tonemapper.Quality:0]]
[2020.11.30-17.09.47:422][  0]LogConfig: Applying CVar settings from Section [TextureQuality@0] File [C:/Users/salles/Desktop/test/TCC-Sobrevivendo-Ao-Inferno/Tentativa4/Saved/Config/Windows/Scalability.ini]
[2020.11.30-17.09.47:422][  0]LogConfig: Setting CVar [[r.Streaming.MipBias:16]]
[2020.11.30-17.09.47:422][  0]LogConfig: Setting CVar [[r.Streaming.AmortizeCPUToGPUCopy:1]]
[2020.11.30-17.09.47:422][  0]LogConfig: Setting CVar [[r.Streaming.MaxNumTexturesToStreamPerFrame:1]]
[2020.11.30-17.09.47:422][  0]LogConfig: Setting CVar [[r.Streaming.Boost:0.3]]
[2020.11.30-17.09.47:422][  0]LogConfig: Setting CVar [[r.MaxAnisotropy:0]]
[2020.11.30-17.09.47:422][  0]LogConfig: Setting CVar [[r.Streaming.LimitPoolSizeToVRAM:1]]
[2020.11.30-17.09.47:422][  0]LogConfig: Setting CVar [[r.Streaming.PoolSize:400]]
[2020.11.30-17.09.47:423][  0]LogConfig: Setting CVar [[r.Streaming.MaxEffectiveScreenSize:0]]
[2020.11.30-17.09.47:423][  0]LogConfig: Applying CVar settings from Section [EffectsQuality@0] File [C:/Users/salles/Desktop/test/TCC-Sobrevivendo-Ao-Inferno/Tentativa4/Saved/Config/Windows/Scalability.ini]
[2020.11.30-17.09.47:423][  0]LogConfig: Setting CVar [[r.TranslucencyLightingVolumeDim:24]]
[2020.11.30-17.09.47:423][  0]LogConfig: Setting CVar [[r.RefractionQuality:0]]
[2020.11.30-17.09.47:423][  0]LogConfig: Setting CVar [[r.SSR.Quality:0]]
[2020.11.30-17.09.47:423][  0]LogConfig: Setting CVar [[r.SceneColorFormat:3]]
[2020.11.30-17.09.47:423][  0]LogConfig: Setting CVar [[r.DetailMode:0]]
[2020.11.30-17.09.47:423][  0]LogConfig: Setting CVar [[r.TranslucencyVolumeBlur:0]]
[2020.11.30-17.09.47:423][  0]LogConfig: Setting CVar [[r.MaterialQualityLevel:0 ; Low quality]]
[2020.11.30-17.09.47:423][  0]LogConfig: Setting CVar [[r.SSS.Scale:0]]
[2020.11.30-17.09.47:423][  0]LogConfig: Setting CVar [[r.SSS.SampleSet:0]]
[2020.11.30-17.09.47:423][  0]LogConfig: Setting CVar [[r.SSS.Quality:0]]
[2020.11.30-17.09.47:423][  0]LogConfig: Setting CVar [[r.SSS.HalfRes:1]]
[2020.11.30-17.09.47:423][  0]LogConfig: Setting CVar [[r.EmitterSpawnRateScale:0.125]]
[2020.11.30-17.09.47:423][  0]LogConfig: Setting CVar [[r.ParticleLightQuality:0]]
[2020.11.30-17.09.47:423][  0]LogConfig: Applying CVar settings from Section [FoliageQuality@0] File [C:/Users/salles/Desktop/test/TCC-Sobrevivendo-Ao-Inferno/Tentativa4/Saved/Config/Windows/Scalability.ini]
[2020.11.30-17.09.47:423][  0]LogConfig: Setting CVar [[foliage.DensityScale:0]]
[2020.11.30-17.09.47:423][  0]LogConfig: Setting CVar [[grass.DensityScale:0]]
[2020.11.30-17.09.47:423][  0]LogConfig: Applying CVar settings from Section [Startup] File [../../../Engine/Config/ConsoleVariables.ini]
[2020.11.30-17.09.47:423][  0]LogConfig: Setting CVar [[net.UseAdaptiveNetUpdateFrequency:0]]
[2020.11.30-17.09.47:423][  0]LogConfig: Setting CVar [[p.chaos.AllowCreatePhysxBodies:1]]
[2020.11.30-17.09.47:423][  0]LogConfig: Applying CVar settings from Section [ConsoleVariables] File [C:/Users/salles/Desktop/test/TCC-Sobrevivendo-Ao-Inferno/Tentativa4/Saved/Config/Windows/Engine.ini]
[2020.11.30-17.09.47:547][  0]LogInit: Computer: DESKTOP-AM7GMFQ
[2020.11.30-17.09.47:547][  0]LogInit: User: salles
[2020.11.30-17.09.47:547][  0]LogInit: CPU Page size=4096, Cores=4
[2020.11.30-17.09.47:547][  0]LogInit: High frequency timer resolution =10.000000 MHz
[2020.11.30-17.09.47:547][  0]LogMemory: Memory total: Physical=11.9GB (12GB approx)
[2020.11.30-17.09.47:548][  0]LogMemory: Platform Memory Stats for Windows
[2020.11.30-17.09.47:548][  0]LogMemory: Process Physical Memory: 102.61 MB used, 102.61 MB peak
[2020.11.30-17.09.47:548][  0]LogMemory: Process Virtual Memory: 104.50 MB used, 104.50 MB peak
[2020.11.30-17.09.47:548][  0]LogMemory: Physical Memory: 9144.46 MB used,  3015.92 MB free, 12160.38 MB total
[2020.11.30-17.09.47:548][  0]LogMemory: Virtual Memory: 4674.27 MB used,  134213056.00 MB free, 134217728.00 MB total
[2020.11.30-17.09.47:566][  0]LogWindows: WindowsPlatformFeatures enabled
[2020.11.30-17.09.48:250][  0]LogInit: Overriding language with editor language configuration option (en).
[2020.11.30-17.09.48:250][  0]LogInit: Overriding locale with editor locale configuration option (en).
[2020.11.30-17.09.48:647][  0]LogInit: Setting process to per monitor DPI aware
[2020.11.30-17.09.48:764][  0]LogSlate: New Slate User Created.  User Index 0, Is Virtual User: 0
[2020.11.30-17.09.48:764][  0]LogSlate: Slate User Registered.  User Index 0, Is Virtual User: 0
[2020.11.30-17.09.49:270][  0]LogHMD: Failed to initialize OpenVR with code 110
[2020.11.30-17.09.49:270][  0]LogD3D11RHI: D3D11 adapters:
[2020.11.30-17.09.49:326][  0]LogD3D11RHI:    0. 'Intel(R) HD Graphics 530' (Feature Level 11_0)
[2020.11.30-17.09.49:326][  0]LogD3D11RHI:       128/0/6080 MB DedicatedVideo/DedicatedSystem/SharedSystem, Outputs:1, VendorId:0x8086
[2020.11.30-17.09.49:330][  0]LogD3D11RHI:    1. 'Microsoft Basic Render Driver' (Feature Level 11_0)
[2020.11.30-17.09.49:330][  0]LogD3D11RHI:       0/0/6080 MB DedicatedVideo/DedicatedSystem/SharedSystem, Outputs:0, VendorId:0x1414
[2020.11.30-17.09.49:330][  0]LogD3D11RHI: Chosen D3D11 Adapter: 0
[2020.11.30-17.09.49:335][  0]LogD3D11RHI: Creating new Direct3DDevice
[2020.11.30-17.09.49:336][  0]LogD3D11RHI:     GPU DeviceId: 0x1912 (for the marketing name, search the web for "GPU Device Id")
[2020.11.30-17.09.49:347][  0]LogWindows: EnumDisplayDevices:
[2020.11.30-17.09.49:347][  0]LogWindows:    0. 'Intel(R) HD Graphics 530' (P:1 D:1)
[2020.11.30-17.09.49:347][  0]LogWindows:    1. 'Intel(R) HD Graphics 530' (P:0 D:0)
[2020.11.30-17.09.49:348][  0]LogWindows:    2. 'Intel(R) HD Graphics 530' (P:0 D:0)
[2020.11.30-17.09.49:348][  0]LogWindows: DebugString: FoundDriverCount:3 
[2020.11.30-17.09.49:348][  0]LogD3D11RHI:     Adapter Name: Intel(R) HD Graphics 530
[2020.11.30-17.09.49:356][  0]LogD3D11RHI:   Driver Version: 26.20.100.7528 (internal:26.20.100.7528, unified:26.20.100.7528)
[2020.11.30-17.09.49:356][  0]LogD3D11RHI:      Driver Date: 11-13-2019
[2020.11.30-17.09.49:356][  0]LogRHI: Texture pool is 1523 MB (70% of 2176 MB)
[2020.11.30-17.09.49:485][  0]LogD3D11RHI: [IntelMetricsDiscovery] Started
[2020.11.30-17.09.49:485][  0]LogD3D11RHI: Async texture creation enabled
[2020.11.30-17.09.49:522][  0]LogD3D11RHI: GPU Timing Frequency: 12.000048 (Debug: 2 0)
[2020.11.30-17.09.50:291][  0]LogTemp: Display: Module 'AllDesktopTargetPlatform' loaded TargetPlatform 'AllDesktop'
[2020.11.30-17.09.50:308][  0]LogTemp: Display: Module 'MacClientTargetPlatform' loaded TargetPlatform 'MacClient'
[2020.11.30-17.09.50:319][  0]LogTemp: Display: Module 'MacNoEditorTargetPlatform' loaded TargetPlatform 'MacNoEditor'
[2020.11.30-17.09.50:334][  0]LogTemp: Display: Module 'MacServerTargetPlatform' loaded TargetPlatform 'MacServer'
[2020.11.30-17.09.50:362][  0]LogTemp: Display: Module 'MacTargetPlatform' loaded TargetPlatform 'Mac'
[2020.11.30-17.09.50:380][  0]LogTemp: Display: Module 'WindowsClientTargetPlatform' loaded TargetPlatform 'WindowsClient'
[2020.11.30-17.09.50:398][  0]LogTemp: Display: Module 'WindowsNoEditorTargetPlatform' loaded TargetPlatform 'WindowsNoEditor'
[2020.11.30-17.09.50:408][  0]LogTemp: Display: Module 'WindowsServerTargetPlatform' loaded TargetPlatform 'WindowsServer'
[2020.11.30-17.09.50:414][  0]LogTemp: Display: Module 'WindowsTargetPlatform' loaded TargetPlatform 'Windows'
[2020.11.30-17.09.50:454][  0]LogTemp: Display: Module 'AndroidTargetPlatform' loaded TargetPlatform 'Android'
[2020.11.30-17.09.50:454][  0]LogTemp: Display: Module 'AndroidTargetPlatform' loaded TargetPlatform 'Android_ASTC'
[2020.11.30-17.09.50:454][  0]LogTemp: Display: Module 'AndroidTargetPlatform' loaded TargetPlatform 'Android_ATC'
[2020.11.30-17.09.50:454][  0]LogTemp: Display: Module 'AndroidTargetPlatform' loaded TargetPlatform 'Android_DXT'
[2020.11.30-17.09.50:454][  0]LogTemp: Display: Module 'AndroidTargetPlatform' loaded TargetPlatform 'Android_ETC1'
[2020.11.30-17.09.50:454][  0]LogTemp: Display: Module 'AndroidTargetPlatform' loaded TargetPlatform 'Android_ETC1a'
[2020.11.30-17.09.50:454][  0]LogTemp: Display: Module 'AndroidTargetPlatform' loaded TargetPlatform 'Android_ETC2'
[2020.11.30-17.09.50:454][  0]LogTemp: Display: Module 'AndroidTargetPlatform' loaded TargetPlatform 'Android_PVRTC'
[2020.11.30-17.09.50:455][  0]LogTemp: Display: Module 'AndroidTargetPlatform' loaded TargetPlatform 'AndroidClient'
[2020.11.30-17.09.50:455][  0]LogTemp: Display: Module 'AndroidTargetPlatform' loaded TargetPlatform 'Android_ASTCClient'
[2020.11.30-17.09.50:455][  0]LogTemp: Display: Module 'AndroidTargetPlatform' loaded TargetPlatform 'Android_ATCClient'
[2020.11.30-17.09.50:455][  0]LogTemp: Display: Module 'AndroidTargetPlatform' loaded TargetPlatform 'Android_DXTClient'
[2020.11.30-17.09.50:455][  0]LogTemp: Display: Module 'AndroidTargetPlatform' loaded TargetPlatform 'Android_ETC1Client'
[2020.11.30-17.09.50:455][  0]LogTemp: Display: Module 'AndroidTargetPlatform' loaded TargetPlatform 'Android_ETC1aClient'
[2020.11.30-17.09.50:455][  0]LogTemp: Display: Module 'AndroidTargetPlatform' loaded TargetPlatform 'Android_ETC2Client'
[2020.11.30-17.09.50:455][  0]LogTemp: Display: Module 'AndroidTargetPlatform' loaded TargetPlatform 'Android_PVRTCClient'
[2020.11.30-17.09.50:455][  0]LogTemp: Display: Module 'AndroidTargetPlatform' loaded TargetPlatform 'Android_Multi'
[2020.11.30-17.09.50:455][  0]LogTemp: Display: Module 'AndroidTargetPlatform' loaded TargetPlatform 'Android_MultiClient'
[2020.11.30-17.09.50:466][  0]LogTemp: Display: Module 'HTML5TargetPlatform' loaded TargetPlatform 'HTML5'
[2020.11.30-17.09.50:517][  0]LogTemp: Display: Module 'IOSTargetPlatform' loaded TargetPlatform 'IOSClient'
[2020.11.30-17.09.50:517][  0]LogTemp: Display: Module 'IOSTargetPlatform' loaded TargetPlatform 'IOS'
[2020.11.30-17.09.50:539][  0]LogTemp: Display: Module 'TVOSTargetPlatform' loaded TargetPlatform 'TVOSClient'
[2020.11.30-17.09.50:539][  0]LogTemp: Display: Module 'TVOSTargetPlatform' loaded TargetPlatform 'TVOS'
[2020.11.30-17.09.50:550][  0]LogTemp: Display: Module 'LinuxClientTargetPlatform' loaded TargetPlatform 'LinuxClient'
[2020.11.30-17.09.50:565][  0]LogTemp: Display: Module 'LinuxNoEditorTargetPlatform' loaded TargetPlatform 'LinuxNoEditor'
[2020.11.30-17.09.50:574][  0]LogTemp: Display: Module 'LinuxServerTargetPlatform' loaded TargetPlatform 'LinuxServer'
[2020.11.30-17.09.50:584][  0]LogTemp: Display: Module 'LinuxTargetPlatform' loaded TargetPlatform 'Linux'
[2020.11.30-17.09.50:609][  0]LogTemp: Display: Module 'LuminTargetPlatform' loaded TargetPlatform 'Lumin'
[2020.11.30-17.09.50:609][  0]LogTemp: Display: Module 'LuminTargetPlatform' loaded TargetPlatform 'LuminClient'
[2020.11.30-17.09.50:609][  0]LogTargetPlatformManager: Display: Building Assets For Windows
[2020.11.30-17.09.50:671][  0]LogAudioDebug: Display: Lib vorbis DLL was dynamically loaded.
[2020.11.30-17.09.50:957][  0]LogShaderCompilers: Guid format shader working directory is -20 characters bigger than the processId version (C:/Users/salles/Desktop/test/TCC-Sobrevivendo-Ao-Inferno/Tentativa4/Intermediate/Shaders/WorkingDirectory/2556/).
[2020.11.30-17.09.50:957][  0]LogShaderCompilers: Cleaned the shader compiler working directory 'C:/Users/salles/AppData/Local/Temp/UnrealShaderWorkingDir/A23F7F3F4BFE7930CEC442841A7917A6/'.
[2020.11.30-17.09.50:975][  0]LogXGEController: Cleaning working directory: C:/Users/salles/AppData/Local/Temp/UnrealXGEWorkingDir/
[2020.11.30-17.09.50:975][  0]LogXGEController: Cannot use XGE Controller as Incredibuild is not installed on this machine.
[2020.11.30-17.09.50:975][  0]LogShaderCompilers: Cannot use XGE Shader Compiler as Incredibuild is not installed on this machine.
[2020.11.30-17.09.50:975][  0]LogShaderCompilers: Display: Using Local Shader Compiler.
[2020.11.30-17.09.51:720][  0]LogDerivedDataCache: Display: Max Cache Size: 512 MB
[2020.11.30-17.09.51:918][  0]LogDerivedDataCache: Loaded boot cache 0.20s 73MB C:/Users/salles/AppData/Local/UnrealEngine/4.23/DerivedDataCache/Boot.ddc.
[2020.11.30-17.09.51:918][  0]LogDerivedDataCache: Display: Loaded Boot cache: C:/Users/salles/AppData/Local/UnrealEngine/4.23/DerivedDataCache/Boot.ddc
[2020.11.30-17.09.51:919][  0]LogDerivedDataCache: FDerivedDataBackendGraph:  Pak pak cache file C:/Users/salles/Desktop/test/TCC-Sobrevivendo-Ao-Inferno/Tentativa4/DerivedDataCache/DDC.ddp not found, will not use a pak cache.
[2020.11.30-17.09.51:919][  0]LogDerivedDataCache: Unable to find inner node Pak for hierarchical cache Hierarchy.
[2020.11.30-17.09.51:919][  0]LogDerivedDataCache: FDerivedDataBackendGraph:  CompressedPak pak cache file C:/Users/salles/Desktop/test/TCC-Sobrevivendo-Ao-Inferno/Tentativa4/DerivedDataCache/Compressed.ddp not found, will not use a pak cache.
[2020.11.30-17.09.51:919][  0]LogDerivedDataCache: Unable to find inner node CompressedPak for hierarchical cache Hierarchy.
[2020.11.30-17.09.51:945][  0]LogDerivedDataCache: Display: Pak cache opened for reading ../../../Engine/DerivedDataCache/Compressed.ddp.
[2020.11.30-17.09.51:945][  0]LogDerivedDataCache: FDerivedDataBackendGraph:  EnterprisePak pak cache file ../../../Enterprise/DerivedDataCache/Compressed.ddp not found, will not use a pak cache.
[2020.11.30-17.09.51:945][  0]LogDerivedDataCache: Unable to find inner node EnterprisePak for hierarchical cache Hierarchy.
[2020.11.30-17.09.51:947][  0]LogDerivedDataCache: Using Local data cache path C:/Users/salles/AppData/Local/UnrealEngine/Common/DerivedDataCache: Writable
[2020.11.30-17.09.51:947][  0]LogDerivedDataCache: Shared data cache path not found in *engine.ini, will not use an Shared cache.
[2020.11.30-17.09.51:947][  0]LogDerivedDataCache: Unable to find inner node Shared for hierarchical cache Hierarchy.
[2020.11.30-17.09.51:970][  0]LogMaterial: Verifying Global Shaders for PCD3D_SM5
[2020.11.30-17.09.51:973][  0]LogSlate: Using FreeType 2.6.0
[2020.11.30-17.09.51:992][  0]LogSlate: SlateFontServices - WITH_FREETYPE: 1, WITH_HARFBUZZ: 1
[2020.11.30-17.09.52:365][  0]LogAssetRegistry: FAssetRegistry took 0.0026 seconds to start up
[2020.11.30-17.09.53:499][  0]LogInit: Selected Device Profile: [Windows]
[2020.11.30-17.09.53:852][  0]LogMeshReduction: Using QuadricMeshReduction for automatic static mesh reduction
[2020.11.30-17.09.53:852][  0]LogMeshReduction: Using SimplygonMeshReduction for automatic skeletal mesh reduction
[2020.11.30-17.09.53:852][  0]LogMeshReduction: Using ProxyLODMeshReduction for automatic mesh merging
[2020.11.30-17.09.53:852][  0]LogMeshReduction: No distributed automatic mesh merging module available
[2020.11.30-17.09.53:852][  0]LogMeshMerging: No distributed automatic mesh merging module available
[2020.11.30-17.09.53:920][  0]LogNetVersion: Tentativa4 1.0.0, NetCL: 8386587, EngineNetVer: 11, GameNetVer: 0 (Checksum: 811232057)
[2020.11.30-17.09.54:719][  0]LogPackageLocalizationCache: Processed 12 localized package path(s) for 1 prioritized culture(s) in 0.047512 seconds
[2020.11.30-17.09.54:762][  0]LogUObjectArray: 43447 objects as part of root set at end of initial load.
[2020.11.30-17.09.54:762][  0]LogUObjectAllocator: 7549240 out of 0 bytes used by permanent object pool.
[2020.11.30-17.09.54:762][  0]LogUObjectArray: CloseDisregardForGC: 0/0 objects in disregard for GC pool
[2020.11.30-17.09.59:326][  0]LogTcpMessaging: Initializing TcpMessaging bridge
[2020.11.30-17.09.59:342][  0]LogUdpMessaging: Initializing bridge on interface 0.0.0.0:0 to multicast group 230.0.0.1:6666.
[2020.11.30-17.09.59:606][  0]SourceControl: Source control is disabled
[2020.11.30-17.09.59:606][  0]SourceControl: Source control is disabled
[2020.11.30-17.09.59:638][  0]SourceControl: Source control is disabled
[2020.11.30-17.09.59:645][  0]SourceControl: Source control is disabled
[2020.11.30-17.10.00:324][  0]LogAndroidPermission: UAndroidPermissionCallbackProxy::GetInstance
[2020.11.30-17.10.00:700][  0]LogOcInput: OculusInput pre-init called
[2020.11.30-17.10.00:721][  0]LogWindows: Failed to load 'OVRPlugin.dll' (GetLastError=126)
[2020.11.30-17.10.00:721][  0]LogWindows: File 'OVRPlugin.dll' does not exist
[2020.11.30-17.10.01:333][  0]LogEngine: Initializing Engine...
[2020.11.30-17.10.01:357][  0]LogHMD: Failed to initialize OpenVR with code 110
[2020.11.30-17.10.01:365][  0]LogStats: UGameplayTagsManager::InitializeManager -  0.000 s
[2020.11.30-17.10.01:700][  0]LogInit: Initializing FReadOnlyCVARCache
[2020.11.30-17.10.01:807][  0]LogAIModule: Creating AISystem for world Untitled
[2020.11.30-17.10.01:837][  0]LogInit: XAudio2 using 'Alto-falantes (3- Logitech G533 Gaming Headset)' : 6 channels at 48 kHz using 16 bits per sample (channel mask 0x3f)
[2020.11.30-17.10.01:865][  0]LogInit: FAudioDevice initialized.
[2020.11.30-17.10.01:869][  0]LogNetVersion: Set ProjectVersion to 1.0.0.0. Version Checksum will be recalculated on next use.
[2020.11.30-17.10.01:951][  0]LogDerivedDataCache: Saved boot cache 0.08s 73MB C:/Users/salles/AppData/Local/UnrealEngine/4.23/DerivedDataCache/Boot.ddc.
[2020.11.30-17.10.01:955][  0]LogInit: Texture streaming: Enabled
[2020.11.30-17.10.02:057][  0]LogEngineSessionManager: EngineSessionManager initialized
[2020.11.30-17.10.02:070][  0]LogEditorSessionSummary: Verbose: Initializing EditorSessionSummaryWriter for editor session tracking
[2020.11.30-17.10.02:073][  0]LogEditorSessionSummary: EditorSessionSummaryWriter initialized
[2020.11.30-17.10.02:261][  0]LogInit: Transaction tracking system initialized
[2020.11.30-17.10.02:485][  0]BlueprintLog: New page: Editor Load
[2020.11.30-17.10.03:175][  0]LocalizationService: Localization service is disabled
[2020.11.30-17.10.04:090][  0]LogFileCache: Scanning file cache for directory 'C:/Users/salles/Desktop/test/TCC-Sobrevivendo-Ao-Inferno/Tentativa4/Content/' took 0.02s
[2020.11.30-17.10.04:090][  0]LogCook: Display: Max memory allowance for cook 16384mb min free memory 0mb
[2020.11.30-17.10.04:090][  0]LogCook: Display: Mobile HDR setting 1
[2020.11.30-17.10.05:717][  0]SourceControl: Source control is disabled
[2020.11.30-17.10.05:726][  0]Cmd: MAP LOAD FILE="C:/Users/salles/Desktop/test/TCC-Sobrevivendo-Ao-Inferno/Tentativa4/Content/MyContent/Maps/Station.umap" TEMPLATE=0 SHOWPROGRESS=1 FEATURELEVEL=3
[2020.11.30-17.10.05:727][  0]LogEditorServer: Warning: Can't find file 'C:/Users/salles/Desktop/test/TCC-Sobrevivendo-Ao-Inferno/Tentativa4/Content/MyContent/Maps/Station.umap'
[2020.11.30-17.10.05:727][  0]Cmd: MAP CHECKDEP NOCLEARLOG
[2020.11.30-17.10.05:727][  0]MapCheck: Map check complete: 0 Error(s), 0 Warning(s), took 0.148ms to complete.
[2020.11.30-17.10.05:727][  0]LogFileHelpers: Loading map 'Station' took 0.001
[2020.11.30-17.10.06:532][  0]LogSlate: Updating window title bar state: overlay mode, drag disabled, window buttons hidden, title bar hidden
[2020.11.30-17.10.06:560][  0]LogSlate: Updating window title bar state: overlay mode, drag disabled, window buttons hidden, title bar hidden
[2020.11.30-17.10.06:566][  0]LogSlate: Updating window title bar state: overlay mode, drag disabled, window buttons hidden, title bar hidden
[2020.11.30-17.10.06:571][  0]LogSlate: Updating window title bar state: overlay mode, drag disabled, window buttons hidden, title bar hidden
[2020.11.30-17.10.06:611][  0]LogCollectionManager: Loaded 0 collections in 0.001026 seconds
[2020.11.30-17.10.06:681][  0]LogFileCache: Scanning file cache for directory 'C:/Users/salles/Desktop/test/TCC-Sobrevivendo-Ao-Inferno/Tentativa4/Saved/Collections/' took 0.00s
[2020.11.30-17.10.06:681][  0]LogFileCache: Scanning file cache for directory 'C:/Users/salles/Desktop/test/TCC-Sobrevivendo-Ao-Inferno/Tentativa4/Content/Developers/salles/Collections/' took 0.00s
[2020.11.30-17.10.06:681][  0]LogFileCache: Scanning file cache for directory 'C:/Users/salles/Desktop/test/TCC-Sobrevivendo-Ao-Inferno/Tentativa4/Content/Collections/' took 0.00s
[2020.11.30-17.10.06:681][  0]LogCollectionManager: Rebuilt the GUID cache for 0 collections in 0.000002 seconds
[2020.11.30-17.10.06:696][  0]LogContentBrowser: Native class hierarchy populated in 0.0071 seconds. Added 2863 classes and 680 folders.
[2020.11.30-17.10.06:769][  0]LogContentBrowser: Native class hierarchy updated for 'WidgetCarousel' in 0.0002 seconds. Added 0 classes and 0 folders.
[2020.11.30-17.10.07:367][  0]LogContentBrowser: Native class hierarchy updated for 'AddContentDialog' in 0.0002 seconds. Added 0 classes and 0 folders.
[2020.11.30-17.10.07:406][  0]LogContentBrowser: Native class hierarchy updated for 'SceneOutliner' in 0.0003 seconds. Added 1 classes and 2 folders.
[2020.11.30-17.10.07:903][  0]LogSlate: Took 0.006673 seconds to synchronously load lazily loaded font '../../../Engine/Content/Slate/Fonts/Roboto-Regular.ttf' (155K)
[2020.11.30-17.10.07:927][  0]LogSlate: Took 0.003211 seconds to synchronously load lazily loaded font '../../../Engine/Content/Slate/Fonts/Roboto-Bold.ttf' (160K)
[2020.11.30-17.10.08:018][  0]LogSlate: Took 0.011993 seconds to synchronously load lazily loaded font '../../../Engine/Content/Editor/Slate/Fonts/FontAwesome.ttf' (139K)
[2020.11.30-17.10.08:516][  0]LogRenderer: Reallocating scene render targets to support 1008x572 Format 9 NumSamples 1 (Frame:1).
[2020.11.30-17.10.09:259][  0]LogContentBrowser: Native class hierarchy updated for 'HierarchicalLODOutliner' in 0.0004 seconds. Added 0 classes and 0 folders.
[2020.11.30-17.10.09:259][  0]LogLoad: (Engine Initialization) Total time: 28.21 seconds
[2020.11.30-17.10.09:259][  0]LogLoad: (Engine Initialization) Total Blueprint compile time: 0.00 seconds
[2020.11.30-17.10.09:670][  0]LogContentStreaming: Texture pool size now 400 MB
[2020.11.30-17.10.10:412][  7]LogSlate: Took 0.005001 seconds to synchronously load lazily loaded font '../../../Engine/Content/Slate/Fonts/Roboto-Light.ttf' (167K)
[2020.11.30-17.10.10:694][ 10]LogAssetRegistry: Asset discovery search completed in 18.3300 seconds
[2020.11.30-17.10.10:710][ 10]LogCollectionManager: Rebuilt the object cache for 0 collections in 0.000005 seconds (found 0 objects)
[2020.11.30-17.10.10:710][ 10]LogCollectionManager: Fixed up redirectors for 0 collections in 0.000061 seconds (updated 0 objects)
[2020.11.30-17.10.25:595][151]LogSlate: FSceneViewport::OnFocusLost() reason 0
[2020.11.30-17.10.25:761][158]LogSlate: Took 0.000360 seconds to synchronously load lazily loaded font '../../../Engine/Content/Slate/Fonts/Roboto-Light.ttf' (167K)
[2020.11.30-17.10.28:405][158]LogAIModule: Creating AISystem for world Republica
[2020.11.30-17.10.28:681][158]LogAssetEditorManager: Opening Asset editor for World /Game/MyContent/Maps/Estações/LinhaAmarela/Republica.Republica
[2020.11.30-17.10.28:868][158]LogUObjectHash: Compacting FUObjectHashTables data took   2.14ms
[2020.11.30-17.10.28:941][158]Cmd: MAP LOAD FILE="C:/Users/salles/Desktop/test/TCC-Sobrevivendo-Ao-Inferno/Tentativa4/Content/MyContent/Maps/Estações/LinhaAmarela/Republica.umap" TEMPLATE=0 SHOWPROGRESS=1 FEATURELEVEL=3
[2020.11.30-17.10.28:947][158]LightingResults: New page: Lighting Build
[2020.11.30-17.10.28:960][158]LogContentBrowser: Native class hierarchy updated for 'StatsViewer' in 0.0002 seconds. Added 5 classes and 0 folders.
[2020.11.30-17.10.28:961][158]LoadErrors: New page: Loading map: Republica.umap
[2020.11.30-17.10.28:986][158]LogWorld: UWorld::CleanupWorld for Untitled, bSessionEnded=true, bCleanupResources=true
[2020.11.30-17.10.29:069][158]MapCheck: New page: Map Check
[2020.11.30-17.10.29:069][158]LightingResults: New page: Lighting Build
[2020.11.30-17.10.29:230][158]LogUObjectHash: Compacting FUObjectHashTables data took   1.37ms
[2020.11.30-17.10.29:494][158]LogEditorServer: Finished looking for orphan Actors (0.000 secs)
[2020.11.30-17.10.29:556][158]LogUObjectHash: Compacting FUObjectHashTables data took   1.94ms
[2020.11.30-17.10.29:642][158]Cmd: MAP CHECKDEP NOCLEARLOG
[2020.11.30-17.10.29:643][158]MapCheck: Map check complete: 0 Error(s), 0 Warning(s), took 0.736ms to complete.
[2020.11.30-17.10.29:643][158]LogFileHelpers: Loading map 'Republica' took 0.749
[2020.11.30-17.10.30:517][181]LogEditorViewport: Clicking on Actor (LMB): StaticMeshActor (Plataforma_Republica_Escada_Rolante2)
[2020.11.30-17.10.31:521][184]LogEditorViewport: Clicking on Actor (LMB): StaticMeshActor (Plataforma_Republica_Escada_Rolante2)
[2020.11.30-17.10.32:168][204]LogSlate: FSceneViewport::OnFocusLost() reason 0
[2020.11.30-17.10.51:156][128]LogSlate: FSceneViewport::OnFocusLost() reason 0
[2020.11.30-17.11.01:495][840]LogUObjectHash: Compacting FUObjectHashTables data took   0.80ms
[2020.11.30-17.11.02:965][840]LogSlate: Window 'Delete Assets' being destroyed
[2020.11.30-17.11.03:468][840]LogUObjectGlobals: Force Deleting 1 Package(s):
	Asset Name: /Game/MyContent/Models/Assets/Models/Estacoes/LinhaAmarela/Republica/Plataforma_Republica_Escada_Rolante/Republica_Escada.Republica_Escada
[2020.11.30-17.11.05:934][840]LogUObjectHash: Compacting FUObjectHashTables data took   2.13ms
[2020.11.30-17.11.05:973][840]LogUObjectHash: Compacting FUObjectHashTables data took   2.04ms
[2020.11.30-17.11.05:993][840]LogUObjectHash: Compacting FUObjectHashTables data took   0.60ms
[2020.11.30-17.11.15:531][884]LogLinker: Warning: While loading 'C:/Users/salles/Desktop/test/TCC-Sobrevivendo-Ao-Inferno/Tentativa4/Content/MyContent/Models/Assets/Models/Estacoes/LinhaAmarela/Republica/Plataforma_Republica_Escada_Rolante/Plataforma_Republica_Escada_Rolante.uasset' failed to load '/Game/MyContent/Models/Assets/Models/Estacoes/LinhaAmarela/Republica/Plataforma_Republica_Escada_Rolante/Republica_Escada': Can't find file.
[2020.11.30-17.11.15:531][884]LogLinker: Warning: While loading 'C:/Users/salles/Desktop/test/TCC-Sobrevivendo-Ao-Inferno/Tentativa4/Content/MyContent/Models/Assets/Models/Estacoes/LinhaAmarela/Republica/Plataforma_Republica_Escada_Rolante/Plataforma_Republica_Escada_Rolante.uasset' failed to load '/Game/MyContent/Models/Assets/Models/Estacoes/LinhaAmarela/Republica/Plataforma_Republica_Escada_Rolante/Republica_Escada': Can't find file.
[2020.11.30-17.11.15:531][884]LogLinker: Warning: While loading 'C:/Users/salles/Desktop/test/TCC-Sobrevivendo-Ao-Inferno/Tentativa4/Content/MyContent/Models/Assets/Models/Estacoes/LinhaAmarela/Republica/Plataforma_Republica_Escada_Rolante/Plataforma_Republica_Escada_Rolante.uasset' failed to load '/Game/MyContent/Models/Assets/Models/Estacoes/LinhaAmarela/Republica/Plataforma_Republica_Escada_Rolante/Republica_Escada': Can't find file.
[2020.11.30-17.11.15:531][884]LogLinker: Warning: While loading 'C:/Users/salles/Desktop/test/TCC-Sobrevivendo-Ao-Inferno/Tentativa4/Content/MyContent/Models/Assets/Models/Estacoes/LinhaAmarela/Republica/Plataforma_Republica_Escada_Rolante/Plataforma_Republica_Escada_Rolante.uasset' failed to load '/Game/MyContent/Models/Assets/Models/Estacoes/LinhaAmarela/Republica/Plataforma_Republica_Escada_Rolante/Republica_Escada': Can't find file.
[2020.11.30-17.11.15:531][884]LogLinker: Warning: While loading 'C:/Users/salles/Desktop/test/TCC-Sobrevivendo-Ao-Inferno/Tentativa4/Content/MyContent/Models/Assets/Models/Estacoes/LinhaAmarela/Republica/Plataforma_Republica_Escada_Rolante/Plataforma_Republica_Escada_Rolante.uasset' failed to load '/Game/MyContent/Models/Assets/Models/Estacoes/LinhaAmarela/Republica/Plataforma_Republica_Escada_Rolante/Republica_Escada': Can't find file.
[2020.11.30-17.11.15:543][884]LoadErrors: Failed to load /Game/MyContent/Models/Assets/Models/Estacoes/LinhaAmarela/Republica/Plataforma_Republica_Escada_Rolante/Republica_Escada.Republica_Escada Referenced by Plataforma_Republica_Escada_Rolante
[2020.11.30-17.11.15:543][884]LogLinker: Warning: While loading 'C:/Users/salles/Desktop/test/TCC-Sobrevivendo-Ao-Inferno/Tentativa4/Content/MyContent/Models/Assets/Models/Estacoes/LinhaAmarela/Republica/Plataforma_Republica_Escada_Rolante/Plataforma_Republica_Escada_Rolante.uasset' failed to load '/Game/MyContent/Models/Assets/Models/Estacoes/LinhaAmarela/Republica/Plataforma_Republica_Escada_Rolante/Republica_Escada': Can't find file.
[2020.11.30-17.11.40:748][428]LogUObjectHash: Compacting FUObjectHashTables data took   0.81ms
[2020.11.30-17.11.43:227][428]LogSlate: Window 'Delete Assets' being destroyed
[2020.11.30-17.11.46:452][643]LogUObjectHash: Compacting FUObjectHashTables data took   0.61ms
[2020.11.30-17.11.47:695][643]LogSlate: Window 'Delete Assets' being destroyed
[2020.11.30-17.11.47:758][643]LogUObjectHash: Compacting FUObjectHashTables data took   0.56ms
[2020.11.30-17.11.47:783][643]LogUObjectHash: Compacting FUObjectHashTables data took   0.62ms
[2020.11.30-17.11.47:801][643]LogUObjectHash: Compacting FUObjectHashTables data took   0.58ms
[2020.11.30-17.11.56:006][106]LogFactory: FactoryCreateFile: StaticMesh with FbxFactory (0 0 E:\TCC 2020\_OBJS UV ABERTA\Plataforma\Linha Amarela\Republica\Plataforma_Republica_Escada_Rolante\Plataforma_Republica_Escada_Rolante.fbx)
[2020.11.30-17.11.56:126][106]LogFbx: Loading FBX Scene from E:\TCC 2020\_OBJS UV ABERTA\Plataforma\Linha Amarela\Republica\Plataforma_Republica_Escada_Rolante\Plataforma_Republica_Escada_Rolante.fbx
[2020.11.30-17.11.56:153][106]LogFbx: FBX Scene Loaded Succesfully
[2020.11.30-17.11.57:537][106]LogSlate: Window 'FBX Import Options' being destroyed
[2020.11.30-17.11.58:548][106]LogMaterial: Display: Missing cached shader map for material Stairs, compiling. 
[2020.11.30-17.11.58:639][106]LogShaderCompilers: Display: Worker (1/5): shaders left to compile 22
[2020.11.30-17.11.58:639][106]LogShaderCompilers: Display: Worker (2/5): shaders left to compile 16
[2020.11.30-17.11.58:639][106]LogShaderCompilers: Display: Worker (3/5): shaders left to compile 10
[2020.11.30-17.11.58:639][106]LogShaderCompilers: Display: Worker (4/5): shaders left to compile 4
[2020.11.30-17.11.58:643][106]LogMaterial: Display: Missing cached shader map for material Wall, compiling. 
[2020.11.30-17.11.58:658][106]LogFbx: Display: Triangulating static mesh Escada_Rolante_Simples_CP
[2020.11.30-17.11.58:813][106]LogStaticMesh: Building static mesh Plataforma_Republica_Escada_Rolante...
[2020.11.30-17.11.58:926][106]LogStaticMesh: Built static mesh [0.11s] /Game/MyContent/Models/Assets/Models/Estacoes/LinhaAmarela/Republica/Escada_Republica/Plataforma_Republica_Escada_Rolante.Plataforma_Republica_Escada_Rolante
[2020.11.30-17.11.59:015][106]FBXImport: Warning: No smoothing group information was found in this FBX scene.  Please make sure to enable the 'Export Smoothing Groups' option in the FBX Exporter plug-in before exporting the file.  Even for tools that don't support smoothing groups, the FBX Exporter will generate appropriate smoothing data at export-time so that correct vertex normals can be inferred while importing. 
[2020.11.30-17.12.00:754][155]LogSlate: Window 'Message Log' being destroyed
[2020.11.30-17.12.00:764][155]LogSlate: Window 'Message Log' being destroyed
[2020.11.30-17.12.03:545][237]LogUObjectHash: Compacting FUObjectHashTables data took   3.13ms
[2020.11.30-17.12.04:033][237]LogShaderCompilers: Display: Worker (4/5): shaders left to compile 22
[2020.11.30-17.12.04:365][237]LogShaderCompilers: Display: Worker (1/5): shaders left to compile 16
[2020.11.30-17.12.04:435][237]LogSlate: Window 'Delete Assets' being destroyed
[2020.11.30-17.12.04:839][237]LogShaderCompilers: Display: Worker (2/5): shaders left to compile 11
[2020.11.30-17.12.04:839][237]LogUObjectGlobals: Force Deleting 2 Package(s):
	Asset Name: /Game/MyContent/Models/Assets/Models/Estacoes/LinhaAmarela/Republica/Escada_Republica/Stairs.Stairs
	Asset Name: /Game/MyContent/Models/Assets/Models/Estacoes/LinhaAmarela/Republica/Escada_Republica/Wall.Wall
[2020.11.30-17.12.05:475][237]LogUObjectHash: Compacting FUObjectHashTables data took   2.48ms
[2020.11.30-17.12.05:969][255]LogShaderCompilers: Display: Worker (3/5): shaders left to compile 8
[2020.11.30-17.12.06:164][261]LogAssetEditorManager: Opening Asset editor for StaticMesh /Game/MyContent/Models/Assets/Models/Estacoes/LinhaAmarela/Republica/Escada_Republica/Plataforma_Republica_Escada_Rolante.Plataforma_Republica_Escada_Rolante
[2020.11.30-17.12.06:388][261]LogShaderCompilers: Display: Worker (4/5): shaders left to compile 5
[2020.11.30-17.12.06:669][261]LogShaderCompilers: Display: Worker (2/5): shaders left to compile 3
[2020.11.30-17.12.07:203][261]LogShaderCompilers: Display: Worker (1/5): shaders left to compile 2
[2020.11.30-17.12.07:276][261]LogShaderCompilers: Display: Worker (2/5): shaders left to compile 1
[2020.11.30-17.12.07:565][261]LogRenderer: Reallocating scene render targets to support 1008x696 Format 9 NumSamples 1 (Frame:1).
[2020.11.30-17.12.07:565][261]LogSlate: Took 0.017127 seconds to synchronously load lazily loaded font '../../../Engine/Content/Slate/Fonts/Roboto-Italic.ttf' (157K)
[2020.11.30-17.12.14:909][511]LogSlate: FSceneViewport::OnFocusLost() reason 2
[2020.11.30-17.12.18:481][661]LogSlate: FSceneViewport::OnFocusLost() reason 2
[2020.11.30-17.12.22:029][832]LogSlate: FSceneViewport::OnFocusLost() reason 0
[2020.11.30-17.12.22:330][834]LogSavePackage: Moving 'C:/Users/salles/Desktop/test/TCC-Sobrevivendo-Ao-Inferno/Tentativa4/Saved/Plataforma_Republica_Escada_Rola7C59DF8849683F363EA14CA6C4E581D4.tmp' to 'C:/Users/salles/Desktop/test/TCC-Sobrevivendo-Ao-Inferno/Tentativa4/Content/MyContent/Models/Assets/Models/Estacoes/LinhaAmarela/Republica/Escada_Republica/Plataforma_Republica_Escada_Rolante.uasset'
[2020.11.30-17.12.22:725][844]LogSlate: Window 'Plataforma_Republica_Escada_Rolante' being destroyed
[2020.11.30-17.12.22:772][844]LogWorld: UWorld::CleanupWorld for World_2, bSessionEnded=true, bCleanupResources=true
[2020.11.30-17.12.33:681][554]LogSlate: FSceneViewport::OnFocusLost() reason 5
[2020.11.30-17.12.33:767][554]LogUObjectHash: Compacting FUObjectHashTables data took   1.45ms
[2020.11.30-17.12.33:951][554]LogSavePackage: Moving 'C:/Users/salles/Desktop/test/TCC-Sobrevivendo-Ao-Inferno/Tentativa4/Saved/Republica0A3B00C24D053A88E80A29B8A1C0F0DA.tmp' to 'C:/Users/salles/Desktop/test/TCC-Sobrevivendo-Ao-Inferno/Tentativa4/Content/MyContent/Maps/Estações/LinhaAmarela/Republica.umap'
[2020.11.30-17.12.34:865][587]LogUObjectHash: Compacting FUObjectHashTables data took   2.45ms
[2020.11.30-17.12.36:331][642]LogSlate: FSceneViewport::OnFocusLost() reason 5
[2020.11.30-17.12.36:369][642]LogUObjectHash: Compacting FUObjectHashTables data took   0.81ms
[2020.11.30-17.12.36:486][642]LogSavePackage: Moving 'C:/Users/salles/Desktop/test/TCC-Sobrevivendo-Ao-Inferno/Tentativa4/Saved/Republica973A5090485CCBAB6FD075A2790F4805.tmp' to 'C:/Users/salles/Desktop/test/TCC-Sobrevivendo-Ao-Inferno/Tentativa4/Content/MyContent/Maps/Estações/LinhaAmarela/Republica.umap'
[2020.11.30-17.12.38:081][708]LogUObjectHash: Compacting FUObjectHashTables data took   1.69ms
[2020.11.30-17.12.38:295][708]LogSlate: Window 'Tentativa4 - Unreal Editor' being destroyed
[2020.11.30-17.12.38:296][708]LogWindowsTextInputMethodSystem: Display: IME system now deactivated.
[2020.11.30-17.12.38:510][709]Cmd: QUIT_EDITOR
[2020.11.30-17.12.38:860][709]LogExit: Preparing to exit.
[2020.11.30-17.12.39:703][709]LogWorld: UWorld::CleanupWorld for World_1, bSessionEnded=true, bCleanupResources=true
[2020.11.30-17.12.39:703][709]LogWorld: UWorld::CleanupWorld for World_0, bSessionEnded=true, bCleanupResources=true
[2020.11.30-17.12.39:881][709]LogDemo: Cleaned up 0 splitscreen connections with owner deletion
[2020.11.30-17.12.40:001][709]LogWorld: UWorld::CleanupWorld for None, bSessionEnded=true, bCleanupResources=true
[2020.11.30-17.12.40:001][709]LogExit: Editor shut down
[2020.11.30-17.12.40:002][709]LogExit: Transaction tracking system shut down
[2020.11.30-17.12.41:436][709]LogExit: Object subsystem successfully closed.
[2020.11.30-17.12.41:567][709]LogShaderCompilers: Display: Shaders left to compile 0
[2020.11.30-17.12.42:491][709]LogModuleManager: Shutting down and abandoning module StaticMeshEditor (674)
[2020.11.30-17.12.42:491][709]LogModuleManager: Shutting down and abandoning module MeshBuilder (672)
[2020.11.30-17.12.42:491][709]LogModuleManager: Shutting down and abandoning module HierarchicalLODUtilities (670)
[2020.11.30-17.12.42:496][709]LogModuleManager: Shutting down and abandoning module StatsViewer (668)
[2020.11.30-17.12.42:511][709]LogModuleManager: Shutting down and abandoning module HierarchicalLODOutliner (666)
[2020.11.30-17.12.42:511][709]LogModuleManager: Shutting down and abandoning module SceneOutliner (664)
[2020.11.30-17.12.42:511][709]LogModuleManager: Shutting down and abandoning module AddContentDialog (662)
[2020.11.30-17.12.42:524][709]LogModuleManager: Shutting down and abandoning module WidgetCarousel (661)
[2020.11.30-17.12.42:524][709]LogModuleManager: Shutting down and abandoning module EditorWidgets (658)
[2020.11.30-17.12.42:524][709]LogModuleManager: Shutting down and abandoning module CollectionManager (656)
[2020.11.30-17.12.42:536][709]LogModuleManager: Shutting down and abandoning module VirtualTexturingEditor (654)
[2020.11.30-17.12.42:536][709]LogModuleManager: Shutting down and abandoning module FoliageEdit (652)
[2020.11.30-17.12.42:546][709]LogModuleManager: Shutting down and abandoning module LandscapeEditor (650)
[2020.11.30-17.12.42:578][709]LogModuleManager: Shutting down and abandoning module MeshPaintMode (648)
[2020.11.30-17.12.42:578][709]LogModuleManager: Shutting down and abandoning module SceneDepthPickerMode (646)
[2020.11.30-17.12.42:578][709]LogModuleManager: Shutting down and abandoning module ActorPickerMode (644)
[2020.11.30-17.12.42:578][709]LogModuleManager: Shutting down and abandoning module GeometryMode (642)
[2020.11.30-17.12.42:580][709]LogModuleManager: Shutting down and abandoning module TextureAlignMode (640)
[2020.11.30-17.12.42:580][709]LogModuleManager: Shutting down and abandoning module BspMode (638)
[2020.11.30-17.12.42:581][709]LogModuleManager: Shutting down and abandoning module PIEPreviewDeviceProfileSelector (636)
[2020.11.30-17.12.42:602][709]LogModuleManager: Shutting down and abandoning module SequenceRecorderSections (634)
[2020.11.30-17.12.42:611][709]LogModuleManager: Shutting down and abandoning module AutomationWorker (632)
[2020.11.30-17.12.42:611][709]LogModuleManager: Shutting down and abandoning module OculusMR (630)
[2020.11.30-17.12.42:611][709]LogModuleManager: Shutting down and abandoning module AudioCaptureEditor (628)
[2020.11.30-17.12.42:620][709]LogModuleManager: Shutting down and abandoning module MatineeToLevelSequence (626)
[2020.11.30-17.12.42:628][709]LogModuleManager: Shutting down and abandoning module LevelSequenceEditor (624)
[2020.11.30-17.12.42:679][709]LogModuleManager: Shutting down and abandoning module PlacementMode (623)
[2020.11.30-17.12.42:679][709]LogModuleManager: Shutting down and abandoning module MaterialEditor (622)
[2020.11.30-17.12.42:690][709]LogModuleManager: Shutting down and abandoning module ActorSequenceEditor (618)
[2020.11.30-17.12.42:700][709]LogModuleManager: Shutting down and abandoning module WmfMediaFactory (616)
[2020.11.30-17.12.42:700][709]LogModuleManager: Shutting down and abandoning module WmfMediaEditor (614)
[2020.11.30-17.12.42:700][709]LogModuleManager: Shutting down and abandoning module WebMMediaFactory (612)
[2020.11.30-17.12.42:700][709]LogModuleManager: Shutting down and abandoning module WebMMediaEditor (610)
[2020.11.30-17.12.42:700][709]LogModuleManager: Shutting down and abandoning module WebMMedia (608)
[2020.11.30-17.12.42:709][709]LogModuleManager: Shutting down and abandoning module MediaPlayerEditor (606)
[2020.11.30-17.12.42:719][709]LogModuleManager: Shutting down and abandoning module MediaCompositingEditor (604)
[2020.11.30-17.12.42:738][709]LogModuleManager: Shutting down and abandoning module SequenceRecorder (603)
[2020.11.30-17.12.42:738][709]LogModuleManager: Shutting down and abandoning module OpenExrWrapper (600)
[2020.11.30-17.12.42:738][709]LogModuleManager: Shutting down and abandoning module ImgMediaFactory (598)
[2020.11.30-17.12.42:738][709]LogModuleManager: Shutting down and abandoning module ImgMediaEditor (596)
[2020.11.30-17.12.42:738][709]LogModuleManager: Shutting down and abandoning module AvfMediaFactory (594)
[2020.11.30-17.12.42:738][709]LogModuleManager: Shutting down and abandoning module AvfMediaEditor (592)
[2020.11.30-17.12.42:738][709]LogModuleManager: Shutting down and abandoning module AndroidMediaFactory (590)
[2020.11.30-17.12.42:738][709]LogModuleManager: Shutting down and abandoning module AndroidMediaEditor (588)
[2020.11.30-17.12.42:738][709]LogModuleManager: Shutting down and abandoning module MagicLeapCameraPreviewFactory (586)
[2020.11.30-17.12.42:738][709]LogModuleManager: Shutting down and abandoning module MagicLeapMediaCodecFactory (584)
[2020.11.30-17.12.42:738][709]LogModuleManager: Shutting down and abandoning module MagicLeapMediaFactory (582)
[2020.11.30-17.12.42:738][709]LogModuleManager: Shutting down and abandoning module MagicLeapMediaEditor (580)
[2020.11.30-17.12.42:738][709]LogModuleManager: Shutting down and abandoning module CharacterAI (578)
[2020.11.30-17.12.42:738][709]LogModuleManager: Shutting down and abandoning module SmartSnapping (576)
[2020.11.30-17.12.42:738][709]LogModuleManager: Shutting down and abandoning module SessionServices (574)
[2020.11.30-17.12.42:738][709]LogModuleManager: Shutting down and abandoning module MeshPaint (572)
[2020.11.30-17.12.42:755][709]LogModuleManager: Shutting down and abandoning module ViewportSnapping (570)
[2020.11.30-17.12.42:755][709]LogModuleManager: Shutting down and abandoning module ViewportInteraction (568)
[2020.11.30-17.12.42:755][709]LogModuleManager: Shutting down and abandoning module ClothPainter (566)
[2020.11.30-17.12.42:771][709]LogModuleManager: Shutting down and abandoning module SkeletalMeshEditor (565)
[2020.11.30-17.12.42:785][709]LogModuleManager: Shutting down and abandoning module LogVisualizer (562)
[2020.11.30-17.12.42:797][709]LogModuleManager: Shutting down and abandoning module IntroTutorials (560)
[2020.11.30-17.12.42:797][709]LogModuleManager: Shutting down and abandoning module GameProjectGeneration (559)
[2020.11.30-17.12.42:805][709]LogModuleManager: Shutting down and abandoning module LuminPlatformEditor (556)
[2020.11.30-17.12.42:805][709]LogModuleManager: Shutting down and abandoning module IOSPlatformEditor (554)
[2020.11.30-17.12.42:818][709]LogModuleManager: Shutting down and abandoning module HTML5PlatformEditor (552)
[2020.11.30-17.12.42:818][709]LogModuleManager: Shutting down and abandoning module AndroidPlatformEditor (550)
[2020.11.30-17.12.42:818][709]LogModuleManager: Shutting down and abandoning module AndroidDeviceDetection (549)
[2020.11.30-17.12.43:450][709]LogModuleManager: Shutting down and abandoning module WindowsPlatformEditor (546)
[2020.11.30-17.12.43:450][709]LogModuleManager: Shutting down and abandoning module LuminRuntimeSettings (544)
[2020.11.30-17.12.43:450][709]LogModuleManager: Shutting down and abandoning module IOSRuntimeSettings (542)
[2020.11.30-17.12.43:450][709]LogModuleManager: Shutting down and abandoning module AndroidRuntimeSettings (540)
[2020.11.30-17.12.43:450][709]LogModuleManager: Shutting down and abandoning module TimeManagementEditor (538)
[2020.11.30-17.12.43:450][709]LogModuleManager: Shutting down and abandoning module InputBindingEditor (536)
[2020.11.30-17.12.43:465][709]LogModuleManager: Shutting down and abandoning module MergeActors (534)
[2020.11.30-17.12.43:481][709]LogModuleManager: Shutting down and abandoning module LocalizationDashboard (532)
[2020.11.30-17.12.43:495][709]LogModuleManager: Shutting down and abandoning module LocalizationService (531)
[2020.11.30-17.12.43:501][709]LogModuleManager: Shutting down and abandoning module HardwareTargeting (528)
[2020.11.30-17.12.43:501][709]LogModuleManager: Shutting down and abandoning module DeviceProfileEditor (526)
[2020.11.30-17.12.43:513][709]LogModuleManager: Shutting down and abandoning module UndoHistory (524)
[2020.11.30-17.12.43:519][709]LogModuleManager: Shutting down and abandoning module XmlParser (522)
[2020.11.30-17.12.43:522][709]LogModuleManager: Shutting down and abandoning module Blutility (520)
[2020.11.30-17.12.43:522][709]LogModuleManager: Shutting down and abandoning module ProjectSettingsViewer (518)
[2020.11.30-17.12.43:522][709]LogModuleManager: Shutting down and abandoning module ProjectTargetPlatformEditor (517)
[2020.11.30-17.12.43:522][709]LogModuleManager: Shutting down and abandoning module EditorSettingsViewer (514)
[2020.11.30-17.12.43:522][709]LogModuleManager: Shutting down and abandoning module SettingsEditor (512)
[2020.11.30-17.12.43:552][709]LogModuleManager: Shutting down and abandoning module ProjectLauncher (510)
[2020.11.30-17.12.43:562][709]LogModuleManager: Shutting down and abandoning module SessionFrontend (508)
[2020.11.30-17.12.43:572][709]LogModuleManager: Shutting down and abandoning module ProfilerClient (506)
[2020.11.30-17.12.43:583][709]LogModuleManager: Shutting down and abandoning module DeviceManager (504)
[2020.11.30-17.12.43:596][709]LogModuleManager: Shutting down and abandoning module TargetDeviceServices (503)
[2020.11.30-17.12.43:648][709]LogModuleManager: Shutting down and abandoning module AutomationController (500)
[2020.11.30-17.12.43:669][709]LogModuleManager: Shutting down and abandoning module AutomationWindow (498)
[2020.11.30-17.12.43:683][709]LogModuleManager: Shutting down and abandoning module Layers (496)
[2020.11.30-17.12.43:699][709]LogModuleManager: Shutting down and abandoning module ComponentVisualizers (494)
[2020.11.30-17.12.43:699][709]LogModuleManager: Shutting down and abandoning module DetailCustomizations (492)
[2020.11.30-17.12.43:700][709]LogModuleManager: Shutting down and abandoning module PackagesDialog (490)
[2020.11.30-17.12.43:700][709]LogModuleManager: Shutting down and abandoning module AnimationBlueprintEditor (488)
[2020.11.30-17.12.43:718][709]LogModuleManager: Shutting down and abandoning module Persona (486)
[2020.11.30-17.12.43:738][709]LogModuleManager: Shutting down and abandoning module AdvancedPreviewScene (485)
[2020.11.30-17.12.43:738][709]LogModuleManager: Shutting down and abandoning module AnimGraph (483)
[2020.11.30-17.12.43:738][709]LogModuleManager: Shutting down and abandoning module Kismet (480)
[2020.11.30-17.12.43:755][709]LogModuleManager: Shutting down and abandoning module KismetWidgets (479)
[2020.11.30-17.12.43:764][709]LogModuleManager: Shutting down and abandoning module GraphEditor (476)
[2020.11.30-17.12.43:785][709]LogModuleManager: Shutting down and abandoning module StructViewer (474)
[2020.11.30-17.12.43:785][709]LogModuleManager: Shutting down and abandoning module ClassViewer (472)
[2020.11.30-17.12.43:785][709]LogModuleManager: Shutting down and abandoning module Toolbox (470)
[2020.11.30-17.12.43:785][709]LogModuleManager: Shutting down and abandoning module ModuleUI (468)
[2020.11.30-17.12.43:791][709]LogModuleManager: Shutting down and abandoning module MovieSceneTools (466)
[2020.11.30-17.12.43:808][709]LogModuleManager: Shutting down and abandoning module OutputLog (464)
[2020.11.30-17.12.43:821][709]LogModuleManager: Shutting down and abandoning module GammaUI (462)
[2020.11.30-17.12.43:824][709]LogModuleManager: Shutting down and abandoning module Documentation (460)
[2020.11.30-17.12.43:824][709]LogModuleManager: Shutting down and abandoning module LiveCoding (458)
[2020.11.30-17.12.43:833][709]LogModuleManager: Shutting down and abandoning module LevelSequence (456)
[2020.11.30-17.12.43:833][709]LogModuleManager: Shutting down and abandoning module MovieSceneTracks (454)
[2020.11.30-17.12.43:833][709]LogModuleManager: Shutting down and abandoning module MovieScene (452)
[2020.11.30-17.12.43:842][709]LogModuleManager: Shutting down and abandoning module StreamingPauseRendering (450)
[2020.11.30-17.12.43:847][709]LogModuleManager: Shutting down and abandoning module LauncherPlatform (448)
[2020.11.30-17.12.43:847][709]LogModuleManager: Shutting down and abandoning module AnalyticsET (446)
[2020.11.30-17.12.43:847][709]LogModuleManager: Shutting down and abandoning module PortalServices (444)
[2020.11.30-17.12.43:847][709]LogModuleManager: Shutting down and abandoning module PortalRpc (442)
[2020.11.30-17.12.43:847][709]LogModuleManager: Shutting down and abandoning module MessagingRpc (440)
[2020.11.30-17.12.43:847][709]LogModuleManager: Shutting down and abandoning module AIModule (438)
[2020.11.30-17.12.43:857][709]LogModuleManager: Shutting down and abandoning module GameplayDebugger (437)
[2020.11.30-17.12.43:867][709]LogModuleManager: Shutting down and abandoning module AITestSuite (435)
[2020.11.30-17.12.43:867][709]LogModuleManager: Shutting down and abandoning module NavigationSystem (433)
[2020.11.30-17.12.43:867][709]LogModuleManager: Shutting down and abandoning module DesktopPlatform (430)
[2020.11.30-17.12.43:877][709]LogModuleManager: Shutting down and abandoning module ImageWriteQueue (428)
[2020.11.30-17.12.43:881][709]LogModuleManager: Shutting down and abandoning module ProfilerService (426)
[2020.11.30-17.12.44:131][709]LogModuleManager: Shutting down and abandoning module TaskGraph (424)
[2020.11.30-17.12.44:151][709]LogModuleManager: Shutting down and abandoning module ScreenshotTools (422)
[2020.11.30-17.12.44:151][709]LogModuleManager: Shutting down and abandoning module SteamVRController (420)
[2020.11.30-17.12.44:151][709]LogModuleManager: Shutting down and abandoning module ProceduralMeshComponentEditor (418)
[2020.11.30-17.12.44:151][709]LogModuleManager: Shutting down and abandoning module ProceduralMeshComponent (416)
[2020.11.30-17.12.44:155][709]LogModuleManager: Shutting down and abandoning module OculusEditor (414)
[2020.11.30-17.12.44:155][709]LogModuleManager: Shutting down and abandoning module OculusInput (412)
[2020.11.30-17.12.44:155][709]LogModuleManager: Shutting down and abandoning module MobilePatchingUtils (410)
[2020.11.30-17.12.44:155][709]LogModuleManager: Shutting down and abandoning module EditableMesh (408)
[2020.11.30-17.12.44:162][709]LogModuleManager: Shutting down and abandoning module CustomMeshComponent (406)
[2020.11.30-17.12.44:162][709]LogModuleManager: Shutting down and abandoning module CableComponent (404)
[2020.11.30-17.12.44:162][709]LogModuleManager: Shutting down and abandoning module AudioCapture (402)
[2020.11.30-17.12.44:162][709]LogModuleManager: Shutting down and abandoning module ArchVisCharacter (400)
[2020.11.30-17.12.44:162][709]LogModuleManager: Shutting down and abandoning module AppleImageUtilsBlueprintSupport (398)
[2020.11.30-17.12.44:162][709]LogModuleManager: Shutting down and abandoning module AppleImageUtils (396)
[2020.11.30-17.12.44:162][709]LogModuleManager: Shutting down and abandoning module AndroidPermission (394)
[2020.11.30-17.12.44:162][709]LogModuleManager: Shutting down and abandoning module NUTUnrealEngine4 (392)
[2020.11.30-17.12.44:165][709]LogModuleManager: Shutting down and abandoning module NetcodeUnitTest (390)
[2020.11.30-17.12.44:177][709]LogModuleManager: Shutting down and abandoning module MediaCompositing (388)
[2020.11.30-17.12.44:177][709]LogModuleManager: Shutting down and abandoning module ImgMedia (386)
[2020.11.30-17.12.44:189][709]LogModuleManager: Shutting down and abandoning module MagicLeapHelperVulkan (384)
[2020.11.30-17.12.44:189][709]LogModuleManager: Shutting down and abandoning module MagicLeapHelperOpenGL (382)
[2020.11.30-17.12.44:189][709]LogModuleManager: Shutting down and abandoning module MagicLeapAudio (380)
[2020.11.30-17.12.44:199][709]LogModuleManager: Shutting down and abandoning module HTML5Networking (378)
[2020.11.30-17.12.44:199][709]LogModuleManager: Shutting down and abandoning module GeometryCacheTracks (376)
[2020.11.30-17.12.44:199][709]LogModuleManager: Shutting down and abandoning module GeometryCacheSequencer (374)
[2020.11.30-17.12.44:199][709]LogModuleManager: Shutting down and abandoning module BackChannel (372)
[2020.11.30-17.12.44:205][709]LogModuleManager: Shutting down and abandoning module AutomationUtilsEditor (370)
[2020.11.30-17.12.44:205][709]LogModuleManager: Shutting down and abandoning module AutomationUtils (368)
[2020.11.30-17.12.44:205][709]LogModuleManager: Shutting down and abandoning module AlembicImporter (366)
[2020.11.30-17.12.44:209][709]LogModuleManager: Shutting down and abandoning module AlembicLibrary (365)
[2020.11.30-17.12.44:209][709]LogModuleManager: Shutting down and abandoning module GeometryCache (364)
[2020.11.30-17.12.44:210][709]LogModuleManager: Shutting down and abandoning module GeometryCacheEd (363)
[2020.11.30-17.12.44:210][709]LogModuleManager: Shutting down and abandoning module VariantManagerContent (358)
[2020.11.30-17.12.44:210][709]LogModuleManager: Shutting down and abandoning module DatasmithContentEditor (356)
[2020.11.30-17.12.44:210][709]LogModuleManager: Shutting down and abandoning module SpeedTreeImporter (354)
[2020.11.30-17.12.44:210][709]LogModuleManager: Shutting down and abandoning module PluginBrowser (352)
[2020.11.30-17.12.44:225][709]LogModuleManager: Shutting down and abandoning module MobileLauncherProfileWizard (350)
[2020.11.30-17.12.44:233][709]LogModuleManager: Shutting down and abandoning module MaterialAnalyzer (348)
[2020.11.30-17.12.44:239][709]LogModuleManager: Shutting down and abandoning module CurveEditorTools (346)
[2020.11.30-17.12.44:258][709]LogModuleManager: Shutting down and abandoning module CurveEditor (345)
[2020.11.30-17.12.44:261][709]LogModuleManager: Shutting down and abandoning module CryptoKeysOpenSSL (342)
[2020.11.30-17.12.44:261][709]LogModuleManager: Shutting down and abandoning module CryptoKeys (340)
[2020.11.30-17.12.44:261][709]LogModuleManager: Shutting down and abandoning module VisualStudioSourceCodeAccess (338)
[2020.11.30-17.12.44:269][709]LogModuleManager: Shutting down and abandoning module VisualStudioCodeSourceCodeAccess (336)
[2020.11.30-17.12.44:269][709]LogModuleManager: Shutting down and abandoning module UObjectPlugin (334)
[2020.11.30-17.12.44:269][709]LogModuleManager: Shutting down and abandoning module SubversionSourceControl (332)
[2020.11.30-17.12.44:282][709]LogModuleManager: Shutting down and abandoning module PerforceSourceControl (330)
[2020.11.30-17.12.44:296][709]LogModuleManager: Shutting down and abandoning module GitSourceControl (328)
[2020.11.30-17.12.44:307][709]LogModuleManager: Shutting down and abandoning module SourceControl (327)
[2020.11.30-17.12.44:307][709]LogModuleManager: Shutting down and abandoning module CLionSourceCodeAccess (324)
[2020.11.30-17.12.44:307][709]LogModuleManager: Shutting down and abandoning module AnimationSharingEd (322)
[2020.11.30-17.12.44:307][709]LogModuleManager: Shutting down and abandoning module ActorLayerUtilitiesEditor (320)
[2020.11.30-17.12.44:307][709]LogModuleManager: Shutting down and abandoning module ActorLayerUtilities (318)
[2020.11.30-17.12.44:307][709]LogModuleManager: Shutting down and abandoning module LightPropagationVolumeEditor (316)
[2020.11.30-17.12.44:307][709]LogModuleManager: Shutting down and abandoning module PaperTiledImporter (314)
[2020.11.30-17.12.44:307][709]LogModuleManager: Shutting down and abandoning module PaperSpriteSheetImporter (312)
[2020.11.30-17.12.44:307][709]LogModuleManager: Shutting down and abandoning module Paper2DEditor (310)
[2020.11.30-17.12.44:324][709]LogModuleManager: Shutting down and abandoning module SignificanceManager (308)
[2020.11.30-17.12.44:324][709]LogModuleManager: Shutting down and abandoning module RuntimePhysXCooking (306)
[2020.11.30-17.12.44:324][709]LogModuleManager: Shutting down and abandoning module PhysXVehiclesEditor (304)
[2020.11.30-17.12.44:324][709]LogModuleManager: Shutting down and abandoning module LocationServicesBPLibrary (300)
[2020.11.30-17.12.44:324][709]LogModuleManager: Shutting down and abandoning module ActorSequence (298)
[2020.11.30-17.12.44:324][709]LogModuleManager: Shutting down and abandoning module UdpMessaging (296)
[2020.11.30-17.12.44:425][709]LogModuleManager: Shutting down and abandoning module TcpMessaging (294)
[2020.11.30-17.12.44:532][709]LogModuleManager: Shutting down and abandoning module MagicLeapIdentity (292)
[2020.11.30-17.12.44:532][709]LogModuleManager: Shutting down and abandoning module MagicLeapSecureStorage (290)
[2020.11.30-17.12.44:532][709]LogModuleManager: Shutting down and abandoning module MagicLeapHandTracking (288)
[2020.11.30-17.12.44:536][709]LogModuleManager: Shutting down and abandoning module MagicLeapEyeTracker (286)
[2020.11.30-17.12.44:536][709]LogModuleManager: Shutting down and abandoning module MagicLeapController (284)
[2020.11.30-17.12.44:536][709]LogSlate: Slate User Destroyed.  User Index 0, Is Virtual User: 0
[2020.11.30-17.12.44:536][709]LogModuleManager: Shutting down and abandoning module MagicLeapAR (282)
[2020.11.30-17.12.44:536][709]LogModuleManager: Shutting down and abandoning module AugmentedReality (281)
[2020.11.30-17.12.44:536][709]LogModuleManager: Shutting down and abandoning module GameplayTagsEditor (278)
[2020.11.30-17.12.44:545][709]LogModuleManager: Shutting down and abandoning module FacialAnimationEditor (276)
[2020.11.30-17.12.44:545][709]LogModuleManager: Shutting down and abandoning module FacialAnimation (274)
[2020.11.30-17.12.44:545][709]LogModuleManager: Shutting down and abandoning module DataValidation (272)
[2020.11.30-17.12.44:545][709]LogModuleManager: Shutting down and abandoning module AssetManagerEditor (270)
[2020.11.30-17.12.44:556][709]LogModuleManager: Shutting down and abandoning module LevelEditor (269)
[2020.11.30-17.12.44:576][709]LogModuleManager: Shutting down and abandoning module PixelInspectorModule (268)
[2020.11.30-17.12.44:591][709]LogModuleManager: Shutting down and abandoning module CommonMenuExtensions (266)
[2020.11.30-17.12.44:591][709]LogModuleManager: Shutting down and abandoning module MainFrame (264)
[2020.11.30-17.12.44:591][709]LogModuleManager: Shutting down and abandoning module HotReload (263)
[2020.11.30-17.12.44:602][709]LogModuleManager: Shutting down and abandoning module ContentBrowser (259)
[2020.11.30-17.12.44:602][709]LogModuleManager: Shutting down and abandoning module TreeMap (257)
[2020.11.30-17.12.44:605][709]LogModuleManager: Shutting down and abandoning module AnimationSharing (254)
[2020.11.30-17.12.44:605][709]LogModuleManager: Shutting down and abandoning module LightPropagationVolumeRuntime (252)
[2020.11.30-17.12.44:605][709]LogModuleManager: Shutting down and abandoning module Paper2D (250)
[2020.11.30-17.12.44:610][709]LogModuleManager: Shutting down and abandoning module WindowsMoviePlayer (248)
[2020.11.30-17.12.44:624][709]LogModuleManager: Shutting down and abandoning module WebMMoviePlayer (246)
[2020.11.30-17.12.44:632][709]LogModuleManager: Shutting down and abandoning module NetworkReplayStreaming (244)
[2020.11.30-17.12.44:632][709]LogModuleManager: Shutting down and abandoning module PacketHandler (242)
[2020.11.30-17.12.44:632][709]LogModuleManager: Shutting down and abandoning module ClothingSystemEditor (240)
[2020.11.30-17.12.44:632][709]LogModuleManager: Shutting down and abandoning module ClothingSystemRuntime (238)
[2020.11.30-17.12.44:642][709]LogModuleManager: Shutting down and abandoning module MediaAssets (236)
[2020.11.30-17.12.44:642][709]LogModuleManager: Shutting down and abandoning module Overlay (234)
[2020.11.30-17.12.44:642][709]LogModuleManager: Shutting down and abandoning module OverlayEditor (233)
[2020.11.30-17.12.44:642][709]LogModuleManager: Shutting down and abandoning module VREditor (230)
[2020.11.30-17.12.44:654][709]LogModuleManager: Shutting down and abandoning module StringTableEditor (228)
[2020.11.30-17.12.44:666][709]LogModuleManager: Shutting down and abandoning module GameplayTasksEditor (226)
[2020.11.30-17.12.44:666][709]LogModuleManager: Shutting down and abandoning module BehaviorTreeEditor (224)
[2020.11.30-17.12.44:682][709]LogModuleManager: Shutting down and abandoning module FunctionalTesting (222)
[2020.11.30-17.12.44:687][709]LogModuleManager: Shutting down and abandoning module CollisionAnalyzer (220)
[2020.11.30-17.12.44:697][709]LogModuleManager: Shutting down and abandoning module WorkspaceMenuStructure (219)
[2020.11.30-17.12.44:698][709]LogModuleManager: Shutting down and abandoning module UMG (216)
[2020.11.30-17.12.44:706][709]LogModuleManager: Shutting down and abandoning module UMGEditor (215)
[2020.11.30-17.12.44:714][709]LogModuleManager: Shutting down and abandoning module Sequencer (214)
[2020.11.30-17.12.44:741][709]LogModuleManager: Shutting down and abandoning module MessageLog (211)
[2020.11.30-17.12.44:741][709]LogModuleManager: Shutting down and abandoning module SlateReflector (206)
[2020.11.30-17.12.44:755][709]LogModuleManager: Shutting down and abandoning module Slate (204)
[2020.11.30-17.12.44:755][709]LogModuleManager: Shutting down and abandoning module LandscapeEditorUtilities (202)
[2020.11.30-17.12.44:755][709]LogModuleManager: Shutting down and abandoning module EditorStyle (200)
[2020.11.30-17.12.44:755][709]LogModuleManager: Shutting down and abandoning module UnrealEd (198)
[2020.11.30-17.12.44:755][709]LogModuleManager: Shutting down and abandoning module MRMesh (196)
[2020.11.30-17.12.44:755][709]LogModuleManager: Shutting down and abandoning module SourceCodeAccess (194)
[2020.11.30-17.12.44:756][709]LogModuleManager: Shutting down and abandoning module HeadMountedDisplay (192)
[2020.11.30-17.12.44:763][709]LogModuleManager: Shutting down and abandoning module XAudio2 (190)
[2020.11.30-17.12.44:763][709]LogModuleManager: Shutting down and abandoning module Networking (188)
[2020.11.30-17.12.44:763][709]LogModuleManager: Shutting down and abandoning module Core (186)
[2020.11.30-17.12.44:763][709]LogModuleManager: Shutting down and abandoning module KismetCompiler (184)
[2020.11.30-17.12.44:763][709]LogModuleManager: Shutting down and abandoning module MeshUtilities (182)
[2020.11.30-17.12.44:763][709]LogModuleManager: Shutting down and abandoning module MeshMergeUtilities (181)
[2020.11.30-17.12.44:767][709]LogModuleManager: Shutting down and abandoning module MeshReductionInterface (180)
[2020.11.30-17.12.44:767][709]LogModuleManager: Shutting down and abandoning module SkeletalMeshReduction (179)
[2020.11.30-17.12.44:781][709]LogModuleManager: Shutting down and abandoning module ProxyLODMeshReduction (177)
[2020.11.30-17.12.44:797][709]LogModuleManager: Shutting down and abandoning module QuadricMeshReduction (175)
[2020.11.30-17.12.44:808][709]LogModuleManager: Shutting down and abandoning module MaterialBaking (171)
[2020.11.30-17.12.44:815][709]LogModuleManager: Shutting down and abandoning module NullInstallBundleManager (166)
[2020.11.30-17.12.44:815][709]LogModuleManager: Shutting down and abandoning module DerivedDataCache (164)
[2020.11.30-17.12.44:860][709]LogDerivedDataCache: Shutdown
[2020.11.30-17.12.44:860][709]LogModuleManager: Shutting down and abandoning module XGEController (162)
[2020.11.30-17.12.44:860][709]LogXGEController: Cleaning working directory: C:/Users/salles/AppData/Local/Temp/UnrealXGEWorkingDir/
[2020.11.30-17.12.44:864][709]LogModuleManager: Shutting down and abandoning module TargetPlatform (160)
[2020.11.30-17.12.44:869][709]LogModuleManager: Shutting down and abandoning module VulkanShaderFormat (159)
[2020.11.30-17.12.44:881][709]LogModuleManager: Shutting down and abandoning module ShaderFormatVectorVM (157)
[2020.11.30-17.12.44:894][709]LogModuleManager: Shutting down and abandoning module ShaderFormatOpenGL (155)
[2020.11.30-17.12.44:899][709]LogModuleManager: Shutting down and abandoning module ShaderFormatD3D (153)
[2020.11.30-17.12.44:908][709]LogModuleManager: Shutting down and abandoning module MetalShaderFormat (151)
[2020.11.30-17.12.44:924][709]LogModuleManager: Shutting down and abandoning module TextureFormatUncompressed (149)
[2020.11.30-17.12.44:924][709]LogModuleManager: Shutting down and abandoning module TextureFormatPVR (147)
[2020.11.30-17.12.44:924][709]LogModuleManager: Shutting down and abandoning module TextureFormatDXT (145)
[2020.11.30-17.12.44:934][709]LogModuleManager: Shutting down and abandoning module TextureFormatIntelISPCTexComp (143)
[2020.11.30-17.12.44:941][709]LogModuleManager: Shutting down and abandoning module TextureFormatASTC (141)
[2020.11.30-17.12.44:941][709]LogModuleManager: Shutting down and abandoning module ImageWrapper (140)
[2020.11.30-17.12.44:941][709]LogModuleManager: Shutting down and abandoning module TextureFormatAndroid (137)
[2020.11.30-17.12.44:941][709]LogModuleManager: Shutting down and abandoning module AudioFormatOpus (135)
[2020.11.30-17.12.44:949][709]LogModuleManager: Shutting down and abandoning module AudioFormatOgg (133)
[2020.11.30-17.12.44:949][709]LogModuleManager: Shutting down and abandoning module AudioFormatADPCM (131)
[2020.11.30-17.12.44:949][709]LogModuleManager: Shutting down and abandoning module LuminTargetPlatform (129)
[2020.11.30-17.12.44:960][709]LogModuleManager: Shutting down and abandoning module LinuxTargetPlatform (127)
[2020.11.30-17.12.44:960][709]LogModuleManager: Shutting down and abandoning module LinuxServerTargetPlatform (125)
[2020.11.30-17.12.44:972][709]LogModuleManager: Shutting down and abandoning module LinuxNoEditorTargetPlatform (123)
[2020.11.30-17.12.44:973][709]LogModuleManager: Shutting down and abandoning module LinuxClientTargetPlatform (121)
[2020.11.30-17.12.44:974][709]LogModuleManager: Shutting down and abandoning module TVOSTargetPlatform (119)
[2020.11.30-17.12.44:975][709]LogModuleManager: Shutting down and abandoning module Messaging (117)
[2020.11.30-17.12.44:975][709]LogModuleManager: Shutting down and abandoning module IOSTargetPlatform (115)
[2020.11.30-17.12.44:976][709]LogModuleManager: Shutting down and abandoning module HTML5TargetPlatform (113)
[2020.11.30-17.12.44:976][709]LogModuleManager: Shutting down and abandoning module AndroidTargetPlatform (111)
[2020.11.30-17.12.44:980][709]LogModuleManager: Shutting down and abandoning module WindowsTargetPlatform (109)
[2020.11.30-17.12.44:980][709]LogModuleManager: Shutting down and abandoning module WindowsServerTargetPlatform (107)
[2020.11.30-17.12.44:980][709]LogModuleManager: Shutting down and abandoning module WindowsNoEditorTargetPlatform (105)
[2020.11.30-17.12.44:980][709]LogModuleManager: Shutting down and abandoning module WindowsClientTargetPlatform (103)
[2020.11.30-17.12.44:980][709]LogModuleManager: Shutting down and abandoning module MacTargetPlatform (101)
[2020.11.30-17.12.44:980][709]LogModuleManager: Shutting down and abandoning module MacServerTargetPlatform (99)
[2020.11.30-17.12.44:980][709]LogModuleManager: Shutting down and abandoning module MacNoEditorTargetPlatform (97)
[2020.11.30-17.12.44:980][709]LogModuleManager: Shutting down and abandoning module MacClientTargetPlatform (95)
[2020.11.30-17.12.44:980][709]LogModuleManager: Shutting down and abandoning module AllDesktopTargetPlatform (93)
[2020.11.30-17.12.44:980][709]LogModuleManager: Shutting down and abandoning module InputCore (90)
[2020.11.30-17.12.44:980][709]LogModuleManager: Shutting down and abandoning module Settings (88)
[2020.11.30-17.12.44:980][709]LogModuleManager: Shutting down and abandoning module DirectoryWatcher (86)
[2020.11.30-17.12.44:981][709]LogModuleManager: Shutting down and abandoning module PhysXCooking (84)
[2020.11.30-17.12.44:981][709]LogModuleManager: Shutting down and abandoning module WindowsPlatformFeatures (82)
[2020.11.30-17.12.44:981][709]LogModuleManager: Shutting down and abandoning module GameplayMediaEncoder (81)
[2020.11.30-17.12.44:985][709]LogModuleManager: Shutting down and abandoning module SteamVR (78)
[2020.11.30-17.12.44:993][709]LogHMD: Freeing OpenVRDLLHandle.
[2020.11.30-17.12.44:993][709]LogModuleManager: Shutting down and abandoning module OculusHMD (76)
[2020.11.30-17.12.45:004][709]LogModuleManager: Shutting down and abandoning module ExampleDeviceProfileSelector (74)
[2020.11.30-17.12.45:004][709]LogModuleManager: Shutting down and abandoning module LauncherChunkInstaller (72)
[2020.11.30-17.12.45:004][709]LogModuleManager: Shutting down and abandoning module OnlineBlueprintSupport (70)
[2020.11.30-17.12.45:004][709]LogModuleManager: Shutting down and abandoning module OnlineSubsystem (66)
[2020.11.30-17.12.45:034][709]LogModuleManager: Shutting down and abandoning module XMPP (61)
[2020.11.30-17.12.45:041][709]LogModuleManager: Shutting down and abandoning module WebSockets (60)
[2020.11.30-17.12.45:096][709]LogModuleManager: Shutting down and abandoning module HTTP (57)
[2020.11.30-17.12.45:096][709]LogHttp: Display: Http module shutting down, but needs to wait on 1 outstanding Http requests:
[2020.11.30-17.12.45:096][709]LogHttp: Display: 	verb=[POST] url=[https://datarouter.ol.epicgames.com/datarouter/api/v1/public/data?SessionID=%7BCE19BE7E-4CCE-D263-81EA-99A9114DBE8C%7D&AppID=UEEditor.Rocket.Release&AppVersion=4.23.1-9631420%2B%2B%2BUE4%2BRelease-4.23&UserID=67ba10724d560c688afd0b872ac04ae0%7Cf11ff26015a34a9c92b608694a5cdef0%7C44a143d0-0deb-4259-a870-5861c956a322&AppEnvironment=datacollector-binary&UploadType=eteventstream] status=Processing
[2020.11.30-17.12.45:114][709]LogModuleManager: Shutting down and abandoning module SSL (56)
[2020.11.30-17.12.45:119][709]LogModuleManager: Shutting down and abandoning module WmfMedia (52)
[2020.11.30-17.12.45:134][709]LogModuleManager: Shutting down and abandoning module Media (51)
[2020.11.30-17.12.45:135][709]LogModuleManager: Shutting down and abandoning module MagicLeap (48)
[2020.11.30-17.12.45:137][709]LogModuleManager: Shutting down and abandoning module DatasmithContent (46)
[2020.11.30-17.12.45:137][709]LogModuleManager: Shutting down and abandoning module AISupportModule (44)
[2020.11.30-17.12.45:137][709]LogModuleManager: Shutting down and abandoning module PlatformCryptoOpenSSL (42)
[2020.11.30-17.12.45:142][709]LogModuleManager: Shutting down and abandoning module PlatformCrypto (40)
[2020.11.30-17.12.45:142][709]LogModuleManager: Shutting down and abandoning module AnimationModifiers (38)
[2020.11.30-17.12.45:155][709]LogModuleManager: Shutting down and abandoning module PropertyEditor (37)
[2020.11.30-17.12.45:155][709]LogModuleManager: Shutting down and abandoning module AudioEditor (34)
[2020.11.30-17.12.45:164][709]LogModuleManager: Shutting down and abandoning module TextureCompressor (32)
[2020.11.30-17.12.45:165][709]LogModuleManager: Shutting down and abandoning module RenderCore (30)
[2020.11.30-17.12.45:165][709]LogModuleManager: Shutting down and abandoning module Landscape (28)
[2020.11.30-17.12.45:165][709]LogModuleManager: Shutting down and abandoning module SlateRHIRenderer (26)
[2020.11.30-17.12.45:183][709]LogModuleManager: Shutting down and abandoning module OpenGLDrv (24)
[2020.11.30-17.12.45:192][709]LogModuleManager: Shutting down and abandoning module D3D11RHI (22)
[2020.11.30-17.12.45:192][709]LogModuleManager: Shutting down and abandoning module AnimGraphRuntime (20)
[2020.11.30-17.12.45:198][709]LogModuleManager: Shutting down and abandoning module Renderer (18)
[2020.11.30-17.12.45:198][709]LogModuleManager: Shutting down and abandoning module Engine (16)
[2020.11.30-17.12.45:198][709]LogModuleManager: Shutting down and abandoning module CoreUObject (14)
[2020.11.30-17.12.45:198][709]LogModuleManager: Shutting down and abandoning module NetworkFile (12)
[2020.11.30-17.12.45:203][709]LogModuleManager: Shutting down and abandoning module CookedIterativeFile (10)
[2020.11.30-17.12.45:203][709]LogModuleManager: Shutting down and abandoning module StreamingFile (8)
[2020.11.30-17.12.45:208][709]LogModuleManager: Shutting down and abandoning module SandboxFile (6)
[2020.11.30-17.12.45:208][709]LogModuleManager: Shutting down and abandoning module PakFile (4)
[2020.11.30-17.12.45:220][709]LogModuleManager: Shutting down and abandoning module RSA (3)
[2020.11.30-17.12.45:233][709]LogD3D11RHI: Shutdown
[2020.11.30-17.12.45:239][709]LogD3D11RHI: CleanupD3DDevice
[2020.11.30-17.12.45:287][709]LogRendererCore: FGlobalDynamicReadBuffer::Cleanup()
[2020.11.30-17.12.45:292][709]LogRendererCore: FGlobalDynamicReadBuffer::Cleanup()
[2020.11.30-17.12.45:292][709]LogRendererCore: FGlobalDynamicReadBuffer::Cleanup()
[2020.11.30-17.12.45:304][709]LogD3D11RHI: [IntelMetricsDiscovery] Stopped
[2020.11.30-17.12.45:403][709]LogD3D11RHI: ~FD3D11DynamicRHI
[2020.11.30-17.12.45:438][709]LogExit: Exiting.
[2020.11.30-17.12.45:451][709]Log file closed, 11/30/20 14:12:45
