Log file open, 12/07/20 17:23:16
LogWindows: Failed to load 'aqProf.dll' (GetLastError=126)
LogWindows: File 'aqProf.dll' does not exist
LogWindows: Failed to load 'VtuneApi.dll' (GetLastError=126)
LogWindows: File 'VtuneApi.dll' does not exist
LogWindows: Failed to load 'VtuneApi32e.dll' (GetLastError=126)
LogWindows: File 'VtuneApi32e.dll' does not exist
LogConsoleResponse: Display: Failed to find resolution value strings in scalability ini. Falling back to default.
LogInit: Display: Running engine for game: TCC
LogPlatformFile: Not using cached read wrapper
LogTaskGraph: Started task graph with 5 named threads and 47 total threads with 3 sets of task threads.
LogStats: Stats thread started at 0.064548
LogD3D11RHI: Loaded GFSDK_Aftermath_Lib.x64.dll
LogICUInternationalization: ICU TimeZone Detection - Raw Offset: -3:00, Platform Override: ''
LogPluginManager: Mounting plugin Paper2D
LogPluginManager: Mounting plugin AISupport
LogPluginManager: Mounting plugin LightPropagationVolume
LogPluginManager: Mounting plugin ActorLayerUtilities
LogPluginManager: Mounting plugin AnimationSharing
LogPluginManager: Mounting plugin CLionSourceCodeAccess
LogPluginManager: Mounting plugin CodeLiteSourceCodeAccess
LogPluginManager: Mounting plugin GitSourceControl
LogPluginManager: Mounting plugin KDevelopSourceCodeAccess
LogPluginManager: Mounting plugin NullSourceCodeAccess
LogPluginManager: Mounting plugin PerforceSourceControl
LogPluginManager: Mounting plugin SubversionSourceControl
LogPluginManager: Mounting plugin UObjectPlugin
LogPluginManager: Mounting plugin VisualStudioCodeSourceCodeAccess
LogPluginManager: Mounting plugin VisualStudioSourceCodeAccess
LogPluginManager: Mounting plugin XCodeSourceCodeAccess
LogPluginManager: Mounting plugin AssetManagerEditor
LogPluginManager: Mounting plugin CryptoKeys
LogPluginManager: Mounting plugin CurveEditorTools
LogPluginManager: Mounting plugin DataValidation
LogPluginManager: Mounting plugin FacialAnimation
LogPluginManager: Mounting plugin GameplayTagsEditor
LogPluginManager: Mounting plugin MacGraphicsSwitching
LogPluginManager: Mounting plugin MaterialAnalyzer
LogPluginManager: Mounting plugin MobileLauncherProfileWizard
LogPluginManager: Mounting plugin PluginBrowser
LogPluginManager: Mounting plugin SpeedTreeImporter
LogPluginManager: Mounting plugin DatasmithContent
LogPluginManager: Mounting plugin VariantManagerContent
LogPluginManager: Mounting plugin AlembicImporter
LogPluginManager: Mounting plugin AutomationUtils
LogPluginManager: Mounting plugin BackChannel
LogPluginManager: Mounting plugin CharacterAI
LogPluginManager: Mounting plugin GeometryCache
LogPluginManager: Mounting plugin HTML5Networking
LogPluginManager: Mounting plugin PlatformCrypto
LogPluginManager: Mounting plugin ProxyLODPlugin
LogPluginManager: Mounting plugin SkeletalReduction
LogPluginManager: Mounting plugin MagicLeap
LogPluginManager: Mounting plugin MagicLeapMedia
LogPluginManager: Mounting plugin AndroidMedia
LogPluginManager: Mounting plugin AvfMedia
LogPluginManager: Mounting plugin ImgMedia
LogPluginManager: Mounting plugin MediaCompositing
LogPluginManager: Mounting plugin MediaPlayerEditor
LogPluginManager: Mounting plugin WebMMedia
LogPluginManager: Mounting plugin WmfMedia
LogPluginManager: Mounting plugin TcpMessaging
LogPluginManager: Mounting plugin UdpMessaging
LogPluginManager: Mounting plugin ActorSequence
LogPluginManager: Mounting plugin LevelSequenceEditor
LogPluginManager: Mounting plugin MatineeToLevelSequence
LogPluginManager: Mounting plugin NetcodeUnitTest
LogPluginManager: Mounting plugin NUTUnrealEngine4
LogPluginManager: Mounting plugin OnlineSubsystemGooglePlay
LogPluginManager: Mounting plugin OnlineSubsystemIOS
LogPluginManager: Mounting plugin OnlineSubsystem
LogPluginManager: Mounting plugin OnlineSubsystemNull
LogPluginManager: Mounting plugin OnlineSubsystemUtils
LogPluginManager: Mounting plugin LauncherChunkInstaller
LogPluginManager: Mounting plugin AndroidDeviceProfileSelector
LogPluginManager: Mounting plugin AndroidMoviePlayer
LogPluginManager: Mounting plugin AndroidPermission
LogPluginManager: Mounting plugin AppleImageUtils
LogPluginManager: Mounting plugin AppleMoviePlayer
LogPluginManager: Mounting plugin ArchVisCharacter
LogPluginManager: Mounting plugin AudioCapture
LogPluginManager: Mounting plugin CableComponent
LogPluginManager: Mounting plugin CustomMeshComponent
LogPluginManager: Mounting plugin EditableMesh
LogPluginManager: Mounting plugin ExampleDeviceProfileSelector
LogPluginManager: Mounting plugin GoogleCloudMessaging
LogPluginManager: Mounting plugin IOSDeviceProfileSelector
LogPluginManager: Mounting plugin LinuxDeviceProfileSelector
LogPluginManager: Mounting plugin LocationServicesBPLibrary
LogPluginManager: Mounting plugin MobilePatchingUtils
LogPluginManager: Mounting plugin OculusVR
LogPluginManager: Mounting plugin PhysXVehicles
LogPluginManager: Mounting plugin ProceduralMeshComponent
LogPluginManager: Mounting plugin RuntimePhysXCooking
LogPluginManager: Mounting plugin SignificanceManager
LogPluginManager: Mounting plugin SteamVR
LogPluginManager: Mounting plugin WebMMoviePlayer
LogPluginManager: Mounting plugin WindowsMoviePlayer
LogPluginManager: Mounting plugin ScreenshotTools
LogInit: Using libcurl 7.55.1-DEV
LogInit:  - built for x86_64-pc-win32
LogInit:  - supports SSL with OpenSSL/1.1.1
LogInit:  - supports HTTP deflate (compression) using libz 1.2.8
LogInit:  - other features:
LogInit:      CURL_VERSION_SSL
LogInit:      CURL_VERSION_LIBZ
LogInit:      CURL_VERSION_IPV6
LogInit:      CURL_VERSION_ASYNCHDNS
LogInit:      CURL_VERSION_LARGEFILE
LogInit:      CURL_VERSION_IDN
LogInit:  CurlRequestOptions (configurable via config and command line):
LogInit:  - bVerifyPeer = true  - Libcurl will verify peer certificate
LogInit:  - bUseHttpProxy = false  - Libcurl will NOT use HTTP proxy
LogInit:  - bDontReuseConnections = false  - Libcurl will reuse connections
LogInit:  - MaxHostConnections = 16  - Libcurl will limit the number of connections to a host
LogInit:  - LocalHostAddr = Default
LogInit:  - BufferSize = 65536
LogOnline: OSS: Creating online subsystem instance for: NULL
LogInit: WinSock: version 1.1 (2.2), MaxSocks=32767, MaxUdp=65467
LogInit: Build: ++UE4+Release-4.23-CL-9631420
LogInit: Engine Version: 4.23.1-9631420+++UE4+Release-4.23
LogInit: Compatible Engine Version: 4.23.0-8386587+++UE4+Release-4.23
LogInit: Net CL: 8386587
LogInit: OS: Windows 10 (Release 2009) (), CPU: AMD Ryzen 7 3800X 8-Core Processor             , GPU: NVIDIA GeForce GTX 960
LogInit: Compiled (64-bit): Oct 18 2019 02:07:44
LogInit: Compiled with Visual C++: 19.16.27030.01
LogInit: Build Configuration: Development
LogInit: Branch Name: ++UE4+Release-4.23
LogInit: Command Line: 
LogInit: Base Directory: C:/Program Files/Epic Games/UE_4.23/Engine/Binaries/Win64/
LogInit: Installed Engine Build: 1
LogDevObjectVersion: Number of dev versions registered: 23
LogDevObjectVersion:   Dev-Blueprints (B0D832E4-1F89-4F0D-ACCF-7EB736FD4AA2): 10
LogDevObjectVersion:   Dev-Build (E1C64328-A22C-4D53-A36C-8E866417BD8C): 0
LogDevObjectVersion:   Dev-Core (375EC13C-06E4-48FB-B500-84F0262A717E): 3
LogDevObjectVersion:   Dev-Editor (E4B068ED-F494-42E9-A231-DA0B2E46BB41): 34
LogDevObjectVersion:   Dev-Framework (CFFC743F-43B0-4480-9391-14DF171D2073): 35
LogDevObjectVersion:   Dev-Mobile (B02B49B5-BB20-44E9-A304-32B752E40360): 2
LogDevObjectVersion:   Dev-Networking (A4E4105C-59A1-49B5-A7C5-40C4547EDFEE): 0
LogDevObjectVersion:   Dev-Online (39C831C9-5AE6-47DC-9A44-9C173E1C8E7C): 0
LogDevObjectVersion:   Dev-Physics (78F01B33-EBEA-4F98-B9B4-84EACCB95AA2): 0
LogDevObjectVersion:   Dev-Platform (6631380F-2D4D-43E0-8009-CF276956A95A): 0
LogDevObjectVersion:   Dev-Rendering (12F88B9F-8875-4AFC-A67C-D90C383ABD29): 31
LogDevObjectVersion:   Dev-Sequencer (7B5AE74C-D270-4C10-A958-57980B212A5A): 11
LogDevObjectVersion:   Dev-VR (D7296918-1DD6-4BDD-9DE2-64A83CC13884): 2
LogDevObjectVersion:   Dev-LoadTimes (C2A15278-BFE7-4AFE-6C17-90FF531DF755): 1
LogDevObjectVersion:   Private-Geometry (6EACA3D4-40EC-4CC1-B786-8BED09428FC5): 3
LogDevObjectVersion:   Dev-AnimPhys (29E575DD-E0A3-4627-9D10-D276232CDCEA): 17
LogDevObjectVersion:   Dev-Anim (AF43A65D-7FD3-4947-9873-3E8ED9C1BB05): 2
LogDevObjectVersion:   Dev-ReflectionCapture (6B266CEC-1EC7-4B8F-A30B-E4D90942FC07): 1
LogDevObjectVersion:   Dev-Automation (0DF73D61-A23F-47EA-B727-89E90C41499A): 1
LogDevObjectVersion:   FortniteMain (601D1886-AC64-4F84-AA16-D3DE0DEAC7D6): 27
LogDevObjectVersion:   Dev-Enterprise (9DFFBCD6-494F-0158-E221-12823C92A888): 6
LogDevObjectVersion:   Dev-Niagara (F2AED0AC-9AFE-416F-8664-AA7FFA26D6FC): 1
LogDevObjectVersion:   Dev-Destruction (174F1F0B-B4C6-45A5-B13F-2EE8D0FB917D): 9
LogInit: Presizing for max 16777216 objects, including 0 objects not considered by GC, pre-allocating 0 bytes for permanent pool.
LogInit: Object subsystem initialized
LogConfig: Setting CVar [[con.DebugEarlyDefault:1]]
LogConfig: Setting CVar [[r.setres:1280x720]]
[2020.12.07-20.23.16:469][  0]LogConfig: Setting CVar [[r.VSync:0]]
[2020.12.07-20.23.16:469][  0]LogConfig: Setting CVar [[r.RHICmdBypass:0]]
[2020.12.07-20.23.16:469][  0]LogConfig: Applying CVar settings from Section [/Script/Engine.RendererSettings] File [C:/Users/leoda/Desktop/DaCertoPorra/TCC-Sobrevivendo-Ao-Inferno/TCC/Saved/Config/Windows/Engine.ini]
[2020.12.07-20.23.16:469][  0]LogConfig: Setting CVar [[r.GPUCrashDebugging:0]]
[2020.12.07-20.23.16:469][  0]LogConfig: Applying CVar settings from Section [/Script/Engine.RendererOverrideSettings] File [C:/Users/leoda/Desktop/DaCertoPorra/TCC-Sobrevivendo-Ao-Inferno/TCC/Saved/Config/Windows/Engine.ini]
[2020.12.07-20.23.16:469][  0]LogConfig: Applying CVar settings from Section [/Script/Engine.StreamingSettings] File [C:/Users/leoda/Desktop/DaCertoPorra/TCC-Sobrevivendo-Ao-Inferno/TCC/Saved/Config/Windows/Engine.ini]
[2020.12.07-20.23.16:469][  0]LogConfig: Setting CVar [[s.MinBulkDataSizeForAsyncLoading:131072]]
[2020.12.07-20.23.16:469][  0]LogConfig: Setting CVar [[s.AsyncLoadingThreadEnabled:0]]
[2020.12.07-20.23.16:469][  0]LogConfig: Setting CVar [[s.EventDrivenLoaderEnabled:1]]
[2020.12.07-20.23.16:469][  0]LogConfig: Setting CVar [[s.WarnIfTimeLimitExceeded:0]]
[2020.12.07-20.23.16:469][  0]LogConfig: Setting CVar [[s.TimeLimitExceededMultiplier:1.5]]
[2020.12.07-20.23.16:469][  0]LogConfig: Setting CVar [[s.TimeLimitExceededMinTime:0.005]]
[2020.12.07-20.23.16:469][  0]LogConfig: Setting CVar [[s.UseBackgroundLevelStreaming:1]]
[2020.12.07-20.23.16:469][  0]LogConfig: Setting CVar [[s.PriorityAsyncLoadingExtraTime:15.0]]
[2020.12.07-20.23.16:469][  0]LogConfig: Setting CVar [[s.LevelStreamingActorsUpdateTimeLimit:5.0]]
[2020.12.07-20.23.16:470][  0]LogConfig: Setting CVar [[s.PriorityLevelStreamingActorsUpdateExtraTime:5.0]]
[2020.12.07-20.23.16:470][  0]LogConfig: Setting CVar [[s.LevelStreamingComponentsRegistrationGranularity:10]]
[2020.12.07-20.23.16:470][  0]LogConfig: Setting CVar [[s.UnregisterComponentsTimeLimit:1.0]]
[2020.12.07-20.23.16:470][  0]LogConfig: Setting CVar [[s.LevelStreamingComponentsUnregistrationGranularity:5]]
[2020.12.07-20.23.16:470][  0]LogConfig: Applying CVar settings from Section [/Script/Engine.GarbageCollectionSettings] File [C:/Users/leoda/Desktop/DaCertoPorra/TCC-Sobrevivendo-Ao-Inferno/TCC/Saved/Config/Windows/Engine.ini]
[2020.12.07-20.23.16:470][  0]LogConfig: Setting CVar [[gc.MaxObjectsNotConsideredByGC:1]]
[2020.12.07-20.23.16:470][  0]LogConfig: Setting CVar [[gc.SizeOfPermanentObjectPool:0]]
[2020.12.07-20.23.16:470][  0]LogConfig: Setting CVar [[gc.FlushStreamingOnGC:0]]
[2020.12.07-20.23.16:470][  0]LogConfig: Setting CVar [[gc.NumRetriesBeforeForcingGC:10]]
[2020.12.07-20.23.16:470][  0]LogConfig: Setting CVar [[gc.AllowParallelGC:1]]
[2020.12.07-20.23.16:470][  0]LogConfig: Setting CVar [[gc.TimeBetweenPurgingPendingKillObjects:61.1]]
[2020.12.07-20.23.16:470][  0]LogConfig: Setting CVar [[gc.MaxObjectsInEditor:16777216]]
[2020.12.07-20.23.16:470][  0]LogConfig: Setting CVar [[gc.IncrementalBeginDestroyEnabled:1]]
[2020.12.07-20.23.16:470][  0]LogConfig: Setting CVar [[gc.CreateGCClusters:1]]
[2020.12.07-20.23.16:470][  0]LogConfig: Setting CVar [[gc.MinGCClusterSize:5]]
[2020.12.07-20.23.16:470][  0]LogConfig: Setting CVar [[gc.ActorClusteringEnabled:0]]
[2020.12.07-20.23.16:470][  0]LogConfig: Setting CVar [[gc.BlueprintClusteringEnabled:0]]
[2020.12.07-20.23.16:470][  0]LogConfig: Setting CVar [[gc.UseDisregardForGCOnDedicatedServers:0]]
[2020.12.07-20.23.16:470][  0]LogConfig: Applying CVar settings from Section [/Script/Engine.NetworkSettings] File [C:/Users/leoda/Desktop/DaCertoPorra/TCC-Sobrevivendo-Ao-Inferno/TCC/Saved/Config/Windows/Engine.ini]
[2020.12.07-20.23.16:470][  0]LogConfig: Applying CVar settings from Section [/Script/UnrealEd.CookerSettings] File [C:/Users/leoda/Desktop/DaCertoPorra/TCC-Sobrevivendo-Ao-Inferno/TCC/Saved/Config/Windows/Engine.ini]
[2020.12.07-20.23.16:472][  0]LogConfig: Applying CVar settings from Section [ViewDistanceQuality@3] File [C:/Users/leoda/Desktop/DaCertoPorra/TCC-Sobrevivendo-Ao-Inferno/TCC/Saved/Config/Windows/Scalability.ini]
[2020.12.07-20.23.16:472][  0]LogConfig: Setting CVar [[r.SkeletalMeshLODBias:0]]
[2020.12.07-20.23.16:472][  0]LogConfig: Setting CVar [[r.ViewDistanceScale:1.0]]
[2020.12.07-20.23.16:472][  0]LogConfig: Applying CVar settings from Section [AntiAliasingQuality@3] File [C:/Users/leoda/Desktop/DaCertoPorra/TCC-Sobrevivendo-Ao-Inferno/TCC/Saved/Config/Windows/Scalability.ini]
[2020.12.07-20.23.16:472][  0]LogConfig: Setting CVar [[r.PostProcessAAQuality:4]]
[2020.12.07-20.23.16:472][  0]LogConfig: Applying CVar settings from Section [ShadowQuality@3] File [C:/Users/leoda/Desktop/DaCertoPorra/TCC-Sobrevivendo-Ao-Inferno/TCC/Saved/Config/Windows/Scalability.ini]
[2020.12.07-20.23.16:472][  0]LogConfig: Setting CVar [[r.LightFunctionQuality:1]]
[2020.12.07-20.23.16:472][  0]LogConfig: Setting CVar [[r.ShadowQuality:5]]
[2020.12.07-20.23.16:472][  0]LogConfig: Setting CVar [[r.Shadow.CSM.MaxCascades:10]]
[2020.12.07-20.23.16:472][  0]LogConfig: Setting CVar [[r.Shadow.MaxResolution:2048]]
[2020.12.07-20.23.16:472][  0]LogConfig: Setting CVar [[r.Shadow.MaxCSMResolution:2048]]
[2020.12.07-20.23.16:472][  0]LogConfig: Setting CVar [[r.Shadow.RadiusThreshold:0.01]]
[2020.12.07-20.23.16:472][  0]LogConfig: Setting CVar [[r.Shadow.DistanceScale:1.0]]
[2020.12.07-20.23.16:472][  0]LogConfig: Setting CVar [[r.Shadow.CSM.TransitionScale:1.0]]
[2020.12.07-20.23.16:472][  0]LogConfig: Setting CVar [[r.Shadow.PreShadowResolutionFactor:1.0]]
[2020.12.07-20.23.16:472][  0]LogConfig: Setting CVar [[r.DistanceFieldShadowing:1]]
[2020.12.07-20.23.16:472][  0]LogConfig: Setting CVar [[r.DistanceFieldAO:1]]
[2020.12.07-20.23.16:472][  0]LogConfig: Setting CVar [[r.AOQuality:2]]
[2020.12.07-20.23.16:472][  0]LogConfig: Setting CVar [[r.VolumetricFog:1]]
[2020.12.07-20.23.16:472][  0]LogConfig: Setting CVar [[r.VolumetricFog.GridPixelSize:8]]
[2020.12.07-20.23.16:472][  0]LogConfig: Setting CVar [[r.VolumetricFog.GridSizeZ:128]]
[2020.12.07-20.23.16:472][  0]LogConfig: Setting CVar [[r.VolumetricFog.HistoryMissSupersampleCount:4]]
[2020.12.07-20.23.16:472][  0]LogConfig: Setting CVar [[r.LightMaxDrawDistanceScale:1]]
[2020.12.07-20.23.16:472][  0]LogConfig: Setting CVar [[r.CapsuleShadows:1]]
[2020.12.07-20.23.16:472][  0]LogConfig: Applying CVar settings from Section [PostProcessQuality@3] File [C:/Users/leoda/Desktop/DaCertoPorra/TCC-Sobrevivendo-Ao-Inferno/TCC/Saved/Config/Windows/Scalability.ini]
[2020.12.07-20.23.16:473][  0]LogConfig: Setting CVar [[r.MotionBlurQuality:4]]
[2020.12.07-20.23.16:473][  0]LogConfig: Setting CVar [[r.AmbientOcclusionMipLevelFactor:0.4]]
[2020.12.07-20.23.16:473][  0]LogConfig: Setting CVar [[r.AmbientOcclusionMaxQuality:100]]
[2020.12.07-20.23.16:473][  0]LogConfig: Setting CVar [[r.AmbientOcclusionLevels:-1]]
[2020.12.07-20.23.16:473][  0]LogConfig: Setting CVar [[r.AmbientOcclusionRadiusScale:1.0]]
[2020.12.07-20.23.16:473][  0]LogConfig: Setting CVar [[r.DepthOfFieldQuality:2]]
[2020.12.07-20.23.16:473][  0]LogConfig: Setting CVar [[r.RenderTargetPoolMin:400]]
[2020.12.07-20.23.16:473][  0]LogConfig: Setting CVar [[r.LensFlareQuality:2]]
[2020.12.07-20.23.16:473][  0]LogConfig: Setting CVar [[r.SceneColorFringeQuality:1]]
[2020.12.07-20.23.16:473][  0]LogConfig: Setting CVar [[r.EyeAdaptationQuality:2]]
[2020.12.07-20.23.16:473][  0]LogConfig: Setting CVar [[r.BloomQuality:5]]
[2020.12.07-20.23.16:473][  0]LogConfig: Setting CVar [[r.FastBlurThreshold:100]]
[2020.12.07-20.23.16:473][  0]LogConfig: Setting CVar [[r.Upscale.Quality:3]]
[2020.12.07-20.23.16:473][  0]LogConfig: Setting CVar [[r.Tonemapper.GrainQuantization:1]]
[2020.12.07-20.23.16:473][  0]LogConfig: Setting CVar [[r.LightShaftQuality:1]]
[2020.12.07-20.23.16:473][  0]LogConfig: Setting CVar [[r.Filter.SizeScale:1]]
[2020.12.07-20.23.16:473][  0]LogConfig: Setting CVar [[r.Tonemapper.Quality:5]]
[2020.12.07-20.23.16:473][  0]LogConfig: Setting CVar [[r.DOF.Gather.AccumulatorQuality:1        ; higher gathering accumulator quality]]
[2020.12.07-20.23.16:473][  0]LogConfig: Setting CVar [[r.DOF.Gather.PostfilterMethod:1          ; Median3x3 postfilering method]]
[2020.12.07-20.23.16:473][  0]LogConfig: Setting CVar [[r.DOF.Gather.EnableBokehSettings:0       ; no bokeh simulation when gathering]]
[2020.12.07-20.23.16:473][  0]LogConfig: Setting CVar [[r.DOF.Gather.RingCount:4                 ; medium number of samples when gathering]]
[2020.12.07-20.23.16:473][  0]LogConfig: Setting CVar [[r.DOF.Scatter.ForegroundCompositing:1    ; additive foreground scattering]]
[2020.12.07-20.23.16:473][  0]LogConfig: Setting CVar [[r.DOF.Scatter.BackgroundCompositing:2    ; additive background scattering]]
[2020.12.07-20.23.16:473][  0]LogConfig: Setting CVar [[r.DOF.Scatter.EnableBokehSettings:1      ; bokeh simulation when scattering]]
[2020.12.07-20.23.16:473][  0]LogConfig: Setting CVar [[r.DOF.Scatter.MaxSpriteRatio:0.1         ; only a maximum of 10% of scattered bokeh]]
[2020.12.07-20.23.16:473][  0]LogConfig: Setting CVar [[r.DOF.Recombine.Quality:1                ; cheap slight out of focus]]
[2020.12.07-20.23.16:473][  0]LogConfig: Setting CVar [[r.DOF.Recombine.EnableBokehSettings:0    ; no bokeh simulation on slight out of focus]]
[2020.12.07-20.23.16:473][  0]LogConfig: Setting CVar [[r.DOF.TemporalAAQuality:1                ; more stable temporal accumulation]]
[2020.12.07-20.23.16:473][  0]LogConfig: Setting CVar [[r.DOF.Kernel.MaxForegroundRadius:0.025]]
[2020.12.07-20.23.16:473][  0]LogConfig: Setting CVar [[r.DOF.Kernel.MaxBackgroundRadius:0.025]]
[2020.12.07-20.23.16:473][  0]LogConfig: Applying CVar settings from Section [TextureQuality@3] File [C:/Users/leoda/Desktop/DaCertoPorra/TCC-Sobrevivendo-Ao-Inferno/TCC/Saved/Config/Windows/Scalability.ini]
[2020.12.07-20.23.16:473][  0]LogConfig: Setting CVar [[r.Streaming.MipBias:0]]
[2020.12.07-20.23.16:473][  0]LogConfig: Setting CVar [[r.Streaming.AmortizeCPUToGPUCopy:0]]
[2020.12.07-20.23.16:473][  0]LogConfig: Setting CVar [[r.Streaming.MaxNumTexturesToStreamPerFrame:0]]
[2020.12.07-20.23.16:473][  0]LogConfig: Setting CVar [[r.Streaming.Boost:1]]
[2020.12.07-20.23.16:473][  0]LogConfig: Setting CVar [[r.MaxAnisotropy:8]]
[2020.12.07-20.23.16:473][  0]LogConfig: Setting CVar [[r.Streaming.LimitPoolSizeToVRAM:0]]
[2020.12.07-20.23.16:473][  0]LogConfig: Setting CVar [[r.Streaming.PoolSize:1000]]
[2020.12.07-20.23.16:473][  0]LogConfig: Setting CVar [[r.Streaming.MaxEffectiveScreenSize:0]]
[2020.12.07-20.23.16:473][  0]LogConfig: Applying CVar settings from Section [EffectsQuality@3] File [C:/Users/leoda/Desktop/DaCertoPorra/TCC-Sobrevivendo-Ao-Inferno/TCC/Saved/Config/Windows/Scalability.ini]
[2020.12.07-20.23.16:473][  0]LogConfig: Setting CVar [[r.TranslucencyLightingVolumeDim:64]]
[2020.12.07-20.23.16:473][  0]LogConfig: Setting CVar [[r.RefractionQuality:2]]
[2020.12.07-20.23.16:473][  0]LogConfig: Setting CVar [[r.SSR.Quality:3]]
[2020.12.07-20.23.16:473][  0]LogConfig: Setting CVar [[r.SceneColorFormat:4]]
[2020.12.07-20.23.16:473][  0]LogConfig: Setting CVar [[r.DetailMode:2]]
[2020.12.07-20.23.16:473][  0]LogConfig: Setting CVar [[r.TranslucencyVolumeBlur:1]]
[2020.12.07-20.23.16:473][  0]LogConfig: Setting CVar [[r.MaterialQualityLevel:1 ; High quality]]
[2020.12.07-20.23.16:473][  0]LogConfig: Setting CVar [[r.SSS.Scale:1]]
[2020.12.07-20.23.16:473][  0]LogConfig: Setting CVar [[r.SSS.SampleSet:2]]
[2020.12.07-20.23.16:473][  0]LogConfig: Setting CVar [[r.SSS.Quality:1]]
[2020.12.07-20.23.16:473][  0]LogConfig: Setting CVar [[r.SSS.HalfRes:1]]
[2020.12.07-20.23.16:473][  0]LogConfig: Setting CVar [[r.EmitterSpawnRateScale:1.0]]
[2020.12.07-20.23.16:473][  0]LogConfig: Setting CVar [[r.ParticleLightQuality:2]]
[2020.12.07-20.23.16:473][  0]LogConfig: Applying CVar settings from Section [FoliageQuality@3] File [C:/Users/leoda/Desktop/DaCertoPorra/TCC-Sobrevivendo-Ao-Inferno/TCC/Saved/Config/Windows/Scalability.ini]
[2020.12.07-20.23.16:473][  0]LogConfig: Setting CVar [[foliage.DensityScale:1.0]]
[2020.12.07-20.23.16:473][  0]LogConfig: Setting CVar [[grass.DensityScale:1.0]]
[2020.12.07-20.23.16:473][  0]LogInit: Selected Device Profile: [Windows]
[2020.12.07-20.23.16:473][  0]LogInit: Applying CVar settings loaded from the selected device profile: [Windows]
[2020.12.07-20.23.16:476][  0]LogHAL: Display: Platform has ~ 24 GB [25715486720 / 34359738368 / 24], which maps to Larger [LargestMinGB=32, LargerMinGB=12, DefaultMinGB=8, SmallerMinGB=6, SmallestMinGB=0)
[2020.12.07-20.23.16:476][  0]LogInit: Going up to parent DeviceProfile []
[2020.12.07-20.23.16:476][  0]LogConfig: Applying CVar settings from Section [ViewDistanceQuality@3] File [C:/Users/leoda/Desktop/DaCertoPorra/TCC-Sobrevivendo-Ao-Inferno/TCC/Saved/Config/Windows/Scalability.ini]
[2020.12.07-20.23.16:476][  0]LogConfig: Setting CVar [[r.SkeletalMeshLODBias:0]]
[2020.12.07-20.23.16:476][  0]LogConfig: Setting CVar [[r.ViewDistanceScale:1.0]]
[2020.12.07-20.23.16:476][  0]LogConfig: Applying CVar settings from Section [AntiAliasingQuality@3] File [C:/Users/leoda/Desktop/DaCertoPorra/TCC-Sobrevivendo-Ao-Inferno/TCC/Saved/Config/Windows/Scalability.ini]
[2020.12.07-20.23.16:476][  0]LogConfig: Setting CVar [[r.PostProcessAAQuality:4]]
[2020.12.07-20.23.16:476][  0]LogConfig: Applying CVar settings from Section [ShadowQuality@3] File [C:/Users/leoda/Desktop/DaCertoPorra/TCC-Sobrevivendo-Ao-Inferno/TCC/Saved/Config/Windows/Scalability.ini]
[2020.12.07-20.23.16:476][  0]LogConfig: Setting CVar [[r.LightFunctionQuality:1]]
[2020.12.07-20.23.16:476][  0]LogConfig: Setting CVar [[r.ShadowQuality:5]]
[2020.12.07-20.23.16:476][  0]LogConfig: Setting CVar [[r.Shadow.CSM.MaxCascades:10]]
[2020.12.07-20.23.16:476][  0]LogConfig: Setting CVar [[r.Shadow.MaxResolution:2048]]
[2020.12.07-20.23.16:476][  0]LogConfig: Setting CVar [[r.Shadow.MaxCSMResolution:2048]]
[2020.12.07-20.23.16:476][  0]LogConfig: Setting CVar [[r.Shadow.RadiusThreshold:0.01]]
[2020.12.07-20.23.16:476][  0]LogConfig: Setting CVar [[r.Shadow.DistanceScale:1.0]]
[2020.12.07-20.23.16:476][  0]LogConfig: Setting CVar [[r.Shadow.CSM.TransitionScale:1.0]]
[2020.12.07-20.23.16:476][  0]LogConfig: Setting CVar [[r.Shadow.PreShadowResolutionFactor:1.0]]
[2020.12.07-20.23.16:476][  0]LogConfig: Setting CVar [[r.DistanceFieldShadowing:1]]
[2020.12.07-20.23.16:476][  0]LogConfig: Setting CVar [[r.DistanceFieldAO:1]]
[2020.12.07-20.23.16:476][  0]LogConfig: Setting CVar [[r.AOQuality:2]]
[2020.12.07-20.23.16:476][  0]LogConfig: Setting CVar [[r.VolumetricFog:1]]
[2020.12.07-20.23.16:476][  0]LogConfig: Setting CVar [[r.VolumetricFog.GridPixelSize:8]]
[2020.12.07-20.23.16:476][  0]LogConfig: Setting CVar [[r.VolumetricFog.GridSizeZ:128]]
[2020.12.07-20.23.16:476][  0]LogConfig: Setting CVar [[r.VolumetricFog.HistoryMissSupersampleCount:4]]
[2020.12.07-20.23.16:476][  0]LogConfig: Setting CVar [[r.LightMaxDrawDistanceScale:1]]
[2020.12.07-20.23.16:476][  0]LogConfig: Setting CVar [[r.CapsuleShadows:1]]
[2020.12.07-20.23.16:476][  0]LogConfig: Applying CVar settings from Section [PostProcessQuality@3] File [C:/Users/leoda/Desktop/DaCertoPorra/TCC-Sobrevivendo-Ao-Inferno/TCC/Saved/Config/Windows/Scalability.ini]
[2020.12.07-20.23.16:476][  0]LogConfig: Setting CVar [[r.MotionBlurQuality:4]]
[2020.12.07-20.23.16:476][  0]LogConfig: Setting CVar [[r.AmbientOcclusionMipLevelFactor:0.4]]
[2020.12.07-20.23.16:476][  0]LogConfig: Setting CVar [[r.AmbientOcclusionMaxQuality:100]]
[2020.12.07-20.23.16:476][  0]LogConfig: Setting CVar [[r.AmbientOcclusionLevels:-1]]
[2020.12.07-20.23.16:476][  0]LogConfig: Setting CVar [[r.AmbientOcclusionRadiusScale:1.0]]
[2020.12.07-20.23.16:476][  0]LogConfig: Setting CVar [[r.DepthOfFieldQuality:2]]
[2020.12.07-20.23.16:476][  0]LogConfig: Setting CVar [[r.RenderTargetPoolMin:400]]
[2020.12.07-20.23.16:476][  0]LogConfig: Setting CVar [[r.LensFlareQuality:2]]
[2020.12.07-20.23.16:476][  0]LogConfig: Setting CVar [[r.SceneColorFringeQuality:1]]
[2020.12.07-20.23.16:476][  0]LogConfig: Setting CVar [[r.EyeAdaptationQuality:2]]
[2020.12.07-20.23.16:476][  0]LogConfig: Setting CVar [[r.BloomQuality:5]]
[2020.12.07-20.23.16:476][  0]LogConfig: Setting CVar [[r.FastBlurThreshold:100]]
[2020.12.07-20.23.16:476][  0]LogConfig: Setting CVar [[r.Upscale.Quality:3]]
[2020.12.07-20.23.16:476][  0]LogConfig: Setting CVar [[r.Tonemapper.GrainQuantization:1]]
[2020.12.07-20.23.16:476][  0]LogConfig: Setting CVar [[r.LightShaftQuality:1]]
[2020.12.07-20.23.16:476][  0]LogConfig: Setting CVar [[r.Filter.SizeScale:1]]
[2020.12.07-20.23.16:476][  0]LogConfig: Setting CVar [[r.Tonemapper.Quality:5]]
[2020.12.07-20.23.16:476][  0]LogConfig: Setting CVar [[r.DOF.Gather.AccumulatorQuality:1        ; higher gathering accumulator quality]]
[2020.12.07-20.23.16:476][  0]LogConfig: Setting CVar [[r.DOF.Gather.PostfilterMethod:1          ; Median3x3 postfilering method]]
[2020.12.07-20.23.16:476][  0]LogConfig: Setting CVar [[r.DOF.Gather.EnableBokehSettings:0       ; no bokeh simulation when gathering]]
[2020.12.07-20.23.16:476][  0]LogConfig: Setting CVar [[r.DOF.Gather.RingCount:4                 ; medium number of samples when gathering]]
[2020.12.07-20.23.16:476][  0]LogConfig: Setting CVar [[r.DOF.Scatter.ForegroundCompositing:1    ; additive foreground scattering]]
[2020.12.07-20.23.16:476][  0]LogConfig: Setting CVar [[r.DOF.Scatter.BackgroundCompositing:2    ; additive background scattering]]
[2020.12.07-20.23.16:476][  0]LogConfig: Setting CVar [[r.DOF.Scatter.EnableBokehSettings:1      ; bokeh simulation when scattering]]
[2020.12.07-20.23.16:476][  0]LogConfig: Setting CVar [[r.DOF.Scatter.MaxSpriteRatio:0.1         ; only a maximum of 10% of scattered bokeh]]
[2020.12.07-20.23.16:476][  0]LogConfig: Setting CVar [[r.DOF.Recombine.Quality:1                ; cheap slight out of focus]]
[2020.12.07-20.23.16:476][  0]LogConfig: Setting CVar [[r.DOF.Recombine.EnableBokehSettings:0    ; no bokeh simulation on slight out of focus]]
[2020.12.07-20.23.16:476][  0]LogConfig: Setting CVar [[r.DOF.TemporalAAQuality:1                ; more stable temporal accumulation]]
[2020.12.07-20.23.16:476][  0]LogConfig: Setting CVar [[r.DOF.Kernel.MaxForegroundRadius:0.025]]
[2020.12.07-20.23.16:476][  0]LogConfig: Setting CVar [[r.DOF.Kernel.MaxBackgroundRadius:0.025]]
[2020.12.07-20.23.16:476][  0]LogConfig: Applying CVar settings from Section [TextureQuality@3] File [C:/Users/leoda/Desktop/DaCertoPorra/TCC-Sobrevivendo-Ao-Inferno/TCC/Saved/Config/Windows/Scalability.ini]
[2020.12.07-20.23.16:476][  0]LogConfig: Setting CVar [[r.Streaming.MipBias:0]]
[2020.12.07-20.23.16:476][  0]LogConfig: Setting CVar [[r.Streaming.AmortizeCPUToGPUCopy:0]]
[2020.12.07-20.23.16:476][  0]LogConfig: Setting CVar [[r.Streaming.MaxNumTexturesToStreamPerFrame:0]]
[2020.12.07-20.23.16:476][  0]LogConfig: Setting CVar [[r.Streaming.Boost:1]]
[2020.12.07-20.23.16:476][  0]LogConfig: Setting CVar [[r.MaxAnisotropy:8]]
[2020.12.07-20.23.16:476][  0]LogConfig: Setting CVar [[r.Streaming.LimitPoolSizeToVRAM:0]]
[2020.12.07-20.23.16:476][  0]LogConfig: Setting CVar [[r.Streaming.PoolSize:1000]]
[2020.12.07-20.23.16:476][  0]LogConfig: Setting CVar [[r.Streaming.MaxEffectiveScreenSize:0]]
[2020.12.07-20.23.16:476][  0]LogConfig: Applying CVar settings from Section [EffectsQuality@3] File [C:/Users/leoda/Desktop/DaCertoPorra/TCC-Sobrevivendo-Ao-Inferno/TCC/Saved/Config/Windows/Scalability.ini]
[2020.12.07-20.23.16:476][  0]LogConfig: Setting CVar [[r.TranslucencyLightingVolumeDim:64]]
[2020.12.07-20.23.16:476][  0]LogConfig: Setting CVar [[r.RefractionQuality:2]]
[2020.12.07-20.23.16:476][  0]LogConfig: Setting CVar [[r.SSR.Quality:3]]
[2020.12.07-20.23.16:476][  0]LogConfig: Setting CVar [[r.SceneColorFormat:4]]
[2020.12.07-20.23.16:476][  0]LogConfig: Setting CVar [[r.DetailMode:2]]
[2020.12.07-20.23.16:477][  0]LogConfig: Setting CVar [[r.TranslucencyVolumeBlur:1]]
[2020.12.07-20.23.16:477][  0]LogConfig: Setting CVar [[r.MaterialQualityLevel:1 ; High quality]]
[2020.12.07-20.23.16:477][  0]LogConfig: Setting CVar [[r.SSS.Scale:1]]
[2020.12.07-20.23.16:477][  0]LogConfig: Setting CVar [[r.SSS.SampleSet:2]]
[2020.12.07-20.23.16:477][  0]LogConfig: Setting CVar [[r.SSS.Quality:1]]
[2020.12.07-20.23.16:477][  0]LogConfig: Setting CVar [[r.SSS.HalfRes:1]]
[2020.12.07-20.23.16:477][  0]LogConfig: Setting CVar [[r.EmitterSpawnRateScale:1.0]]
[2020.12.07-20.23.16:477][  0]LogConfig: Setting CVar [[r.ParticleLightQuality:2]]
[2020.12.07-20.23.16:477][  0]LogConfig: Applying CVar settings from Section [FoliageQuality@3] File [C:/Users/leoda/Desktop/DaCertoPorra/TCC-Sobrevivendo-Ao-Inferno/TCC/Saved/Config/Windows/Scalability.ini]
[2020.12.07-20.23.16:477][  0]LogConfig: Setting CVar [[foliage.DensityScale:1.0]]
[2020.12.07-20.23.16:477][  0]LogConfig: Setting CVar [[grass.DensityScale:1.0]]
[2020.12.07-20.23.16:477][  0]LogConfig: Applying CVar settings from Section [Startup] File [../../../Engine/Config/ConsoleVariables.ini]
[2020.12.07-20.23.16:477][  0]LogConfig: Setting CVar [[net.UseAdaptiveNetUpdateFrequency:0]]
[2020.12.07-20.23.16:477][  0]LogConfig: Setting CVar [[p.chaos.AllowCreatePhysxBodies:1]]
[2020.12.07-20.23.16:477][  0]LogConfig: Applying CVar settings from Section [ConsoleVariables] File [C:/Users/leoda/Desktop/DaCertoPorra/TCC-Sobrevivendo-Ao-Inferno/TCC/Saved/Config/Windows/Engine.ini]
[2020.12.07-20.23.16:477][  0]LogInit: Computer: DESKTOP-J58AG85
[2020.12.07-20.23.16:477][  0]LogInit: User: leoda
[2020.12.07-20.23.16:477][  0]LogInit: CPU Page size=4096, Cores=8
[2020.12.07-20.23.16:477][  0]LogInit: High frequency timer resolution =10.000000 MHz
[2020.12.07-20.23.16:477][  0]LogMemory: Memory total: Physical=23.9GB (24GB approx)
[2020.12.07-20.23.16:477][  0]LogMemory: Platform Memory Stats for Windows
[2020.12.07-20.23.16:477][  0]LogMemory: Process Physical Memory: 105.29 MB used, 105.29 MB peak
[2020.12.07-20.23.16:477][  0]LogMemory: Process Virtual Memory: 102.17 MB used, 102.17 MB peak
[2020.12.07-20.23.16:477][  0]LogMemory: Physical Memory: 7189.69 MB used,  17334.51 MB free, 24524.20 MB total
[2020.12.07-20.23.16:477][  0]LogMemory: Virtual Memory: 4704.50 MB used,  134213024.00 MB free, 134217728.00 MB total
[2020.12.07-20.23.16:480][  0]LogWindows: WindowsPlatformFeatures enabled
[2020.12.07-20.23.16:517][  0]LogInit: Overriding language with editor language configuration option (en).
[2020.12.07-20.23.16:517][  0]LogInit: Overriding locale with editor locale configuration option (en).
[2020.12.07-20.23.16:651][  0]LogInit: Setting process to per monitor DPI aware
[2020.12.07-20.23.16:679][  0]LogSlate: New Slate User Created.  User Index 0, Is Virtual User: 0
[2020.12.07-20.23.16:679][  0]LogSlate: Slate User Registered.  User Index 0, Is Virtual User: 0
[2020.12.07-20.23.16:796][  0]LogHMD: Failed to initialize OpenVR with code 110
[2020.12.07-20.23.16:796][  0]LogD3D11RHI: D3D11 adapters:
[2020.12.07-20.23.16:869][  0]LogD3D11RHI:    0. 'NVIDIA GeForce GTX 960' (Feature Level 11_0)
[2020.12.07-20.23.16:869][  0]LogD3D11RHI:       4053/0/12262 MB DedicatedVideo/DedicatedSystem/SharedSystem, Outputs:1, VendorId:0x10de
[2020.12.07-20.23.16:872][  0]LogD3D11RHI:    1. 'Microsoft Basic Render Driver' (Feature Level 11_0)
[2020.12.07-20.23.16:872][  0]LogD3D11RHI:       0/0/12262 MB DedicatedVideo/DedicatedSystem/SharedSystem, Outputs:0, VendorId:0x1414
[2020.12.07-20.23.16:872][  0]LogD3D11RHI: Chosen D3D11 Adapter: 0
[2020.12.07-20.23.16:878][  0]LogD3D11RHI: Creating new Direct3DDevice
[2020.12.07-20.23.16:878][  0]LogD3D11RHI:     GPU DeviceId: 0x1401 (for the marketing name, search the web for "GPU Device Id")
[2020.12.07-20.23.16:878][  0]LogWindows: EnumDisplayDevices:
[2020.12.07-20.23.16:878][  0]LogWindows:    0. 'NVIDIA GeForce GTX 960' (P:1 D:1)
[2020.12.07-20.23.16:878][  0]LogWindows:    1. 'NVIDIA GeForce GTX 960' (P:0 D:0)
[2020.12.07-20.23.16:878][  0]LogWindows:    2. 'NVIDIA GeForce GTX 960' (P:0 D:0)
[2020.12.07-20.23.16:879][  0]LogWindows:    3. 'NVIDIA GeForce GTX 960' (P:0 D:0)
[2020.12.07-20.23.16:879][  0]LogWindows: DebugString: FoundDriverCount:4 
[2020.12.07-20.23.16:879][  0]LogD3D11RHI:     Adapter Name: NVIDIA GeForce GTX 960
[2020.12.07-20.23.16:879][  0]LogD3D11RHI:   Driver Version: 457.51 (internal:27.21.14.5751, unified:457.51)
[2020.12.07-20.23.16:879][  0]LogD3D11RHI:      Driver Date: 11-22-2020
[2020.12.07-20.23.16:879][  0]LogRHI: Texture pool is 2837 MB (70% of 4053 MB)
[2020.12.07-20.23.16:925][  0]LogD3D11RHI: Async texture creation enabled
[2020.12.07-20.23.16:947][  0]LogD3D11RHI: GPU Timing Frequency: 1000.000000 (Debug: 2 1)
[2020.12.07-20.23.17:181][  0]LogTemp: Display: Module 'AllDesktopTargetPlatform' loaded TargetPlatform 'AllDesktop'
[2020.12.07-20.23.17:190][  0]LogTemp: Display: Module 'MacClientTargetPlatform' loaded TargetPlatform 'MacClient'
[2020.12.07-20.23.17:198][  0]LogTemp: Display: Module 'MacNoEditorTargetPlatform' loaded TargetPlatform 'MacNoEditor'
[2020.12.07-20.23.17:206][  0]LogTemp: Display: Module 'MacServerTargetPlatform' loaded TargetPlatform 'MacServer'
[2020.12.07-20.23.17:215][  0]LogTemp: Display: Module 'MacTargetPlatform' loaded TargetPlatform 'Mac'
[2020.12.07-20.23.17:224][  0]LogTemp: Display: Module 'WindowsClientTargetPlatform' loaded TargetPlatform 'WindowsClient'
[2020.12.07-20.23.17:232][  0]LogTemp: Display: Module 'WindowsNoEditorTargetPlatform' loaded TargetPlatform 'WindowsNoEditor'
[2020.12.07-20.23.17:240][  0]LogTemp: Display: Module 'WindowsServerTargetPlatform' loaded TargetPlatform 'WindowsServer'
[2020.12.07-20.23.17:244][  0]LogTemp: Display: Module 'WindowsTargetPlatform' loaded TargetPlatform 'Windows'
[2020.12.07-20.23.17:272][  0]LogTemp: Display: Module 'AndroidTargetPlatform' loaded TargetPlatform 'Android'
[2020.12.07-20.23.17:272][  0]LogTemp: Display: Module 'AndroidTargetPlatform' loaded TargetPlatform 'Android_ASTC'
[2020.12.07-20.23.17:272][  0]LogTemp: Display: Module 'AndroidTargetPlatform' loaded TargetPlatform 'Android_ATC'
[2020.12.07-20.23.17:272][  0]LogTemp: Display: Module 'AndroidTargetPlatform' loaded TargetPlatform 'Android_DXT'
[2020.12.07-20.23.17:272][  0]LogTemp: Display: Module 'AndroidTargetPlatform' loaded TargetPlatform 'Android_ETC1'
[2020.12.07-20.23.17:272][  0]LogTemp: Display: Module 'AndroidTargetPlatform' loaded TargetPlatform 'Android_ETC1a'
[2020.12.07-20.23.17:272][  0]LogTemp: Display: Module 'AndroidTargetPlatform' loaded TargetPlatform 'Android_ETC2'
[2020.12.07-20.23.17:272][  0]LogTemp: Display: Module 'AndroidTargetPlatform' loaded TargetPlatform 'Android_PVRTC'
[2020.12.07-20.23.17:273][  0]LogTemp: Display: Module 'AndroidTargetPlatform' loaded TargetPlatform 'AndroidClient'
[2020.12.07-20.23.17:273][  0]LogTemp: Display: Module 'AndroidTargetPlatform' loaded TargetPlatform 'Android_ASTCClient'
[2020.12.07-20.23.17:273][  0]LogTemp: Display: Module 'AndroidTargetPlatform' loaded TargetPlatform 'Android_ATCClient'
[2020.12.07-20.23.17:273][  0]LogTemp: Display: Module 'AndroidTargetPlatform' loaded TargetPlatform 'Android_DXTClient'
[2020.12.07-20.23.17:273][  0]LogTemp: Display: Module 'AndroidTargetPlatform' loaded TargetPlatform 'Android_ETC1Client'
[2020.12.07-20.23.17:273][  0]LogTemp: Display: Module 'AndroidTargetPlatform' loaded TargetPlatform 'Android_ETC1aClient'
[2020.12.07-20.23.17:273][  0]LogTemp: Display: Module 'AndroidTargetPlatform' loaded TargetPlatform 'Android_ETC2Client'
[2020.12.07-20.23.17:273][  0]LogTemp: Display: Module 'AndroidTargetPlatform' loaded TargetPlatform 'Android_PVRTCClient'
[2020.12.07-20.23.17:273][  0]LogTemp: Display: Module 'AndroidTargetPlatform' loaded TargetPlatform 'Android_Multi'
[2020.12.07-20.23.17:273][  0]LogTemp: Display: Module 'AndroidTargetPlatform' loaded TargetPlatform 'Android_MultiClient'
[2020.12.07-20.23.17:274][  0]LogTemp: Display: Module 'HTML5TargetPlatform' loaded TargetPlatform 'HTML5'
[2020.12.07-20.23.17:290][  0]LogTemp: Display: Module 'IOSTargetPlatform' loaded TargetPlatform 'IOSClient'
[2020.12.07-20.23.17:290][  0]LogTemp: Display: Module 'IOSTargetPlatform' loaded TargetPlatform 'IOS'
[2020.12.07-20.23.17:302][  0]LogTemp: Display: Module 'TVOSTargetPlatform' loaded TargetPlatform 'TVOSClient'
[2020.12.07-20.23.17:302][  0]LogTemp: Display: Module 'TVOSTargetPlatform' loaded TargetPlatform 'TVOS'
[2020.12.07-20.23.17:308][  0]LogTemp: Display: Module 'LinuxClientTargetPlatform' loaded TargetPlatform 'LinuxClient'
[2020.12.07-20.23.17:315][  0]LogTemp: Display: Module 'LinuxNoEditorTargetPlatform' loaded TargetPlatform 'LinuxNoEditor'
[2020.12.07-20.23.17:321][  0]LogTemp: Display: Module 'LinuxServerTargetPlatform' loaded TargetPlatform 'LinuxServer'
[2020.12.07-20.23.17:328][  0]LogTemp: Display: Module 'LinuxTargetPlatform' loaded TargetPlatform 'Linux'
[2020.12.07-20.23.17:348][  0]LogTemp: Display: Module 'LuminTargetPlatform' loaded TargetPlatform 'Lumin'
[2020.12.07-20.23.17:348][  0]LogTemp: Display: Module 'LuminTargetPlatform' loaded TargetPlatform 'LuminClient'
[2020.12.07-20.23.17:348][  0]LogTargetPlatformManager: Display: Building Assets For Windows
[2020.12.07-20.23.17:357][  0]LogAudioDebug: Display: Lib vorbis DLL was dynamically loaded.
[2020.12.07-20.23.17:405][  0]LogShaderCompilers: Guid format shader working directory is -37 characters bigger than the processId version (../../../../../../Users/leoda/Desktop/DaCertoPorra/TCC-Sobrevivendo-Ao-Inferno/TCC/Intermediate/Shaders/WorkingDirectory/17052/).
[2020.12.07-20.23.17:405][  0]LogShaderCompilers: Cleaned the shader compiler working directory 'C:/Users/leoda/AppData/Local/Temp/UnrealShaderWorkingDir/81056BC6446EB9FE5CD0A6A270D1F6FA/'.
[2020.12.07-20.23.17:407][  0]LogXGEController: Cleaning working directory: C:/Users/leoda/AppData/Local/Temp/UnrealXGEWorkingDir/
[2020.12.07-20.23.17:408][  0]LogXGEController: Cannot use XGE Controller as Incredibuild is not installed on this machine.
[2020.12.07-20.23.17:408][  0]LogShaderCompilers: Cannot use XGE Shader Compiler as Incredibuild is not installed on this machine.
[2020.12.07-20.23.17:408][  0]LogShaderCompilers: Display: Using Local Shader Compiler.
[2020.12.07-20.23.17:902][  0]LogDerivedDataCache: Display: Max Cache Size: 512 MB
[2020.12.07-20.23.17:940][  0]LogDerivedDataCache: Loaded boot cache 0.04s 73MB C:/Users/leoda/AppData/Local/UnrealEngine/4.23/DerivedDataCache/Boot.ddc.
[2020.12.07-20.23.17:940][  0]LogDerivedDataCache: Display: Loaded Boot cache: C:/Users/leoda/AppData/Local/UnrealEngine/4.23/DerivedDataCache/Boot.ddc
[2020.12.07-20.23.17:940][  0]LogDerivedDataCache: FDerivedDataBackendGraph:  Pak pak cache file ../../../../../../Users/leoda/Desktop/DaCertoPorra/TCC-Sobrevivendo-Ao-Inferno/TCC/DerivedDataCache/DDC.ddp not found, will not use a pak cache.
[2020.12.07-20.23.17:940][  0]LogDerivedDataCache: Unable to find inner node Pak for hierarchical cache Hierarchy.
[2020.12.07-20.23.17:940][  0]LogDerivedDataCache: FDerivedDataBackendGraph:  CompressedPak pak cache file ../../../../../../Users/leoda/Desktop/DaCertoPorra/TCC-Sobrevivendo-Ao-Inferno/TCC/DerivedDataCache/Compressed.ddp not found, will not use a pak cache.
[2020.12.07-20.23.17:940][  0]LogDerivedDataCache: Unable to find inner node CompressedPak for hierarchical cache Hierarchy.
[2020.12.07-20.23.17:950][  0]LogDerivedDataCache: Display: Pak cache opened for reading ../../../Engine/DerivedDataCache/Compressed.ddp.
[2020.12.07-20.23.17:950][  0]LogDerivedDataCache: FDerivedDataBackendGraph:  EnterprisePak pak cache file ../../../Enterprise/DerivedDataCache/Compressed.ddp not found, will not use a pak cache.
[2020.12.07-20.23.17:950][  0]LogDerivedDataCache: Unable to find inner node EnterprisePak for hierarchical cache Hierarchy.
[2020.12.07-20.23.17:952][  0]LogDerivedDataCache: Using Local data cache path C:/Users/leoda/AppData/Local/UnrealEngine/Common/DerivedDataCache: Writable
[2020.12.07-20.23.17:952][  0]LogDerivedDataCache: Shared data cache path not found in *engine.ini, will not use an Shared cache.
[2020.12.07-20.23.17:952][  0]LogDerivedDataCache: Unable to find inner node Shared for hierarchical cache Hierarchy.
[2020.12.07-20.23.17:969][  0]LogMaterial: Verifying Global Shaders for PCD3D_SM5
[2020.12.07-20.23.17:971][  0]LogSlate: Using FreeType 2.6.0
[2020.12.07-20.23.17:972][  0]LogSlate: SlateFontServices - WITH_FREETYPE: 1, WITH_HARFBUZZ: 1
[2020.12.07-20.23.18:014][  0]LogAssetRegistry: FAssetRegistry took 0.0024 seconds to start up
[2020.12.07-20.23.18:246][  0]LogInit: Selected Device Profile: [Windows]
[2020.12.07-20.23.18:360][  0]LogMeshReduction: Using QuadricMeshReduction for automatic static mesh reduction
[2020.12.07-20.23.18:360][  0]LogMeshReduction: Using SimplygonMeshReduction for automatic skeletal mesh reduction
[2020.12.07-20.23.18:360][  0]LogMeshReduction: Using ProxyLODMeshReduction for automatic mesh merging
[2020.12.07-20.23.18:360][  0]LogMeshReduction: No distributed automatic mesh merging module available
[2020.12.07-20.23.18:360][  0]LogMeshMerging: No distributed automatic mesh merging module available
[2020.12.07-20.23.18:368][  0]LogNetVersion: TCC 1.0.0, NetCL: 8386587, EngineNetVer: 11, GameNetVer: 0 (Checksum: 3885348545)
[2020.12.07-20.23.18:730][  0]LogPackageLocalizationCache: Processed 12 localized package path(s) for 1 prioritized culture(s) in 0.046873 seconds
[2020.12.07-20.23.18:737][  0]LogUObjectArray: 43447 objects as part of root set at end of initial load.
[2020.12.07-20.23.18:737][  0]LogUObjectAllocator: 7549240 out of 0 bytes used by permanent object pool.
[2020.12.07-20.23.18:737][  0]LogUObjectArray: CloseDisregardForGC: 0/0 objects in disregard for GC pool
[2020.12.07-20.23.19:403][  0]LogTcpMessaging: Initializing TcpMessaging bridge
[2020.12.07-20.23.19:407][  0]LogUdpMessaging: Initializing bridge on interface 0.0.0.0:0 to multicast group 230.0.0.1:6666.
[2020.12.07-20.23.19:458][  0]SourceControl: Source control is disabled
[2020.12.07-20.23.19:458][  0]SourceControl: Source control is disabled
[2020.12.07-20.23.19:460][  0]SourceControl: Source control is disabled
[2020.12.07-20.23.19:460][  0]SourceControl: Source control is disabled
[2020.12.07-20.23.19:543][  0]LogAndroidPermission: UAndroidPermissionCallbackProxy::GetInstance
[2020.12.07-20.23.19:681][  0]LogOcInput: OculusInput pre-init called
[2020.12.07-20.23.19:688][  0]LogWindows: Failed to load 'OVRPlugin.dll' (GetLastError=126)
[2020.12.07-20.23.19:688][  0]LogWindows: File 'OVRPlugin.dll' does not exist
[2020.12.07-20.23.19:752][  0]LogEngine: Initializing Engine...
[2020.12.07-20.23.19:752][  0]LogHMD: Failed to initialize OpenVR with code 110
[2020.12.07-20.23.19:753][  0]LogStats: UGameplayTagsManager::InitializeManager -  0.000 s
[2020.12.07-20.23.19:916][  0]LogInit: Initializing FReadOnlyCVARCache
[2020.12.07-20.23.19:932][  0]LogAIModule: Creating AISystem for world Untitled
[2020.12.07-20.23.20:141][  0]LogInit: XAudio2 using 'VoiceMeeter Input (VB-Audio VoiceMeeter VAIO)' : 2 channels at 48 kHz using 24 bits per sample (channel mask 0x3)
[2020.12.07-20.23.20:156][  0]LogInit: FAudioDevice initialized.
[2020.12.07-20.23.20:156][  0]LogNetVersion: Set ProjectVersion to 1.0.0.0. Version Checksum will be recalculated on next use.
[2020.12.07-20.23.20:289][  0]LogDerivedDataCache: Saved boot cache 0.13s 73MB C:/Users/leoda/AppData/Local/UnrealEngine/4.23/DerivedDataCache/Boot.ddc.
[2020.12.07-20.23.20:295][  0]LogInit: Texture streaming: Enabled
[2020.12.07-20.23.20:314][  0]LogEngineSessionManager: EngineSessionManager initialized
[2020.12.07-20.23.20:314][  0]LogEditorSessionSummary: Verbose: Initializing EditorSessionSummaryWriter for editor session tracking
[2020.12.07-20.23.20:315][  0]LogEditorSessionSummary: EditorSessionSummaryWriter initialized
[2020.12.07-20.23.20:393][  0]LogInit: Transaction tracking system initialized
[2020.12.07-20.23.20:425][  0]BlueprintLog: New page: Editor Load
[2020.12.07-20.23.20:504][  0]LocalizationService: Localization service is disabled
[2020.12.07-20.23.20:552][  0]LogLinker: Warning: Failed to load '/Game/TopDownBP/TopDownOverview': Can't find file.
[2020.12.07-20.23.20:552][  0]LogLinker: Warning: Failed to load '/Game/TopDownBP/TopDownOverview': Can't find file.
[2020.12.07-20.23.20:552][  0]LogUObjectGlobals: Warning: Failed to find object 'Class /Game/TopDownBP/TopDownOverview.TopDownOverview_C'
[2020.12.07-20.23.21:035][  0]LogCook: Display: Max memory allowance for cook 16384mb min free memory 0mb
[2020.12.07-20.23.21:035][  0]LogCook: Display: Mobile HDR setting 1
[2020.12.07-20.23.21:219][  0]LogFileCache: Scanning file cache for directory 'C:/Users/leoda/Desktop/DaCertoPorra/TCC-Sobrevivendo-Ao-Inferno/TCC/Content/' took 0.03s
[2020.12.07-20.23.21:219][  0]SourceControl: Source control is disabled
[2020.12.07-20.23.21:219][  0]Cmd: MAP LOAD FILE="../../../../../../Users/leoda/Desktop/DaCertoPorra/TCC-Sobrevivendo-Ao-Inferno/TCC/Content/MyContent/Maps/Casa.umap" TEMPLATE=0 SHOWPROGRESS=1 FEATURELEVEL=3
[2020.12.07-20.23.21:268][  0]LightingResults: New page: Lighting Build
[2020.12.07-20.23.21:271][  0]LogWorld: UWorld::CleanupWorld for Untitled, bSessionEnded=true, bCleanupResources=true
[2020.12.07-20.23.21:271][  0]MapCheck: New page: Map Check
[2020.12.07-20.23.21:271][  0]LightingResults: New page: Lighting Build
[2020.12.07-20.23.21:300][  0]LogUObjectHash: Compacting FUObjectHashTables data took   1.80ms
[2020.12.07-20.23.30:994][  0]LogAIModule: Creating AISystem for world Casa
[2020.12.07-20.23.30:999][  0]LogMaterial: Display: Material /Game/MyContent/Models/Models/Casa/Casa_PortaMat.Casa_PortaMat needed to have new flag set bUsedWithStaticLighting !
[2020.12.07-20.23.31:028][  0]LogMaterial: Display: Missing cached shader map for material Casa_PortaMat, compiling. 
[2020.12.07-20.23.31:077][  0]MapCheck: Warning: Casa_PortaMat Material /Game/MyContent/Models/Models/Casa/Casa_PortaMat.Casa_PortaMat was missing the usage flag bUsedWithStaticLighting. If the material asset is not re-saved, it may not render correctly when run outside the editor. Fix
[2020.12.07-20.23.31:081][  0]LogShaderCompilers: Display: Worker (1/13): shaders left to compile 31
[2020.12.07-20.23.31:081][  0]LogShaderCompilers: Display: Worker (2/13): shaders left to compile 28
[2020.12.07-20.23.31:081][  0]LogShaderCompilers: Display: Worker (3/13): shaders left to compile 25
[2020.12.07-20.23.31:081][  0]LogShaderCompilers: Display: Worker (4/13): shaders left to compile 22
[2020.12.07-20.23.31:081][  0]LogShaderCompilers: Display: Worker (5/13): shaders left to compile 19
[2020.12.07-20.23.31:081][  0]LogShaderCompilers: Display: Worker (6/13): shaders left to compile 16
[2020.12.07-20.23.31:081][  0]LogShaderCompilers: Display: Worker (7/13): shaders left to compile 13
[2020.12.07-20.23.31:081][  0]LogShaderCompilers: Display: Worker (8/13): shaders left to compile 10
[2020.12.07-20.23.31:081][  0]LogShaderCompilers: Display: Worker (9/13): shaders left to compile 7
[2020.12.07-20.23.31:081][  0]LogShaderCompilers: Display: Worker (10/13): shaders left to compile 4
[2020.12.07-20.23.31:081][  0]LogShaderCompilers: Display: Worker (11/13): shaders left to compile 1
[2020.12.07-20.23.31:081][  0]LogEditorServer: Finished looking for orphan Actors (0.000 secs)
[2020.12.07-20.23.31:110][  0]LogUObjectHash: Compacting FUObjectHashTables data took   2.21ms
[2020.12.07-20.23.31:111][  0]Cmd: MAP CHECKDEP NOCLEARLOG
[2020.12.07-20.23.31:111][  0]MapCheck: Map check complete: 0 Error(s), 1 Warning(s), took 0.149ms to complete.
[2020.12.07-20.23.31:116][  0]LogFileHelpers: Loading map 'Casa' took 9.897
[2020.12.07-20.23.31:243][  0]LogSlate: Updating window title bar state: overlay mode, drag disabled, window buttons hidden, title bar hidden
[2020.12.07-20.23.31:252][  0]LogSlate: Updating window title bar state: overlay mode, drag disabled, window buttons hidden, title bar hidden
[2020.12.07-20.23.31:260][  0]LogSlate: Updating window title bar state: overlay mode, drag disabled, window buttons hidden, title bar hidden
[2020.12.07-20.23.31:268][  0]LogSlate: Updating window title bar state: overlay mode, drag disabled, window buttons hidden, title bar hidden
[2020.12.07-20.23.31:278][  0]LogCollectionManager: Loaded 0 collections in 0.002980 seconds
[2020.12.07-20.23.31:286][  0]LogFileCache: Scanning file cache for directory 'C:/Users/leoda/Desktop/DaCertoPorra/TCC-Sobrevivendo-Ao-Inferno/TCC/Saved/Collections/' took 0.00s
[2020.12.07-20.23.31:286][  0]LogFileCache: Scanning file cache for directory 'C:/Users/leoda/Desktop/DaCertoPorra/TCC-Sobrevivendo-Ao-Inferno/TCC/Content/Developers/leoda/Collections/' took 0.00s
[2020.12.07-20.23.31:286][  0]LogFileCache: Scanning file cache for directory 'C:/Users/leoda/Desktop/DaCertoPorra/TCC-Sobrevivendo-Ao-Inferno/TCC/Content/Collections/' took 0.00s
[2020.12.07-20.23.31:286][  0]LogCollectionManager: Rebuilt the GUID cache for 0 collections in 0.000001 seconds
[2020.12.07-20.23.31:297][  0]LogContentBrowser: Native class hierarchy populated in 0.0107 seconds. Added 2863 classes and 680 folders.
[2020.12.07-20.23.31:306][  0]LogContentBrowser: Native class hierarchy updated for 'WidgetCarousel' in 0.0003 seconds. Added 0 classes and 0 folders.
[2020.12.07-20.23.31:363][  0]LogContentBrowser: Native class hierarchy updated for 'AddContentDialog' in 0.0005 seconds. Added 0 classes and 0 folders.
[2020.12.07-20.23.31:378][  0]LogContentBrowser: Native class hierarchy updated for 'SceneOutliner' in 0.0005 seconds. Added 1 classes and 2 folders.
[2020.12.07-20.23.31:536][  0]LogSlate: Took 0.000346 seconds to synchronously load lazily loaded font '../../../Engine/Content/Slate/Fonts/Roboto-Regular.ttf' (155K)
[2020.12.07-20.23.31:538][  0]LogSlate: Took 0.000327 seconds to synchronously load lazily loaded font '../../../Engine/Content/Slate/Fonts/Roboto-Bold.ttf' (160K)
[2020.12.07-20.23.31:544][  0]LogSlate: Took 0.000436 seconds to synchronously load lazily loaded font '../../../Engine/Content/Editor/Slate/Fonts/FontAwesome.ttf' (139K)
[2020.12.07-20.23.31:625][  0]LogRenderer: Reallocating scene render targets to support 1148x624 Format 10 NumSamples 1 (Frame:1).
[2020.12.07-20.23.31:737][  0]LogContentBrowser: Native class hierarchy updated for 'HierarchicalLODOutliner' in 0.0004 seconds. Added 0 classes and 0 folders.
[2020.12.07-20.23.31:737][  0]LogLoad: (Engine Initialization) Total time: 16.31 seconds
[2020.12.07-20.23.31:737][  0]LogLoad: (Engine Initialization) Total Blueprint compile time: 0.00 seconds
[2020.12.07-20.23.31:806][  0]LogContentStreaming: Texture pool size now 1000 MB
[2020.12.07-20.23.31:829][  0]LogSlate: Took 0.000348 seconds to synchronously load lazily loaded font '../../../Engine/Content/Slate/Fonts/Roboto-Light.ttf' (167K)
[2020.12.07-20.23.32:931][ 14]LogSlate: Took 0.000111 seconds to synchronously load lazily loaded font '../../../Engine/Content/Slate/Fonts/Roboto-Light.ttf' (167K)
[2020.12.07-20.23.32:934][ 14]LogAssetEditorManager: Opening Asset editor for WidgetBlueprint /Game/MyContent/Interfaces/UserInterface/Options.Options
[2020.12.07-20.23.33:064][ 14]LogContentBrowser: Native class hierarchy updated for 'BlueprintGraph' in 0.0005 seconds. Added 121 classes and 0 folders.
[2020.12.07-20.23.34:000][ 14]LogSlate: Took 0.000133 seconds to synchronously load lazily loaded font '../../../Engine/Content/Slate/Fonts/Roboto-BoldCondensed.ttf' (158K)
[2020.12.07-20.23.34:234][ 18]LogAssetRegistry: Asset discovery search completed in 16.2204 seconds
[2020.12.07-20.23.34:237][ 18]LogCollectionManager: Rebuilt the object cache for 0 collections in 0.000003 seconds (found 0 objects)
[2020.12.07-20.23.34:237][ 18]LogCollectionManager: Fixed up redirectors for 0 collections in 0.000030 seconds (updated 0 objects)
[2020.12.07-20.23.48:602][ 61]LogSlate: FSceneViewport::OnFocusLost() reason 0
[2020.12.07-20.26.59:211][280]LogAssetEditorManager: Opening Asset editor for WidgetBlueprint /Game/MyContent/Interfaces/UserInterface/ChoicesMenu.ChoicesMenu
[2020.12.07-20.27.01:041][436]LogSlate: Took 0.048806 seconds to synchronously load lazily loaded font '../../../Engine/Content/Slate/Fonts/DroidSansFallback.ttf' (3848K)
[2020.12.07-20.27.42:056][336]LogSlate: Window 'Color Picker' being destroyed
[2020.12.07-20.27.57:015][131]BlueprintLog: New page: Compile ChoicesMenu
[2020.12.07-20.27.57:090][131]LogUObjectHash: Compacting FUObjectHashTables data took   4.88ms
[2020.12.07-20.27.58:401][266]LogSavePackage: Moving '../../../../../../Users/leoda/Desktop/DaCertoPorra/TCC-Sobrevivendo-Ao-Inferno/TCC/Saved/ChoicesMenu9D11B59A45415E4DDB504ABE7B947B06.tmp' to '../../../../../../Users/leoda/Desktop/DaCertoPorra/TCC-Sobrevivendo-Ao-Inferno/TCC/Content/MyContent/Interfaces/UserInterface/ChoicesMenu.uasset'
[2020.12.07-20.28.24:779][385]LogSlate: Window 'Color Picker' being destroyed
[2020.12.07-20.28.31:742][220]LogEditorSessionSummary: EditorSessionSummary sent report. Type=Shutdown, SessionId={4E3C1285-41FF-D906-757A-2FBEEA5A8F15}
[2020.12.07-20.28.43:786][664]LogSlate: Window 'Color Picker' being destroyed
[2020.12.07-20.29.00:159][618]LogSlate: Window 'Color Picker' being destroyed
[2020.12.07-20.30.18:844][ 21]BlueprintLog: New page: Compile ChoicesMenu
[2020.12.07-20.30.18:896][ 21]LogUObjectHash: Compacting FUObjectHashTables data took   5.44ms
[2020.12.07-20.30.21:159][273]LogSavePackage: Moving '../../../../../../Users/leoda/Desktop/DaCertoPorra/TCC-Sobrevivendo-Ao-Inferno/TCC/Saved/ChoicesMenuBB40116045739D75B1546CA70CF006E6.tmp' to '../../../../../../Users/leoda/Desktop/DaCertoPorra/TCC-Sobrevivendo-Ao-Inferno/TCC/Content/MyContent/Interfaces/UserInterface/ChoicesMenu.uasset'
[2020.12.07-20.30.22:720][458]LogWorld: UWorld::CleanupWorld for World_3, bSessionEnded=true, bCleanupResources=true
[2020.12.07-20.30.22:752][458]LogWorld: UWorld::CleanupWorld for World_2, bSessionEnded=true, bCleanupResources=true
[2020.12.07-20.30.23:859][583]BlueprintLog: New page: Compile Options
[2020.12.07-20.30.23:904][583]LogUObjectHash: Compacting FUObjectHashTables data took   4.06ms
[2020.12.07-20.30.24:851][678]LogSavePackage: Moving '../../../../../../Users/leoda/Desktop/DaCertoPorra/TCC-Sobrevivendo-Ao-Inferno/TCC/Saved/OptionsB4E73123469CF054E6DD41A6FB84ED7F.tmp' to '../../../../../../Users/leoda/Desktop/DaCertoPorra/TCC-Sobrevivendo-Ao-Inferno/TCC/Content/MyContent/Interfaces/UserInterface/Options.uasset'
[2020.12.07-20.31.32:072][909]LogEditorSessionSummary: EditorSessionSummary sent report. Type=Shutdown, SessionId={54980818-4EC4-2E8C-7A82-6B9F5CD27733}
[2020.12.07-20.31.37:068][372]LogSlate: Took 0.010672 seconds to synchronously load lazily loaded font '../../../Engine/Content/Slate/Fonts/Roboto-Italic.ttf' (157K)
[2020.12.07-20.31.45:741][392]BlueprintLog: New page: Compile Options
[2020.12.07-20.31.45:784][392]LogUObjectHash: Compacting FUObjectHashTables data took   4.17ms
[2020.12.07-20.31.46:442][463]LogSavePackage: Moving '../../../../../../Users/leoda/Desktop/DaCertoPorra/TCC-Sobrevivendo-Ao-Inferno/TCC/Saved/Options42D63A0C40174B3E1181BAB5508FAE9F.tmp' to '../../../../../../Users/leoda/Desktop/DaCertoPorra/TCC-Sobrevivendo-Ao-Inferno/TCC/Content/MyContent/Interfaces/UserInterface/Options.uasset'
[2020.12.07-20.32.13:293][670]BlueprintLog: New page: Compile Options
[2020.12.07-20.32.13:335][670]LogUObjectHash: Compacting FUObjectHashTables data took   4.29ms
[2020.12.07-20.32.16:744][ 69]LogSavePackage: Moving '../../../../../../Users/leoda/Desktop/DaCertoPorra/TCC-Sobrevivendo-Ao-Inferno/TCC/Saved/Options26E7CB2D4C0C47459407F1A55B0BE33D.tmp' to '../../../../../../Users/leoda/Desktop/DaCertoPorra/TCC-Sobrevivendo-Ao-Inferno/TCC/Content/MyContent/Interfaces/UserInterface/Options.uasset'
[2020.12.07-20.32.18:331][258]LogWorld: UWorld::CleanupWorld for World_1, bSessionEnded=true, bCleanupResources=true
[2020.12.07-20.32.18:373][258]LogWorld: UWorld::CleanupWorld for World_0, bSessionEnded=true, bCleanupResources=true
[2020.12.07-20.32.19:998][444]LogAssetEditorManager: Opening Asset editor for WidgetBlueprint /Game/MyContent/Interfaces/UserInterface/Menu.Menu
[2020.12.07-20.32.20:320][444]Cmd: r.setres 1200x720
[2020.12.07-20.32.20:321][444]r.SetRes = "1200x720"
[2020.12.07-20.32.32:634][917]BlueprintLog: New page: Compile Menu
[2020.12.07-20.32.32:693][917]LogUObjectHash: Compacting FUObjectHashTables data took   4.07ms
[2020.12.07-20.32.33:778][ 43]BlueprintLog: New page: Compile Menu
[2020.12.07-20.32.33:832][ 43]LogUObjectHash: Compacting FUObjectHashTables data took   3.72ms
[2020.12.07-20.32.34:862][154]LogSavePackage: Moving '../../../../../../Users/leoda/Desktop/DaCertoPorra/TCC-Sobrevivendo-Ao-Inferno/TCC/Saved/Menu2A41E36440A80328D924A2BDB52A8B71.tmp' to '../../../../../../Users/leoda/Desktop/DaCertoPorra/TCC-Sobrevivendo-Ao-Inferno/TCC/Content/MyContent/Interfaces/UserInterface/Menu.uasset'
[2020.12.07-20.32.49:970][690]LogWorld: UWorld::CleanupWorld for World_6, bSessionEnded=true, bCleanupResources=true
[2020.12.07-20.32.49:979][690]LogWorld: UWorld::CleanupWorld for World_5, bSessionEnded=true, bCleanupResources=true
[2020.12.07-20.32.54:195][181]LogUObjectHash: Compacting FUObjectHashTables data took   3.27ms
[2020.12.07-20.32.58:628][710]LogUObjectHash: Compacting FUObjectHashTables data took   0.93ms
[2020.12.07-20.32.58:761][710]LogSlate: Window 'TCC - Unreal Editor' being destroyed
[2020.12.07-20.32.58:867][711]Cmd: QUIT_EDITOR
[2020.12.07-20.32.58:880][711]LogWindowsTextInputMethodSystem: Display: IME system now deactivated.
[2020.12.07-20.32.58:888][711]LogExit: Preparing to exit.
[2020.12.07-20.32.59:703][711]LogWorld: UWorld::CleanupWorld for World_4, bSessionEnded=true, bCleanupResources=true
[2020.12.07-20.32.59:726][711]LogDemo: Cleaned up 0 splitscreen connections with owner deletion
[2020.12.07-20.32.59:738][711]LogWorld: UWorld::CleanupWorld for None, bSessionEnded=true, bCleanupResources=true
[2020.12.07-20.32.59:739][711]LogExit: Editor shut down
[2020.12.07-20.32.59:739][711]LogExit: Transaction tracking system shut down
[2020.12.07-20.32.59:992][711]LogExit: Object subsystem successfully closed.
[2020.12.07-20.33.00:017][711]LogShaderCompilers: Display: Shaders left to compile 0
[2020.12.07-20.33.00:041][711]LogModuleManager: Shutting down and abandoning module SequencerWidgets (672)
[2020.12.07-20.33.00:041][711]LogModuleManager: Shutting down and abandoning module BlueprintGraph (670)
[2020.12.07-20.33.00:041][711]LogModuleManager: Shutting down and abandoning module HierarchicalLODOutliner (668)
[2020.12.07-20.33.00:041][711]LogModuleManager: Shutting down and abandoning module SceneOutliner (666)
[2020.12.07-20.33.00:041][711]LogModuleManager: Shutting down and abandoning module AddContentDialog (664)
[2020.12.07-20.33.00:041][711]LogModuleManager: Shutting down and abandoning module WidgetCarousel (663)
[2020.12.07-20.33.00:041][711]LogModuleManager: Shutting down and abandoning module EditorWidgets (660)
[2020.12.07-20.33.00:041][711]LogModuleManager: Shutting down and abandoning module CollectionManager (658)
[2020.12.07-20.33.00:041][711]LogModuleManager: Shutting down and abandoning module StatsViewer (656)
[2020.12.07-20.33.00:041][711]LogModuleManager: Shutting down and abandoning module VirtualTexturingEditor (654)
[2020.12.07-20.33.00:041][711]LogModuleManager: Shutting down and abandoning module FoliageEdit (652)
[2020.12.07-20.33.00:041][711]LogModuleManager: Shutting down and abandoning module LandscapeEditor (650)
[2020.12.07-20.33.00:042][711]LogModuleManager: Shutting down and abandoning module MeshPaintMode (648)
[2020.12.07-20.33.00:042][711]LogModuleManager: Shutting down and abandoning module SceneDepthPickerMode (646)
[2020.12.07-20.33.00:042][711]LogModuleManager: Shutting down and abandoning module ActorPickerMode (644)
[2020.12.07-20.33.00:042][711]LogModuleManager: Shutting down and abandoning module GeometryMode (642)
[2020.12.07-20.33.00:042][711]LogModuleManager: Shutting down and abandoning module TextureAlignMode (640)
[2020.12.07-20.33.00:042][711]LogModuleManager: Shutting down and abandoning module BspMode (638)
[2020.12.07-20.33.00:042][711]LogModuleManager: Shutting down and abandoning module PIEPreviewDeviceProfileSelector (636)
[2020.12.07-20.33.00:042][711]LogModuleManager: Shutting down and abandoning module SequenceRecorderSections (634)
[2020.12.07-20.33.00:042][711]LogModuleManager: Shutting down and abandoning module AutomationWorker (632)
[2020.12.07-20.33.00:042][711]LogModuleManager: Shutting down and abandoning module OculusMR (630)
[2020.12.07-20.33.00:042][711]LogModuleManager: Shutting down and abandoning module AudioCaptureEditor (628)
[2020.12.07-20.33.00:042][711]LogModuleManager: Shutting down and abandoning module MatineeToLevelSequence (626)
[2020.12.07-20.33.00:042][711]LogModuleManager: Shutting down and abandoning module LevelSequenceEditor (624)
[2020.12.07-20.33.00:042][711]LogModuleManager: Shutting down and abandoning module PlacementMode (623)
[2020.12.07-20.33.00:042][711]LogModuleManager: Shutting down and abandoning module MaterialEditor (622)
[2020.12.07-20.33.00:042][711]LogModuleManager: Shutting down and abandoning module ActorSequenceEditor (618)
[2020.12.07-20.33.00:042][711]LogModuleManager: Shutting down and abandoning module WmfMediaFactory (616)
[2020.12.07-20.33.00:042][711]LogModuleManager: Shutting down and abandoning module WmfMediaEditor (614)
[2020.12.07-20.33.00:042][711]LogModuleManager: Shutting down and abandoning module WebMMediaFactory (612)
[2020.12.07-20.33.00:042][711]LogModuleManager: Shutting down and abandoning module WebMMediaEditor (610)
[2020.12.07-20.33.00:042][711]LogModuleManager: Shutting down and abandoning module WebMMedia (608)
[2020.12.07-20.33.00:042][711]LogModuleManager: Shutting down and abandoning module MediaPlayerEditor (606)
[2020.12.07-20.33.00:042][711]LogModuleManager: Shutting down and abandoning module MediaCompositingEditor (604)
[2020.12.07-20.33.00:042][711]LogModuleManager: Shutting down and abandoning module SequenceRecorder (603)
[2020.12.07-20.33.00:042][711]LogModuleManager: Shutting down and abandoning module OpenExrWrapper (600)
[2020.12.07-20.33.00:042][711]LogModuleManager: Shutting down and abandoning module ImgMediaFactory (598)
[2020.12.07-20.33.00:042][711]LogModuleManager: Shutting down and abandoning module ImgMediaEditor (596)
[2020.12.07-20.33.00:042][711]LogModuleManager: Shutting down and abandoning module AvfMediaFactory (594)
[2020.12.07-20.33.00:042][711]LogModuleManager: Shutting down and abandoning module AvfMediaEditor (592)
[2020.12.07-20.33.00:042][711]LogModuleManager: Shutting down and abandoning module AndroidMediaFactory (590)
[2020.12.07-20.33.00:042][711]LogModuleManager: Shutting down and abandoning module AndroidMediaEditor (588)
[2020.12.07-20.33.00:042][711]LogModuleManager: Shutting down and abandoning module MagicLeapCameraPreviewFactory (586)
[2020.12.07-20.33.00:042][711]LogModuleManager: Shutting down and abandoning module MagicLeapMediaCodecFactory (584)
[2020.12.07-20.33.00:042][711]LogModuleManager: Shutting down and abandoning module MagicLeapMediaFactory (582)
[2020.12.07-20.33.00:042][711]LogModuleManager: Shutting down and abandoning module MagicLeapMediaEditor (580)
[2020.12.07-20.33.00:042][711]LogModuleManager: Shutting down and abandoning module CharacterAI (578)
[2020.12.07-20.33.00:042][711]LogModuleManager: Shutting down and abandoning module SmartSnapping (576)
[2020.12.07-20.33.00:042][711]LogModuleManager: Shutting down and abandoning module SessionServices (574)
[2020.12.07-20.33.00:042][711]LogModuleManager: Shutting down and abandoning module MeshPaint (572)
[2020.12.07-20.33.00:042][711]LogModuleManager: Shutting down and abandoning module ViewportSnapping (570)
[2020.12.07-20.33.00:042][711]LogModuleManager: Shutting down and abandoning module ViewportInteraction (568)
[2020.12.07-20.33.00:042][711]LogModuleManager: Shutting down and abandoning module ClothPainter (566)
[2020.12.07-20.33.00:042][711]LogModuleManager: Shutting down and abandoning module SkeletalMeshEditor (565)
[2020.12.07-20.33.00:042][711]LogModuleManager: Shutting down and abandoning module LogVisualizer (562)
[2020.12.07-20.33.00:042][711]LogModuleManager: Shutting down and abandoning module IntroTutorials (560)
[2020.12.07-20.33.00:042][711]LogModuleManager: Shutting down and abandoning module GameProjectGeneration (559)
[2020.12.07-20.33.00:042][711]LogModuleManager: Shutting down and abandoning module LuminPlatformEditor (556)
[2020.12.07-20.33.00:042][711]LogModuleManager: Shutting down and abandoning module IOSPlatformEditor (554)
[2020.12.07-20.33.00:042][711]LogModuleManager: Shutting down and abandoning module HTML5PlatformEditor (552)
[2020.12.07-20.33.00:042][711]LogModuleManager: Shutting down and abandoning module AndroidPlatformEditor (550)
[2020.12.07-20.33.00:042][711]LogModuleManager: Shutting down and abandoning module AndroidDeviceDetection (549)
[2020.12.07-20.33.00:843][711]LogModuleManager: Shutting down and abandoning module WindowsPlatformEditor (546)
[2020.12.07-20.33.00:843][711]LogModuleManager: Shutting down and abandoning module LuminRuntimeSettings (544)
[2020.12.07-20.33.00:843][711]LogModuleManager: Shutting down and abandoning module IOSRuntimeSettings (542)
[2020.12.07-20.33.00:843][711]LogModuleManager: Shutting down and abandoning module AndroidRuntimeSettings (540)
[2020.12.07-20.33.00:843][711]LogModuleManager: Shutting down and abandoning module TimeManagementEditor (538)
[2020.12.07-20.33.00:843][711]LogModuleManager: Shutting down and abandoning module InputBindingEditor (536)
[2020.12.07-20.33.00:843][711]LogModuleManager: Shutting down and abandoning module MergeActors (534)
[2020.12.07-20.33.00:843][711]LogModuleManager: Shutting down and abandoning module LocalizationDashboard (532)
[2020.12.07-20.33.00:843][711]LogModuleManager: Shutting down and abandoning module LocalizationService (531)
[2020.12.07-20.33.00:843][711]LogModuleManager: Shutting down and abandoning module HardwareTargeting (528)
[2020.12.07-20.33.00:843][711]LogModuleManager: Shutting down and abandoning module DeviceProfileEditor (526)
[2020.12.07-20.33.00:843][711]LogModuleManager: Shutting down and abandoning module UndoHistory (524)
[2020.12.07-20.33.00:843][711]LogModuleManager: Shutting down and abandoning module XmlParser (522)
[2020.12.07-20.33.00:843][711]LogModuleManager: Shutting down and abandoning module Blutility (520)
[2020.12.07-20.33.00:843][711]LogModuleManager: Shutting down and abandoning module ProjectSettingsViewer (518)
[2020.12.07-20.33.00:843][711]LogModuleManager: Shutting down and abandoning module ProjectTargetPlatformEditor (517)
[2020.12.07-20.33.00:843][711]LogModuleManager: Shutting down and abandoning module EditorSettingsViewer (514)
[2020.12.07-20.33.00:843][711]LogModuleManager: Shutting down and abandoning module SettingsEditor (512)
[2020.12.07-20.33.00:843][711]LogModuleManager: Shutting down and abandoning module ProjectLauncher (510)
[2020.12.07-20.33.00:843][711]LogModuleManager: Shutting down and abandoning module SessionFrontend (508)
[2020.12.07-20.33.00:843][711]LogModuleManager: Shutting down and abandoning module ProfilerClient (506)
[2020.12.07-20.33.00:843][711]LogModuleManager: Shutting down and abandoning module DeviceManager (504)
[2020.12.07-20.33.00:843][711]LogModuleManager: Shutting down and abandoning module TargetDeviceServices (503)
[2020.12.07-20.33.00:876][711]LogModuleManager: Shutting down and abandoning module AutomationController (500)
[2020.12.07-20.33.00:876][711]LogModuleManager: Shutting down and abandoning module AutomationWindow (498)
[2020.12.07-20.33.00:876][711]LogModuleManager: Shutting down and abandoning module Layers (496)
[2020.12.07-20.33.00:876][711]LogModuleManager: Shutting down and abandoning module ComponentVisualizers (494)
[2020.12.07-20.33.00:876][711]LogModuleManager: Shutting down and abandoning module DetailCustomizations (492)
[2020.12.07-20.33.00:876][711]LogModuleManager: Shutting down and abandoning module PackagesDialog (490)
[2020.12.07-20.33.00:876][711]LogModuleManager: Shutting down and abandoning module AnimationBlueprintEditor (488)
[2020.12.07-20.33.00:876][711]LogModuleManager: Shutting down and abandoning module Persona (486)
[2020.12.07-20.33.00:876][711]LogModuleManager: Shutting down and abandoning module AdvancedPreviewScene (485)
[2020.12.07-20.33.00:876][711]LogModuleManager: Shutting down and abandoning module AnimGraph (483)
[2020.12.07-20.33.00:876][711]LogModuleManager: Shutting down and abandoning module Kismet (480)
[2020.12.07-20.33.00:881][711]LogModuleManager: Shutting down and abandoning module KismetWidgets (479)
[2020.12.07-20.33.00:881][711]LogModuleManager: Shutting down and abandoning module GraphEditor (476)
[2020.12.07-20.33.00:881][711]LogModuleManager: Shutting down and abandoning module StructViewer (474)
[2020.12.07-20.33.00:881][711]LogModuleManager: Shutting down and abandoning module ClassViewer (472)
[2020.12.07-20.33.00:881][711]LogModuleManager: Shutting down and abandoning module Toolbox (470)
[2020.12.07-20.33.00:881][711]LogModuleManager: Shutting down and abandoning module ModuleUI (468)
[2020.12.07-20.33.00:881][711]LogModuleManager: Shutting down and abandoning module MovieSceneTools (466)
[2020.12.07-20.33.00:881][711]LogModuleManager: Shutting down and abandoning module OutputLog (464)
[2020.12.07-20.33.00:881][711]LogModuleManager: Shutting down and abandoning module GammaUI (462)
[2020.12.07-20.33.00:881][711]LogModuleManager: Shutting down and abandoning module Documentation (460)
[2020.12.07-20.33.00:881][711]LogModuleManager: Shutting down and abandoning module LiveCoding (458)
[2020.12.07-20.33.00:881][711]LogModuleManager: Shutting down and abandoning module LevelSequence (456)
[2020.12.07-20.33.00:881][711]LogModuleManager: Shutting down and abandoning module MovieSceneTracks (454)
[2020.12.07-20.33.00:881][711]LogModuleManager: Shutting down and abandoning module MovieScene (452)
[2020.12.07-20.33.00:881][711]LogModuleManager: Shutting down and abandoning module StreamingPauseRendering (450)
[2020.12.07-20.33.00:881][711]LogModuleManager: Shutting down and abandoning module LauncherPlatform (448)
[2020.12.07-20.33.00:881][711]LogModuleManager: Shutting down and abandoning module AnalyticsET (446)
[2020.12.07-20.33.00:881][711]LogModuleManager: Shutting down and abandoning module PortalServices (444)
[2020.12.07-20.33.00:881][711]LogModuleManager: Shutting down and abandoning module PortalRpc (442)
[2020.12.07-20.33.00:881][711]LogModuleManager: Shutting down and abandoning module MessagingRpc (440)
[2020.12.07-20.33.00:881][711]LogModuleManager: Shutting down and abandoning module AIModule (438)
[2020.12.07-20.33.00:881][711]LogModuleManager: Shutting down and abandoning module GameplayDebugger (437)
[2020.12.07-20.33.00:881][711]LogModuleManager: Shutting down and abandoning module AITestSuite (435)
[2020.12.07-20.33.00:881][711]LogModuleManager: Shutting down and abandoning module NavigationSystem (433)
[2020.12.07-20.33.00:881][711]LogModuleManager: Shutting down and abandoning module DesktopPlatform (430)
[2020.12.07-20.33.00:881][711]LogModuleManager: Shutting down and abandoning module ImageWriteQueue (428)
[2020.12.07-20.33.00:884][711]LogModuleManager: Shutting down and abandoning module ProfilerService (426)
[2020.12.07-20.33.00:927][711]LogModuleManager: Shutting down and abandoning module TaskGraph (424)
[2020.12.07-20.33.00:927][711]LogModuleManager: Shutting down and abandoning module ScreenshotTools (422)
[2020.12.07-20.33.00:927][711]LogModuleManager: Shutting down and abandoning module SteamVRController (420)
[2020.12.07-20.33.00:927][711]LogModuleManager: Shutting down and abandoning module ProceduralMeshComponentEditor (418)
[2020.12.07-20.33.00:927][711]LogModuleManager: Shutting down and abandoning module ProceduralMeshComponent (416)
[2020.12.07-20.33.00:927][711]LogModuleManager: Shutting down and abandoning module OculusEditor (414)
[2020.12.07-20.33.00:927][711]LogModuleManager: Shutting down and abandoning module OculusInput (412)
[2020.12.07-20.33.00:927][711]LogModuleManager: Shutting down and abandoning module MobilePatchingUtils (410)
[2020.12.07-20.33.00:927][711]LogModuleManager: Shutting down and abandoning module EditableMesh (408)
[2020.12.07-20.33.00:927][711]LogModuleManager: Shutting down and abandoning module CustomMeshComponent (406)
[2020.12.07-20.33.00:927][711]LogModuleManager: Shutting down and abandoning module CableComponent (404)
[2020.12.07-20.33.00:927][711]LogModuleManager: Shutting down and abandoning module AudioCapture (402)
[2020.12.07-20.33.00:927][711]LogModuleManager: Shutting down and abandoning module ArchVisCharacter (400)
[2020.12.07-20.33.00:927][711]LogModuleManager: Shutting down and abandoning module AppleImageUtilsBlueprintSupport (398)
[2020.12.07-20.33.00:927][711]LogModuleManager: Shutting down and abandoning module AppleImageUtils (396)
[2020.12.07-20.33.00:927][711]LogModuleManager: Shutting down and abandoning module AndroidPermission (394)
[2020.12.07-20.33.00:927][711]LogModuleManager: Shutting down and abandoning module NUTUnrealEngine4 (392)
[2020.12.07-20.33.00:927][711]LogModuleManager: Shutting down and abandoning module NetcodeUnitTest (390)
[2020.12.07-20.33.00:927][711]LogModuleManager: Shutting down and abandoning module MediaCompositing (388)
[2020.12.07-20.33.00:927][711]LogModuleManager: Shutting down and abandoning module ImgMedia (386)
[2020.12.07-20.33.00:927][711]LogModuleManager: Shutting down and abandoning module MagicLeapHelperVulkan (384)
[2020.12.07-20.33.00:927][711]LogModuleManager: Shutting down and abandoning module MagicLeapHelperOpenGL (382)
[2020.12.07-20.33.00:927][711]LogModuleManager: Shutting down and abandoning module MagicLeapAudio (380)
[2020.12.07-20.33.00:927][711]LogModuleManager: Shutting down and abandoning module HTML5Networking (378)
[2020.12.07-20.33.00:927][711]LogModuleManager: Shutting down and abandoning module GeometryCacheTracks (376)
[2020.12.07-20.33.00:927][711]LogModuleManager: Shutting down and abandoning module GeometryCacheSequencer (374)
[2020.12.07-20.33.00:927][711]LogModuleManager: Shutting down and abandoning module BackChannel (372)
[2020.12.07-20.33.00:927][711]LogModuleManager: Shutting down and abandoning module AutomationUtilsEditor (370)
[2020.12.07-20.33.00:927][711]LogModuleManager: Shutting down and abandoning module AutomationUtils (368)
[2020.12.07-20.33.00:927][711]LogModuleManager: Shutting down and abandoning module AlembicImporter (366)
[2020.12.07-20.33.00:927][711]LogModuleManager: Shutting down and abandoning module AlembicLibrary (365)
[2020.12.07-20.33.00:927][711]LogModuleManager: Shutting down and abandoning module GeometryCache (364)
[2020.12.07-20.33.00:927][711]LogModuleManager: Shutting down and abandoning module GeometryCacheEd (363)
[2020.12.07-20.33.00:927][711]LogModuleManager: Shutting down and abandoning module VariantManagerContent (358)
[2020.12.07-20.33.00:927][711]LogModuleManager: Shutting down and abandoning module DatasmithContentEditor (356)
[2020.12.07-20.33.00:927][711]LogModuleManager: Shutting down and abandoning module SpeedTreeImporter (354)
[2020.12.07-20.33.00:927][711]LogModuleManager: Shutting down and abandoning module PluginBrowser (352)
[2020.12.07-20.33.00:927][711]LogModuleManager: Shutting down and abandoning module MobileLauncherProfileWizard (350)
[2020.12.07-20.33.00:927][711]LogModuleManager: Shutting down and abandoning module MaterialAnalyzer (348)
[2020.12.07-20.33.00:927][711]LogModuleManager: Shutting down and abandoning module CurveEditorTools (346)
[2020.12.07-20.33.00:927][711]LogModuleManager: Shutting down and abandoning module CurveEditor (345)
[2020.12.07-20.33.00:927][711]LogModuleManager: Shutting down and abandoning module CryptoKeysOpenSSL (342)
[2020.12.07-20.33.00:927][711]LogModuleManager: Shutting down and abandoning module CryptoKeys (340)
[2020.12.07-20.33.00:927][711]LogModuleManager: Shutting down and abandoning module VisualStudioSourceCodeAccess (338)
[2020.12.07-20.33.00:927][711]LogModuleManager: Shutting down and abandoning module VisualStudioCodeSourceCodeAccess (336)
[2020.12.07-20.33.00:927][711]LogModuleManager: Shutting down and abandoning module UObjectPlugin (334)
[2020.12.07-20.33.00:928][711]LogModuleManager: Shutting down and abandoning module SubversionSourceControl (332)
[2020.12.07-20.33.00:928][711]LogModuleManager: Shutting down and abandoning module PerforceSourceControl (330)
[2020.12.07-20.33.00:928][711]LogModuleManager: Shutting down and abandoning module GitSourceControl (328)
[2020.12.07-20.33.00:928][711]LogModuleManager: Shutting down and abandoning module SourceControl (327)
[2020.12.07-20.33.00:928][711]LogModuleManager: Shutting down and abandoning module CLionSourceCodeAccess (324)
[2020.12.07-20.33.00:928][711]LogModuleManager: Shutting down and abandoning module AnimationSharingEd (322)
[2020.12.07-20.33.00:928][711]LogModuleManager: Shutting down and abandoning module ActorLayerUtilitiesEditor (320)
[2020.12.07-20.33.00:928][711]LogModuleManager: Shutting down and abandoning module ActorLayerUtilities (318)
[2020.12.07-20.33.00:928][711]LogModuleManager: Shutting down and abandoning module LightPropagationVolumeEditor (316)
[2020.12.07-20.33.00:928][711]LogModuleManager: Shutting down and abandoning module PaperTiledImporter (314)
[2020.12.07-20.33.00:928][711]LogModuleManager: Shutting down and abandoning module PaperSpriteSheetImporter (312)
[2020.12.07-20.33.00:928][711]LogModuleManager: Shutting down and abandoning module Paper2DEditor (310)
[2020.12.07-20.33.00:928][711]LogModuleManager: Shutting down and abandoning module SignificanceManager (308)
[2020.12.07-20.33.00:928][711]LogModuleManager: Shutting down and abandoning module RuntimePhysXCooking (306)
[2020.12.07-20.33.00:928][711]LogModuleManager: Shutting down and abandoning module PhysXVehiclesEditor (304)
[2020.12.07-20.33.00:928][711]LogModuleManager: Shutting down and abandoning module LocationServicesBPLibrary (300)
[2020.12.07-20.33.00:928][711]LogModuleManager: Shutting down and abandoning module ActorSequence (298)
[2020.12.07-20.33.00:928][711]LogModuleManager: Shutting down and abandoning module UdpMessaging (296)
[2020.12.07-20.33.01:029][711]LogModuleManager: Shutting down and abandoning module TcpMessaging (294)
[2020.12.07-20.33.01:129][711]LogModuleManager: Shutting down and abandoning module MagicLeapIdentity (292)
[2020.12.07-20.33.01:129][711]LogModuleManager: Shutting down and abandoning module MagicLeapSecureStorage (290)
[2020.12.07-20.33.01:129][711]LogModuleManager: Shutting down and abandoning module MagicLeapHandTracking (288)
[2020.12.07-20.33.01:129][711]LogModuleManager: Shutting down and abandoning module MagicLeapEyeTracker (286)
[2020.12.07-20.33.01:129][711]LogModuleManager: Shutting down and abandoning module MagicLeapController (284)
[2020.12.07-20.33.01:129][711]LogSlate: Slate User Destroyed.  User Index 0, Is Virtual User: 0
[2020.12.07-20.33.01:129][711]LogModuleManager: Shutting down and abandoning module MagicLeapAR (282)
[2020.12.07-20.33.01:129][711]LogModuleManager: Shutting down and abandoning module AugmentedReality (281)
[2020.12.07-20.33.01:129][711]LogModuleManager: Shutting down and abandoning module GameplayTagsEditor (278)
[2020.12.07-20.33.01:129][711]LogModuleManager: Shutting down and abandoning module FacialAnimationEditor (276)
[2020.12.07-20.33.01:129][711]LogModuleManager: Shutting down and abandoning module FacialAnimation (274)
[2020.12.07-20.33.01:129][711]LogModuleManager: Shutting down and abandoning module DataValidation (272)
[2020.12.07-20.33.01:129][711]LogModuleManager: Shutting down and abandoning module AssetManagerEditor (270)
[2020.12.07-20.33.01:129][711]LogModuleManager: Shutting down and abandoning module LevelEditor (269)
[2020.12.07-20.33.01:129][711]LogModuleManager: Shutting down and abandoning module PixelInspectorModule (268)
[2020.12.07-20.33.01:129][711]LogModuleManager: Shutting down and abandoning module CommonMenuExtensions (266)
[2020.12.07-20.33.01:130][711]LogModuleManager: Shutting down and abandoning module MainFrame (264)
[2020.12.07-20.33.01:130][711]LogModuleManager: Shutting down and abandoning module HotReload (263)
[2020.12.07-20.33.01:130][711]LogModuleManager: Shutting down and abandoning module ContentBrowser (259)
[2020.12.07-20.33.01:131][711]LogModuleManager: Shutting down and abandoning module TreeMap (257)
[2020.12.07-20.33.01:131][711]LogModuleManager: Shutting down and abandoning module AnimationSharing (254)
[2020.12.07-20.33.01:131][711]LogModuleManager: Shutting down and abandoning module LightPropagationVolumeRuntime (252)
[2020.12.07-20.33.01:131][711]LogModuleManager: Shutting down and abandoning module Paper2D (250)
[2020.12.07-20.33.01:131][711]LogModuleManager: Shutting down and abandoning module WindowsMoviePlayer (248)
[2020.12.07-20.33.01:134][711]LogModuleManager: Shutting down and abandoning module WebMMoviePlayer (246)
[2020.12.07-20.33.01:134][711]LogModuleManager: Shutting down and abandoning module NetworkReplayStreaming (244)
[2020.12.07-20.33.01:134][711]LogModuleManager: Shutting down and abandoning module PacketHandler (242)
[2020.12.07-20.33.01:134][711]LogModuleManager: Shutting down and abandoning module ClothingSystemEditor (240)
[2020.12.07-20.33.01:134][711]LogModuleManager: Shutting down and abandoning module ClothingSystemRuntime (238)
[2020.12.07-20.33.01:134][711]LogModuleManager: Shutting down and abandoning module MediaAssets (236)
[2020.12.07-20.33.01:134][711]LogModuleManager: Shutting down and abandoning module Overlay (234)
[2020.12.07-20.33.01:134][711]LogModuleManager: Shutting down and abandoning module OverlayEditor (233)
[2020.12.07-20.33.01:134][711]LogModuleManager: Shutting down and abandoning module VREditor (230)
[2020.12.07-20.33.01:134][711]LogModuleManager: Shutting down and abandoning module StringTableEditor (228)
[2020.12.07-20.33.01:134][711]LogModuleManager: Shutting down and abandoning module GameplayTasksEditor (226)
[2020.12.07-20.33.01:134][711]LogModuleManager: Shutting down and abandoning module BehaviorTreeEditor (224)
[2020.12.07-20.33.01:135][711]LogModuleManager: Shutting down and abandoning module FunctionalTesting (222)
[2020.12.07-20.33.01:135][711]LogModuleManager: Shutting down and abandoning module CollisionAnalyzer (220)
[2020.12.07-20.33.01:135][711]LogModuleManager: Shutting down and abandoning module WorkspaceMenuStructure (219)
[2020.12.07-20.33.01:135][711]LogModuleManager: Shutting down and abandoning module UMG (216)
[2020.12.07-20.33.01:135][711]LogModuleManager: Shutting down and abandoning module UMGEditor (215)
[2020.12.07-20.33.01:135][711]LogModuleManager: Shutting down and abandoning module Sequencer (214)
[2020.12.07-20.33.01:135][711]LogModuleManager: Shutting down and abandoning module MessageLog (211)
[2020.12.07-20.33.01:135][711]LogModuleManager: Shutting down and abandoning module SlateReflector (206)
[2020.12.07-20.33.01:135][711]LogModuleManager: Shutting down and abandoning module Slate (204)
[2020.12.07-20.33.01:135][711]LogModuleManager: Shutting down and abandoning module LandscapeEditorUtilities (202)
[2020.12.07-20.33.01:135][711]LogModuleManager: Shutting down and abandoning module EditorStyle (200)
[2020.12.07-20.33.01:136][711]LogModuleManager: Shutting down and abandoning module UnrealEd (198)
[2020.12.07-20.33.01:136][711]LogModuleManager: Shutting down and abandoning module MRMesh (196)
[2020.12.07-20.33.01:136][711]LogModuleManager: Shutting down and abandoning module SourceCodeAccess (194)
[2020.12.07-20.33.01:136][711]LogModuleManager: Shutting down and abandoning module HeadMountedDisplay (192)
[2020.12.07-20.33.01:136][711]LogModuleManager: Shutting down and abandoning module XAudio2 (190)
[2020.12.07-20.33.01:136][711]LogModuleManager: Shutting down and abandoning module Networking (188)
[2020.12.07-20.33.01:136][711]LogModuleManager: Shutting down and abandoning module Core (186)
[2020.12.07-20.33.01:136][711]LogModuleManager: Shutting down and abandoning module KismetCompiler (184)
[2020.12.07-20.33.01:136][711]LogModuleManager: Shutting down and abandoning module MeshUtilities (182)
[2020.12.07-20.33.01:136][711]LogModuleManager: Shutting down and abandoning module MeshMergeUtilities (181)
[2020.12.07-20.33.01:136][711]LogModuleManager: Shutting down and abandoning module MeshReductionInterface (180)
[2020.12.07-20.33.01:136][711]LogModuleManager: Shutting down and abandoning module SkeletalMeshReduction (179)
[2020.12.07-20.33.01:136][711]LogModuleManager: Shutting down and abandoning module ProxyLODMeshReduction (177)
[2020.12.07-20.33.01:136][711]LogModuleManager: Shutting down and abandoning module QuadricMeshReduction (175)
[2020.12.07-20.33.01:136][711]LogModuleManager: Shutting down and abandoning module MaterialBaking (171)
[2020.12.07-20.33.01:136][711]LogModuleManager: Shutting down and abandoning module NullInstallBundleManager (166)
[2020.12.07-20.33.01:136][711]LogModuleManager: Shutting down and abandoning module DerivedDataCache (164)
[2020.12.07-20.33.01:167][711]LogDerivedDataCache: Shutdown
[2020.12.07-20.33.01:167][711]LogModuleManager: Shutting down and abandoning module XGEController (162)
[2020.12.07-20.33.01:167][711]LogXGEController: Cleaning working directory: C:/Users/leoda/AppData/Local/Temp/UnrealXGEWorkingDir/
[2020.12.07-20.33.01:168][711]LogModuleManager: Shutting down and abandoning module TargetPlatform (160)
[2020.12.07-20.33.01:168][711]LogModuleManager: Shutting down and abandoning module VulkanShaderFormat (159)
[2020.12.07-20.33.01:168][711]LogModuleManager: Shutting down and abandoning module ShaderFormatVectorVM (157)
[2020.12.07-20.33.01:168][711]LogModuleManager: Shutting down and abandoning module ShaderFormatOpenGL (155)
[2020.12.07-20.33.01:168][711]LogModuleManager: Shutting down and abandoning module ShaderFormatD3D (153)
[2020.12.07-20.33.01:168][711]LogModuleManager: Shutting down and abandoning module MetalShaderFormat (151)
[2020.12.07-20.33.01:168][711]LogModuleManager: Shutting down and abandoning module TextureFormatUncompressed (149)
[2020.12.07-20.33.01:168][711]LogModuleManager: Shutting down and abandoning module TextureFormatPVR (147)
[2020.12.07-20.33.01:168][711]LogModuleManager: Shutting down and abandoning module TextureFormatDXT (145)
[2020.12.07-20.33.01:168][711]LogModuleManager: Shutting down and abandoning module TextureFormatIntelISPCTexComp (143)
[2020.12.07-20.33.01:168][711]LogModuleManager: Shutting down and abandoning module TextureFormatASTC (141)
[2020.12.07-20.33.01:168][711]LogModuleManager: Shutting down and abandoning module ImageWrapper (140)
[2020.12.07-20.33.01:168][711]LogModuleManager: Shutting down and abandoning module TextureFormatAndroid (137)
[2020.12.07-20.33.01:168][711]LogModuleManager: Shutting down and abandoning module AudioFormatOpus (135)
[2020.12.07-20.33.01:168][711]LogModuleManager: Shutting down and abandoning module AudioFormatOgg (133)
[2020.12.07-20.33.01:168][711]LogModuleManager: Shutting down and abandoning module AudioFormatADPCM (131)
[2020.12.07-20.33.01:168][711]LogModuleManager: Shutting down and abandoning module LuminTargetPlatform (129)
[2020.12.07-20.33.01:169][711]LogModuleManager: Shutting down and abandoning module LinuxTargetPlatform (127)
[2020.12.07-20.33.01:169][711]LogModuleManager: Shutting down and abandoning module LinuxServerTargetPlatform (125)
[2020.12.07-20.33.01:169][711]LogModuleManager: Shutting down and abandoning module LinuxNoEditorTargetPlatform (123)
[2020.12.07-20.33.01:169][711]LogModuleManager: Shutting down and abandoning module LinuxClientTargetPlatform (121)
[2020.12.07-20.33.01:169][711]LogModuleManager: Shutting down and abandoning module TVOSTargetPlatform (119)
[2020.12.07-20.33.01:169][711]LogModuleManager: Shutting down and abandoning module Messaging (117)
[2020.12.07-20.33.01:169][711]LogModuleManager: Shutting down and abandoning module IOSTargetPlatform (115)
[2020.12.07-20.33.01:170][711]LogModuleManager: Shutting down and abandoning module HTML5TargetPlatform (113)
[2020.12.07-20.33.01:170][711]LogModuleManager: Shutting down and abandoning module AndroidTargetPlatform (111)
[2020.12.07-20.33.01:174][711]LogModuleManager: Shutting down and abandoning module WindowsTargetPlatform (109)
[2020.12.07-20.33.01:174][711]LogModuleManager: Shutting down and abandoning module WindowsServerTargetPlatform (107)
[2020.12.07-20.33.01:174][711]LogModuleManager: Shutting down and abandoning module WindowsNoEditorTargetPlatform (105)
[2020.12.07-20.33.01:174][711]LogModuleManager: Shutting down and abandoning module WindowsClientTargetPlatform (103)
[2020.12.07-20.33.01:174][711]LogModuleManager: Shutting down and abandoning module MacTargetPlatform (101)
[2020.12.07-20.33.01:174][711]LogModuleManager: Shutting down and abandoning module MacServerTargetPlatform (99)
[2020.12.07-20.33.01:174][711]LogModuleManager: Shutting down and abandoning module MacNoEditorTargetPlatform (97)
[2020.12.07-20.33.01:174][711]LogModuleManager: Shutting down and abandoning module MacClientTargetPlatform (95)
[2020.12.07-20.33.01:174][711]LogModuleManager: Shutting down and abandoning module AllDesktopTargetPlatform (93)
[2020.12.07-20.33.01:174][711]LogModuleManager: Shutting down and abandoning module InputCore (90)
[2020.12.07-20.33.01:174][711]LogModuleManager: Shutting down and abandoning module Settings (88)
[2020.12.07-20.33.01:174][711]LogModuleManager: Shutting down and abandoning module DirectoryWatcher (86)
[2020.12.07-20.33.01:175][711]LogModuleManager: Shutting down and abandoning module PhysXCooking (84)
[2020.12.07-20.33.01:175][711]LogModuleManager: Shutting down and abandoning module WindowsPlatformFeatures (82)
[2020.12.07-20.33.01:175][711]LogModuleManager: Shutting down and abandoning module GameplayMediaEncoder (81)
[2020.12.07-20.33.01:175][711]LogModuleManager: Shutting down and abandoning module SteamVR (78)
[2020.12.07-20.33.01:175][711]LogHMD: Freeing OpenVRDLLHandle.
[2020.12.07-20.33.01:175][711]LogModuleManager: Shutting down and abandoning module OculusHMD (76)
[2020.12.07-20.33.01:175][711]LogModuleManager: Shutting down and abandoning module ExampleDeviceProfileSelector (74)
[2020.12.07-20.33.01:175][711]LogModuleManager: Shutting down and abandoning module LauncherChunkInstaller (72)
[2020.12.07-20.33.01:175][711]LogModuleManager: Shutting down and abandoning module OnlineBlueprintSupport (70)
[2020.12.07-20.33.01:175][711]LogModuleManager: Shutting down and abandoning module OnlineSubsystem (66)
[2020.12.07-20.33.01:176][711]LogModuleManager: Shutting down and abandoning module XMPP (61)
[2020.12.07-20.33.01:176][711]LogModuleManager: Shutting down and abandoning module WebSockets (60)
[2020.12.07-20.33.01:196][711]LogModuleManager: Shutting down and abandoning module HTTP (57)
[2020.12.07-20.33.01:196][711]LogHttp: Display: Http module shutting down, but needs to wait on 1 outstanding Http requests:
[2020.12.07-20.33.01:196][711]LogHttp: Display: 	verb=[POST] url=[https://datarouter.ol.epicgames.com/datarouter/api/v1/public/data?SessionID=%7B38C33252-49F9-B234-820A-F680089D2517%7D&AppID=UEEditor.Rocket.Release&AppVersion=4.23.1-9631420%2B%2B%2BUE4%2BRelease-4.23&UserID=4aa7f0d1433a26af5b83b2bc8a6e3e71%7C6ecf42121a5d42209fed87504fdd46e4%7C279ca8b7-9b47-4509-a31d-c076d62432a7&AppEnvironment=datacollector-binary&UploadType=eteventstream] status=Processing
[2020.12.07-20.33.01:226][711]LogModuleManager: Shutting down and abandoning module SSL (56)
[2020.12.07-20.33.01:227][711]LogModuleManager: Shutting down and abandoning module WmfMedia (52)
[2020.12.07-20.33.01:228][711]LogModuleManager: Shutting down and abandoning module Media (51)
[2020.12.07-20.33.01:228][711]LogModuleManager: Shutting down and abandoning module MagicLeap (48)
[2020.12.07-20.33.01:228][711]LogModuleManager: Shutting down and abandoning module DatasmithContent (46)
[2020.12.07-20.33.01:229][711]LogModuleManager: Shutting down and abandoning module AISupportModule (44)
[2020.12.07-20.33.01:229][711]LogModuleManager: Shutting down and abandoning module PlatformCryptoOpenSSL (42)
[2020.12.07-20.33.01:229][711]LogModuleManager: Shutting down and abandoning module PlatformCrypto (40)
[2020.12.07-20.33.01:229][711]LogModuleManager: Shutting down and abandoning module AnimationModifiers (38)
[2020.12.07-20.33.01:229][711]LogModuleManager: Shutting down and abandoning module PropertyEditor (37)
[2020.12.07-20.33.01:229][711]LogModuleManager: Shutting down and abandoning module AudioEditor (34)
[2020.12.07-20.33.01:230][711]LogModuleManager: Shutting down and abandoning module TextureCompressor (32)
[2020.12.07-20.33.01:230][711]LogModuleManager: Shutting down and abandoning module RenderCore (30)
[2020.12.07-20.33.01:230][711]LogModuleManager: Shutting down and abandoning module Landscape (28)
[2020.12.07-20.33.01:230][711]LogModuleManager: Shutting down and abandoning module SlateRHIRenderer (26)
[2020.12.07-20.33.01:230][711]LogModuleManager: Shutting down and abandoning module OpenGLDrv (24)
[2020.12.07-20.33.01:230][711]LogModuleManager: Shutting down and abandoning module D3D11RHI (22)
[2020.12.07-20.33.01:230][711]LogModuleManager: Shutting down and abandoning module AnimGraphRuntime (20)
[2020.12.07-20.33.01:230][711]LogModuleManager: Shutting down and abandoning module Renderer (18)
[2020.12.07-20.33.01:231][711]LogModuleManager: Shutting down and abandoning module Engine (16)
[2020.12.07-20.33.01:231][711]LogModuleManager: Shutting down and abandoning module CoreUObject (14)
[2020.12.07-20.33.01:231][711]LogModuleManager: Shutting down and abandoning module NetworkFile (12)
[2020.12.07-20.33.01:231][711]LogModuleManager: Shutting down and abandoning module CookedIterativeFile (10)
[2020.12.07-20.33.01:231][711]LogModuleManager: Shutting down and abandoning module StreamingFile (8)
[2020.12.07-20.33.01:231][711]LogModuleManager: Shutting down and abandoning module SandboxFile (6)
[2020.12.07-20.33.01:231][711]LogModuleManager: Shutting down and abandoning module PakFile (4)
[2020.12.07-20.33.01:231][711]LogModuleManager: Shutting down and abandoning module RSA (3)
[2020.12.07-20.33.01:231][711]LogD3D11RHI: Shutdown
[2020.12.07-20.33.01:231][711]LogD3D11RHI: CleanupD3DDevice
[2020.12.07-20.33.01:231][711]LogRendererCore: FGlobalDynamicReadBuffer::Cleanup()
[2020.12.07-20.33.01:231][711]LogRendererCore: FGlobalDynamicReadBuffer::Cleanup()
[2020.12.07-20.33.01:231][711]LogRendererCore: FGlobalDynamicReadBuffer::Cleanup()
[2020.12.07-20.33.01:290][711]LogD3D11RHI: ~FD3D11DynamicRHI
[2020.12.07-20.33.01:303][711]LogExit: Exiting.
[2020.12.07-20.33.01:352][711]Log file closed, 12/07/20 17:33:01
